6,7,1763710671066258408,1763710671067178538,1763710671067227780,49242,49.242,920130,920.13
6,8,1763710671166347601,1763710671167380384,1763710671167404529,24145,24.145,1032783,1032.78
6,9,1763710671266277348,1763710671267205332,1763710671267227983,22651,22.651,927984,927.984
6,10,1763710671366320038,1763710671367823363,1763710671367852201,28838,28.838,1503325,1503.33
6,11,1763710671466246702,1763710671466779492,1763710671466801962,22470,22.47,532790,532.79
6,12,1763710671566243837,1763710671566863431,1763710671566906035,42604,42.604,619594,619.594
6,13,1763710671666238496,1763710671666790853,1763710671666822368,31515,31.515,552357,552.357
6,14,1763710671766297339,1763710671766814678,1763710671766853572,38894,38.894,517339,517.339
6,15,1763710671866239582,1763710671866616524,1763710671866654964,38440,38.44,376942,376.942
6,16,1763710671966226483,1763710671966565943,1763710671966599252,33309,33.309,339460,339.46
6,17,1763710672066255504,1763710672066654008,1763710672066694734,40726,40.726,398504,398.504
6,18,1763710672166275005,1763710672167567105,1763710672167593779,26674,26.674,1292100,1292.1
6,19,1763710672266274510,1763710672266852924,1763710672266872618,19694,19.694,578414,578.414
6,20,1763710672366264303,1763710672367055101,1763710672367079604,24503,24.503,790798,790.798
6,21,1763710672466235840,1763710672466919345,1763710672466953560,34215,34.215,683505,683.505
6,22,1763710672566280456,1763710672567007276,1763710672567041798,34522,34.522,726820,726.82
6,23,1763710672666235919,1763710672666871095,1763710672666895429,24334,24.334,635176,635.176
6,24,1763710672766237655,1763710672767034953,1763710672767072023,37070,37.07,797298,797.298
6,25,1763710672866258779,1763710672866894017,1763710672866924058,30041,30.041,635238,635.238
6,26,1763710672966244568,1763710672966966667,1763710672966991191,24524,24.524,722099,722.099
6,27,1763710673066289947,1763710673066956319,1763710673066982458,26139,26.139,666372,666.372
6,28,1763710673166237038,1763710673166976990,1763710673167001762,24772,24.772,739952,739.952
6,29,1763710673266254504,1763710673266867327,1763710673266898792,31465,31.465,612823,612.823
6,30,1763710673366272575,1763710673367006930,1763710673367029236,22306,22.306,734355,734.355
6,31,1763710673466242002,1763710673466828358,1763710673466850069,21711,21.711,586356,586.356
6,32,1763710673566288938,1763710673567073163,1763710673567113159,39996,39.996,784225,784.225
6,33,1763710673666254406,1763710673666864283,1763710673666898034,33751,33.751,609877,609.877
6,34,1763710673766286624,1763710673766943959,1763710673766980699,36740,36.74,657335,657.335
6,35,1763710673866253004,1763710673866917675,1763710673866948986,31311,31.311,664671,664.671
6,36,1763710673966273836,1763710673966981323,1763710673967011431,30108,30.108,707487,707.487
6,37,1763710674066238861,1763710674066857982,1763710674066888622,30640,30.64,619121,619.121
6,38,1763710674166230099,1763710674166956828,1763710674166998943,42115,42.115,726729,726.729
6,39,1763710674266252829,1763710674266878610,1763710674266908565,29955,29.955,625781,625.781
6,40,1763710674366263478,1763710674366968059,1763710674367009052,40993,40.993,704581,704.581
6,41,1763710674466256370,1763710674466933345,1763710674466964520,31175,31.175,676975,676.975
6,42,1763710674566251240,1763710674566962210,1763710674566997322,35112,35.112,710970,710.97
6,43,1763710674666305301,1763710674666939063,1763710674666977558,38495,38.495,633762,633.762
6,44,1763710674766283657,1763710674766968445,1763710674766998412,29967,29.967,684788,684.788
6,45,1763710674866252677,1763710674866873936,1763710674866904900,30964,30.964,621259,621.259
6,46,1763710674966240298,1763710674966826251,1763710674966861018,34767,34.767,585953,585.953
6,47,1763710675066221156,1763710675066772664,1763710675066797272,24608,24.608,551508,551.508
6,48,1763710675166221390,1763710675166777225,1763710675166801707,24482,24.482,555835,555.835
6,49,1763710675266258805,1763710675266880845,1763710675266910157,29312,29.312,622040,622.04
6,50,1763710675366251980,1763710675366980675,1763710675367018746,38071,38.071,728695,728.695
6,51,1763710675466320742,1763710675466963771,1763710675466991491,27720,27.72,643029,643.029
6,52,1763710675566276723,1763710675566989700,1763710675567032216,42516,42.516,712977,712.977
6,53,1763710675666327407,1763710675666909749,1763710675666932794,23045,23.045,582342,582.342
6,54,1763710675766324742,1763710675767004442,1763710675767032096,27654,27.654,679700,679.7
6,55,1763710675866278401,1763710675866926598,1763710675866955770,29172,29.172,648197,648.197
6,56,1763710675966234599,1763710675966824435,1763710675966849163,24728,24.728,589836,589.836
6,57,1763710676066251867,1763710676066841734,1763710676066877512,35778,35.778,589867,589.867
6,58,1763710676166254080,1763710676166842382,1763710676166873921,31539,31.539,588302,588.302
6,59,1763710676266251436,1763710676266988952,1763710676267022098,33146,33.146,737516,737.516
6,60,1763710676366249522,1763710676366877776,1763710676366913176,35400,35.4,628254,628.254
6,61,1763710676466245960,1763710676466893947,1763710676466935343,41396,41.396,647987,647.987
6,62,1763710676566246202,1763710676566945445,1763710676566982843,37398,37.398,699243,699.243
6,63,1763710676666255610,1763710676666955007,1763710676666989506,34499,34.499,699397,699.397
6,64,1763710676766258746,1763710676766933710,1763710676766966694,32984,32.984,674964,674.964
6,65,1763710676866291054,1763710676867036116,1763710676867069678,33562,33.562,745062,745.062
6,66,1763710676966243557,1763710676967078727,1763710676967124183,45456,45.456,835170,835.17
6,67,1763710677066265115,1763710677067020922,1763710677067055748,34826,34.826,755807,755.807
6,68,1763710677166254755,1763710677167063023,1763710677167089992,26969,26.969,808268,808.268
6,69,1763710677266321400,1763710677266975144,1763710677267020858,45714,45.714,653744,653.744
6,70,1763710677366225750,1763710677366596353,1763710677366624315,27962,27.962,370603,370.603
6,71,1763710677466230397,1763710677466703790,1763710677466729017,25227,25.227,473393,473.393
6,72,1763710677566244510,1763710677566611754,1763710677566636583,24829,24.829,367244,367.244
6,73,1763710677666252124,1763710677666838445,1763710677666886068,47623,47.623,586321,586.321
6,74,1763710677766294105,1763710677766622275,1763710677766647206,24931,24.931,328170,328.17
6,75,1763710677866219613,1763710677866915259,1763710677866941327,26068,26.068,695646,695.646
6,76,1763710677966338041,1763710677967443194,1763710677967471479,28285,28.285,1105153,1105.15
6,77,1763710678066263646,1763710678067237815,1763710678067262587,24772,24.772,974169,974.169
6,78,1763710678166243041,1763710678167068567,1763710678167096792,28225,28.225,825526,825.526
6,79,1763710678266226451,1763710678266747414,1763710678266777257,29843,29.843,520963,520.963
6,80,1763710678366243902,1763710678366977223,1763710678367003394,26171,26.171,733321,733.321
6,81,1763710678466273679,1763710678466860180,1763710678466881944,21764,21.764,586501,586.501
6,82,1763710678566256587,1763710678566902178,1763710678566927819,25641,25.641,645591,645.591
6,83,1763710678666226114,1763710678666859205,1763710678666888203,28998,28.998,633091,633.091
6,84,1763710678766244211,1763710678766921624,1763710678766952993,31369,31.369,677413,677.413
6,85,1763710678866246343,1763710678866849297,1763710678866886894,37597,37.597,602954,602.954
6,86,1763710678966240412,1763710678966928386,1763710678966954817,26431,26.431,687974,687.974
6,87,1763710679066247693,1763710679066904666,1763710679066928425,23759,23.759,656973,656.973
6,88,1763710679166228031,1763710679166920359,1763710679166948999,28640,28.64,692328,692.328
6,89,1763710679266262580,1763710679266811889,1763710679266832884,20995,20.995,549309,549.309
6,90,1763710679366305560,1763710679367031955,1763710679367057521,25566,25.566,726395,726.395
6,91,1763710679466237888,1763710679466659182,1763710679466697759,38577,38.577,421294,421.294
6,92,1763710679566351758,1763710679567256377,1763710679567304853,48476,48.476,904619,904.619
6,93,1763710679666236225,1763710679666690077,1763710679666714525,24448,24.448,453852,453.852
6,94,1763710679766255996,1763710679766674652,1763710679766704932,30280,30.28,418656,418.656
6,95,1763710679866231526,1763710679866683976,1763710679866713312,29336,29.336,452450,452.45
6,96,1763710679966221617,1763710679966557565,1763710679966578198,20633,20.633,335948,335.948
6,97,1763710680066290862,1763710680066687746,1763710680066709728,21982,21.982,396884,396.884
6,98,1763710680166270470,1763710680167022043,1763710680167050747,28704,28.704,751573,751.573
6,99,1763710680266271411,1763710680267084474,1763710680267108886,24412,24.412,813063,813.063
6,100,1763710680366312656,1763710680367287885,1763710680367310767,22882,22.882,975229,975.229
6,101,1763710680466249052,1763710680467018760,1763710680467039448,20688,20.688,769708,769.708
6,102,1763710680566297510,1763710680567305173,1763710680567327887,22714,22.714,1007663,1007.66
6,103,1763710680666255349,1763710680667357077,1763710680667377378,20301,20.301,1101728,1101.73
6,104,1763710680766239609,1763710680766932710,1763710680766970902,38192,38.192,693101,693.101
6,105,1763710680866329198,1763710680866911409,1763710680866932329,20920,20.92,582211,582.211
6,106,1763710680966260422,1763710680966959007,1763710680966988907,29900,29.9,698585,698.585
6,107,1763710681066245559,1763710681066944307,1763710681066978216,33909,33.909,698748,698.748
6,108,1763710681166247437,1763710681166900624,1763710681166935203,34579,34.579,653187,653.187
6,109,1763710681266275257,1763710681266858763,1763710681266886363,27600,27.6,583506,583.506
6,110,1763710681366251069,1763710681366895526,1763710681366921293,25767,25.767,644457,644.457
6,111,1763710681466278016,1763710681466840746,1763710681466865935,25189,25.189,562730,562.73
6,112,1763710681566295184,1763710681566892878,1763710681566918320,25442,25.442,597694,597.694
6,113,1763710681666288385,1763710681666892225,1763710681666915568,23343,23.343,603840,603.84
6,114,1763710681766320260,1763710681766930736,1763710681766959802,29066,29.066,610476,610.476
6,115,1763710681866220192,1763710681866826731,1763710681866854010,27279,27.279,606539,606.539
6,116,1763710681966255531,1763710681966835660,1763710681966874334,38674,38.674,580129,580.129
6,117,1763710682066321325,1763710682067068336,1763710682067101780,33444,33.444,747011,747.011
6,118,1763710682166251284,1763710682166992585,1763710682167024319,31734,31.734,741301,741.301
6,119,1763710682266256441,1763710682266931055,1763710682266961653,30598,30.598,674614,674.614
6,120,1763710682366287652,1763710682367058692,1763710682367110042,51350,51.35,771040,771.04
6,121,1763710682466317925,1763710682466876755,1763710682466899709,22954,22.954,558830,558.83
6,122,1763710682566262801,1763710682566897886,1763710682566919997,22111,22.111,635085,635.085
6,123,1763710682666243493,1763710682666825660,1763710682666850046,24386,24.386,582167,582.167
6,124,1763710682766232558,1763710682766691332,1763710682766710930,19598,19.598,458774,458.774
6,125,1763710682866249295,1763710682866836742,1763710682866867304,30562,30.562,587447,587.447
6,126,1763710682966265573,1763710682966676532,1763710682966700328,23796,23.796,410959,410.959
6,127,1763710683066268034,1763710683066717326,1763710683066753144,35818,35.818,449292,449.292
6,128,1763710683166215454,1763710683166516000,1763710683166535549,19549,19.549,300546,300.546
6,129,1763710683266252925,1763710683266751761,1763710683266785483,33722,33.722,498836,498.836
6,130,1763710683366270625,1763710683366729921,1763710683366765336,35415,35.415,459296,459.296
6,131,1763710683466295102,1763710683466770291,1763710683466796697,26406,26.406,475189,475.189
6,132,1763710683566277871,1763710683567182636,1763710683567201656,19020,19.02,904765,904.765
6,133,1763710683666295157,1763710683667516188,1763710683667540713,24525,24.525,1221031,1221.03
6,134,1763710683766264724,1763710683767378890,1763710683767398058,19168,19.168,1114166,1114.17
6,135,1763710683866299959,1763710683867004692,1763710683867025990,21298,21.298,704733,704.733
6,136,1763710683966216967,1763710683966680095,1763710683966702574,22479,22.479,463128,463.128
6,137,1763710684066242352,1763710684066945446,1763710684066984558,39112,39.112,703094,703.094
6,138,1763710684166266626,1763710684167044310,1763710684167077190,32880,32.88,777684,777.684
6,139,1763710684266261284,1763710684266857004,1763710684266882482,25478,25.478,595720,595.72
6,140,1763710684366248866,1763710684367018205,1763710684367046126,27921,27.921,769339,769.339
6,141,1763710684466295388,1763710684466981388,1763710684467005092,23704,23.704,686000,686
6,142,1763710684566315617,1763710684567008080,1763710684567037391,29311,29.311,692463,692.463
6,143,1763710684666241334,1763710684666848874,1763710684666875475,26601,26.601,607540,607.54
6,144,1763710684766300020,1763710684767040647,1763710684767069780,29133,29.133,740627,740.627
6,145,1763710684866228045,1763710684866783613,1763710684866808508,24895,24.895,555568,555.568
6,146,1763710684966243143,1763710684966915187,1763710684966946314,31127,31.127,672044,672.044
6,147,1763710685066259257,1763710685066796926,1763710685066818949,22023,22.023,537669,537.669
6,148,1763710685166234026,1763710685166916618,1763710685166946425,29807,29.807,682592,682.592
6,149,1763710685266242528,1763710685266843063,1763710685266875288,32225,32.225,600535,600.535
6,150,1763710685366272997,1763710685366998730,1763710685367027922,29192,29.192,725733,725.733
6,151,1763710685466248625,1763710685466793583,1763710685466840292,46709,46.709,544958,544.958
6,152,1763710685566239604,1763710685566888224,1763710685566931804,43580,43.58,648620,648.62
6,153,1763710685666253234,1763710685666813140,1763710685666841601,28461,28.461,559906,559.906
6,154,1763710685766305142,1763710685766965858,1763710685767001162,35304,35.304,660716,660.716
6,155,1763710685866228349,1763710685866735775,1763710685866769217,33442,33.442,507426,507.426
6,156,1763710685966247251,1763710685966840422,1763710685966871207,30785,30.785,593171,593.171
6,157,1763710686066323146,1763710686066941065,1763710686066973943,32878,32.878,617919,617.919
6,158,1763710686166245236,1763710686166807271,1763710686166835476,28205,28.205,562035,562.035
6,159,1763710686266232088,1763710686266758563,1763710686266800135,41572,41.572,526475,526.475
6,160,1763710686366242403,1763710686366921240,1763710686366960947,39707,39.707,678837,678.837
6,161,1763710686466274681,1763710686466894579,1763710686466927244,32665,32.665,619898,619.898
6,162,1763710686566228966,1763710686566906842,1763710686566944909,38067,38.067,677876,677.876
6,163,1763710686666213599,1763710686666690966,1763710686666712526,21560,21.56,477367,477.367
6,164,1763710686766241155,1763710686766961767,1763710686766991925,30158,30.158,720612,720.612
6,165,1763710686866248361,1763710686866823596,1763710686866850931,27335,27.335,575235,575.235
6,166,1763710686966255133,1763710686966982809,1763710686967012541,29732,29.732,727676,727.676
6,167,1763710687066252009,1763710687066943589,1763710687066974841,31252,31.252,691580,691.58
6,168,1763710687166234500,1763710687166919615,1763710687166942341,22726,22.726,685115,685.115
6,169,1763710687266228374,1763710687266700881,1763710687266736658,35777,35.777,472507,472.507
6,170,1763710687366250185,1763710687366796263,1763710687366832113,35850,35.85,546078,546.078
6,171,1763710687466238132,1763710687466857242,1763710687466882240,24998,24.998,619110,619.11
6,172,1763710687566253273,1763710687566967723,1763710687567008200,40477,40.477,714450,714.45
6,173,1763710687666248213,1763710687666785732,1763710687666816515,30783,30.783,537519,537.519
6,174,1763710687766271540,1763710687766927890,1763710687766953287,25397,25.397,656350,656.35
6,175,1763710687866242915,1763710687866805809,1763710687866838200,32391,32.391,562894,562.894
6,176,1763710687966243302,1763710687966786758,1763710687966816283,29525,29.525,543456,543.456
6,177,1763710688066293034,1763710688066955307,1763710688066981111,25804,25.804,662273,662.273
6,178,1763710688166237652,1763710688166953275,1763710688166988696,35421,35.421,715623,715.623
6,179,1763710688266292348,1763710688267091656,1763710688267127300,35644,35.644,799308,799.308
6,180,1763710688366318035,1763710688366989508,1763710688367059590,70082,70.082,671473,671.473
6,181,1763710688466254205,1763710688466983340,1763710688467018360,35020,35.02,729135,729.135
6,182,1763710688566296771,1763710688566988333,1763710688567030625,42292,42.292,691562,691.562
6,183,1763710688666332521,1763710688667040342,1763710688667073796,33454,33.454,707821,707.821
6,184,1763710688766231525,1763710688766751266,1763710688766787273,36007,36.007,519741,519.741
6,185,1763710688866280078,1763710688866853385,1763710688866895762,42377,42.377,573307,573.307
6,186,1763710688966246273,1763710688966636713,1763710688966675199,38486,38.486,390440,390.44
6,187,1763710689066258066,1763710689066865208,1763710689066905670,40462,40.462,607142,607.142
6,188,1763710689166278048,1763710689166663566,1763710689166696968,33402,33.402,385518,385.518
6,189,1763710689266232702,1763710689266906283,1763710689266933401,27118,27.118,673581,673.581
6,190,1763710689366427926,1763710689367370549,1763710689367394101,23552,23.552,942623,942.623
6,191,1763710689466297510,1763710689467058206,1763710689467084308,26102,26.102,760696,760.696
6,192,1763710689566251910,1763710689567006608,1763710689567026975,20367,20.367,754698,754.698
6,193,1763710689666244158,1763710689666720128,1763710689666748972,28844,28.844,475970,475.97
6,194,1763710689766305886,1763710689766921866,1763710689766956325,34459,34.459,615980,615.98
6,195,1763710689866240278,1763710689866649397,1763710689866696647,47250,47.25,409119,409.119
6,196,1763710689966253632,1763710689966623736,1763710689966647667,23931,23.931,370104,370.104
6,197,1763710690066263098,1763710690066832175,1763710690066863046,30871,30.871,569077,569.077
6,198,1763710690166276517,1763710690166661250,1763710690166686393,25143,25.143,384733,384.733
6,199,1763710690266248839,1763710690266626054,1763710690266646197,20143,20.143,377215,377.215
6,200,1763710690366276755,1763710690366627316,1763710690366663355,36039,36.039,350561,350.561
6,201,1763710690466256165,1763710690466639870,1763710690466668853,28983,28.983,383705,383.705
6,202,1763710690566267268,1763710690566812971,1763710690566844231,31260,31.26,545703,545.703
6,203,1763710690666302355,1763710690667094336,1763710690667119012,24676,24.676,791981,791.981
6,204,1763710690766303573,1763710690767105179,1763710690767127575,22396,22.396,801606,801.606
6,205,1763710690866292011,1763710690867485449,1763710690867511699,26250,26.25,1193438,1193.44
6,206,1763710690966301489,1763710690966860663,1763710690966883644,22981,22.981,559174,559.174
6,207,1763710691066250493,1763710691066862995,1763710691066917616,54621,54.621,612502,612.502
6,208,1763710691166267977,1763710691166902377,1763710691166936153,33776,33.776,634400,634.4
6,209,1763710691266267275,1763710691266756200,1763710691266796601,40401,40.401,488925,488.925
6,210,1763710691366273482,1763710691366953300,1763710691366993242,39942,39.942,679818,679.818
6,211,1763710691466262686,1763710691466843739,1763710691466882638,38899,38.899,581053,581.053
6,212,1763710691566273433,1763710691567187548,1763710691567222687,35139,35.139,914115,914.115
6,213,1763710691666291548,1763710691666852791,1763710691666883858,31067,31.067,561243,561.243
6,214,1763710691766295732,1763710691766936205,1763710691766967964,31759,31.759,640473,640.473
6,215,1763710691866277783,1763710691866930645,1763710691866968426,37781,37.781,652862,652.862
6,216,1763710691966248906,1763710691966820995,1763710691966854705,33710,33.71,572089,572.089
6,217,1763710692066238987,1763710692066796735,1763710692066826332,29597,29.597,557748,557.748
6,218,1763710692166258382,1763710692166874317,1763710692166903785,29468,29.468,615935,615.935
6,219,1763710692266235316,1763710692266809029,1763710692266833394,24365,24.365,573713,573.713
6,220,1763710692366256956,1763710692366909134,1763710692366941686,32552,32.552,652178,652.178
6,221,1763710692466287045,1763710692466912322,1763710692466938651,26329,26.329,625277,625.277
6,222,1763710692566301881,1763710692567005592,1763710692567038820,33228,33.228,703711,703.711
6,223,1763710692666244685,1763710692667285305,1763710692667313883,28578,28.578,1040620,1040.62
6,224,1763710692766240025,1763710692766820500,1763710692766850285,29785,29.785,580475,580.475
6,225,1763710692866303941,1763710692866876487,1763710692866906198,29711,29.711,572546,572.546
6,226,1763710692966284162,1763710692966915771,1763710692966942265,26494,26.494,631609,631.609
6,227,1763710693066285127,1763710693066890280,1763710693066922452,32172,32.172,605153,605.153
6,228,1763710693166289442,1763710693166770838,1763710693166795475,24637,24.637,481396,481.396
6,229,1763710693266292052,1763710693266880178,1763710693266903393,23215,23.215,588126,588.126
6,230,1763710693366243464,1763710693366751131,1763710693366776568,25437,25.437,507667,507.667
6,231,1763710693466235888,1763710693466715673,1763710693466749168,33495,33.495,479785,479.785
6,232,1763710693566232516,1763710693566720035,1763710693566763429,43394,43.394,487519,487.519
6,233,1763710693666256465,1763710693666961557,1763710693666991167,29610,29.61,705092,705.092
6,234,1763710693766281682,1763710693766921917,1763710693766963480,41563,41.563,640235,640.235
6,235,1763710693866268153,1763710693866953894,1763710693866989292,35398,35.398,685741,685.741
6,236,1763710693966247809,1763710693966849110,1763710693966883034,33924,33.924,601301,601.301
6,237,1763710694066289487,1763710694066973268,1763710694067012130,38862,38.862,683781,683.781
6,238,1763710694166272260,1763710694166912458,1763710694166944051,31593,31.593,640198,640.198
6,239,1763710694266284014,1763710694266762492,1763710694266796900,34408,34.408,478478,478.478
6,240,1763710694366240825,1763710694366794942,1763710694366833508,38566,38.566,554117,554.117
6,241,1763710694466253788,1763710694466728487,1763710694466765112,36625,36.625,474699,474.699
6,242,1763710694566288222,1763710694566852812,1763710694566887564,34752,34.752,564590,564.59
6,243,1763710694666230199,1763710694666639774,1763710694666675007,35233,35.233,409575,409.575
6,244,1763710694766223760,1763710694766597528,1763710694766628399,30871,30.871,373768,373.768
6,245,1763710694866256672,1763710694866657565,1763710694866685255,27690,27.69,400893,400.893
6,246,1763710694966266248,1763710694966718929,1763710694966747173,28244,28.244,452681,452.681
6,247,1763710695066232735,1763710695066610663,1763710695066631571,20908,20.908,377928,377.928
6,248,1763710695166221107,1763710695166527700,1763710695166547733,20033,20.033,306593,306.593
6,249,1763710695266229116,1763710695267032358,1763710695267053902,21544,21.544,803242,803.242
6,250,1763710695366230403,1763710695366844785,1763710695366862326,17541,17.541,614382,614.382
6,251,1763710695466266259,1763710695466929600,1763710695466955539,25939,25.939,663341,663.341
6,252,1763710695566245321,1763710695566821925,1763710695566850571,28646,28.646,576604,576.604
6,253,1763710695666240557,1763710695666866767,1763710695666899468,32701,32.701,626210,626.21
6,254,1763710695766231748,1763710695766789022,1763710695766813940,24918,24.918,557274,557.274
6,255,1763710695866260190,1763710695866865417,1763710695866891565,26148,26.148,605227,605.227
6,256,1763710695966227462,1763710695966872755,1763710695966906052,33297,33.297,645293,645.293
6,257,1763710696066296731,1763710696067049194,1763710696067084626,35432,35.432,752463,752.463
6,258,1763710696166234966,1763710696166871241,1763710696166903253,32012,32.012,636275,636.275
6,259,1763710696266259270,1763710696266888577,1763710696266922323,33746,33.746,629307,629.307
6,260,1763710696366251576,1763710696366967434,1763710696366993139,25705,25.705,715858,715.858
6,261,1763710696466259764,1763710696466781049,1763710696466817733,36684,36.684,521285,521.285
6,262,1763710696566285802,1763710696566938196,1763710696566967937,29741,29.741,652394,652.394
6,263,1763710696666236520,1763710696666720357,1763710696666757701,37344,37.344,483837,483.837
6,264,1763710696766244154,1763710696766742819,1763710696766775976,33157,33.157,498665,498.665
6,265,1763710696866305514,1763710696866803876,1763710696866844802,40926,40.926,498362,498.362
6,266,1763710696966239323,1763710696966779527,1763710696966812734,33207,33.207,540204,540.204
6,267,1763710697066220662,1763710697066748794,1763710697066778083,29289,29.289,528132,528.132
6,268,1763710697166239554,1763710697166870572,1763710697166907272,36700,36.7,631018,631.018
6,269,1763710697266235633,1763710697266872150,1763710697266907659,35509,35.509,636517,636.517
6,270,1763710697366252969,1763710697366863274,1763710697366896723,33449,33.449,610305,610.305
6,271,1763710697466252953,1763710697466868670,1763710697466914320,45650,45.65,615717,615.717
6,272,1763710697566288903,1763710697566854140,1763710697566875638,21498,21.498,565237,565.237
6,273,1763710697666288381,1763710697666841259,1763710697666862923,21664,21.664,552878,552.878
6,274,1763710697766290856,1763710697766932759,1763710697766956701,23942,23.942,641903,641.903
6,275,1763710697866252543,1763710697867343430,1763710697867371014,27584,27.584,1090887,1090.89
6,276,1763710697966239035,1763710697966857351,1763710697966885568,28217,28.217,618316,618.316
6,277,1763710698066276983,1763710698066964775,1763710698066991948,27173,27.173,687792,687.792
6,278,1763710698166247349,1763710698166979681,1763710698167016177,36496,36.496,732332,732.332
6,279,1763710698266232991,1763710698266819364,1763710698266849237,29873,29.873,586373,586.373
6,280,1763710698366264174,1763710698366932605,1763710698366961566,28961,28.961,668431,668.431
6,281,1763710698466240081,1763710698466819354,1763710698466844488,25134,25.134,579273,579.273
6,282,1763710698566257684,1763710698566950820,1763710698566993698,42878,42.878,693136,693.136
6,283,1763710698666245094,1763710698666763620,1763710698666795093,31473,31.473,518526,518.526
6,284,1763710698766226870,1763710698766741863,1763710698766766250,24387,24.387,514993,514.993
6,285,1763710698866318792,1763710698866889883,1763710698866912455,22572,22.572,571091,571.091
6,286,1763710698966271155,1763710698966753134,1763710698966775513,22379,22.379,481979,481.979
6,287,1763710699066241937,1763710699066715139,1763710699066738698,23559,23.559,473202,473.202
6,288,1763710699166248416,1763710699166649989,1763710699166678757,28768,28.768,401573,401.573
6,289,1763710699266237856,1763710699266735701,1763710699266780612,44911,44.911,497845,497.845
6,290,1763710699366234228,1763710699366661434,1763710699366696734,35300,35.3,427206,427.206
6,291,1763710699466250432,1763710699466661409,1763710699466694079,32670,32.67,410977,410.977
6,292,1763710699566245110,1763710699566714327,1763710699566738101,23774,23.774,469217,469.217
6,293,1763710699666225842,1763710699666611566,1763710699666630549,18983,18.983,385724,385.724
6,294,1763710699766218791,1763710699766604386,1763710699766625740,21354,21.354,385595,385.595
6,295,1763710699866258930,1763710699866724045,1763710699866744911,20866,20.866,465115,465.115
6,296,1763710699966258346,1763710699966771842,1763710699966808629,36787,36.787,513496,513.496
6,297,1763710700066265068,1763710700067282525,1763710700067301796,19271,19.271,1017457,1017.46
6,298,1763710700166254074,1763710700166679551,1763710700166720179,40628,40.628,425477,425.477
6,299,1763710700266218896,1763710700266738773,1763710700266770918,32145,32.145,519877,519.877
6,300,1763710700366245944,1763710700366796125,1763710700366826342,30217,30.217,550181,550.181
6,301,1763710700466278848,1763710700466789227,1763710700466818111,28884,28.884,510379,510.379
6,302,1763710700566404050,1763710700566824890,1763710700566853205,28315,28.315,420840,420.84
6,303,1763710700666249785,1763710700666802799,1763710700666931846,129047,129.047,553014,553.014
6,304,1763710700766247160,1763710700766621245,1763710700766645937,24692,24.692,374085,374.085
6,305,1763710700866267587,1763710700866670746,1763710700866701620,30874,30.874,403159,403.159
6,306,1763710700966250998,1763710700967136425,1763710700967165099,28674,28.674,885427,885.427
6,307,1763710701066272229,1763710701067140855,1763710701067171906,31051,31.051,868626,868.626
6,308,1763710701166270692,1763710701166785833,1763710701166805940,20107,20.107,515141,515.141
6,309,1763710701266275643,1763710701266883777,1763710701266920201,36424,36.424,608134,608.134
6,310,1763710701366268206,1763710701366858009,1763710701366886968,28959,28.959,589803,589.803
6,311,1763710701466240950,1763710701466699485,1763710701466722766,23281,23.281,458535,458.535
6,312,1763710701566288105,1763710701566985170,1763710701567016862,31692,31.692,697065,697.065
6,313,1763710701666270220,1763710701666968588,1763710701666997662,29074,29.074,698368,698.368
6,314,1763710701766250952,1763710701766854096,1763710701766881929,27833,27.833,603144,603.144
6,315,1763710701866274722,1763710701866758498,1763710701866789625,31127,31.127,483776,483.776
6,316,1763710701966250126,1763710701966826628,1763710701966856508,29880,29.88,576502,576.502
6,317,1763710702066310239,1763710702067000065,1763710702067028483,28418,28.418,689826,689.826
6,318,1763710702166289260,1763710702167148722,1763710702167181837,33115,33.115,859462,859.462
6,319,1763710702266248115,1763710702266724475,1763710702266753685,29210,29.21,476360,476.36
6,320,1763710702366280212,1763710702366854623,1763710702366899185,44562,44.562,574411,574.411
6,321,1763710702466243774,1763710702466737980,1763710702466767244,29264,29.264,494206,494.206
6,322,1763710702566259284,1763710702566778609,1763710702566812968,34359,34.359,519325,519.325
6,323,1763710702666230423,1763710702666827461,1763710702666863329,35868,35.868,597038,597.038
6,324,1763710702766264720,1763710702766891307,1763710702766925965,34658,34.658,626587,626.587
6,325,1763710702866262439,1763710702866801551,1763710702866830077,28526,28.526,539112,539.112
6,326,1763710702966275382,1763710702966835395,1763710702966860609,25214,25.214,560013,560.013
6,327,1763710703066247722,1763710703066807713,1763710703066839460,31747,31.747,559991,559.991
6,328,1763710703166312774,1763710703167002331,1763710703167024783,22452,22.452,689557,689.557
6,329,1763710703266239002,1763710703266678536,1763710703266701944,23408,23.408,439534,439.534
6,330,1763710703366260090,1763710703366791848,1763710703366829720,37872,37.872,531758,531.758
6,331,1763710703466257195,1763710703466909594,1763710703466950511,40917,40.917,652399,652.399
6,332,1763710703566306945,1763710703566923128,1763710703566949736,26608,26.608,616183,616.183
6,333,1763710703666217280,1763710703666697828,1763710703666722598,24770,24.77,480548,480.548
6,334,1763710703766223513,1763710703766773769,1763710703766800418,26649,26.649,550256,550.256
6,335,1763710703866261745,1763710703866780667,1763710703866804591,23924,23.924,518922,518.922
6,336,1763710703966240142,1763710703966840173,1763710703966865251,25078,25.078,600031,600.031
6,337,1763710704066227206,1763710704066866874,1763710704066896121,29247,29.247,639668,639.668
6,338,1763710704166298163,1763710704166909926,1763710704166940465,30539,30.539,611763,611.763
6,339,1763710704266313150,1763710704266882551,1763710704266905638,23087,23.087,569401,569.401
6,340,1763710704366249916,1763710704366749742,1763710704366776579,26837,26.837,499826,499.826
6,341,1763710704466242280,1763710704466659272,1763710704466702153,42881,42.881,416992,416.992
6,342,1763710704566257301,1763710704566709170,1763710704566745058,35888,35.888,451869,451.869
6,343,1763710704666239050,1763710704666703092,1763710704666733546,30454,30.454,464042,464.042
6,344,1763710704766241181,1763710704766766067,1763710704766807499,41432,41.432,524886,524.886
6,345,1763710704866242095,1763710704866780570,1763710704866814099,33529,33.529,538475,538.475
6,346,1763710704966238838,1763710704966803927,1763710704966838493,34566,34.566,565089,565.089
6,347,1763710705066243086,1763710705066826996,1763710705066862110,35114,35.114,583910,583.91
6,348,1763710705166243222,1763710705166949045,1763710705166989766,40721,40.721,705823,705.823
6,349,1763710705266301417,1763710705266867319,1763710705266896774,29455,29.455,565902,565.902
6,350,1763710705366292228,1763710705366922758,1763710705366971281,48523,48.523,630530,630.53
6,351,1763710705466263129,1763710705466915379,1763710705466949992,34613,34.613,652250,652.25
6,352,1763710705566257241,1763710705566874289,1763710705566907826,33537,33.537,617048,617.048
6,353,1763710705666249422,1763710705666858299,1763710705666892481,34182,34.182,608877,608.877
6,354,1763710705766236460,1763710705766836586,1763710705766866208,29622,29.622,600126,600.126
6,355,1763710705866237381,1763710705866719494,1763710705866744764,25270,25.27,482113,482.113
6,356,1763710705966259800,1763710705966673677,1763710705966702368,28691,28.691,413877,413.877
6,357,1763710706066228563,1763710706066599699,1763710706066623383,23684,23.684,371136,371.136
6,358,1763710706166215828,1763710706166520070,1763710706166537890,17820,17.82,304242,304.242
6,359,1763710706266229832,1763710706266596129,1763710706266619116,22987,22.987,366297,366.297
6,360,1763710706366274692,1763710706367229344,1763710706367253626,24282,24.282,954652,954.652
6,361,1763710706466272089,1763710706466925616,1763710706466948116,22500,22.5,653527,653.527
6,362,1763710706566351633,1763710706567319198,1763710706567344488,25290,25.29,967565,967.565
6,363,1763710706666248883,1763710706666711149,1763710706666734563,23414,23.414,462266,462.266
6,364,1763710706766240357,1763710706766799839,1763710706766834610,34771,34.771,559482,559.482
6,365,1763710706866259111,1763710706866745369,1763710706866769935,24566,24.566,486258,486.258
6,366,1763710706966275256,1763710706966838333,1763710706966863162,24829,24.829,563077,563.077
6,367,1763710707066238177,1763710707066787369,1763710707066822847,35478,35.478,549192,549.192
6,368,1763710707166238393,1763710707166926287,1763710707166957916,31629,31.629,687894,687.894
6,369,1763710707266241835,1763710707266807698,1763710707266837864,30166,30.166,565863,565.863
6,370,1763710707366263658,1763710707366828382,1763710707366858781,30399,30.399,564724,564.724
6,371,1763710707466262567,1763710707466827752,1763710707466859088,31336,31.336,565185,565.185
6,372,1763710707566300341,1763710707566886411,1763710707566914366,27955,27.955,586070,586.07
6,373,1763710707666253470,1763710707666694944,1763710707666730426,35482,35.482,441474,441.474
6,374,1763710707766247273,1763710707766773288,1763710707766808834,35546,35.546,526015,526.015
6,375,1763710707866247180,1763710707866731935,1763710707866766149,34214,34.214,484755,484.755
6,376,1763710707966237384,1763710707966920705,1763710707966954435,33730,33.73,683321,683.321
6,377,1763710708066224614,1763710708066934964,1763710708066968247,33283,33.283,710350,710.35
6,378,1763710708166247577,1763710708166924120,1763710708166951269,27149,27.149,676543,676.543
6,379,1763710708266253856,1763710708266868352,1763710708266898986,30634,30.634,614496,614.496
6,380,1763710708366235893,1763710708366825902,1763710708366855368,29466,29.466,590009,590.009
6,381,1763710708466283808,1763710708466858692,1763710708466887865,29173,29.173,574884,574.884
6,382,1763710708566247629,1763710708566844968,1763710708566874624,29656,29.656,597339,597.339
6,383,1763710708666263304,1763710708666730602,1763710708666762934,32332,32.332,467298,467.298
6,384,1763710708766318053,1763710708767461296,1763710708767499285,37989,37.989,1143243,1143.24
6,385,1763710708866278449,1763710708866813892,1763710708866840080,26188,26.188,535443,535.443
6,386,1763710708966280663,1763710708966834425,1763710708966864173,29748,29.748,553762,553.762
6,387,1763710709066247412,1763710709066744615,1763710709066778555,33940,33.94,497203,497.203
6,388,1763710709166239448,1763710709166647720,1763710709166685361,37641,37.641,408272,408.272
6,389,1763710709266249543,1763710709266716456,1763710709266745159,28703,28.703,466913,466.913
6,390,1763710709366262251,1763710709366781724,1763710709366815931,34207,34.207,519473,519.473
6,391,1763710709466238383,1763710709466645178,1763710709466680889,35711,35.711,406795,406.795
6,392,1763710709566246596,1763710709566653091,1763710709566684317,31226,31.226,406495,406.495
6,393,1763710709666276200,1763710709666663080,1763710709666692013,28933,28.933,386880,386.88
6,394,1763710709766246649,1763710709766854613,1763710709766893614,39001,39.001,607964,607.964
6,395,1763710709866284849,1763710709867021838,1763710709867051091,29253,29.253,736989,736.989
6,396,1763710709966216928,1763710709966588089,1763710709966608847,20758,20.758,371161,371.161
6,397,1763710710066223308,1763710710066791091,1763710710066827950,36859,36.859,567783,567.783
6,398,1763710710166279749,1763710710166825284,1763710710166857883,32599,32.599,545535,545.535
6,399,1763710710266239782,1763710710266829581,1763710710266860360,30779,30.779,589799,589.799
6,400,1763710710366296240,1763710710367111974,1763710710367151759,39785,39.785,815734,815.734
6,401,1763710710466240930,1763710710466798418,1763710710466832343,33925,33.925,557488,557.488
6,402,1763710710566239229,1763710710566899910,1763710710566934399,34489,34.489,660681,660.681
6,403,1763710710666253538,1763710710666920769,1763710710666949618,28849,28.849,667231,667.231
6,404,1763710710766269537,1763710710766890241,1763710710766928476,38235,38.235,620704,620.704
6,405,1763710710866276020,1763710710866891345,1763710710866927568,36223,36.223,615325,615.325
6,406,1763710710966307406,1763710710966875661,1763710710966913190,37529,37.529,568255,568.255
6,407,1763710711066224825,1763710711066606716,1763710711066632400,25684,25.684,381891,381.891
6,408,1763710711166239314,1763710711166642718,1763710711166687248,44530,44.53,403404,403.404
6,409,1763710711266271253,1763710711266799867,1763710711266833927,34060,34.06,528614,528.614
6,410,1763710711366247302,1763710711366655713,1763710711366689812,34099,34.099,408411,408.411
6,411,1763710711466254044,1763710711466813730,1763710711466850300,36570,36.57,559686,559.686
6,412,1763710711566252750,1763710711566742409,1763710711566775224,32815,32.815,489659,489.659
6,413,1763710711666324162,1763710711667164926,1763710711667191847,26921,26.921,840764,840.764
6,414,1763710711766223803,1763710711766992552,1763710711767010268,17716,17.716,768749,768.749
6,415,1763710711866235338,1763710711866611954,1763710711866629394,17440,17.44,376616,376.616
6,416,1763710711966264174,1763710711966854442,1763710711966874035,19593,19.593,590268,590.268
6,417,1763710712066219878,1763710712066607229,1763710712066633946,26717,26.717,387351,387.351
6,418,1763710712166216701,1763710712167281431,1763710712167305231,23800,23.8,1064730,1064.73
6,419,1763710712266219268,1763710712266715682,1763710712266737681,21999,21.999,496414,496.414
6,420,1763710712366242961,1763710712366902057,1763710712366943334,41277,41.277,659096,659.096
6,421,1763710712466233170,1763710712466713488,1763710712466742338,28850,28.85,480318,480.318
6,422,1763710712566225312,1763710712566952910,1763710712566976722,23812,23.812,727598,727.598
6,423,1763710712666233477,1763710712666752276,1763710712666787671,35395,35.395,518799,518.799
6,424,1763710712766250815,1763710712766889913,1763710712766919525,29612,29.612,639098,639.098
6,425,1763710712866240987,1763710712866813940,1763710712866847173,33233,33.233,572953,572.953
6,426,1763710712966257314,1763710712966810790,1763710712966842266,31476,31.476,553476,553.476
6,427,1763710713066300370,1763710713066891219,1763710713066912982,21763,21.763,590849,590.849
6,428,1763710713166250338,1763710713166897498,1763710713166924507,27009,27.009,647160,647.16
6,429,1763710713266232682,1763710713266688498,1763710713266719624,31126,31.126,455816,455.816
6,430,1763710713366242494,1763710713366765588,1763710713366797288,31700,31.7,523094,523.094
6,431,1763710713466264390,1763710713466726444,1763710713466756555,30111,30.111,462054,462.054
6,432,1763710713566254569,1763710713566929881,1763710713566958796,28915,28.915,675312,675.312
6,433,1763710713666255736,1763710713666870692,1763710713666906282,35590,35.59,614956,614.956
6,434,1763710713766268447,1763710713766810325,1763710713766836518,26193,26.193,541878,541.878
6,435,1763710713866280333,1763710713866783711,1763710713866818667,34956,34.956,503378,503.378
6,436,1763710713966231433,1763710713966808935,1763710713966839552,30617,30.617,577502,577.502
6,437,1763710714066254844,1763710714066760092,1763710714066793373,33281,33.281,505248,505.248
6,438,1763710714166271111,1763710714166863028,1763710714166902555,39527,39.527,591917,591.917
6,439,1763710714266304065,1763710714266870045,1763710714266905512,35467,35.467,565980,565.98
6,440,1763710714366292201,1763710714366831936,1763710714366865677,33741,33.741,539735,539.735
6,441,1763710714466242706,1763710714466779799,1763710714466811418,31619,31.619,537093,537.093
6,442,1763710714566272853,1763710714566707412,1763710714566733744,26332,26.332,434559,434.559
6,443,1763710714666262236,1763710714667087219,1763710714667115630,28411,28.411,824983,824.983
6,444,1763710714766238999,1763710714766766662,1763710714766797944,31282,31.282,527663,527.663
6,445,1763710714866254371,1763710714866767401,1763710714866799982,32581,32.581,513030,513.03
6,446,1763710714966254700,1763710714967543047,1763710714967578588,35541,35.541,1288347,1288.35
6,447,1763710715066249166,1763710715066839296,1763710715066879547,40251,40.251,590130,590.13
6,448,1763710715166231432,1763710715166853511,1763710715166879313,25802,25.802,622079,622.079
6,449,1763710715266253331,1763710715266783175,1763710715266816761,33586,33.586,529844,529.844
6,450,1763710715366374258,1763710715367007563,1763710715367039587,32024,32.024,633305,633.305
6,451,1763710715466316305,1763710715466915042,1763710715466944378,29336,29.336,598737,598.737
6,452,1763710715566323772,1763710715566864155,1763710715566888817,24662,24.662,540383,540.383
6,453,1763710715666277727,1763710715666817067,1763710715666844522,27455,27.455,539340,539.34
6,454,1763710715766247253,1763710715766753943,1763710715766799457,45514,45.514,506690,506.69
6,455,1763710715866241154,1763710715866731772,1763710715866770083,38311,38.311,490618,490.618
6,456,1763710715966266244,1763710715966793624,1763710715966836323,42699,42.699,527380,527.38
6,457,1763710716066297988,1763710716066846256,1763710716066889380,43124,43.124,548268,548.268
6,458,1763710716166273166,1763710716166959479,1763710716166993149,33670,33.67,686313,686.313
6,459,1763710716266235601,1763710716266790421,1763710716266819983,29562,29.562,554820,554.82
6,460,1763710716366267902,1763710716366797421,1763710716366826434,29013,29.013,529519,529.519
6,461,1763710716466240079,1763710716466962173,1763710716467000375,38202,38.202,722094,722.094
6,462,1763710716566257514,1763710716566886082,1763710716566920813,34731,34.731,628568,628.568
6,463,1763710716666285289,1763710716666850670,1763710716666878385,27715,27.715,565381,565.381
6,464,1763710716766234163,1763710716766813166,1763710716766859717,46551,46.551,579003,579.003
6,465,1763710716866246628,1763710716866836538,1763710716866893795,57257,57.257,589910,589.91
6,466,1763710716966262034,1763710716966852877,1763710716966885323,32446,32.446,590843,590.843
6,467,1763710717066235868,1763710717066867162,1763710717066898433,31271,31.271,631294,631.294
6,468,1763710717166242325,1763710717166745249,1763710717166779803,34554,34.554,502924,502.924
6,469,1763710717266295662,1763710717266863478,1763710717266899072,35594,35.594,567816,567.816
6,470,1763710717366237755,1763710717366594892,1763710717366617978,23086,23.086,357137,357.137
6,471,1763710717466253735,1763710717466957016,1763710717466984921,27905,27.905,703281,703.281
6,472,1763710717566259522,1763710717567077434,1763710717567103144,25710,25.71,817912,817.912
6,473,1763710717666304665,1763710717667110046,1763710717667137178,27132,27.132,805381,805.381
6,474,1763710717766328763,1763710717767508271,1763710717767530310,22039,22.039,1179508,1179.51
6,475,1763710717866231739,1763710717866780498,1763710717866804425,23927,23.927,548759,548.759
6,476,1763710717966297202,1763710717966841968,1763710717966866091,24123,24.123,544766,544.766
6,477,1763710718066218038,1763710718066551199,1763710718066579282,28083,28.083,333161,333.161
6,478,1763710718166244936,1763710718166682393,1763710718166714162,31769,31.769,437457,437.457
6,479,1763710718266261357,1763710718266659912,1763710718266684666,24754,24.754,398555,398.555
6,480,1763710718366253026,1763710718366659329,1763710718366689149,29820,29.82,406303,406.303
6,481,1763710718466267561,1763710718466691070,1763710718466715333,24263,24.263,423509,423.509
6,482,1763710718566212501,1763710718566520037,1763710718566543074,23037,23.037,307536,307.536
6,483,1763710718666265396,1763710718666642773,1763710718666671768,28995,28.995,377377,377.377
6,484,1763710718766276337,1763710718767160994,1763710718767186210,25216,25.216,884657,884.657
6,485,1763710718866298655,1763710718867198029,1763710718867233083,35054,35.054,899374,899.374
6,486,1763710718966277855,1763710718966883486,1763710718966903539,20053,20.053,605631,605.631
6,487,1763710719066259453,1763710719066657942,1763710719066693755,35813,35.813,398489,398.489
6,488,1763710719166271877,1763710719166730408,1763710719166764797,34389,34.389,458531,458.531
6,489,1763710719266253417,1763710719266778704,1763710719266821110,42406,42.406,525287,525.287
6,490,1763710719366280779,1763710719366876191,1763710719366908360,32169,32.169,595412,595.412
6,491,1763710719466272844,1763710719466800197,1763710719466826982,26785,26.785,527353,527.353
6,492,1763710719566222305,1763710719566735861,1763710719566767040,31179,31.179,513556,513.556
6,493,1763710719666237729,1763710719666886917,1763710719666931669,44752,44.752,649188,649.188
6,494,1763710719766254434,1763710719766873579,1763710719766916429,42850,42.85,619145,619.145
6,495,1763710719866237673,1763710719866720708,1763710719866750356,29648,29.648,483035,483.035
6,496,1763710719966252554,1763710719966779376,1763710719966815679,36303,36.303,526822,526.822
6,497,1763710720066327722,1763710720066844292,1763710720066908069,63777,63.777,516570,516.57
6,498,1763710720166244325,1763710720166883621,1763710720166937332,53711,53.711,639296,639.296
6,499,1763710720266248224,1763710720266663770,1763710720266701501,37731,37.731,415546,415.546
6,500,1763710720366255013,1763710720366758641,1763710720366807728,49087,49.087,503628,503.628
6,501,1763710720466288800,1763710720466876933,1763710720466912567,35634,35.634,588133,588.133
6,502,1763710720566232949,1763710720566852663,1763710720566888877,36214,36.214,619714,619.714
6,503,1763710720666245275,1763710720666797711,1763710720666822471,24760,24.76,552436,552.436
6,504,1763710720766219019,1763710720766759291,1763710720766792523,33232,33.232,540272,540.272
6,505,1763710720866262050,1763710720866790438,1763710720866816629,26191,26.191,528388,528.388
6,506,1763710720966238184,1763710720966965131,1763710720967001704,36573,36.573,726947,726.947
6,507,1763710721066238456,1763710721066812799,1763710721066837334,24535,24.535,574343,574.343
6,508,1763710721166287224,1763710721166906923,1763710721166933113,26190,26.19,619699,619.699
6,509,1763710721266278459,1763710721266836869,1763710721266864613,27744,27.744,558410,558.41
6,510,1763710721366299534,1763710721367134506,1763710721367171225,36719,36.719,834972,834.972
6,511,1763710721466300236,1763710721466853556,1763710721466887769,34213,34.213,553320,553.32
6,512,1763710721566241090,1763710721566913455,1763710721566942854,29399,29.399,672365,672.365
6,513,1763710721666243302,1763710721666821068,1763710721666874615,53547,53.547,577766,577.766
6,514,1763710721766280382,1763710721766940061,1763710721766977742,37681,37.681,659679,659.679
6,515,1763710721866239018,1763710721866850099,1763710721866885475,35376,35.376,611081,611.081
6,516,1763710721966251178,1763710721966796644,1763710721966835074,38430,38.43,545466,545.466
6,517,1763710722066632495,1763710722067621274,1763710722067659889,38615,38.615,988779,988.779
6,518,1763710722166237059,1763710722166768738,1763710722166806706,37968,37.968,531679,531.679
6,519,1763710722266269493,1763710722266810845,1763710722266846684,35839,35.839,541352,541.352
6,520,1763710722366283422,1763710722366810167,1763710722366839682,29515,29.515,526745,526.745
6,521,1763710722466284875,1763710722467013061,1763710722467061666,48605,48.605,728186,728.186
6,522,1763710722566270042,1763710722566808241,1763710722566838922,30681,30.681,538199,538.199
6,523,1763710722666242461,1763710722666846031,1763710722666878122,32091,32.091,603570,603.57
6,524,1763710722766264814,1763710722766657867,1763710722766686557,28690,28.69,393053,393.053
6,525,1763710722866248814,1763710722866777560,1763710722866818257,40697,40.697,528746,528.746
6,526,1763710722966240468,1763710722966782667,1763710722966875457,92790,92.79,542199,542.199
6,527,1763710723066221425,1763710723066792785,1763710723066825323,32538,32.538,571360,571.36
6,528,1763710723166220946,1763710723166531161,1763710723166552208,21047,21.047,310215,310.215
6,529,1763710723266260005,1763710723266808694,1763710723266842771,34077,34.077,548689,548.689
6,530,1763710723366243964,1763710723367111293,1763710723367136249,24956,24.956,867329,867.329
6,531,1763710723466288776,1763710723466907103,1763710723466930200,23097,23.097,618327,618.327
6,532,1763710723566296083,1763710723567189664,1763710723567214536,24872,24.872,893581,893.581
6,533,1763710723666207176,1763710723666620263,1763710723666636306,16043,16.043,413087,413.087
6,534,1763710723766256666,1763710723766972541,1763710723767008312,35771,35.771,715875,715.875
6,535,1763710723866274291,1763710723866808434,1763710723866835290,26856,26.856,534143,534.143
6,536,1763710723966249969,1763710723966976895,1763710723967011741,34846,34.846,726926,726.926
6,537,1763710724066256000,1763710724066806807,1763710724066836059,29252,29.252,550807,550.807
6,538,1763710724166258924,1763710724167011198,1763710724167038559,27361,27.361,752274,752.274
6,539,1763710724266253624,1763710724266844811,1763710724266877523,32712,32.712,591187,591.187
6,540,1763710724366249929,1763710724366809630,1763710724366834629,24999,24.999,559701,559.701
6,541,1763710724466232805,1763710724466737966,1763710724466779369,41403,41.403,505161,505.161
6,542,1763710724566277368,1763710724566819668,1763710724566849522,29854,29.854,542300,542.3
6,543,1763710724666279655,1763710724666851498,1763710724666880292,28794,28.794,571843,571.843
6,544,1763710724766257534,1763710724766896443,1763710724766926258,29815,29.815,638909,638.909
6,545,1763710724866274761,1763710724866805145,1763710724866832507,27362,27.362,530384,530.384
6,546,1763710724966256050,1763710724966675965,1763710724966714022,38057,38.057,419915,419.915
6,547,1763710725066217966,1763710725066607084,1763710725066651040,43956,43.956,389118,389.118
6,548,1763710725166231289,1763710725166724833,1763710725166760442,35609,35.609,493544,493.544
6,549,1763710725266237692,1763710725266774918,1763710725266807741,32823,32.823,537226,537.226
6,550,1763710725366251545,1763710725366837220,1763710725366870323,33103,33.103,585675,585.675
6,551,1763710725466244197,1763710725466790005,1763710725466823309,33304,33.304,545808,545.808
6,552,1763710725566259862,1763710725566831567,1763710725566860245,28678,28.678,571705,571.705
6,553,1763710725666257137,1763710725666826568,1763710725666856885,30317,30.317,569431,569.431
6,554,1763710725766597573,1763710725767747708,1763710725767788612,40904,40.904,1150135,1150.13
6,555,1763710725866250086,1763710725866692565,1763710725866718139,25574,25.574,442479,442.479
6,556,1763710725966269975,1763710725966760602,1763710725966794038,33436,33.436,490627,490.627
6,557,1763710726066255156,1763710726066869140,1763710726066894545,25405,25.405,613984,613.984
6,558,1763710726166242397,1763710726166798586,1763710726166830301,31715,31.715,556189,556.189
6,559,1763710726266254815,1763710726266722661,1763710726266745908,23247,23.247,467846,467.846
6,560,1763710726366235148,1763710726366882359,1763710726366910940,28581,28.581,647211,647.211
6,561,1763710726466244407,1763710726466756557,1763710726466780745,24188,24.188,512150,512.15
6,562,1763710726566261237,1763710726566943349,1763710726566970224,26875,26.875,682112,682.112
6,563,1763710726666243483,1763710726666766823,1763710726666805828,39005,39.005,523340,523.34
6,564,1763710726766259697,1763710726766735636,1763710726766760533,24897,24.897,475939,475.939
6,565,1763710726866247659,1763710726866940887,1763710726866968952,28065,28.065,693228,693.228
6,566,1763710726966229292,1763710726966660927,1763710726966699862,38935,38.935,431635,431.635
6,567,1763710727066223922,1763710727066595226,1763710727066622434,27208,27.208,371304,371.304
6,568,1763710727166244190,1763710727166707424,1763710727166730025,22601,22.601,463234,463.234
6,569,1763710727266246127,1763710727266691854,1763710727266717365,25511,25.511,445727,445.727
6,570,1763710727366245800,1763710727366672311,1763710727366696027,23716,23.716,426511,426.511
6,571,1763710727466267465,1763710727466771406,1763710727466796863,25457,25.457,503941,503.941
6,572,1763710727566302397,1763710727566800141,1763710727566829496,29355,29.355,497744,497.744
6,573,1763710727666252349,1763710727666717806,1763710727666739725,21919,21.919,465457,465.457
6,574,1763710727766252452,1763710727766803849,1763710727766857523,53674,53.674,551397,551.397
6,575,1763710727866236395,1763710727866617472,1763710727866639364,21892,21.892,381077,381.077
6,576,1763710727966239011,1763710727966791231,1763710727966822717,31486,31.486,552220,552.22
6,577,1763710728066230043,1763710728067070364,1763710728067088085,17721,17.721,840321,840.321
6,578,1763710728166300062,1763710728166678588,1763710728166710156,31568,31.568,378526,378.526
6,579,1763710728266247637,1763710728266839113,1763710728266865141,26028,26.028,591476,591.476
6,580,1763710728366259518,1763710728366825387,1763710728366851254,25867,25.867,565869,565.869
6,581,1763710728466244869,1763710728466813560,1763710728466848790,35230,35.23,568691,568.691
6,582,1763710728566263089,1763710728566908407,1763710728566933124,24717,24.717,645318,645.318
6,583,1763710728666246760,1763710728666806667,1763710728666835258,28591,28.591,559907,559.907
6,584,1763710728766276523,1763710728766858157,1763710728766886849,28692,28.692,581634,581.634
6,585,1763710728866328364,1763710728866865818,1763710728866892931,27113,27.113,537454,537.454
6,586,1763710728966573829,1763710728967031158,1763710728967061275,30117,30.117,457329,457.329
6,587,1763710729066286633,1763710729066789084,1763710729066811950,22866,22.866,502451,502.451
6,588,1763710729166314354,1763710729167783117,1763710729167807944,24827,24.827,1468763,1468.76
6,589,1763710729266246492,1763710729266960899,1763710729266985109,24210,24.21,714407,714.407
6,590,1763710729366314673,1763710729367134932,1763710729367166477,31545,31.545,820259,820.259
6,591,1763710729466208578,1763710729466590602,1763710729466614251,23649,23.649,382024,382.024
6,592,1763710729566233649,1763710729566768057,1763710729566808163,40106,40.106,534408,534.408
6,593,1763710729666228348,1763710729666893729,1763710729666920873,27144,27.144,665381,665.381
6,594,1763710729766252591,1763710729766916854,1763710729766959126,42272,42.272,664263,664.263
6,595,1763710729866241600,1763710729866741994,1763710729866779624,37630,37.63,500394,500.394
6,596,1763710729966227658,1763710729966849293,1763710729966875575,26282,26.282,621635,621.635
6,597,1763710730066258639,1763710730066790775,1763710730066819537,28762,28.762,532136,532.136
6,598,1763710730166263410,1763710730166880291,1763710730166914959,34668,34.668,616881,616.881
6,599,1763710730266260460,1763710730266732386,1763710730266759569,27183,27.183,471926,471.926
6,600,1763710730366272814,1763710730366850290,1763710730366874834,24544,24.544,577476,577.476
6,601,1763710730466251043,1763710730466687922,1763710730466715894,27972,27.972,436879,436.879
6,602,1763710730566280675,1763710730566895172,1763710730566928838,33666,33.666,614497,614.497
6,603,1763710730666263067,1763710730666805741,1763710730666827632,21891,21.891,542674,542.674
6,604,1763710730766251646,1763710730767261821,1763710730767290402,28581,28.581,1010175,1010.17
6,605,1763710730866253626,1763710730866801229,1763710730866823935,22706,22.706,547603,547.603
6,606,1763710730966295761,1763710730966778247,1763710730966821030,42783,42.783,482486,482.486
6,607,1763710731066235837,1763710731066657815,1763710731066694019,36204,36.204,421978,421.978
6,608,1763710731166235579,1763710731166785923,1763710731166826041,40118,40.118,550344,550.344
6,609,1763710731266242989,1763710731266704706,1763710731266735513,30807,30.807,461717,461.717
6,610,1763710731366270151,1763710731366923281,1763710731366957536,34255,34.255,653130,653.13
6,611,1763710731466232297,1763710731466774609,1763710731466805454,30845,30.845,542312,542.312
6,612,1763710731566234994,1763710731566784842,1763710731566814407,29565,29.565,549848,549.848
6,613,1763710731666296838,1763710731666875863,1763710731666909858,33995,33.995,579025,579.025
6,614,1763710731766270514,1763710731766889787,1763710731766946193,56406,56.406,619273,619.273
6,615,1763710731866242561,1763710731866827307,1763710731866872656,45349,45.349,584746,584.746
6,616,1763710731966264649,1763710731966831763,1763710731966865286,33523,33.523,567114,567.114
6,617,1763710732066238464,1763710732066753456,1763710732066778637,25181,25.181,514992,514.992
6,618,1763710732166224553,1763710732166685828,1763710732166723509,37681,37.681,461275,461.275
6,619,1763710732266264890,1763710732266702940,1763710732266732656,29716,29.716,438050,438.05
6,620,1763710732366255776,1763710732366766499,1763710732366792861,26362,26.362,510723,510.723
6,621,1763710732466265948,1763710732466733451,1763710732466759684,26233,26.233,467503,467.503
6,622,1763710732566260857,1763710732566848284,1763710732566879636,31352,31.352,587427,587.427
6,623,1763710732666238679,1763710732666756613,1763710732666786744,30131,30.131,517934,517.934
6,624,1763710732766228134,1763710732766688020,1763710732766714953,26933,26.933,459886,459.886
6,625,1763710732866247934,1763710732866773183,1763710732866807763,34580,34.58,525249,525.249
6,626,1763710732966331033,1763710732966887008,1763710732966911578,24570,24.57,555975,555.975
6,627,1763710733066657723,1763710733067300554,1763710733067333979,33425,33.425,642831,642.831
6,628,1763710733166637491,1763710733167371343,1763710733167415869,44526,44.526,733852,733.852
6,629,1763710733266235588,1763710733266846573,1763710733266881342,34769,34.769,610985,610.985
6,630,1763710733366251554,1763710733366805971,1763710733366841205,35234,35.234,554417,554.417
6,631,1763710733466240482,1763710733466878955,1763710733466905844,26889,26.889,638473,638.473
6,632,1763710733566293382,1763710733566949348,1763710733566980683,31335,31.335,655966,655.966
6,633,1763710733666263707,1763710733666948403,1763710733666975228,26825,26.825,684696,684.696
6,634,1763710733766271286,1763710733766890111,1763710733766925778,35667,35.667,618825,618.825
6,635,1763710733866248643,1763710733867066139,1763710733867106124,39985,39.985,817496,817.496
6,636,1763710733966250119,1763710733966722397,1763710733966757910,35513,35.513,472278,472.278
6,637,1763710734066314127,1763710734066920678,1763710734066957501,36823,36.823,606551,606.551
6,638,1763710734166261289,1763710734166709270,1763710734166735524,26254,26.254,447981,447.981
6,639,1763710734266296531,1763710734266900112,1763710734266930878,30766,30.766,603581,603.581
6,640,1763710734366238306,1763710734366769452,1763710734366810164,40712,40.712,531146,531.146
6,641,1763710734466255478,1763710734466726209,1763710734466755930,29721,29.721,470731,470.731
6,642,1763710734566270835,1763710734566674938,1763710734566698697,23759,23.759,404103,404.103
6,643,1763710734666228485,1763710734666927192,1763710734666950661,23469,23.469,698707,698.707
6,644,1763710734766295853,1763710734767194335,1763710734767221294,26959,26.959,898482,898.482
6,645,1763710734866263868,1763710734866908983,1763710734866929259,20276,20.276,645115,645.115
6,646,1763710734966270828,1763710734967517837,1763710734967544594,26757,26.757,1247009,1247.01
6,647,1763710735066213702,1763710735066641177,1763710735066660255,19078,19.078,427475,427.475
6,648,1763710735166254556,1763710735166853310,1763710735166876983,23673,23.673,598754,598.754
6,649,1763710735266236247,1763710735266745121,1763710735266770763,25642,25.642,508874,508.874
6,650,1763710735366273847,1763710735366965870,1763710735367008550,42680,42.68,692023,692.023
6,651,1763710735466238455,1763710735466686644,1763710735466708964,22320,22.32,448189,448.189
6,652,1763710735566252070,1763710735567511484,1763710735567536507,25023,25.023,1259414,1259.41
6,653,1763710735666240690,1763710735666718127,1763710735666746789,28662,28.662,477437,477.437
6,654,1763710735766280163,1763710735766852204,1763710735766878956,26752,26.752,572041,572.041
6,655,1763710735866243828,1763710735866770048,1763710735866800517,30469,30.469,526220,526.22
6,656,1763710735966302487,1763710735966864293,1763710735966891070,26777,26.777,561806,561.806
6,657,1763710736066256663,1763710736066757443,1763710736066782995,25552,25.552,500780,500.78
6,658,1763710736166278168,1763710736166862750,1763710736166891445,28695,28.695,584582,584.582
6,659,1763710736266256532,1763710736267070339,1763710736267097128,26789,26.789,813807,813.807
6,660,1763710736366305787,1763710736366899331,1763710736366923951,24620,24.62,593544,593.544
6,661,1763710736466265353,1763710736466674727,1763710736466710151,35424,35.424,409374,409.374
6,662,1763710736566235604,1763710736566768496,1763710736566806180,37684,37.684,532892,532.892
6,663,1763710736666262769,1763710736666730161,1763710736666757629,27468,27.468,467392,467.392
6,664,1763710736766287701,1763710736767027389,1763710736767060084,32695,32.695,739688,739.688
6,665,1763710736866239800,1763710736866872875,1763710736866906612,33737,33.737,633075,633.075
6,666,1763710736966251725,1763710736966807299,1763710736966837105,29806,29.806,555574,555.574
6,667,1763710737066232233,1763710737066729629,1763710737066758611,28982,28.982,497396,497.396
6,668,1763710737166246774,1763710737166798880,1763710737166828896,30016,30.016,552106,552.106
6,669,1763710737266258795,1763710737266785110,1763710737266816473,31363,31.363,526315,526.315
6,670,1763710737366244142,1763710737366901284,1763710737366934368,33084,33.084,657142,657.142
6,671,1763710737466246269,1763710737466783514,1763710737466809260,25746,25.746,537245,537.245
6,672,1763710737566255888,1763710737566817983,1763710737566846028,28045,28.045,562095,562.095
6,673,1763710737666247039,1763710737666786740,1763710737666819325,32585,32.585,539701,539.701
6,674,1763710737766240083,1763710737766778293,1763710737766817506,39213,39.213,538210,538.21
6,675,1763710737866329498,1763710737866943716,1763710737866990899,47183,47.183,614218,614.218
6,676,1763710737966266633,1763710737966671817,1763710737966703257,31440,31.44,405184,405.184
6,677,1763710738066295179,1763710738067234983,1763710738067273801,38818,38.818,939804,939.804
6,678,1763710738166311775,1763710738167179578,1763710738167208490,28912,28.912,867803,867.803
6,679,1763710738266234915,1763710738266777224,1763710738266812893,35669,35.669,542309,542.309
6,680,1763710738366233294,1763710738367012040,1763710738367048470,36430,36.43,778746,778.746
6,681,1763710738466227948,1763710738466964858,1763710738467000188,35330,35.33,736910,736.91
6,682,1763710738566242913,1763710738566884672,1763710738566919021,34349,34.349,641759,641.759
6,683,1763710738666231624,1763710738666952855,1763710738666986941,34086,34.086,721231,721.231
6,684,1763710738766233103,1763710738766873725,1763710738766899553,25828,25.828,640622,640.622
6,685,1763710738866262146,1763710738866961488,1763710738866984168,22680,22.68,699342,699.342
6,686,1763710738966229013,1763710738966609192,1763710738966636959,27767,27.767,380179,380.179
6,687,1763710739066226601,1763710739066695972,1763710739066724395,28423,28.423,469371,469.371
6,688,1763710739166222374,1763710739166558414,1763710739166582171,23757,23.757,336040,336.04
6,689,1763710739266230862,1763710739266677205,1763710739266709296,32091,32.091,446343,446.343
6,690,1763710739366241375,1763710739366921918,1763710739366948836,26918,26.918,680543,680.543
6,691,1763710739466289716,1763710739467061581,1763710739467091214,29633,29.633,771865,771.865
6,692,1763710739566240707,1763710739567164045,1763710739567190598,26553,26.553,923338,923.338
6,693,1763710739666274591,1763710739666951900,1763710739666976900,25000,25,677309,677.309
6,694,1763710739766294836,1763710739768087221,1763710739768127733,40512,40.512,1792385,1792.38
6,695,1763710739866245595,1763710739866726026,1763710739866754532,28506,28.506,480431,480.431
6,696,1763710739966222269,1763710739966683999,1763710739966717461,33462,33.462,461730,461.73
6,697,1763710740066491559,1763710740067719919,1763710740067764525,44606,44.606,1228360,1228.36
6,698,1763710740166490273,1763710740167613073,1763710740167654879,41806,41.806,1122800,1122.8
6,699,1763710740266509712,1763710740267785011,1763710740267822803,37792,37.792,1275299,1275.3
6,700,1763710740366240574,1763710740366815269,1763710740366841297,26028,26.028,574695,574.695
6,701,1763710740466261842,1763710740466951370,1763710740466978475,27105,27.105,689528,689.528
6,702,1763710740566355389,1763710740567327224,1763710740567361919,34695,34.695,971835,971.835
6,703,1763710740666282008,1763710740667103773,1763710740667141555,37782,37.782,821765,821.765
6,704,1763710740766221956,1763710740767057024,1763710740767093943,36919,36.919,835068,835.068
6,705,1763710740866253014,1763710740867031991,1763710740867065747,33756,33.756,778977,778.977
6,706,1763710740966255727,1763710740966858696,1763710740966893096,34400,34.4,602969,602.969
6,707,1763710741066276693,1763710741067389847,1763710741067435394,45547,45.547,1113154,1113.15
6,708,1763710741166289895,1763710741166891541,1763710741166928178,36637,36.637,601646,601.646
6,709,1763710741266292682,1763710741266884919,1763710741266921486,36567,36.567,592237,592.237
6,710,1763710741366336618,1763710741367141126,1763710741367179588,38462,38.462,804508,804.508
6,711,1763710741466247263,1763710741466925191,1763710741466960331,35140,35.14,677928,677.928
6,712,1763710741566230837,1763710741566906838,1763710741566944770,37932,37.932,676001,676.001
6,713,1763710741666242034,1763710741666912322,1763710741666970809,58487,58.487,670288,670.288
6,714,1763710741766237680,1763710741767124610,1763710741767158258,33648,33.648,886930,886.93
6,715,1763710741866238546,1763710741866838541,1763710741866866363,27822,27.822,599995,599.995
6,716,1763710741966247734,1763710741966946341,1763710741966982123,35782,35.782,698607,698.607
6,717,1763710742066250640,1763710742067021890,1763710742067047395,25505,25.505,771250,771.25
6,718,1763710742166241497,1763710742166858270,1763710742166897197,38927,38.927,616773,616.773
6,719,1763710742266242534,1763710742266963197,1763710742266997641,34444,34.444,720663,720.663
6,720,1763710742366260540,1763710742367138314,1763710742367185205,46891,46.891,877774,877.774
6,721,1763710742466218021,1763710742466808393,1763710742466847276,38883,38.883,590372,590.372
6,722,1763710742566219425,1763710742566778254,1763710742566813714,35460,35.46,558829,558.829
6,723,1763710742666219057,1763710742666798871,1763710742666832839,33968,33.968,579814,579.814
6,724,1763710742766242184,1763710742766991759,1763710742767029767,38008,38.008,749575,749.575
6,725,1763710742866222300,1763710742866726260,1763710742866758591,32331,32.331,503960,503.96
6,726,1763710742966221515,1763710742966613020,1763710742966645461,32441,32.441,391505,391.505
6,727,1763710743066237559,1763710743066777021,1763710743066811715,34694,34.694,539462,539.462
6,728,1763710743166259346,1763710743166671515,1763710743166700602,29087,29.087,412169,412.169
6,729,1763710743266254787,1763710743266863830,1763710743266894411,30581,30.581,609043,609.043
6,730,1763710743366365025,1763710743367198673,1763710743367232428,33755,33.755,833648,833.648
6,731,1763710743466261933,1763710743466655540,1763710743466683826,28286,28.286,393607,393.607
6,732,1763710743566245647,1763710743566796522,1763710743566819035,22513,22.513,550875,550.875
6,733,1763710743666236106,1763710743666746903,1763710743666776045,29142,29.142,510797,510.797
6,734,1763710743766258308,1763710743766653309,1763710743766692482,39173,39.173,395001,395.001
6,735,1763710743866243199,1763710743866818314,1763710743866845693,27379,27.379,575115,575.115
6,736,1763710743966289205,1763710743966986783,1763710743967009793,23010,23.01,697578,697.578
6,737,1763710744066237551,1763710744066713622,1763710744066743016,29394,29.394,476071,476.071
6,738,1763710744166225346,1763710744166614783,1763710744166661569,46786,46.786,389437,389.437
6,739,1763710744266295058,1763710744266726875,1763710744266751398,24523,24.523,431817,431.817
6,740,1763710744366316738,1763710744366732640,1763710744366757767,25127,25.127,415902,415.902
6,741,1763710744466247708,1763710744466797476,1763710744466826524,29048,29.048,549768,549.768
6,742,1763710744566300979,1763710744567008514,1763710744567033982,25468,25.468,707535,707.535
6,743,1763710744666245436,1763710744666780243,1763710744666803565,23322,23.322,534807,534.807
6,744,1763710744766252145,1763710744766883724,1763710744766926334,42610,42.61,631579,631.579
6,745,1763710744866225364,1763710744866742507,1763710744866790514,48007,48.007,517143,517.143
6,746,1763710744966222175,1763710744966850229,1763710744966886515,36286,36.286,628054,628.054
6,747,1763710745066221018,1763710745066800386,1763710745066834872,34486,34.486,579368,579.368
6,748,1763710745166225852,1763710745166945064,1763710745166983598,38534,38.534,719212,719.212
6,749,1763710745266290993,1763710745266834811,1763710745266855824,21013,21.013,543818,543.818
6,750,1763710745366373681,1763710745367229663,1763710745367263780,34117,34.117,855982,855.982
6,751,1763710745466259016,1763710745466792319,1763710745466820965,28646,28.646,533303,533.303
6,752,1763710745566322682,1763710745566834763,1763710745566857077,22314,22.314,512081,512.081
6,753,1763710745666235597,1763710745666745061,1763710745666775416,30355,30.355,509464,509.464
6,754,1763710745766249272,1763710745766706318,1763710745766730989,24671,24.671,457046,457.046
6,755,1763710745866236616,1763710745866748800,1763710745866799896,51096,51.096,512184,512.184
6,756,1763710745966278742,1763710745966971117,1763710745966998500,27383,27.383,692375,692.375
6,757,1763710746066288336,1763710746066891807,1763710746066919377,27570,27.57,603471,603.471
6,758,1763710746166244596,1763710746166817278,1763710746166855527,38249,38.249,572682,572.682
6,759,1763710746266262944,1763710746266817587,1763710746266843607,26020,26.02,554643,554.643
6,760,1763710746366237012,1763710746366786926,1763710746366812412,25486,25.486,549914,549.914
6,761,1763710746466233618,1763710746466725346,1763710746466764673,39327,39.327,491728,491.728
6,762,1763710746566231984,1763710746566741583,1763710746566775703,34120,34.12,509599,509.599
6,763,1763710746666262421,1763710746667225456,1763710746667276559,51103,51.103,963035,963.035
6,764,1763710746766236684,1763710746766929609,1763710746766960427,30818,30.818,692925,692.925
6,765,1763710746866268131,1763710746866898804,1763710746866940002,41198,41.198,630673,630.673
6,766,1763710746966281223,1763710746967067816,1763710746967103625,35809,35.809,786593,786.593
6,767,1763710747066297687,1763710747066948297,1763710747066984217,35920,35.92,650610,650.61
6,768,1763710747166244219,1763710747166900928,1763710747166937857,36929,36.929,656709,656.709
6,769,1763710747266226701,1763710747266648805,1763710747266689687,40882,40.882,422104,422.104
6,770,1763710747366221345,1763710747366936990,1763710747366979791,42801,42.801,715645,715.645
6,771,1763710747466248319,1763710747466716618,1763710747466741128,24510,24.51,468299,468.299
6,772,1763710747566240600,1763710747566723148,1763710747566754947,31799,31.799,482548,482.548
6,773,1763710747666288919,1763710747666728066,1763710747666750792,22726,22.726,439147,439.147
6,774,1763710747766247805,1763710747766706193,1763710747766734754,28561,28.561,458388,458.388
6,775,1763710747866281196,1763710747866687498,1763710747866708976,21478,21.478,406302,406.302
6,776,1763710747966242321,1763710747967231120,1763710747967262971,31851,31.851,988799,988.799
6,777,1763710748066277920,1763710748067022046,1763710748067045554,23508,23.508,744126,744.126
6,778,1763710748166351713,1763710748167292064,1763710748167323973,31909,31.909,940351,940.351
6,779,1763710748266284752,1763710748266828915,1763710748266855892,26977,26.977,544163,544.163
6,780,1763710748366354858,1763710748367154231,1763710748367185229,30998,30.998,799373,799.373
6,781,1763710748466224891,1763710748466865014,1763710748466902137,37123,37.123,640123,640.123
6,782,1763710748566225328,1763710748566820037,1763710748566851463,31426,31.426,594709,594.709
6,783,1763710748666255601,1763710748666920785,1763710748666947465,26680,26.68,665184,665.184
6,784,1763710748766236407,1763710748766891713,1763710748766921353,29640,29.64,655306,655.306
6,785,1763710748866322523,1763710748867036664,1763710748867075760,39096,39.096,714141,714.141
6,786,1763710748966231599,1763710748966904726,1763710748966931143,26417,26.417,673127,673.127
6,787,1763710749066288127,1763710749066929174,1763710749066952878,23704,23.704,641047,641.047
6,788,1763710749166236972,1763710749166773620,1763710749166804713,31093,31.093,536648,536.648
6,789,1763710749266233838,1763710749266736253,1763710749266773798,37545,37.545,502415,502.415
6,790,1763710749366234985,1763710749367051054,1763710749367085888,34834,34.834,816069,816.069
6,791,1763710749466255417,1763710749466892037,1763710749466931959,39922,39.922,636620,636.62
6,792,1763710749566248414,1763710749566948345,1763710749566982160,33815,33.815,699931,699.931
6,793,1763710749666230859,1763710749666949525,1763710749666990570,41045,41.045,718666,718.666
6,794,1763710749766241860,1763710749767207188