1,7,1763710666029551011,1763710666029953662,1763710666029986419,32757,32.757,402651,402.651
1,8,1763710666129503987,1763710666130079398,1763710666130102421,23023,23.023,575411,575.411
1,9,1763710666229478327,1763710666229844675,1763710666229865460,20785,20.785,366348,366.348
1,10,1763710666329465733,1763710666329884398,1763710666329911047,26649,26.649,418665,418.665
1,11,1763710666429479610,1763710666429876395,1763710666429895071,18676,18.676,396785,396.785
1,12,1763710666529476196,1763710666529825997,1763710666529846914,20917,20.917,349801,349.801
1,13,1763710666629472380,1763710666630017534,1763710666630037038,19504,19.504,545154,545.154
1,14,1763710666729464853,1763710666729972393,1763710666729994742,22349,22.349,507540,507.54
1,15,1763710666829539527,1763710666830123118,1763710666830150094,26976,26.976,583591,583.591
1,16,1763710666929486094,1763710666930002789,1763710666930024753,21964,21.964,516695,516.695
1,17,1763710667029485956,1763710667030003071,1763710667030023118,20047,20.047,517115,517.115
1,18,1763710667129482061,1763710667129896421,1763710667129913890,17469,17.469,414360,414.36
1,19,1763710667229481927,1763710667230052139,1763710667230074429,22290,22.29,570212,570.212
1,20,1763710667329494642,1763710667330174539,1763710667330198699,24160,24.16,679897,679.897
1,21,1763710667429490733,1763710667430069581,1763710667430090893,21312,21.312,578848,578.848
1,22,1763710667529487291,1763710667530379220,1763710667530400812,21592,21.592,891929,891.929
1,23,1763710667629476684,1763710667630387408,1763710667630407526,20118,20.118,910724,910.724
1,24,1763710667729483874,1763710667730791806,1763710667730814028,22222,22.222,1307932,1307.93
1,25,1763710667829486752,1763710667831247406,1763710667831270064,22658,22.658,1760654,1760.65
1,26,1763710667929571984,1763710667932332955,1763710667932357184,24229,24.229,2760971,2760.97
1,27,1763710668029509379,1763710668030381196,1763710668030404555,23359,23.359,871817,871.817
1,28,1763710668129508570,1763710668131166930,1763710668131188768,21838,21.838,1658360,1658.36
1,29,1763710668229511798,1763710668231309726,1763710668231332210,22484,22.484,1797928,1797.93
1,30,1763710668329490324,1763710668330001792,1763710668330020324,18532,18.532,511468,511.468
1,31,1763710668429486024,1763710668430961965,1763710668430987810,25845,25.845,1475941,1475.94
1,32,1763710668529490817,1763710668530260363,1763710668530279629,19266,19.266,769546,769.546
1,33,1763710668629526974,1763710668630693939,1763710668630717157,23218,23.218,1166965,1166.96
1,34,1763710668729481040,1763710668730064317,1763710668730091430,27113,27.113,583277,583.277
1,35,1763710668829479714,1763710668830942623,1763710668830973396,30773,30.773,1462909,1462.91
1,36,1763710668929560420,1763710668930818294,1763710668930850880,32586,32.586,1257874,1257.87
1,37,1763710669029496337,1763710669029905920,1763710669029926246,20326,20.326,409583,409.583
1,38,1763710669129480220,1763710669129842739,1763710669129862598,19859,19.859,362519,362.519
1,39,1763710669229477904,1763710669229825730,1763710669229842477,16747,16.747,347826,347.826
1,40,1763710669329477240,1763710669330209247,1763710669330235611,26364,26.364,732007,732.007
1,41,1763710669429475663,1763710669429833857,1763710669429851561,17704,17.704,358194,358.194
1,42,1763710669529468267,1763710669529825512,1763710669529842862,17350,17.35,357245,357.245
1,43,1763710669629457209,1763710669629876423,1763710669629894899,18476,18.476,419214,419.214
1,44,1763710669729474034,1763710669729795828,1763710669729817856,22028,22.028,321794,321.794
1,45,1763710669829560398,1763710669832134072,1763710669832157677,23605,23.605,2573674,2573.67
1,46,1763710669929480814,1763710669929930273,1763710669929957342,27069,27.069,449459,449.459
1,47,1763710670029478887,1763710670030223593,1763710670030246151,22558,22.558,744706,744.706
1,48,1763710670129478444,1763710670129834125,1763710670129853698,19573,19.573,355681,355.681
1,49,1763710670229485555,1763710670230319931,1763710670230337229,17298,17.298,834376,834.376
1,50,1763710670329499035,1763710670330222396,1763710670330249610,27214,27.214,723361,723.361
1,51,1763710670429482456,1763710670429880606,1763710670429902241,21635,21.635,398150,398.15
1,52,1763710670529473451,1763710670529839023,1763710670529856892,17869,17.869,365572,365.572
1,53,1763710670629460417,1763710670629965507,1763710670629987320,21813,21.813,505090,505.09
1,54,1763710670729465009,1763710670730014761,1763710670730039614,24853,24.853,549752,549.752
1,55,1763710670829539884,1763710670830460423,1763710670830486672,26249,26.249,920539,920.539
1,56,1763710670929487137,1763710670930074442,1763710670930099983,25541,25.541,587305,587.305
1,57,1763710671029513798,1763710671030136363,1763710671030169404,33041,33.041,622565,622.565
1,58,1763710671129486225,1763710671129957590,1763710671129977470,19880,19.88,471365,471.365
1,59,1763710671229481672,1763710671229890001,1763710671229909561,19560,19.56,408329,408.329
1,60,1763710671329465635,1763710671330099682,1763710671330127634,27952,27.952,634047,634.047
1,61,1763710671429484651,1763710671430015921,1763710671430040387,24466,24.466,531270,531.27
1,62,1763710671529478972,1763710671529879381,1763710671529901700,22319,22.319,400409,400.409
1,63,1763710671629473504,1763710671629962098,1763710671629993638,31540,31.54,488594,488.594
1,64,1763710671729477729,1763710671729923015,1763710671729944991,21976,21.976,445286,445.286
1,65,1763710671829476150,1763710671829895987,1763710671829916877,20890,20.89,419837,419.837
1,66,1763710671929489138,1763710671929960847,1763710671929991497,30650,30.65,471709,471.709
1,67,1763710672029512615,1763710672030243775,1763710672030274862,31087,31.087,731160,731.16
1,68,1763710672129495037,1763710672129956197,1763710672130011835,55638,55.638,461160,461.16
1,69,1763710672229474467,1763710672230024536,1763710672230055422,30886,30.886,550069,550.069
1,70,1763710672329473886,1763710672329793564,1763710672329812823,19259,19.259,319678,319.678
1,71,1763710672429496901,1763710672429890444,1763710672429909331,18887,18.887,393543,393.543
1,72,1763710672529483314,1763710672529835586,1763710672529855956,20370,20.37,352272,352.272
1,73,1763710672629474644,1763710672629787479,1763710672629804160,16681,16.681,312835,312.835
1,74,1763710672729470652,1763710672729774385,1763710672729787321,12936,12.936,303733,303.733
1,75,1763710672829474905,1763710672829945408,1763710672829961691,16283,16.283,470503,470.503
1,76,1763710672929527374,1763710672930065150,1763710672930080324,15174,15.174,537776,537.776
1,77,1763710673029477586,1763710673030299061,1763710673030315460,16399,16.399,821475,821.475
1,78,1763710673129519676,1763710673129932001,1763710673129950525,18524,18.524,412325,412.325
1,79,1763710673229477942,1763710673230100993,1763710673230118066,17073,17.073,623051,623.051
1,80,1763710673329472964,1763710673329843901,1763710673329861135,17234,17.234,370937,370.937
1,81,1763710673429480404,1763710673429897573,1763710673429916673,19100,19.1,417169,417.169
1,82,1763710673529473421,1763710673529906836,1763710673529924509,17673,17.673,433415,433.415
1,83,1763710673629475455,1763710673629855197,1763710673629873774,18577,18.577,379742,379.742
1,84,1763710673729472225,1763710673729835151,1763710673729851635,16484,16.484,362926,362.926
1,85,1763710673829476637,1763710673829894396,1763710673829912538,18142,18.142,417759,417.759
1,86,1763710673929473813,1763710673929880000,1763710673929905839,25839,25.839,406187,406.187
1,87,1763710674029476577,1763710674029882967,1763710674029900071,17104,17.104,406390,406.39
1,88,1763710674129474087,1763710674129861102,1763710674129879389,18287,18.287,387015,387.015
1,89,1763710674229474962,1763710674229875385,1763710674229893899,18514,18.514,400423,400.423
1,90,1763710674329473810,1763710674329832343,1763710674329849461,17118,17.118,358533,358.533
1,91,1763710674429475896,1763710674429905810,1763710674429925224,19414,19.414,429914,429.914
1,92,1763710674529472197,1763710674529939007,1763710674529957212,18205,18.205,466810,466.81
1,93,1763710674629475138,1763710674629906031,1763710674629922659,16628,16.628,430893,430.893
1,94,1763710674729477096,1763710674729826749,1763710674729846202,19453,19.453,349653,349.653
1,95,1763710674829471831,1763710674829894297,1763710674829923888,29591,29.591,422466,422.466
1,96,1763710674929474807,1763710674929820749,1763710674929842563,21814,21.814,345942,345.942
1,97,1763710675029471474,1763710675029902969,1763710675029932490,29521,29.521,431495,431.495
1,98,1763710675129470859,1763710675129820957,1763710675129840908,19951,19.951,350098,350.098
1,99,1763710675229479969,1763710675229878120,1763710675229900877,22757,22.757,398151,398.151
1,100,1763710675329479244,1763710675330092893,1763710675330130772,37879,37.879,613649,613.649
1,101,1763710675429502167,1763710675430000602,1763710675430024052,23450,23.45,498435,498.435
1,102,1763710675529475893,1763710675529835718,1763710675529857136,21418,21.418,359825,359.825
1,103,1763710675629481165,1763710675629923950,1763710675629944017,20067,20.067,442785,442.785
1,104,1763710675729467473,1763710675729849488,1763710675729871386,21898,21.898,382015,382.015
1,105,1763710675829474945,1763710675829813535,1763710675829835436,21901,21.901,338590,338.59
1,106,1763710675929474774,1763710675929833596,1763710675929860599,27003,27.003,358822,358.822
1,107,1763710676029476467,1763710676029809275,1763710676029830337,21062,21.062,332808,332.808
1,108,1763710676129473011,1763710676129825641,1763710676129847295,21654,21.654,352630,352.63
1,109,1763710676229473132,1763710676229904575,1763710676229928753,24178,24.178,431443,431.443
1,110,1763710676329479752,1763710676329846426,1763710676329865059,18633,18.633,366674,366.674
1,111,1763710676429473035,1763710676429851216,1763710676429870154,18938,18.938,378181,378.181
1,112,1763710676529480537,1763710676530128667,1763710676530157000,28333,28.333,648130,648.13
1,113,1763710676629474657,1763710676629924396,1763710676629949738,25342,25.342,449739,449.739
1,114,1763710676729478024,1763710676729981539,1763710676730001160,19621,19.621,503515,503.515
1,115,1763710676829472797,1763710676830024980,1763710676830043799,18819,18.819,552183,552.183
1,116,1763710676929482792,1763710676930053764,1763710676930075109,21345,21.345,570972,570.972
1,117,1763710677029477661,1763710677030009054,1763710677030029207,20153,20.153,531393,531.393
1,118,1763710677129479236,1763710677129869289,1763710677129893796,24507,24.507,390053,390.053
1,119,1763710677229475010,1763710677229896769,1763710677229917552,20783,20.783,421759,421.759
1,120,1763710677329489252,1763710677330027378,1763710677330054039,26661,26.661,538126,538.126
1,121,1763710677429476450,1763710677429920755,1763710677429945741,24986,24.986,444305,444.305
1,122,1763710677529471675,1763710677529982404,1763710677530006939,24535,24.535,510729,510.729
1,123,1763710677629477792,1763710677630000523,1763710677630026291,25768,25.768,522731,522.731
1,124,1763710677729481062,1763710677730004990,1763710677730030001,25011,25.011,523928,523.928
1,125,1763710677829491932,1763710677830037225,1763710677830055406,18181,18.181,545293,545.293
1,126,1763710677929472994,1763710677929948024,1763710677929968302,20278,20.278,475030,475.03
1,127,1763710678029473869,1763710678029889075,1763710678029908018,18943,18.943,415206,415.206
1,128,1763710678129479427,1763710678130091862,1763710678130118689,26827,26.827,612435,612.435
1,129,1763710678229503995,1763710678229969366,1763710678229991679,22313,22.313,465371,465.371
1,130,1763710678329487277,1763710678329893537,1763710678329914421,20884,20.884,406260,406.26
1,131,1763710678429487421,1763710678430101993,1763710678430133654,31661,31.661,614572,614.572
1,132,1763710678529476288,1763710678529786244,1763710678529804308,18064,18.064,309956,309.956
1,133,1763710678629492680,1763710678629865892,1763710678629883519,17627,17.627,373212,373.212
1,134,1763710678729471830,1763710678730044707,1763710678730062219,17512,17.512,572877,572.877
1,135,1763710678829477875,1763710678830063721,1763710678830082105,18384,18.384,585846,585.846
1,136,1763710678929477093,1763710678930214899,1763710678930237451,22552,22.552,737806,737.806
1,137,1763710679029476197,1763710679030035242,1763710679030053414,18172,18.172,559045,559.045
1,138,1763710679129476569,1763710679130350536,1763710679130377610,27074,27.074,873967,873.967
1,139,1763710679229475431,1763710679229862131,1763710679229882798,20667,20.667,386700,386.7
1,140,1763710679329470375,1763710679329871200,1763710679329892672,21472,21.472,400825,400.825
1,141,1763710679429474741,1763710679429800405,1763710679429817520,17115,17.115,325664,325.664
1,142,1763710679529472449,1763710679529784682,1763710679529804443,19761,19.761,312233,312.233
1,143,1763710679629481492,1763710679629843179,1763710679629862233,19054,19.054,361687,361.687
1,144,1763710679729476012,1763710679729783090,1763710679729799939,16849,16.849,307078,307.078
1,145,1763710679829477462,1763710679829831891,1763710679829853306,21415,21.415,354429,354.429
1,146,1763710679929479549,1763710679930039021,1763710679930057431,18410,18.41,559472,559.472
1,147,1763710680029490298,1763710680030227808,1763710680030248136,20328,20.328,737510,737.51
1,148,1763710680129505952,1763710680130425571,1763710680130446911,21340,21.34,919619,919.619
1,149,1763710680229475847,1763710680229995538,1763710680230014263,18725,18.725,519691,519.691
1,150,1763710680329489246,1763710680329904940,1763710680329924505,19565,19.565,415694,415.694
1,151,1763710680429472362,1763710680429804745,1763710680429824385,19640,19.64,332383,332.383
1,152,1763710680529473759,1763710680529874501,1763710680529898057,23556,23.556,400742,400.742
1,153,1763710680629476012,1763710680629885132,1763710680629905165,20033,20.033,409120,409.12
1,154,1763710680729469201,1763710680729781301,1763710680729802267,20966,20.966,312100,312.1
1,155,1763710680829479697,1763710680829844073,1763710680829865052,20979,20.979,364376,364.376
1,156,1763710680929485249,1763710680929881891,1763710680929906539,24648,24.648,396642,396.642
1,157,1763710681029488843,1763710681029878503,1763710681029907979,29476,29.476,389660,389.66
1,158,1763710681129479710,1763710681129846296,1763710681129870293,23997,23.997,366586,366.586
1,159,1763710681229478874,1763710681229888386,1763710681229910290,21904,21.904,409512,409.512
1,160,1763710681329478215,1763710681329988517,1763710681330012665,24148,24.148,510302,510.302
1,161,1763710681429499994,1763710681429928601,1763710681429948486,19885,19.885,428607,428.607
1,162,1763710681529471843,1763710681529917127,1763710681529945245,28118,28.118,445284,445.284
1,163,1763710681629487113,1763710681629898401,1763710681629918922,20521,20.521,411288,411.288
1,164,1763710681729474979,1763710681729825464,1763710681729848296,22832,22.832,350485,350.485
1,165,1763710681829527160,1763710681830006816,1763710681830031415,24599,24.599,479656,479.656
1,166,1763710681929480859,1763710681929937801,1763710681929960417,22616,22.616,456942,456.942
1,167,1763710682029523231,1763710682030194975,1763710682030219992,25017,25.017,671744,671.744
1,168,1763710682129477916,1763710682129854397,1763710682129873315,18918,18.918,376481,376.481
1,169,1763710682229479239,1763710682229925118,1763710682229945634,20516,20.516,445879,445.879
1,170,1763710682329492518,1763710682330031673,1763710682330051736,20063,20.063,539155,539.155
1,171,1763710682429479332,1763710682429878839,1763710682429898411,19572,19.572,399507,399.507
1,172,1763710682529477498,1763710682529960766,1763710682529980565,19799,19.799,483268,483.268
1,173,1763710682629479775,1763710682629865195,1763710682629885745,20550,20.55,385420,385.42
1,174,1763710682729478337,1763710682730053298,1763710682730074388,21090,21.09,574961,574.961
1,175,1763710682829489291,1763710682829989036,1763710682830011853,22817,22.817,499745,499.745
1,176,1763710682929473273,1763710682929961662,1763710682929992764,31102,31.102,488389,488.389
1,177,1763710683029471775,1763710683029800467,1763710683029818824,18357,18.357,328692,328.692
1,178,1763710683129476595,1763710683129846986,1763710683129866474,19488,19.488,370391,370.391
1,179,1763710683229473011,1763710683229806686,1763710683229826110,19424,19.424,333675,333.675
1,180,1763710683329478071,1763710683329927590,1763710683329951160,23570,23.57,449519,449.519
1,181,1763710683429476352,1763710683429906861,1763710683429926628,19767,19.767,430509,430.509
1,182,1763710683529473538,1763710683529913370,1763710683529934320,20950,20.95,439832,439.832
1,183,1763710683629473975,1763710683629880243,1763710683629900905,20662,20.662,406268,406.268
1,184,1763710683729485316,1763710683730115060,1763710683730142493,27433,27.433,629744,629.744
1,185,1763710683829487389,1763710683829995393,1763710683830027981,32588,32.588,508004,508.004
1,186,1763710683929471177,1763710683929882516,1763710683929904503,21987,21.987,411339,411.339
1,187,1763710684029483230,1763710684029832622,1763710684029857441,24819,24.819,349392,349.392
1,188,1763710684129500320,1763710684129973233,1763710684129994812,21579,21.579,472913,472.913
1,189,1763710684229481322,1763710684229831749,1763710684229854177,22428,22.428,350427,350.427
1,190,1763710684329492759,1763710684329897553,1763710684329918577,21024,21.024,404794,404.794
1,191,1763710684429475936,1763710684429814949,1763710684429835683,20734,20.734,339013,339.013
1,192,1763710684529476964,1763710684529825260,1763710684529851419,26159,26.159,348296,348.296
1,193,1763710684629482187,1763710684629950231,1763710684629970022,19791,19.791,468044,468.044
1,194,1763710684729478341,1763710684730101501,1763710684730118553,17052,17.052,623160,623.16
1,195,1763710684829483159,1763710684829942529,1763710684829960483,17954,17.954,459370,459.37
1,196,1763710684929470739,1763710684929859567,1763710684929878044,18477,18.477,388828,388.828
1,197,1763710685029482568,1763710685030031749,1763710685030053038,21289,21.289,549181,549.181
1,198,1763710685129473812,1763710685129838105,1763710685129855751,17646,17.646,364293,364.293
1,199,1763710685229500065,1763710685230013145,1763710685230036415,23270,23.27,513080,513.08
1,200,1763710685329472195,1763710685329859271,1763710685329877239,17968,17.968,387076,387.076
1,201,1763710685429520151,1763710685430128876,1763710685430151052,22176,22.176,608725,608.725
1,202,1763710685529471367,1763710685529802487,1763710685529825594,23107,23.107,331120,331.12
1,203,1763710685629470241,1763710685630015466,1763710685630038200,22734,22.734,545225,545.225
1,204,1763710685729475761,1763710685729879772,1763710685729902242,22470,22.47,404011,404.011
1,205,1763710685829474900,1763710685829956456,1763710685829977427,20971,20.971,481556,481.556
1,206,1763710685929507624,1763710685930034007,1763710685930056709,22702,22.702,526383,526.383
1,207,1763710686029528703,1763710686030872739,1763710686030896732,23993,23.993,1344036,1344.04
1,208,1763710686129476487,1763710686129852003,1763710686129878637,26634,26.634,375516,375.516
1,209,1763710686229474874,1763710686229909964,1763710686229931361,21397,21.397,435090,435.09
1,210,1763710686329480405,1763710686330031841,1763710686330052200,20359,20.359,551436,551.436
1,211,1763710686429471715,1763710686429911011,1763710686429930930,19919,19.919,439296,439.296
1,212,1763710686529476312,1763710686529915282,1763710686529936720,21438,21.438,438970,438.97
1,213,1763710686629483337,1763710686629983710,1763710686630007799,24089,24.089,500373,500.373
1,214,1763710686729496508,1763710686730037535,1763710686730059247,21712,21.712,541027,541.027
1,215,1763710686829474992,1763710686829860399,1763710686829879313,18914,18.914,385407,385.407
1,216,1763710686929475701,1763710686929929728,1763710686929984280,54552,54.552,454027,454.027
1,217,1763710687029523709,1763710687029990164,1763710687030012050,21886,21.886,466455,466.455
1,218,1763710687129478460,1763710687129859201,1763710687129878078,18877,18.877,380741,380.741
1,219,1763710687229470452,1763710687229791382,1763710687229809936,18554,18.554,320930,320.93
1,220,1763710687329474656,1763710687329849305,1763710687329872176,22871,22.871,374649,374.649
1,221,1763710687429483799,1763710687429922222,1763710687429944403,22181,22.181,438423,438.423
1,222,1763710687529471749,1763710687529861953,1763710687529883509,21556,21.556,390204,390.204
1,223,1763710687629497438,1763710687629993855,1763710687630013664,19809,19.809,496417,496.417
1,224,1763710687729471834,1763710687729896323,1763710687729916959,20636,20.636,424489,424.489
1,225,1763710687829477844,1763710687829850082,1763710687829871248,21166,21.166,372238,372.238
1,226,1763710687929483824,1763710687929956367,1763710687929981132,24765,24.765,472543,472.543
1,227,1763710688029601111,1763710688030504995,1763710688030557412,52417,52.417,903884,903.884
1,228,1763710688129506078,1763710688129965591,1763710688129990553,24962,24.962,459513,459.513
1,229,1763710688229498803,1763710688229967436,1763710688229986610,19174,19.174,468633,468.633
1,230,1763710688329481514,1763710688329817683,1763710688329835583,17900,17.9,336169,336.169
1,231,1763710688429472814,1763710688429809809,1763710688429831640,21831,21.831,336995,336.995
1,232,1763710688529472248,1763710688529857270,1763710688529874098,16828,16.828,385022,385.022
1,233,1763710688629521113,1763710688629909873,1763710688629926526,16653,16.653,388760,388.76
1,234,1763710688729494642,1763710688729869798,1763710688729888624,18826,18.826,375156,375.156
1,235,1763710688829477899,1763710688829882981,1763710688829902186,19205,19.205,405082,405.082
1,236,1763710688929509402,1763710688929957079,1763710688929978245,21166,21.166,447677,447.677
1,237,1763710689029478287,1763710689029915476,1763710689029935658,20182,20.182,437189,437.189
1,238,1763710689129501099,1763710689129872529,1763710689129895792,23263,23.263,371430,371.43
1,239,1763710689229529572,1763710689230193470,1763710689230211782,18312,18.312,663898,663.898
1,240,1763710689329469371,1763710689329969624,1763710689329988544,18920,18.92,500253,500.253
1,241,1763710689429489618,1763710689430109372,1763710689430125436,16064,16.064,619754,619.754
1,242,1763710689529482427,1763710689530027757,1763710689530045809,18052,18.052,545330,545.33
1,243,1763710689629513799,1763710689630009300,1763710689630031496,22196,22.196,495501,495.501
1,244,1763710689729495435,1763710689730023636,1763710689730047506,23870,23.87,528201,528.201
1,245,1763710689829510669,1763710689829973226,1763710689829996745,23519,23.519,462557,462.557
1,246,1763710689929526972,1763710689930070315,1763710689930095035,24720,24.72,543343,543.343
1,247,1763710690029484304,1763710690029839263,1763710690029862560,23297,23.297,354959,354.959
1,248,1763710690129479494,1763710690129798425,1763710690129816340,17915,17.915,318931,318.931
1,249,1763710690229475989,1763710690230335558,1763710690230366599,31041,31.041,859569,859.569
1,250,1763710690329502112,1763710690330154076,1763710690330174122,20046,20.046,651964,651.964
1,251,1763710690429486056,1763710690430195746,1763710690430218766,23020,23.02,709690,709.69
1,252,1763710690529534153,1763710690530079462,1763710690530103888,24426,24.426,545309,545.309
1,253,1763710690629481917,1763710690630042405,1763710690630060117,17712,17.712,560488,560.488
1,254,1763710690729518071,1763710690730123412,1763710690730140629,17217,17.217,605341,605.341
1,255,1763710690829478652,1763710690829912389,1763710690829930145,17756,17.756,433737,433.737
1,256,1763710690929504429,1763710690930114209,1763710690930140978,26769,26.769,609780,609.78
1,257,1763710691029480616,1763710691029940026,1763710691029960397,20371,20.371,459410,459.41
1,258,1763710691129486290,1763710691130001139,1763710691130024958,23819,23.819,514849,514.849
1,259,1763710691229488178,1763710691229993469,1763710691230014844,21375,21.375,505291,505.291
1,260,1763710691329478411,1763710691329899826,1763710691329921273,21447,21.447,421415,421.415
1,261,1763710691429486249,1763710691429938936,1763710691429958444,19508,19.508,452687,452.687
1,262,1763710691529558021,1763710691530039514,1763710691530060080,20566,20.566,481493,481.493
1,263,1763710691629504676,1763710691630026693,1763710691630046350,19657,19.657,522017,522.017
1,264,1763710691729571830,1763710691730144580,1763710691730163088,18508,18.508,572750,572.75
1,265,1763710691829482418,1763710691829911660,1763710691829939510,27850,27.85,429242,429.242
1,266,1763710691929481735,1763710691929917045,1763710691929940903,23858,23.858,435310,435.31
1,267,1763710692029678596,1763710692030589687,1763710692030645207,55520,55.52,911091,911.091
1,268,1763710692129488309,1763710692129930358,1763710692129954469,24111,24.111,442049,442.049
1,269,1763710692229493160,1763710692229969015,1763710692229991078,22063,22.063,475855,475.855
1,270,1763710692329472664,1763710692329858772,1763710692329879541,20769,20.769,386108,386.108
1,271,1763710692429479721,1763710692429981071,1763710692430004822,23751,23.751,501350,501.35
1,272,1763710692529499002,1763710692529968966,1763710692529997855,28889,28.889,469964,469.964
1,273,1763710692629484525,1763710692629978677,1763710692630002304,23627,23.627,494152,494.152
1,274,1763710692729493087,1763710692729986821,1763710692730009727,22906,22.906,493734,493.734
1,275,1763710692829476658,1763710692829901216,1763710692829928807,27591,27.591,424558,424.558
1,276,1763710692929519361,1763710692929966228,1763710692929984339,18111,18.111,446867,446.867
1,277,1763710693029469798,1763710693029907516,1763710693029929955,22439,22.439,437718,437.718
1,278,1763710693129481491,1763710693129950179,1763710693129967066,16887,16.887,468688,468.688
1,279,1763710693229492754,1763710693230043536,1763710693230065454,21918,21.918,550782,550.782
1,280,1763710693329476522,1763710693329917648,1763710693329942503,24855,24.855,441126,441.126
1,281,1763710693429472922,1763710693429953246,1763710693429975333,22087,22.087,480324,480.324
1,282,1763710693529481502,1763710693529901053,1763710693529927978,26925,26.925,419551,419.551
1,283,1763710693629482622,1763710693629952908,1763710693629970795,17887,17.887,470286,470.286
1,284,1763710693729491549,1763710693730004240,1763710693730023288,19048,19.048,512691,512.691
1,285,1763710693829491049,1763710693830004778,1763710693830025862,21084,21.084,513729,513.729
1,286,1763710693929478930,1763710693929977351,1763710693929997302,19951,19.951,498421,498.421
1,287,1763710694029482864,1763710694030038513,1763710694030058748,20235,20.235,555649,555.649
1,288,1763710694129488057,1763710694130071739,1763710694130092369,20630,20.63,583682,583.682
1,289,1763710694229477902,1763710694230031279,1763710694230055052,23773,23.773,553377,553.377
1,290,1763710694329482537,1763710694330046553,1763710694330068065,21512,21.512,564016,564.016
1,291,1763710694429475026,1763710694430127026,1763710694430146881,19855,19.855,652000,652
1,292,1763710694529474093,1763710694530011160,1763710694530029888,18728,18.728,537067,537.067
1,293,1763710694629485439,1763710694630026845,1763710694630053322,26477,26.477,541406,541.406
1,294,1763710694729477416,1763710694730028561,1763710694730056578,28017,28.017,551145,551.145
1,295,1763710694829489468,1763710694830029042,1763710694830060861,31819,31.819,539574,539.574
1,296,1763710694929504464,1763710694930133341,1763710694930157316,23975,23.975,628877,628.877
1,297,1763710695029497506,1763710695030050725,1763710695030078585,27860,27.86,553219,553.219
1,298,1763710695129484116,1763710695130020436,1763710695130046344,25908,25.908,536320,536.32
1,299,1763710695229536279,1763710695230065125,1763710695230088571,23446,23.446,528846,528.846
1,300,1763710695329487695,1763710695330089269,1763710695330117557,28288,28.288,601574,601.574
1,301,1763710695429517792,1763710695430033295,1763710695430058297,25002,25.002,515503,515.503
1,302,1763710695529509709,1763710695529988900,1763710695530011795,22895,22.895,479191,479.191
1,303,1763710695629480296,1763710695629926456,1763710695629949359,22903,22.903,446160,446.16
1,304,1763710695729539740,1763710695730146129,1763710695730176760,30631,30.631,606389,606.389
1,305,1763710695829502271,1763710695829987445,1763710695830010276,22831,22.831,485174,485.174
1,306,1763710695929503352,1763710695929990085,1763710695930016058,25973,25.973,486733,486.733
1,307,1763710696029517852,1763710696029990171,1763710696030017768,27597,27.597,472319,472.319
1,308,1763710696129494951,1763710696130011285,1763710696130030558,19273,19.273,516334,516.334
1,309,1763710696229502479,1763710696230079571,1763710696230096769,17198,17.198,577092,577.092
1,310,1763710696329495198,1763710696329973686,1763710696329997696,24010,24.01,478488,478.488
1,311,1763710696429495166,1763710696429947356,1763710696429967130,19774,19.774,452190,452.19
1,312,1763710696529476272,1763710696530086729,1763710696530110833,24104,24.104,610457,610.457
1,313,1763710696629472323,1763710696629880599,1763710696629901168,20569,20.569,408276,408.276
1,314,1763710696729477054,1763710696729999684,1763710696730020801,21117,21.117,522630,522.63
1,315,1763710696829488566,1763710696829941637,1763710696829961366,19729,19.729,453071,453.071
1,316,1763710696929492695,1763710696929922530,1763710696929942590,20060,20.06,429835,429.835
1,317,1763710697029499590,1763710697029964631,1763710697029983045,18414,18.414,465041,465.041
1,318,1763710697129480525,1763710697129940853,1763710697129960087,19234,19.234,460328,460.328
1,319,1763710697229477478,1763710697229953057,1763710697229972199,19142,19.142,475579,475.579
1,320,1763710697329493466,1763710697329944548,1763710697329961166,16618,16.618,451082,451.082
1,321,1763710697429516235,1763710697430116072,1763710697430133915,17843,17.843,599837,599.837
1,322,1763710697529495643,1763710697530082447,1763710697530101456,19009,19.009,586804,586.804
1,323,1763710697629478973,1763710697629938846,1763710697629958913,20067,20.067,459873,459.873
1,324,1763710697729555575,1763710697730145778,1763710697730166583,20805,20.805,590203,590.203
1,325,1763710697829496875,1763710697830016583,1763710697830036283,19700,19.7,519708,519.708
1,326,1763710697929474360,1763710697929982559,1763710697930009328,26769,26.769,508199,508.199
1,327,1763710698029487923,1763710698029958062,1763710698029981312,23250,23.25,470139,470.139
1,328,1763710698129541980,1763710698129947093,1763710698129968278,21185,21.185,405113,405.113
1,329,1763710698229496459,1763710698229915045,1763710698229933878,18833,18.833,418586,418.586
1,330,1763710698329495808,1763710698329929770,1763710698329951084,21314,21.314,433962,433.962
1,331,1763710698429486605,1763710698429948795,1763710698429969270,20475,20.475,462190,462.19
1,332,1763710698529479036,1763710698529928692,1763710698529954288,25596,25.596,449656,449.656
1,333,1763710698629490126,1763710698629880794,1763710698629901146,20352,20.352,390668,390.668
1,334,1763710698729520833,1763710698729941814,1763710698729961971,20157,20.157,420981,420.981
1,335,1763710698829511864,1763710698829961079,1763710698829986539,25460,25.46,449215,449.215
1,336,1763710698929496723,1763710698929909355,1763710698929931871,22516,22.516,412632,412.632
1,337,1763710699029477392,1763710699029853093,1763710699029877804,24711,24.711,375701,375.701
1,338,1763710699129484633,1763710699129876389,1763710699129902830,26441,26.441,391756,391.756
1,339,1763710699229501253,1763710699229880180,1763710699229900658,20478,20.478,378927,378.927
1,340,1763710699329490647,1763710699329857347,1763710699329876463,19116,19.116,366700,366.7
1,341,1763710699429555918,1763710699429906779,1763710699429927554,20775,20.775,350861,350.861
1,342,1763710699529496032,1763710699529846870,1763710699529865945,19075,19.075,350838,350.838
1,343,1763710699629483112,1763710699630052611,1763710699630075884,23273,23.273,569499,569.499
1,344,1763710699729482747,1763710699730260918,1763710699730280439,19521,19.521,778171,778.171
1,345,1763710699829521187,1763710699829893042,1763710699829910603,17561,17.561,371855,371.855
1,346,1763710699929487131,1763710699930067812,1763710699930087909,20097,20.097,580681,580.681
1,347,1763710700029485959,1763710700030113467,1763710700030133034,19567,19.567,627508,627.508
1,348,1763710700129478377,1763710700129935770,1763710700129962607,26837,26.837,457393,457.393
1,349,1763710700229497107,1763710700230029308,1763710700230060683,31375,31.375,532201,532.201
1,350,1763710700329480211,1763710700330021482,1763710700330046781,25299,25.299,541271,541.271
1,351,1763710700429491102,1763710700430086644,1763710700430110824,24180,24.18,595542,595.542
1,352,1763710700529509653,1763710700530009078,1763710700530031717,22639,22.639,499425,499.425
1,353,1763710700629477951,1763710700630029739,1763710700630054269,24530,24.53,551788,551.788
1,354,1763710700729487703,1763710700729997736,1763710700730028663,30927,30.927,510033,510.033
1,355,1763710700829478723,1763710700830009400,1763710700830034354,24954,24.954,530677,530.677
1,356,1763710700929496303,1763710700930025364,1763710700930051017,25653,25.653,529061,529.061
1,357,1763710701029479604,1763710701030053472,1763710701030078709,25237,25.237,573868,573.868
1,358,1763710701129484418,1763710701129966878,1763710701129990233,23355,23.355,482460,482.46
1,359,1763710701229492182,1763710701230060236,1763710701230083435,23199,23.199,568054,568.054
1,360,1763710701329493356,1763710701330009994,1763710701330032376,22382,22.382,516638,516.638
1,361,1763710701429482617,1763710701429875485,1763710701429895588,20103,20.103,392868,392.868
1,362,1763710701529488113,1763710701529807164,1763710701529822338,15174,15.174,319051,319.051
1,363,1763710701629548166,1763710701630026612,1763710701630040126,13514,13.514,478446,478.446
1,364,1763710701729530906,1763710701730272058,1763710701730287612,15554,15.554,741152,741.152
1,365,1763710701829488716,1763710701830314264,1763710701830328421,14157,14.157,825548,825.548
1,366,1763710701929491758,1763710701930055043,1763710701930070565,15522,15.522,563285,563.285
1,367,1763710702029482457,1763710702030041026,1763710702030057079,16053,16.053,558569,558.569
1,368,1763710702129479607,1763710702129926335,1763710702129946084,19749,19.749,446728,446.728
1,369,1763710702229515319,1763710702229981009,1763710702230001059,20050,20.05,465690,465.69
1,370,1763710702329474994,1763710702329915691,1763710702329937324,21633,21.633,440697,440.697
1,371,1763710702429489080,1763710702430076373,1763710702430095823,19450,19.45,587293,587.293
1,372,1763710702529502783,1763710702529962654,1763710702529990551,27897,27.897,459871,459.871
1,373,1763710702629522513,1763710702630108370,1763710702630128542,20172,20.172,585857,585.857
1,374,1763710702729487941,1763710702730017606,1763710702730037275,19669,19.669,529665,529.665
1,375,1763710702829642722,1763710702830390338,1763710702830411738,21400,21.4,747616,747.616
1,376,1763710702929485215,1763710702929923039,1763710702929944700,21661,21.661,437824,437.824
1,377,1763710703029479663,1763710703030015420,1763710703030038012,22592,22.592,535757,535.757
1,378,1763710703129475644,1763710703129935031,1763710703129959533,24502,24.502,459387,459.387
1,379,1763710703229496247,1763710703230005875,1763710703230033911,28036,28.036,509628,509.628
1,380,1763710703329492416,1763710703329933822,1763710703329956944,23122,23.122,441406,441.406
1,381,1763710703429494577,1763710703430001867,1763710703430026593,24726,24.726,507290,507.29
1,382,1763710703529491458,1763710703529947542,1763710703529967193,19651,19.651,456084,456.084
1,383,1763710703629482283,1763710703629945423,1763710703629967208,21785,21.785,463140,463.14
1,384,1763710703729476529,1763710703729935621,1763710703729956611,20990,20.99,459092,459.092
1,385,1763710703829483758,1763710703829948071,1763710703829969254,21183,21.183,464313,464.313
1,386,1763710703929529195,1763710703930012789,1763710703930033987,21198,21.198,483594,483.594
1,387,1763710704029508731,1763710704029971050,1763710704029994397,23347,23.347,462319,462.319
1,388,1763710704129491098,1763710704129949513,1763710704129971024,21511,21.511,458415,458.415
1,389,1763710704229489534,1763710704229962160,1763710704229988111,25951,25.951,472626,472.626
1,390,1763710704329483806,1763710704329904326,1763710704329924842,20516,20.516,420520,420.52
1,391,1763710704429489487,1763710704429927298,1763710704429948194,20896,20.896,437811,437.811
1,392,1763710704529488881,1763710704529966533,1763710704529998664,32131,32.131,477652,477.652
1,393,1763710704629477915,1763710704629947597,1763710704629967641,20044,20.044,469682,469.682
1,394,1763710704729480584,1763710704729962683,1763710704729983466,20783,20.783,482099,482.099
1,395,1763710704829492360,1763710704829935958,1763710704829956590,20632,20.632,443598,443.598
1,396,1763710704929489116,1763710704929969293,1763710704929991255,21962,21.962,480177,480.177
1,397,1763710705029476361,1763710705030018329,1763710705030039013,20684,20.684,541968,541.968
1,398,1763710705129479506,1763710705129953882,1763710705129973800,19918,19.918,474376,474.376
1,399,1763710705229477442,1763710705230095383,1763710705230114831,19448,19.448,617941,617.941
1,400,1763710705329477209,1763710705330161026,1763710705330179382,18356,18.356,683817,683.817
1,401,1763710705429494702,1763710705430153893,1763710705430172821,18928,18.928,659191,659.191
1,402,1763710705529484281,1763710705530133107,1763710705530155277,22170,22.17,648826,648.826
1,403,1763710705629495860,1763710705630028867,1763710705630068484,39617,39.617,533007,533.007
1,404,1763710705729486747,1763710705730000125,1763710705730023551,23426,23.426,513378,513.378
1,405,1763710705829503986,1763710705830063765,1763710705830099495,35730,35.73,559779,559.779
1,406,1763710705929477809,1763710705929994336,1763710705930020771,26435,26.435,516527,516.527
1,407,1763710706029492578,1763710706030062102,1763710706030094612,32510,32.51,569524,569.524
1,408,1763710706129536921,1763710706130131344,1763710706130155966,24622,24.622,594423,594.423
1,409,1763710706229482876,1763710706230018490,1763710706230043316,24826,24.826,535614,535.614
1,410,1763710706329482597,1763710706330013993,1763710706330045432,31439,31.439,531396,531.396
1,411,1763710706429493169,1763710706430007760,1763710706430041644,33884,33.884,514591,514.591
1,412,1763710706529479991,1763710706529980897,1763710706530007894,26997,26.997,500906,500.906
1,413,1763710706629490271,1763710706629950779,1763710706629972837,22058,22.058,460508,460.508
1,414,1763710706729518366,1763710706730011123,1763710706730033376,22253,22.253,492757,492.757
1,415,1763710706829496099,1763710706830071045,1763710706830095773,24728,24.728,574946,574.946
1,416,1763710706929490778,1763710706929805053,1763710706929826968,21915,21.915,314275,314.275
1,417,1763710707029585457,1763710707030114665,1763710707030136887,22222,22.222,529208,529.208
1,418,1763710707129479743,1763710707129828642,1763710707129849716,21074,21.074,348899,348.899
1,419,1763710707229546164,1763710707230027483,1763710707230050637,23154,23.154,481319,481.319
1,420,1763710707329487065,1763710707329928590,1763710707329947683,19093,19.093,441525,441.525
1,421,1763710707429485579,1763710707430062347,1763710707430083192,20845,20.845,576768,576.768
1,422,1763710707529522514,1763710707530005348,1763710707530022928,17580,17.58,482834,482.834
1,423,1763710707629486657,1763710707629849751,1763710707629868659,18908,18.908,363094,363.094
1,424,1763710707729481523,1763710707729828875,1763710707729848152,19277,19.277,347352,347.352
1,425,1763710707829486525,1763710707829831403,1763710707829851062,19659,19.659,344878,344.878
1,426,1763710707929474603,1763710707929920935,1763710707929940664,19729,19.729,446332,446.332
1,427,1763710708029473152,1763710708029818091,1763710708029838625,20534,20.534,344939,344.939
1,428,1763710708129477853,1763710708129800954,1763710708129821084,20130,20.13,323101,323.101
1,429,1763710708229477379,1763710708230191960,1763710708230211798,19838,19.838,714581,714.581
1,430,1763710708329547103,1763710708330230700,1763710708330246961,16261,16.261,683597,683.597
1,431,1763710708429502405,1763710708430089820,1763710708430110652,20832,20.832,587415,587.415
1,432,1763710708529487859,1763710708529955418,1763710708529974506,19088,19.088,467559,467.559
1,433,1763710708629477004,1763710708629938644,1763710708629959732,21088,21.088,461640,461.64
1,434,1763710708729470032,1763710708729906219,1763710708729926788,20569,20.569,436187,436.187
1,435,1763710708829505261,1763710708829980421,1763710708829998757,18336,18.336,475160,475.16
1,436,1763710708929481450,1763710708929921215,1763710708929939876,18661,18.661,439765,439.765
1,437,1763710709029474192,1763710709029978627,1763710709029995342,16715,16.715,504435,504.435
1,438,1763710709129481360,1763710709129916814,1763710709129937295,20481,20.481,435454,435.454
1,439,1763710709229497798,1763710709229913258,1763710709229937280,24022,24.022,415460,415.46
1,440,1763710709329478960,1763710709329995085,1763710709330021925,26840,26.84,516125,516.125
1,441,1763710709429482598,1763710709429920459,1763710709429942429,21970,21.97,437861,437.861
1,442,1763710709529477979,1763710709529934102,1763710709529953925,19823,19.823,456123,456.123
1,443,1763710709629482793,1763710709629957966,1763710709629979215,21249,21.249,475173,475.173
1,444,1763710709729488895,1763710709729969022,1763710709729990962,21940,21.94,480127,480.127
1,445,1763710709829494143,1763710709830243253,1763710709830272325,29072,29.072,749110,749.11
1,446,1763710709929506580,1763710709930061408,1763710709930086673,25265,25.265,554828,554.828
1,447,1763710710029483153,1763710710029907199,1763710710029928689,21490,21.49,424046,424.046
1,448,1763710710129488913,1763710710129987402,1763710710130008121,20719,20.719,498489,498.489
1,449,1763710710229478844,1763710710229946724,1763710710229968386,21662,21.662,467880,467.88
1,450,1763710710329486082,1763710710329985469,1763710710330007885,22416,22.416,499387,499.387
1,451,1763710710429484571,1763710710430031723,1763710710430052706,20983,20.983,547152,547.152
1,452,1763710710529475171,1763710710529983410,1763710710530003864,20454,20.454,508239,508.239
1,453,1763710710629480020,1763710710630047094,1763710710630068654,21560,21.56,567074,567.074
1,454,1763710710729502477,1763710710730028087,1763710710730050563,22476,22.476,525610,525.61
1,455,1763710710829487186,1763710710830071502,1763710710830095744,24242,24.242,584316,584.316
1,456,1763710710929492696,1763710710929954762,1763710710929979601,24839,24.839,462066,462.066
1,457,1763710711029540992,1763710711030532253,1763710711030554070,21817,21.817,991261,991.261
1,458,1763710711129483713,1763710711129928575,1763710711129956314,27739,27.739,444862,444.862
1,459,1763710711229481090,1763710711230009676,1763710711230035930,26254,26.254,528586,528.586
1,460,1763710711329476655,1763710711329915740,1763710711329937146,21406,21.406,439085,439.085
1,461,1763710711429493513,1763710711430025933,1763710711430050826,24893,24.893,532420,532.42
1,462,1763710711529479975,1763710711529928251,1763710711529951463,23212,23.212,448276,448.276
1,463,1763710711629487939,1763710711630010109,1763710711630038287,28178,28.178,522170,522.17
1,464,1763710711729512874,1763710711729975231,1763710711729998215,22984,22.984,462357,462.357
1,465,1763710711829476098,1763710711830059876,1763710711830084797,24921,24.921,583778,583.778
1,466,1763710711929472265,1763710711929866694,1763710711929888859,22165,22.165,394429,394.429
1,467,1763710712029553834,1763710712030131917,1763710712030161360,29443,29.443,578083,578.083
1,468,1763710712129478116,1763710712129886954,1763710712129909331,22377,22.377,408838,408.838
1,469,1763710712229495675,1763710712229966683,1763710712229991384,24701,24.701,471008,471.008
1,470,1763710712329473715,1763710712329786268,1763710712329806475,20207,20.207,312553,312.553
1,471,1763710712429472705,1763710712429786820,1763710712429805551,18731,18.731,314115,314.115
1,472,1763710712529491085,1763710712530018698,1763710712530038722,20024,20.024,527613,527.613
1,473,1763710712629476885,1763710712630213129,1763710712630229838,16709,16.709,736244,736.244
1,474,1763710712729489380,1763710712729981137,1763710712730001590,20453,20.453,491757,491.757
1,475,1763710712829480627,1763710712829818758,1763710712829836189,17431,17.431,338131,338.131
1,476,1763710712929483576,1763710712930249793,1763710712930268059,18266,18.266,766217,766.217
1,477,1763710713029474010,1763710713029986868,1763710713030009873,23005,23.005,512858,512.858
1,478,1763710713129478393,1763710713129992532,1763710713130017835,25303,25.303,514139,514.139
1,479,1763710713229480735,1763710713229937632,1763710713229964646,27014,27.014,456897,456.897
1,480,1763710713329507580,1763710713330106227,1763710713330133944,27717,27.717,598647,598.647
1,481,1763710713429487964,1763710713429962687,1763710713429982061,19374,19.374,474723,474.723
1,482,1763710713529503920,1763710713529977498,1763710713530007625,30127,30.127,473578,473.578
1,483,1763710713629470533,1763710713629901290,1763710713629920775,19485,19.485,430757,430.757
1,484,1763710713729478167,1763710713729956379,1763710713729974563,18184,18.184,478212,478.212
1,485,1763710713829475023,1763710713829933263,1763710713829950748,17485,17.485,458240,458.24
1,486,1763710713929477079,1763710713930010254,1763710713930027270,17016,17.016,533175,533.175
1,487,1763710714029481209,1763710714029987690,1763710714030004275,16585,16.585,506481,506.481
1,488,1763710714129479715,1763710714129960180,1763710714129978404,18224,18.224,480465,480.465
1,489,1763710714229475714,1763710714229951183,1763710714229971010,19827,19.827,475469,475.469
1,490,1763710714329474305,1763710714329989644,1763710714330008228,18584,18.584,515339,515.339
1,491,1763710714429476775,1763710714429930800,1763710714429950686,19886,19.886,454025,454.025
1,492,1763710714529472958,1763710714529950440,1763710714529973983,23543,23.543,477482,477.482
1,493,1763710714629478071,1763710714629946694,1763710714629967674,20980,20.98,468623,468.623
1,494,1763710714729473361,1763710714729952674,1763710714729976485,23811,23.811,479313,479.313
1,495,1763710714829471897,1763710714829919926,1763710714829941483,21557,21.557,448029,448.029
1,496,1763710714929475045,1763710714929976988,1763710714929999703,22715,22.715,501943,501.943
1,497,1763710715029476841,1763710715029930699,1763710715029952253,21554,21.554,453858,453.858
1,498,1763710715129473722,1763710715129967976,1763710715129991592,23616,23.616,494254,494.254
1,499,1763710715229480819,1763710715229932867,1763710715229954765,21898,21.898,452048,452.048
1,500,1763710715329544356,1763710715330075047,1763710715330097845,22798,22.798,530691,530.691
1,501,1763710715429484026,1763710715430002897,1763710715430025641,22744,22.744,518871,518.871
1,502,1763710715529474528,1763710715530053087,1763710715530082912,29825,29.825,578559,578.559
1,503,1763710715629489645,1763710715629968673,1763710715629988374,19701,19.701,479028,479.028
1,504,1763710715729476424,1763710715729978041,1763710715729998679,20638,20.638,501617,501.617
1,505,1763710715829473163,1763710715829903500,1763710715829923887,20387,20.387,430337,430.337
1,506,1763710715929473007,1763710715929983067,1763710715930007544,24477,24.477,510060,510.06
1,507,1763710716029528633,1763710716029934307,1763710716029953577,19270,19.27,405674,405.674
1,508,1763710716129475065,1763710716129989680,1763710716130011210,21530,21.53,514615,514.615
1,509,1763710716229476547,1763710716229882728,1763710716229901344,18616,18.616,406181,406.181
1,510,1763710716329488090,1763710716330034296,1763710716330054760,20464,20.464,546206,546.206
1,511,1763710716429474578,1763710716429981868,1763710716430001060,19192,19.192,507290,507.29
1,512,1763710716529503904,1763710716529931366,1763710716529949962,18596,18.596,427462,427.462
1,513,1763710716629489002,1763710716629868925,1763710716629885331,16406,16.406,379923,379.923
1,514,1763710716729473250,1763710716729828189,1763710716729849131,20942,20.942,354939,354.939
1,515,1763710716829474235,1763710716829810057,1763710716829828325,18268,18.268,335822,335.822
1,516,1763710716929499083,1763710716929958798,1763710716929978797,19999,19.999,459715,459.715
1,517,1763710717029490085,1763710717029845998,1763710717029866266,20268,20.268,355913,355.913
1,518,1763710717129474433,1763710717129819852,1763710717129840301,20449,20.449,345419,345.419
1,519,1763710717229475938,1763710717229785273,1763710717229803630,18357,18.357,309335,309.335
1,520,1763710717329475261,1763710717329792546,1763710717329814400,21854,21.854,317285,317.285
1,521,1763710717429479647,1763710717429908492,1763710717429923932,15440,15.44,428845,428.845
1,522,1763710717529512102,1763710717530154248,1763710717530171830,17582,17.582,642146,642.146
1,523,1763710717629474774,1763710717630167140,1763710717630185443,18303,18.303,692366,692.366
1,524,1763710717729477238,1763710717729985999,1763710717730004446,18447,18.447,508761,508.761
1,525,1763710717829480467,1763710717830042582,1763710717830062356,19774,19.774,562115,562.115
1,526,1763710717929486495,1763710717930007006,1763710717930026272,19266,19.266,520511,520.511
1,527,1763710718029488021,1763710718029972277,1763710718029996554,24277,24.277,484256,484.256
1,528,1763710718129493754,1763710718129916741,1763710718129947502,30761,30.761,422987,422.987
1,529,1763710718229474450,1763710718229793997,1763710718229812302,18305,18.305,319547,319.547
1,530,1763710718329473386,1763710718329823904,1763710718329848060,24156,24.156,350518,350.518
1,531,1763710718429503649,1763710718429908726,1763710718429929896,21170,21.17,405077,405.077
1,532,1763710718529481609,1763710718530184406,1763710718530202573,18167,18.167,702797,702.797
1,533,1763710718629490793,1763710718629817277,1763710718629832643,15366,15.366,326484,326.484
1,534,1763710718729492258,1763710718730046784,1763710718730063576,16792,16.792,554526,554.526
1,535,1763710718829476760,1763710718829929320,1763710718829952904,23584,23.584,452560,452.56
1,536,1763710718929490527,1763710718929946648,1763710718929968128,21480,21.48,456121,456.121
1,537,1763710719029472288,1763710719029873005,1763710719029892045,19040,19.04,400717,400.717
1,538,1763710719129476780,1763710719129905449,1763710719129923974,18525,18.525,428669,428.669
1,539,1763710719229477871,1763710719229912289,1763710719229931721,19432,19.432,434418,434.418
1,540,1763710719329476247,1763710719329939698,1763710719329960246,20548,20.548,463451,463.451
1,541,1763710719429477087,1763710719429950525,1763710719429970180,19655,19.655,473438,473.438
1,542,1763710719529481281,1763710719529957342,1763710719529977514,20172,20.172,476061,476.061
1,543,1763710719629477375,1763710719629930045,1763710719629947952,17907,17.907,452670,452.67
1,544,1763710719729475560,1763710719729909474,1763710719729926919,17445,17.445,433914,433.914
1,545,1763710719829486207,1763710719829945359,1763710719829965592,20233,20.233,459152,459.152
1,546,1763710719929475158,1763710719930008400,1763710719930027099,18699,18.699,533242,533.242
1,547,1763710720029481137,1763710720029996222,1763710720030022108,25886,25.886,515085,515.085
1,548,1763710720129475945,1763710720129882168,1763710720129907259,25091,25.091,406223,406.223
1,549,1763710720229474608,1763710720229943028,1763710720229967615,24587,24.587,468420,468.42
1,550,1763710720329480948,1763710720329867852,1763710720329888938,21086,21.086,386904,386.904
1,551,1763710720429474739,1763710720429931692,1763710720429955424,23732,23.732,456953,456.953
1,552,1763710720529475177,1763710720529902740,1763710720529924247,21507,21.507,427563,427.563
1,553,1763710720629472285,1763710720629891300,1763710720629913851,22551,22.551,419015,419.015
1,554,1763710720729471204,1763710720729922858,1763710720729960496,37638,37.638,451654,451.654
1,555,1763710720829509294,1763710720829977124,1763710720829999684,22560,22.56,467830,467.83
1,556,1763710720929446376,1763710720929877173,1763710720929899657,22484,22.484,430797,430.797
1,557,1763710721029476790,1763710721029937841,1763710721029965058,27217,27.217,461051,461.051
1,558,1763710721129474541,1763710721129960940,1763710721129983438,22498,22.498,486399,486.399
1,559,1763710721229476707,1763710721229962413,1763710721229987095,24682,24.682,485706,485.706
1,560,1763710721329508861,1763710721330000907,1763710721330026787,25880,25.88,492046,492.046
1,561,1763710721429480667,1763710721429934918,1763710721429960644,25726,25.726,454251,454.251
1,562,1763710721529476931,1763710721529927440,1763710721529950850,23410,23.41,450509,450.509
1,563,1763710721629473087,1763710721629940724,1763710721629965540,24816,24.816,467637,467.637
1,564,1763710721729476528,1763710721729938483,1763710721729960132,21649,21.649,461955,461.955
1,565,1763710721829475550,1763710721829949404,1763710721829974718,25314,25.314,473854,473.854
1,566,1763710721929473507,1763710721929956530,1763710721929978290,21760,21.76,483023,483.023
1,567,1763710722029474252,1763710722030000023,1763710722030018882,18859,18.859,525771,525.771
1,568,1763710722129474974,1763710722129945222,1763710722129964864,19642,19.642,470248,470.248
1,569,1763710722229486431,1763710722230051047,1763710722230070377,19330,19.33,564616,564.616
1,570,1763710722329475340,1763710722330065797,1763710722330087139,21342,21.342,590457,590.457
1,571,1763710722429477190,1763710722430112647,1763710722430134611,21964,21.964,635457,635.457
1,572,1763710722529473757,1763710722530041671,1763710722530064479,22808,22.808,567914,567.914
1,573,1763710722629478401,1763710722630191069,1763710722630212491,21422,21.422,712668,712.668
1,574,1763710722729480608,1763710722730013697,1763710722730039660,25963,25.963,533089,533.089
1,575,1763710722829477503,1763710722830010553,1763710722830037563,27010,27.01,533050,533.05
1,576,1763710722929476011,1763710722929991353,1763710722930017519,26166,26.166,515342,515.342
1,577,1763710723029476666,1763710723029995739,1763710723030020679,24940,24.94,519073,519.073
1,578,1763710723129476916,1763710723129913892,1763710723129935769,21877,21.877,436976,436.976
1,579,1763710723229490212,1763710723230004853,1763710723230030422,25569,25.569,514641,514.641
1,580,1763710723329477826,1763710723330002061,1763710723330027343,25282,25.282,524235,524.235
1,581,1763710723429477654,1763710723430037320,1763710723430069023,31703,31.703,559666,559.666
1,582,1763710723529477402,1763710723529980583,1763710723530003064,22481,22.481,503181,503.181
1,583,1763710723629478923,1763710723629955356,1763710723629978519,23163,23.163,476433,476.433
1,584,1763710723729490099,1763710723729919175,1763710723729941429,22254,22.254,429076,429.076
1,585,1763710723829480033,1763710723829876862,1763710723829900935,24073,24.073,396829,396.829
1,586,1763710723929478662,1763710723929826298,1763710723929846699,20401,20.401,347636,347.636
1,587,1763710724029476404,1763710724029786165,1763710724029804999,18834,18.834,309761,309.761
1,588,1763710724129481963,1763710724130193653,1763710724130211814,18161,18.161,711690,711.69
1,589,1763710724229477576,1763710724229799670,1763710724229815871,16201,16.201,322094,322.094
1,590,1763710724329485799,1763710724329862792,1763710724329880668,17876,17.876,376993,376.993
1,591,1763710724429492777,1763710724429998738,1763710724430014113,15375,15.375,505961,505.961
1,592,1763710724529472754,1763710724530032453,1763710724530049946,17493,17.493,559699,559.699
1,593,1763710724629474582,1763710724629939963,1763710724629962008,22045,22.045,465381,465.381
1,594,1763710724729501547,1763710724729999481,1763710724730020288,20807,20.807,497934,497.934
1,595,1763710724829477579,1763710724829931209,1763710724829946565,15356,15.356,453630,453.63
1,596,1763710724929482484,1763710724929926295,1763710724929950164,23869,23.869,443811,443.811
1,597,1763710725029473500,1763710725029905002,1763710725029923926,18924,18.924,431502,431.502
1,598,1763710725129478887,1763710725129906402,1763710725129925730,19328,19.328,427515,427.515
1,599,1763710725229476954,1763710725229942557,1763710725229962603,20046,20.046,465603,465.603
1,600,1763710725329474260,1763710725329921151,1763710725329939395,18244,18.244,446891,446.891
1,601,1763710725429479813,1763710725429974399,1763710725429992092,17693,17.693,494586,494.586
1,602,1763710725529475345,1763710725529920415,1763710725529937987,17572,17.572,445070,445.07
1,603,1763710725629473867,1763710725629950370,1763710725629969491,19121,19.121,476503,476.503
1,604,1763710725729483150,1763710725729982949,1763710725730005543,22594,22.594,499799,499.799
1,605,1763710725829475340,1763710725829862836,1763710725829884719,21883,21.883,387496,387.496
1,606,1763710725929476716,1763710725929866904,1763710725929888717,21813,21.813,390188,390.188
1,607,1763710726029478538,1763710726029881345,1763710726029902454,21109,21.109,402807,402.807
1,608,1763710726129478574,1763710726129877900,1763710726129899576,21676,21.676,399326,399.326
1,609,1763710726229474019,1763710726229898686,1763710726229920230,21544,21.544,424667,424.667
1,610,1763710726329478517,1763710726329882432,1763710726329903225,20793,20.793,403915,403.915
1,611,1763710726429486670,1763710726429962333,1763710726429985011,22678,22.678,475663,475.663
1,612,1763710726529477228,1763710726529900222,1763710726529924932,24710,24.71,422994,422.994
1,613,1763710726629492685,1763710726630032835,1763710726630056273,23438,23.438,540150,540.15
1,614,1763710726729471194,1763710726729812622,1763710726729833383,20761,20.761,341428,341.428
1,615,1763710726829468801,1763710726829823897,1763710726829842103,18206,18.206,355096,355.096
1,616,1763710726929475595,1763710726929829520,1763710726929849219,19699,19.699,353925,353.925
1,617,1763710727029471389,1763710727029821999,1763710727029841447,19448,19.448,350610,350.61
1,618,1763710727129472085,1763710727129840843,1763710727129859507,18664,18.664,368758,368.758
1,619,1763710727229474321,1763710727229811234,1763710727229831698,20464,20.464,336913,336.913
1,620,1763710727329473010,1763710727329783390,1763710727329802794,19404,19.404,310380,310.38
1,621,1763710727429473842,1763710727429804287,1763710727429823418,19131,19.131,330445,330.445
1,622,1763710727529474525,1763710727529784607,1763710727529804070,19463,19.463,310082,310.082
1,623,1763710727629473933,1763710727629779770,1763710727629801828,22058,22.058,305837,305.837
1,624,1763710727729472048,1763710727729774167,1763710727729791078,16911,16.911,302119,302.119
1,625,1763710727829475715,1763710727829994182,1763710727830011840,17658,17.658,518467,518.467
1,626,1763710727929475042,1763710727930146672,1763710727930163746,17074,17.074,671630,671.63
1,627,1763710728029472918,1763710728030019856,1763710728030042387,22531,22.531,546938,546.938
1,628,1763710728129476126,1763710728129937495,1763710728129959858,22363,22.363,461369,461.369
1,629,1763710728229476523,1763710728230015586,1763710728230041767,26181,26.181,539063,539.063
1,630,1763710728329473319,1763710728330016101,1763710728330045092,28991,28.991,542782,542.782
1,631,1763710728429495006,1763710728430032223,1763710728430057668,25445,25.445,537217,537.217
1,632,1763710728529474347,1763710728530029174,1763710728530057342,28168,28.168,554827,554.827
1,633,1763710728629472524,1763710728629993408,1763710728630018268,24860,24.86,520884,520.884
1,634,1763710728729479190,1763710728730009898,1763710728730033583,23685,23.685,530708,530.708
1,635,1763710728829475566,1763710728829990645,1763710728830012560,21915,21.915,515079,515.079
1,636,1763710728929477537,1763710728930014079,1763710728930032380,18301,18.301,536542,536.542
1,637,1763710729029482586,1763710729030001058,1763710729030018068,17010,17.01,518472,518.472
1,638,1763710729129478301,1763710729129995966,1763710729130018660,22694,22.694,517665,517.665
1,639,1763710729229512398,1763710729230059791,1763710729230092229,32438,32.438,547393,547.393
1,640,1763710729329476086,1763710729329921285,1763710729329944729,23444,23.444,445199,445.199
1,641,1763710729429476711,1763710729429928207,1763710729429951161,22954,22.954,451496,451.496
1,642,1763710729529561254,1763710729529954910,1763710729529973321,18411,18.411,393656,393.656
1,643,1763710729629506704,1763710729629867326,1763710729629886771,19445,19.445,360622,360.622
1,644,1763710729729491981,1763710729729831982,1763710729729847649,15667,15.667,340001,340.001
1,645,1763710729829499732,1763710729830228238,1763710729830249937,21699,21.699,728506,728.506
1,646,1763710729929478568,1763710729930441026,1763710729930456950,15924,15.924,962458,962.458
1,647,1763710730029484980,1763710730030500630,1763710730030516477,15847,15.847,1015650,1015.65
1,648,1763710730129488303,1763710730130363099,1763710730130377811,14712,14.712,874796,874.796
1,649,1763710730229529678,1763710730230069115,1763710730230082129,13014,13.014,539437,539.437
1,650,1763710730329471461,1763710730329923619,1763710730329942382,18763,18.763,452158,452.158
1,651,1763710730429472364,1763710730430070296,1763710730430086651,16355,16.355,597932,597.932
1,652,1763710730529474573,1763710730529919030,1763710730529936717,17687,17.687,444457,444.457
1,653,1763710730629479685,1763710730630000992,1763710730630016972,15980,15.98,521307,521.307
1,654,1763710730729470318,1763710730729954892,1763710730729974170,19278,19.278,484574,484.574
1,655,1763710730829469235,1763710730829878157,1763710730829897238,19081,19.081,408922,408.922
1,656,1763710730929472802,1763710730929903737,1763710730929924005,20268,20.268,430935,430.935
1,657,1763710731029469804,1763710731029891634,1763710731029910775,19141,19.141,421830,421.83
1,658,1763710731129474395,1763710731129930657,1763710731129952093,21436,21.436,456262,456.262
1,659,1763710731229471518,1763710731229911118,1763710731229928557,17439,17.439,439600,439.6
1,660,1763710731329474576,1763710731329911461,1763710731329927567,16106,16.106,436885,436.885
1,661,1763710731429474664,1763710731429934032,1763710731429952185,18153,18.153,459368,459.368
1,662,1763710731529472281,1763710731529932020,1763710731529949659,17639,17.639,459739,459.739
1,663,1763710731629474183,1763710731629921171,1763710731629938805,17634,17.634,446988,446.988
1,664,1763710731729472426,1763710731729898628,1763710731729919312,20684,20.684,426202,426.202
1,665,1763710731829474999,1763710731829896170,1763710731829916493,20323,20.323,421171,421.171
1,666,1763710731929474268,1763710731929886191,1763710731929910664,24473,24.473,411923,411.923
1,667,1763710732029489901,1763710732030217775,1763710732030255928,38153,38.153,727874,727.874
1,668,1763710732129481520,1763710732129945822,1763710732129970692,24870,24.87,464302,464.302
1,669,1763710732229475153,1763710732229951187,1763710732229980086,28899,28.899,476034,476.034
1,670,1763710732329472711,1763710732329921510,1763710732329961304,39794,39.794,448799,448.799
1,671,1763710732429486261,1763710732429931297,1763710732429953922,22625,22.625,445036,445.036
1,672,1763710732529480089,1763710732529930939,1763710732529952909,21970,21.97,450850,450.85
1,673,1763710732629488291,1763710732629950851,1763710732629973973,23122,23.122,462560,462.56
1,674,1763710732729473705,1763710732730025569,1763710732730053763,28194,28.194,551864,551.864
1,675,1763710732829473080,1763710732829934148,1763710732829960089,25941,25.941,461068,461.068
1,676,1763710732929478770,1763710732929894597,1763710732929916049,21452,21.452,415827,415.827
1,677,1763710733029474317,1763710733029930547,1763710733029952468,21921,21.921,456230,456.23
1,678,1763710733129478613,1763710733129944781,1763710733129965184,20403,20.403,466168,466.168
1,679,1763710733229549337,1763710733230164399,1763710733230186594,22195,22.195,615062,615.062
1,680,1763710733329478057,1763710733329973048,1763710733329992386,19338,19.338,494991,494.991
1,681,1763710733429479010,1763710733429988812,1763710733430007810,18998,18.998,509802,509.802
1,682,1763710733529476233,1763710733530002811,1763710733530021699,18888,18.888,526578,526.578
1,683,1763710733629484929,1763710733630047858,1763710733630068724,20866,20.866,562929,562.929
1,684,1763710733729492932,1763710733730171273,1763710733730190096,18823,18.823,678341,678.341
1,685,1763710733829479580,1763710733830018269,1763710733830044421,26152,26.152,538689,538.689
1,686,1763710733929476534,1763710733930017131,1763710733930043590,26459,26.459,540597,540.597
1,687,1763710734029478139,1763710734029999905,1763710734030026161,26256,26.256,521766,521.766
1,688,1763710734129471117,1763710734129930819,1763710734129951479,20660,20.66,459702,459.702
1,689,1763710734229476276,1763710734229987813,1763710734230007211,19398,19.398,511537,511.537
1,690,1763710734329471586,1763710734329973674,1763710734329991814,18140,18.14,502088,502.088
1,691,1763710734429473487,1763710734430021833,1763710734430038807,16974,16.974,548346,548.346
1,692,1763710734529478120,1763710734530019418,1763710734530046456,27038,27.038,541298,541.298
1,693,1763710734629491488,1763710734630019692,1763710734630045583,25891,25.891,528204,528.204
1,694,1763710734729498763,1763710734730046122,1763710734730086928,40806,40.806,547359,547.359
1,695,1763710734829470075,1763710734829975646,1763710734830000793,25147,25.147,505571,505.571
1,696,1763710734929473584,1763710734930051741,1763710734930092311,40570,40.57,578157,578.157
1,697,1763710735029477380,1763710735029949915,1763710735029974551,24636,24.636,472535,472.535
1,698,1763710735129484698,1763710735129862191,1763710735129885569,23378,23.378,377493,377.493
1,699,1763710735229467173,1763710735229870998,1763710735229893200,22202,22.202,403825,403.825
1,700,1763710735329489404,1763710735329876737,1763710735329900243,23506,23.506,387333,387.333
1,701,1763710735429552835,1763710735429924210,1763710735429948204,23994,23.994,371375,371.375
1,702,1763710735529484051,1763710735529816110,1763710735529836666,20556,20.556,332059,332.059
1,703,1763710735629475922,1763710735630171781,1763710735630189201,17420,17.42,695859,695.859
1,704,1763710735729476566,1763710735729796319,1763710735729812422,16103,16.103,319753,319.753
1,705,1763710735829529892,1763710735830203232,1763710735830226755,23523,23.523,673340,673.34
1,706,1763710735929472657,1763710735929882573,1763710735929904491,21918,21.918,409916,409.916
1,707,1763710736029476823,1763710736029906135,1763710736029924418,18283,18.283,429312,429.312
1,708,1763710736129473750,1763710736129852570,1763710736129870759,18189,18.189,378820,378.82
1,709,1763710736229470807,1763710736229894971,1763710736229915238,20267,20.267,424164,424.164
1,710,1763710736329470910,1763710736329864110,1763710736329881712,17602,17.602,393200,393.2
1,711,1763710736429469404,1763710736429838112,1763710736429858002,19890,19.89,368708,368.708
1,712,1763710736529478994,1763710736529870274,1763710736529895829,25555,25.555,391280,391.28
1,713,1763710736629472351,1763710736629785658,1763710736629804023,18365,18.365,313307,313.307
1,714,1763710736729472372,1763710736729775627,1763710736729792863,17236,17.236,303255,303.255
1,715,1763710736829471615,1763710736829813156,1763710736829830643,17487,17.487,341541,341.541
1,716,1763710736929470302,1763710736929779234,1763710736929800394,21160,21.16,308932,308.932
1,717,1763710737029487923,1763710737029844296,1763710737029861513,17217,17.217,356373,356.373
1,718,1763710737129478166,1763710737130191624,1763710737130212481,20857,20.857,713458,713.458
1,719,1763710737229480507,1763710737229789140,1763710737229804486,15346,15.346,308633,308.633
1,720,1763710737329552258,1763710737330319443,1763710737330335697,16254,16.254,767185,767.185
1,721,1763710737429472558,1763710737429981421,1763710737430003462,22041,22.041,508863,508.863
1,722,1763710737529471955,1763710737529960028,1763710737529985167,25139,25.139,488073,488.073
1,723,1763710737629473156,1763710737629856803,1763710737629880855,24052,24.052,383647,383.647
1,724,1763710737729476465,1763710737729951709,1763710737729975454,23745,23.745,475244,475.244
1,725,1763710737829477383,1763710737829945676,1763710737829973799,28123,28.123,468293,468.293
1,726,1763710737929483410,1763710737930169675,1763710737930209795,40120,40.12,686265,686.265
1,727,1763710738029510139,1763710738030219979,1763710738030256645,36666,36.666,709840,709.84
1,728,1763710738129496535,1763710738130157684,1763710738130191255,33571,33.571,661149,661.149
1,729,1763710738229491305,1763710738230191309,1763710738230226574,35265,35.265,700004,700.004
1,730,1763710738329480109,1763710738330113116,1763710738330140601,27485,27.485,633007,633.007
1,731,1763710738429482686,1763710738430349207,1763710738430385331,36124,36.124,866521,866.521
1,732,1763710738529479229,1763710738530092793,1763710738530119960,27167,27.167,613564,613.564
1,733,1763710738629487056,1763710738630128010,1763710738630152851,24841,24.841,640954,640.954
1,734,1763710738729542628,1763710738730169519,1763710738730190804,21285,21.285,626891,626.891
1,735,1763710738829482679,1763710738830365852,1763710738830391064,25212,25.212,883173,883.173
1,736,1763710738929485246,1763710738930145867,1763710738930178283,32416,32.416,660621,660.621
1,737,1763710739029567417,1763710739030252335,1763710739030289621,37286,37.286,684918,684.918
1,738,1763710739129495617,1763710739130140953,1763710739130170749,29796,29.796,645336,645.336
1,739,1763710739229486105,1763710739230198185,1763710739230229765,31580,31.58,712080,712.08
1,740,1763710739329494806,1763710739330133209,1763710739330162872,29663,29.663,638403,638.403
1,741,1763710739429473702,1763710739430005041,1763710739430025839,20798,20.798,531339,531.339
1,742,1763710739529473982,1763710739530036694,1763710739530056276,19582,19.582,562712,562.712
1,743,1763710739629472947,1763710739629977941,1763710739629996617,18676,18.676,504994,504.994
1,744,1763710739729474201,1763710739730114218,1763710739730133812,19594,19.594,640017,640.017
1,745,1763710739829475893,1763710739829833939,1763710739829862392,28453,28.453,358046,358.046
1,746,1763710739929745787,1763710739930598108,1763710739930648448,50340,50.34,852321,852.321
1,747,1763710740029537117,1763710740030447599,1763710740030483393,35794,35.794,910482,910.482
1,748,1763710740129507169,1763710740130579340,1763710740130613617,34277,34.277,1072171,1072.17
1,749,1763710740229634472,1763710740231071193,1763710740231107794,36601,36.601,1436721,1436.72
1,750,1763710740329546310,1763710740330413395,1763710740330437947,24552,24.552,867085,867.085
1,751,1763710740429554464,1763710740430412101,1763710740430432252,20151,20.151,857637,857.637
1,752,1763710740529478974,1763710740530003475,1763710740530025227,21752,21.752,524501,524.501
1,753,1763710740629496111,1763710740630187585,1763710740630219379,31794,31.794,691474,691.474
1,754,1763710740729491674,1763710740730175377,1763710740730203207,27830,27.83,683703,683.703
1,755,1763710740829514404,1763710740830162901,1763710740830185693,22792,22.792,648497,648.497
1,756,1763710740929491911,1763710740930240738,1763710740930260390,19652,19.652,748827,748.827
1,757,1763710741029593952,1763710741030391095,1763710741030409961,18866,18.866,797143,797.143
1,758,1763710741129486234,1763710741130174657,1763710741130199147,24490,24.49,688423,688.423
1,759,1763710741229483011,1763710741230096286,1763710741230126455,30169,30.169,613275,613.275
1,760,1763710741329489694,1763710741330158040,1763710741330186963,28923,28.923,668346,668.346
1,761,1763710741429484854,1763710741430093182,1763710741430121648,28466,28.466,608328,608.328
1,762,1763710741529480570,1763710741530056071,1763710741530082830,26759,26.759,575501,575.501
1,763,1763710741629561449,1763710741630164692,1763710741630191477,26785,26.785,603243,603.243
1,764,1763710741729483250,1763710741730084208,1763710741730111036,26828,26.828,600958,600.958
1,765,1763710741829479539,1763710741830017275,1763710741830041654,24379,24.379,537736,537.736
1,766,1763710741929568712,1763710741930284412,1763710741930318844,34432,34.432,715700,715.7
1,767,1763710742029514603,1763710742030314027,1763710742030358423,44396,44.396,799424,799.424
1,768,1763710742129542833,1763710742130202549,1763710742130239111,36562,36.562,659716,659.716
1,769,1763710742229489222,1763710742230186560,1763710742230215850,29290,29.29,697338,697.338
1,770,1763710742329516409,1763710742330203046,1763710742330230761,27715,27.715,686637,686.637
1,771,1763710742429521070,1763710742430222378,1763710742430248422,26044,26.044,701308,701.308
1,772,1763710742529515375,1763710742530156960,1763710742530181698,24738,24.738,641585,641.585
1,773,1763710742629511996,1763710742630250461,1763710742630281037,30576,30.576,738465,738.465
1,774,1763710742729574679,1763710742730403415,1763710742730427742,24327,24.327,828736,828.736
1,775,1763710742829508355,1763710742830121619,1763710742830158909,37290,37.29,613264,613.264
1,776,1763710742929481430,1763710742930082138,1763710742930120978,38840,38.84,600708,600.708
1,777,1763710743029501406,1763710743030268101,1763710743030307185,39084,39.084,766695,766.695
1,778,1763710743129496886,1763710743130051472,1763710743130082277,30805,30.805,554586,554.586
1,779,1763710743229506699,1763710743230085348,1763710743230110128,24780,24.78,578649,578.649
1,780,1763710743329536200,1763710743330377528,1763710743330399743,22215,22.215,841328,841.328
1,781,1763710743429504222,1763710743430069150,1763710743430088298,19148,19.148,564928,564.928
1,782,1763710743529482466,1763710743530089014,1763710743530107048,18034,18.034,606548,606.548
1,783,1763710743629482392,1763710743629986837,1763710743630005359,18522,18.522,504445,504.445
1,784,1763710743729519229,1763710743730127968,1763710743730148298,20330,20.33,608739,608.739
1,785,1763710743829496552,1763710743830180172,1763710743830197799,17627,17.627,683620,683.62
1,786,1763710743929492622,1763710743930288739,1763710743930309362,20623,20.623,796117,796.117
1,787,1763710744029505324,1763710744030165503,1763710744030204640,39137,39.137,660179,660.179
1,788,1763710744129481006,1763710744129920660,1763710744129959244,38584,38.584,439654,439.654
1,789,1763710744229503470,1763710744229926786,1763710744229961535,34749,34.749,423316,423.316
1,790,1763710744329492891,1763710744330279097,1763710744330308522,29425,29.425,786206,786.206
1,791,1763710744429532787,1763710744430576138,1763710744430602826,26688,26.688,1043351,1043.35
1,792,1763710744529498577,1763710744530250234,1763710744530270658,20424,20.424,751657,751.657
1,793,1763710744629480953,1763710744630236107,1763710744630256969,20862,20.862,755154,755.154
1,794,1763710744729576033,1763710744730273839,1763710744730306694