2,7,1763710667011156668,1763710667011572218,1763710667011591832,19614,19.614,415550,415.55
2,8,1763710667111141166,1763710667111574538,1763710667111591424,16886,16.886,433372,433.372
2,9,1763710667211136878,1763710667211519711,1763710667211535876,16165,16.165,382833,382.833
2,10,1763710667311128818,1763710667311824445,1763710667311845270,20825,20.825,695627,695.627
2,11,1763710667411143825,1763710667411601353,1763710667411618609,17256,17.256,457528,457.528
2,12,1763710667511152864,1763710667511869616,1763710667511887477,17861,17.861,716752,716.752
2,13,1763710667611149436,1763710667612446996,1763710667612464671,17675,17.675,1297560,1297.56
2,14,1763710667711180543,1763710667712288931,1763710667712310151,21220,21.22,1108388,1108.39
2,15,1763710667811149515,1763710667812828894,1763710667812846780,17886,17.886,1679379,1679.38
2,16,1763710667911220371,1763710667913549182,1763710667913586661,37479,37.479,2328811,2328.81
2,17,1763710668011234548,1763710668012965526,1763710668012985207,19681,19.681,1730978,1730.98
2,18,1763710668111173316,1763710668111947262,1763710668111967012,19750,19.75,773946,773.946
2,19,1763710668211166902,1763710668212782219,1763710668212801721,19502,19.502,1615317,1615.32
2,20,1763710668311195735,1763710668311656761,1763710668311685529,28768,28.768,461026,461.026
2,21,1763710668411180951,1763710668412128638,1763710668412145273,16635,16.635,947687,947.687
2,22,1763710668511153118,1763710668511989888,1763710668512007188,17300,17.3,836770,836.77
2,23,1763710668611147806,1763710668612333273,1763710668612353704,20431,20.431,1185467,1185.47
2,24,1763710668711159900,1763710668711763377,1763710668711829944,66567,66.567,603477,603.477
2,25,1763710668811167867,1763710668812527379,1763710668812542122,14743,14.743,1359512,1359.51
2,26,1763710668911210084,1763710668911925717,1763710668911946117,20400,20.4,715633,715.633
2,27,1763710669011154109,1763710669011576265,1763710669011597112,20847,20.847,422156,422.156
2,28,1763710669111143012,1763710669111543277,1763710669111561179,17902,17.902,400265,400.265
2,29,1763710669211139360,1763710669211508709,1763710669211523948,15239,15.239,369349,369.349
2,30,1763710669311134418,1763710669311502002,1763710669311517856,15854,15.854,367584,367.584
2,31,1763710669411132488,1763710669411575605,1763710669411594165,18560,18.56,443117,443.117
2,32,1763710669511123976,1763710669511509278,1763710669511528141,18863,18.863,385302,385.302
2,33,1763710669611122350,1763710669611515819,1763710669611533913,18094,18.094,393469,393.469
2,34,1763710669711120731,1763710669711620913,1763710669711640462,19549,19.549,500182,500.182
2,35,1763710669811129617,1763710669811599387,1763710669811617953,18566,18.566,469770,469.77
2,36,1763710669911146460,1763710669911704874,1763710669911727065,22191,22.191,558414,558.414
2,37,1763710670011142172,1763710670011558931,1763710670011581204,22273,22.273,416759,416.759
2,38,1763710670111126779,1763710670111490693,1763710670111511773,21080,21.08,363914,363.914
2,39,1763710670211121876,1763710670211472584,1763710670211495684,23100,23.1,350708,350.708
2,40,1763710670311101578,1763710670311733380,1763710670311759325,25945,25.945,631802,631.802
2,41,1763710670411128499,1763710670411473362,1763710670411490494,17132,17.132,344863,344.863
2,42,1763710670511124583,1763710670511464262,1763710670511480520,16258,16.258,339679,339.679
2,43,1763710670611125648,1763710670611469020,1763710670611487146,18126,18.126,343372,343.372
2,44,1763710670711136505,1763710670711644345,1763710670711662597,18252,18.252,507840,507.84
2,45,1763710670811130016,1763710670811597347,1763710670811618299,20952,20.952,467331,467.331
2,46,1763710670911143033,1763710670911698445,1763710670911717586,19141,19.141,555412,555.412
2,47,1763710671011149211,1763710671011609192,1763710671011628217,19025,19.025,459981,459.981
2,48,1763710671111137438,1763710671111525072,1763710671111540070,14998,14.998,387634,387.634
2,49,1763710671211133681,1763710671211572053,1763710671211586884,14831,14.831,438372,438.372
2,50,1763710671311176345,1763710671311829584,1763710671311853174,23590,23.59,653239,653.239
2,51,1763710671411142347,1763710671411596031,1763710671411612900,16869,16.869,453684,453.684
2,52,1763710671511151914,1763710671511599866,1763710671511615819,15953,15.953,447952,447.952
2,53,1763710671611150697,1763710671611625704,1763710671611641249,15545,15.545,475007,475.007
2,54,1763710671711160519,1763710671711585490,1763710671711604347,18857,18.857,424971,424.971
2,55,1763710671811137191,1763710671811604232,1763710671811624301,20069,20.069,467041,467.041
2,56,1763710671911132465,1763710671911565731,1763710671911584909,19178,19.178,433266,433.266
2,57,1763710672011146566,1763710672011701786,1763710672011727711,25925,25.925,555220,555.22
2,58,1763710672111126855,1763710672111441285,1763710672111457125,15840,15.84,314430,314.43
2,59,1763710672211140051,1763710672211580514,1763710672211599613,19099,19.099,440463,440.463
2,60,1763710672311137403,1763710672311555170,1763710672311573309,18139,18.139,417767,417.767
2,61,1763710672411161807,1763710672411579068,1763710672411599013,19945,19.945,417261,417.261
2,62,1763710672511157242,1763710672511624204,1763710672511646055,21851,21.851,466962,466.962
2,63,1763710672611135960,1763710672611523357,1763710672611548498,25141,25.141,387397,387.397
2,64,1763710672711137605,1763710672711489873,1763710672711509687,19814,19.814,352268,352.268
2,65,1763710672811142224,1763710672811505804,1763710672811527252,21448,21.448,363580,363.58
2,66,1763710672911149239,1763710672911535895,1763710672911552360,16465,16.465,386656,386.656
2,67,1763710673011139834,1763710673011479279,1763710673011496968,17689,17.689,339445,339.445
2,68,1763710673111127309,1763710673111415186,1763710673111429565,14379,14.379,287877,287.877
2,69,1763710673211126868,1763710673211407617,1763710673211420910,13293,13.293,280749,280.749
2,70,1763710673311125270,1763710673311406125,1763710673311420207,14082,14.082,280855,280.855
2,71,1763710673411147458,1763710673411440613,1763710673411454461,13848,13.848,293155,293.155
2,72,1763710673511134030,1763710673511500000,1763710673511514642,14642,14.642,365970,365.97
2,73,1763710673611146135,1763710673611558423,1763710673611571273,12850,12.85,412288,412.288
2,74,1763710673711156868,1763710673711915751,1763710673711930082,14331,14.331,758883,758.883
2,75,1763710673811132306,1763710673811428077,1763710673811442442,14365,14.365,295771,295.771
2,76,1763710673911127557,1763710673911413284,1763710673911426685,13401,13.401,285727,285.727
2,77,1763710674011154259,1763710674011452538,1763710674011467618,15080,15.08,298279,298.279
2,78,1763710674111127318,1763710674111429605,1763710674111442354,12749,12.749,302287,302.287
2,79,1763710674211135717,1763710674211434442,1763710674211449208,14766,14.766,298725,298.725
2,80,1763710674311127487,1763710674311426811,1763710674311441094,14283,14.283,299324,299.324
2,81,1763710674411128139,1763710674411412341,1763710674411427541,15200,15.2,284202,284.202
2,82,1763710674511141816,1763710674511553670,1763710674511573992,20322,20.322,411854,411.854
2,83,1763710674611135583,1763710674611427883,1763710674611442962,15079,15.079,292300,292.3
2,84,1763710674711123913,1763710674711494469,1763710674711509375,14906,14.906,370556,370.556
2,85,1763710674811140731,1763710674811679499,1763710674811692512,13013,13.013,538768,538.768
2,86,1763710674911148270,1763710674911918656,1763710674911932688,14032,14.032,770386,770.386
2,87,1763710675011198597,1763710675012042122,1763710675012056377,14255,14.255,843525,843.525
2,88,1763710675111131096,1763710675111500674,1763710675111517575,16901,16.901,369578,369.578
2,89,1763710675211145573,1763710675211589912,1763710675211612504,22592,22.592,444339,444.339
2,90,1763710675311143339,1763710675311762467,1763710675311790215,27748,27.748,619128,619.128
2,91,1763710675411140324,1763710675411659836,1763710675411691627,31791,31.791,519512,519.512
2,92,1763710675511126014,1763710675511474529,1763710675511489649,15120,15.12,348515,348.515
2,93,1763710675611123895,1763710675611462492,1763710675611477452,14960,14.96,338597,338.597
2,94,1763710675711122605,1763710675711445107,1763710675711458805,13698,13.698,322502,322.502
2,95,1763710675811124533,1763710675811468843,1763710675811481215,12372,12.372,344310,344.31
2,96,1763710675911134145,1763710675911494811,1763710675911508239,13428,13.428,360666,360.666
2,97,1763710676011140256,1763710676011479056,1763710676011490109,11053,11.053,338800,338.8
2,98,1763710676111139826,1763710676111507077,1763710676111523041,15964,15.964,367251,367.251
2,99,1763710676211129165,1763710676211529125,1763710676211546290,17165,17.165,399960,399.96
2,100,1763710676311127079,1763710676311510207,1763710676311525071,14864,14.864,383128,383.128
2,101,1763710676411124556,1763710676411525490,1763710676411542929,17439,17.439,400934,400.934
2,102,1763710676511141156,1763710676511762867,1763710676511781814,18947,18.947,621711,621.711
2,103,1763710676611127742,1763710676611551404,1763710676611569830,18426,18.426,423662,423.662
2,104,1763710676711131830,1763710676711537475,1763710676711553094,15619,15.619,405645,405.645
2,105,1763710676811133488,1763710676811529580,1763710676811545674,16094,16.094,396092,396.092
2,106,1763710676911136998,1763710676911598984,1763710676911614756,15772,15.772,461986,461.986
2,107,1763710677011128216,1763710677011544566,1763710677011559709,15143,15.143,416350,416.35
2,108,1763710677111129457,1763710677111493649,1763710677111508542,14893,14.893,364192,364.192
2,109,1763710677211180527,1763710677211577544,1763710677211592596,15052,15.052,397017,397.017
2,110,1763710677311149197,1763710677311602382,1763710677311623473,21091,21.091,453185,453.185
2,111,1763710677411130457,1763710677411487585,1763710677411504597,17012,17.012,357128,357.128
2,112,1763710677511134476,1763710677511543414,1763710677511563229,19815,19.815,408938,408.938
2,113,1763710677611135372,1763710677611494159,1763710677611513055,18896,18.896,358787,358.787
2,114,1763710677711140573,1763710677711587948,1763710677711608236,20288,20.288,447375,447.375
2,115,1763710677811130373,1763710677811440762,1763710677811457433,16671,16.671,310389,310.389
2,116,1763710677911130195,1763710677911523135,1763710677911540470,17335,17.335,392940,392.94
2,117,1763710678011132596,1763710678011438853,1763710678011454698,15845,15.845,306257,306.257
2,118,1763710678111138826,1763710678111449840,1763710678111465844,16004,16.004,311014,311.014
2,119,1763710678211150769,1763710678211478716,1763710678211495775,17059,17.059,327947,327.947
2,120,1763710678311145683,1763710678311540799,1763710678311559695,18896,18.896,395116,395.116
2,121,1763710678411137945,1763710678411480193,1763710678411495781,15588,15.588,342248,342.248
2,122,1763710678511137835,1763710678511471046,1763710678511487648,16602,16.602,333211,333.211
2,123,1763710678611132954,1763710678611441045,1763710678611456889,15844,15.844,308091,308.091
2,124,1763710678711162836,1763710678711630927,1763710678711648038,17111,17.111,468091,468.091
2,125,1763710678811138410,1763710678811429550,1763710678811446146,16596,16.596,291140,291.14
2,126,1763710678911152003,1763710678911499455,1763710678911515246,15791,15.791,347452,347.452
2,127,1763710679011134241,1763710679011424734,1763710679011442181,17447,17.447,290493,290.493
2,128,1763710679111123158,1763710679111406105,1763710679111419352,13247,13.247,282947,282.947
2,129,1763710679211130251,1763710679211410795,1763710679211424721,13926,13.926,280544,280.544
2,130,1763710679311125003,1763710679311409524,1763710679311423196,13672,13.672,284521,284.521
2,131,1763710679411201103,1763710679411614316,1763710679411629768,15452,15.452,413213,413.213
2,132,1763710679511125461,1763710679511499796,1763710679511516290,16494,16.494,374335,374.335
2,133,1763710679611134941,1763710679611551667,1763710679611566259,14592,14.592,416726,416.726
2,134,1763710679711125076,1763710679711473307,1763710679711487962,14655,14.655,348231,348.231
2,135,1763710679811135975,1763710679811572061,1763710679811588511,16450,16.45,436086,436.086
2,136,1763710679911126329,1763710679911482240,1763710679911495790,13550,13.55,355911,355.911
2,137,1763710680011147995,1763710680011645694,1763710680011662867,17173,17.173,497699,497.699
2,138,1763710680111127251,1763710680111460159,1763710680111473701,13542,13.542,332908,332.908
2,139,1763710680211124907,1763710680211481589,1763710680211496165,14576,14.576,356682,356.682
2,140,1763710680311125462,1763710680311456160,1763710680311470062,13902,13.902,330698,330.698
2,141,1763710680411127368,1763710680411463253,1763710680411477153,13900,13.9,335885,335.885
2,142,1763710680511121508,1763710680511464406,1763710680511480650,16244,16.244,342898,342.898
2,143,1763710680611121726,1763710680611457283,1763710680611469362,12079,12.079,335557,335.557
2,144,1763710680711131884,1763710680711521283,1763710680711536439,15156,15.156,389399,389.399
2,145,1763710680811147239,1763710680811551720,1763710680811567244,15524,15.524,404481,404.481
2,146,1763710680911145788,1763710680911520733,1763710680911535945,15212,15.212,374945,374.945
2,147,1763710681011128089,1763710681011519813,1763710681011534353,14540,14.54,391724,391.724
2,148,1763710681111188279,1763710681111564637,1763710681111578434,13797,13.797,376358,376.358
2,149,1763710681211125767,1763710681211491280,1763710681211505120,13840,13.84,365513,365.513
2,150,1763710681311124103,1763710681311506581,1763710681311520954,14373,14.373,382478,382.478
2,151,1763710681411127712,1763710681411512380,1763710681411529834,17454,17.454,384668,384.668
2,152,1763710681511125541,1763710681511493524,1763710681511507770,14246,14.246,367983,367.983
2,153,1763710681611141844,1763710681611505551,1763710681611519899,14348,14.348,363707,363.707
2,154,1763710681711122758,1763710681711490188,1763710681711507194,17006,17.006,367430,367.43
2,155,1763710681811123003,1763710681811495188,1763710681811511415,16227,16.227,372185,372.185
2,156,1763710681911153929,1763710681911508458,1763710681911522864,14406,14.406,354529,354.529
2,157,1763710682011140620,1763710682011491999,1763710682011515583,23584,23.584,351379,351.379
2,158,1763710682111187488,1763710682111527410,1763710682111541195,13785,13.785,339922,339.922
2,159,1763710682211129017,1763710682211445146,1763710682211459842,14696,14.696,316129,316.129
2,160,1763710682311131867,1763710682311513987,1763710682311529766,15779,15.779,382120,382.12
2,161,1763710682411130516,1763710682411526219,1763710682411540814,14595,14.595,395703,395.703
2,162,1763710682511135728,1763710682511455844,1763710682511472944,17100,17.1,320116,320.116
2,163,1763710682611132244,1763710682611468531,1763710682611481777,13246,13.246,336287,336.287
2,164,1763710682711140317,1763710682711474126,1763710682711489757,15631,15.631,333809,333.809
2,165,1763710682811161114,1763710682811495252,1763710682811511117,15865,15.865,334138,334.138
2,166,1763710682911143558,1763710682911459474,1763710682911472032,12558,12.558,315916,315.916
2,167,1763710683011134994,1763710683011429382,1763710683011444625,15243,15.243,294388,294.388
2,168,1763710683111126978,1763710683111425587,1763710683111439924,14337,14.337,298609,298.609
2,169,1763710683211134523,1763710683211441274,1763710683211453879,12605,12.605,306751,306.751
2,170,1763710683311131173,1763710683311422883,1763710683311438361,15478,15.478,291710,291.71
2,171,1763710683411132889,1763710683411420224,1763710683411435407,15183,15.183,287335,287.335
2,172,1763710683511132946,1763710683511424936,1763710683511444456,19520,19.52,291990,291.99
2,173,1763710683611135056,1763710683611420004,1763710683611436138,16134,16.134,284948,284.948
2,174,1763710683711130353,1763710683711422519,1763710683711435674,13155,13.155,292166,292.166
2,175,1763710683811131905,1763710683811419037,1763710683811433999,14962,14.962,287132,287.132
2,176,1763710683911144903,1763710683911495240,1763710683911513547,18307,18.307,350337,350.337
2,177,1763710684011183207,1763710684011686376,1763710684011702433,16057,16.057,503169,503.169
2,178,1763710684111192353,1763710684111513005,1763710684111526687,13682,13.682,320652,320.652
2,179,1763710684211133674,1763710684211484550,1763710684211502897,18347,18.347,350876,350.876
2,180,1763710684311133563,1763710684311466735,1763710684311488535,21800,21.8,333172,333.172
2,181,1763710684411129886,1763710684411462871,1763710684411477337,14466,14.466,332985,332.985
2,182,1763710684511132351,1763710684511515045,1763710684511533448,18403,18.403,382694,382.694
2,183,1763710684611111839,1763710684611536480,1763710684611555177,18697,18.697,424641,424.641
2,184,1763710684711154957,1763710684711523468,1763710684711539863,16395,16.395,368511,368.511
2,185,1763710684811164113,1763710684811526729,1763710684811544022,17293,17.293,362616,362.616
2,186,1763710684911126529,1763710684911410878,1763710684911425178,14300,14.3,284349,284.349
2,187,1763710685011123395,1763710685011433512,1763710685011448585,15073,15.073,310117,310.117
2,188,1763710685111121037,1763710685111416623,1763710685111430721,14098,14.098,295586,295.586
2,189,1763710685211140021,1763710685211486550,1763710685211500129,13579,13.579,346529,346.529
2,190,1763710685311191254,1763710685311748024,1763710685311765007,16983,16.983,556770,556.77
2,191,1763710685411134637,1763710685411584475,1763710685411599002,14527,14.527,449838,449.838
2,192,1763710685511154775,1763710685511964423,1763710685511978708,14285,14.285,809648,809.648
2,193,1763710685611119503,1763710685611452338,1763710685611466855,14517,14.517,332835,332.835
2,194,1763710685711120316,1763710685711518941,1763710685711533127,14186,14.186,398625,398.625
2,195,1763710685811126021,1763710685811474782,1763710685811490710,15928,15.928,348761,348.761
2,196,1763710685911121596,1763710685911492498,1763710685911507393,14895,14.895,370902,370.902
2,197,1763710686011121539,1763710686011493703,1763710686011508459,14756,14.756,372164,372.164
2,198,1763710686111127152,1763710686111467812,1763710686111481983,14171,14.171,340660,340.66
2,199,1763710686211129369,1763710686211549130,1763710686211563359,14229,14.229,419761,419.761
2,200,1763710686311130056,1763710686311536809,1763710686311552523,15714,15.714,406753,406.753
2,201,1763710686411123025,1763710686411474449,1763710686411488401,13952,13.952,351424,351.424
2,202,1763710686511123813,1763710686511487593,1763710686511502607,15014,15.014,363780,363.78
2,203,1763710686611124664,1763710686611487560,1763710686611502527,14967,14.967,362896,362.896
2,204,1763710686711121991,1763710686711538121,1763710686711554436,16315,16.315,416130,416.13
2,205,1763710686811122739,1763710686811483645,1763710686811499106,15461,15.461,360906,360.906
2,206,1763710686911124994,1763710686911493614,1763710686911508294,14680,14.68,368620,368.62
2,207,1763710687011124695,1763710687011506759,1763710687011523480,16721,16.721,382064,382.064
2,208,1763710687111125096,1763710687111630248,1763710687111649462,19214,19.214,505152,505.152
2,209,1763710687211125741,1763710687211484202,1763710687211498818,14616,14.616,358461,358.461
2,210,1763710687311140352,1763710687311546426,1763710687311563770,17344,17.344,406074,406.074
2,211,1763710687411133082,1763710687411497392,1763710687411513342,15950,15.95,364310,364.31
2,212,1763710687511138937,1763710687511588943,1763710687511606949,18006,18.006,450006,450.006
2,213,1763710687611125183,1763710687611475030,1763710687611492038,17008,17.008,349847,349.847
2,214,1763710687711125618,1763710687711584824,1763710687711601284,16460,16.46,459206,459.206
2,215,1763710687811134072,1763710687811673726,1763710687811691547,17821,17.821,539654,539.654
2,216,1763710687911126293,1763710687911617659,1763710687911633952,16293,16.293,491366,491.366
2,217,1763710688011121708,1763710688011525278,1763710688011540194,14916,14.916,403570,403.57
2,218,1763710688111126591,1763710688111549952,1763710688111565548,15596,15.596,423361,423.361
2,219,1763710688211126530,1763710688211560886,1763710688211577098,16212,16.212,434356,434.356
2,220,1763710688311129047,1763710688311625083,1763710688311642296,17213,17.213,496036,496.036
2,221,1763710688411126218,1763710688411552390,1763710688411568388,15998,15.998,426172,426.172
2,222,1763710688511144858,1763710688511578532,1763710688511595919,17387,17.387,433674,433.674
2,223,1763710688611126759,1763710688611480539,1763710688611495020,14481,14.481,353780,353.78
2,224,1763710688711132583,1763710688711541140,1763710688711556779,15639,15.639,408557,408.557
2,225,1763710688811138066,1763710688811604451,1763710688811622878,18427,18.427,466385,466.385
2,226,1763710688911131758,1763710688911626862,1763710688911641711,14849,14.849,495104,495.104
2,227,1763710689011132388,1763710689011571364,1763710689011592228,20864,20.864,438976,438.976
2,228,1763710689111121547,1763710689111455965,1763710689111471330,15365,15.365,334418,334.418
2,229,1763710689211128357,1763710689211533048,1763710689211551189,18141,18.141,404691,404.691
2,230,1763710689311128161,1763710689311534055,1763710689311555633,21578,21.578,405894,405.894
2,231,1763710689411126501,1763710689411504387,1763710689411520793,16406,16.406,377886,377.886
2,232,1763710689511127336,1763710689511505242,1763710689511522422,17180,17.18,377906,377.906
2,233,1763710689611129651,1763710689611545989,1763710689611565592,19603,19.603,416338,416.338
2,234,1763710689711143534,1763710689711526839,1763710689711544903,18064,18.064,383305,383.305
2,235,1763710689811171208,1763710689811739190,1763710689811765624,26434,26.434,567982,567.982
2,236,1763710689911127841,1763710689911530059,1763710689911547405,17346,17.346,402218,402.218
2,237,1763710690011132942,1763710690011459555,1763710690011475920,16365,16.365,326613,326.613
2,238,1763710690111130828,1763710690111430385,1763710690111445476,15091,15.091,299557,299.557
2,239,1763710690211147934,1763710690211515306,1763710690211532956,17650,17.65,367372,367.372
2,240,1763710690311147568,1763710690311490257,1763710690311505490,15233,15.233,342689,342.689
2,241,1763710690411151202,1763710690411486790,1763710690411502998,16208,16.208,335588,335.588
2,242,1763710690511126404,1763710690511462028,1763710690511479642,17614,17.614,335624,335.624
2,243,1763710690611120327,1763710690611400694,1763710690611413391,12697,12.697,280367,280.367
2,244,1763710690711122820,1763710690711402604,1763710690711415066,12462,12.462,279784,279.784
2,245,1763710690811121997,1763710690811416645,1763710690811430202,13557,13.557,294648,294.648
2,246,1763710690911187962,1763710690911816465,1763710690911830156,13691,13.691,628503,628.503
2,247,1763710691011150215,1763710691011640951,1763710691011656827,15876,15.876,490736,490.736
2,248,1763710691111127771,1763710691111513306,1763710691111525725,12419,12.419,385535,385.535
2,249,1763710691211129428,1763710691211528577,1763710691211545232,16655,16.655,399149,399.149
2,250,1763710691311125791,1763710691311506871,1763710691311521385,14514,14.514,381080,381.08
2,251,1763710691411120066,1763710691411534035,1763710691411547421,13386,13.386,413969,413.969
2,252,1763710691511129578,1763710691511488115,1763710691511501899,13784,13.784,358537,358.537
2,253,1763710691611121053,1763710691611531765,1763710691611545737,13972,13.972,410712,410.712
2,254,1763710691711121706,1763710691711521910,1763710691711535413,13503,13.503,400204,400.204
2,255,1763710691811123670,1763710691811533793,1763710691811547174,13381,13.381,410123,410.123
2,256,1763710691911129816,1763710691911501077,1763710691911515302,14225,14.225,371261,371.261
2,257,1763710692011139444,1763710692011504785,1763710692011519627,14842,14.842,365341,365.341
2,258,1763710692111129649,1763710692111532817,1763710692111547851,15034,15.034,403168,403.168
2,259,1763710692211124590,1763710692211438805,1763710692211456046,17241,17.241,314215,314.215
2,260,1763710692311127185,1763710692311447376,1763710692311463211,15835,15.835,320191,320.191
2,261,1763710692411134670,1763710692411679471,1763710692411706420,26949,26.949,544801,544.801
2,262,1763710692511123063,1763710692511441501,1763710692511457248,15747,15.747,318438,318.438
2,263,1763710692611125515,1763710692611456364,1763710692611472532,16168,16.168,330849,330.849
2,264,1763710692711121054,1763710692711427665,1763710692711443071,15406,15.406,306611,306.611
2,265,1763710692811124288,1763710692811420789,1763710692811436324,15535,15.535,296501,296.501
2,266,1763710692911128183,1763710692911451951,1763710692911468405,16454,16.454,323768,323.768
2,267,1763710693011124169,1763710693011439760,1763710693011457063,17303,17.303,315591,315.591
2,268,1763710693111123109,1763710693111430825,1763710693111445476,14651,14.651,307716,307.716
2,269,1763710693211122909,1763710693211512853,1763710693211528326,15473,15.473,389944,389.944
2,270,1763710693311122265,1763710693311422921,1763710693311438361,15440,15.44,300656,300.656
2,271,1763710693411126883,1763710693411442197,1763710693411457240,15043,15.043,315314,315.314
2,272,1763710693511145806,1763710693511461408,1763710693511478664,17256,17.256,315602,315.602
2,273,1763710693611123931,1763710693611468912,1763710693611487421,18509,18.509,344981,344.981
2,274,1763710693711126083,1763710693711414148,1763710693711429069,14921,14.921,288065,288.065
2,275,1763710693811121612,1763710693811550924,1763710693811578818,27894,27.894,429312,429.312
2,276,1763710693911126100,1763710693911406298,1763710693911420483,14185,14.185,280198,280.198
2,277,1763710694011123218,1763710694011408859,1763710694011423824,14965,14.965,285641,285.641
2,278,1763710694111123860,1763710694111438719,1763710694111456196,17477,17.477,314859,314.859
2,279,1763710694211126160,1763710694211418435,1763710694211432391,13956,13.956,292275,292.275
2,280,1763710694311128607,1763710694311413811,1763710694311427603,13792,13.792,285204,285.204
2,281,1763710694411126126,1763710694411413119,1763710694411427303,14184,14.184,286993,286.993
2,282,1763710694511135656,1763710694511417868,1763710694511434531,16663,16.663,282212,282.212
2,283,1763710694611138091,1763710694611516837,1763710694611537952,21115,21.115,378746,378.746
2,284,1763710694711132064,1763710694711650624,1763710694711671391,20767,20.767,518560,518.56
2,285,1763710694811133810,1763710694811539108,1763710694811557196,18088,18.088,405298,405.298
2,286,1763710694911138466,1763710694911561157,1763710694911584269,23112,23.112,422691,422.691
2,287,1763710695011129264,1763710695011545562,1763710695011564442,18880,18.88,416298,416.298
2,288,1763710695111122281,1763710695111420092,1763710695111436979,16887,16.887,297811,297.811
2,289,1763710695211127105,1763710695211552017,1763710695211571542,19525,19.525,424912,424.912
2,290,1763710695311129114,1763710695311527344,1763710695311546553,19209,19.209,398230,398.23
2,291,1763710695411134574,1763710695411530205,1763710695411550686,20481,20.481,395631,395.631
2,292,1763710695511150643,1763710695511504102,1763710695511520912,16810,16.81,353459,353.459
2,293,1763710695611163522,1763710695611535623,1763710695611552517,16894,16.894,372101,372.101
2,294,1763710695711159194,1763710695711562976,1763710695711576632,13656,13.656,403782,403.782
2,295,1763710695811130052,1763710695811480565,1763710695811497160,16595,16.595,350513,350.513
2,296,1763710695911130180,1763710695911452217,1763710695911466968,14751,14.751,322037,322.037
2,297,1763710696011131253,1763710696011429696,1763710696011445251,15555,15.555,298443,298.443
2,298,1763710696111121737,1763710696111413717,1763710696111427368,13651,13.651,291980,291.98
2,299,1763710696211146747,1763710696211480944,1763710696211495774,14830,14.83,334197,334.197
2,300,1763710696311141896,1763710696311564165,1763710696311576171,12006,12.006,422269,422.269
2,301,1763710696411140126,1763710696411697385,1763710696411712779,15394,15.394,557259,557.259
2,302,1763710696511137949,1763710696511504892,1763710696511517048,12156,12.156,366943,366.943
2,303,1763710696611148558,1763710696611586103,1763710696611598250,12147,12.147,437545,437.545
2,304,1763710696711158015,1763710696711536656,1763710696711549679,13023,13.023,378641,378.641
2,305,1763710696811132133,1763710696811528196,1763710696811541706,13510,13.51,396063,396.063
2,306,1763710696911130746,1763710696911512021,1763710696911525928,13907,13.907,381275,381.275
2,307,1763710697011122751,1763710697011610227,1763710697011623804,13577,13.577,487476,487.476
2,308,1763710697111125342,1763710697111451661,1763710697111465409,13748,13.748,326319,326.319
2,309,1763710697211128669,1763710697211473191,1763710697211487238,14047,14.047,344522,344.522
2,310,1763710697311124013,1763710697311478755,1763710697311492949,14194,14.194,354742,354.742
2,311,1763710697411121343,1763710697411464925,1763710697411478465,13540,13.54,343582,343.582
2,312,1763710697511127636,1763710697511536859,1763710697511552262,15403,15.403,409223,409.223
2,313,1763710697611123074,1763710697611476814,1763710697611492320,15506,15.506,353740,353.74
2,314,1763710697711123362,1763710697711486002,1763710697711500941,14939,14.939,362640,362.64
2,315,1763710697811139760,1763710697811565428,1763710697811579983,14555,14.555,425668,425.668
2,316,1763710697911132636,1763710697911500837,1763710697911514786,13949,13.949,368201,368.201
2,317,1763710698011134916,1763710698011500672,1763710698011515649,14977,14.977,365756,365.756
2,318,1763710698111126718,1763710698111438248,1763710698111455177,16929,16.929,311530,311.53
2,319,1763710698211128026,1763710698211487875,1763710698211505764,17889,17.889,359849,359.849
2,320,1763710698311124211,1763710698311487824,1763710698311504832,17008,17.008,363613,363.613
2,321,1763710698411123827,1763710698411494835,1763710698411513453,18618,18.618,371008,371.008
2,322,1763710698511124678,1763710698511485184,1763710698511501842,16658,16.658,360506,360.506
2,323,1763710698611126108,1763710698611556179,1763710698611572839,16660,16.66,430071,430.071
2,324,1763710698711117853,1763710698711471256,1763710698711487054,15798,15.798,353403,353.403
2,325,1763710698811132144,1763710698811516688,1763710698811533978,17290,17.29,384544,384.544
2,326,1763710698911128250,1763710698911598262,1763710698911613723,15461,15.461,470012,470.012
2,327,1763710699011125659,1763710699011522507,1763710699011538750,16243,16.243,396848,396.848
2,328,1763710699111146232,1763710699111480344,1763710699111495690,15346,15.346,334112,334.112
2,329,1763710699211123898,1763710699211506460,1763710699211521932,15472,15.472,382562,382.562
2,330,1763710699311121066,1763710699311489327,1763710699311504777,15450,15.45,368261,368.261
2,331,1763710699411121655,1763710699411467571,1763710699411483400,15829,15.829,345916,345.916
2,332,1763710699511123773,1763710699511485242,1763710699511499957,14715,14.715,361469,361.469
2,333,1763710699611129037,1763710699611564855,1763710699611581403,16548,16.548,435818,435.818
2,334,1763710699711123979,1763710699711503629,1763710699711519208,15579,15.579,379650,379.65
2,335,1763710699811129905,1763710699811572524,1763710699811588547,16023,16.023,442619,442.619
2,336,1763710699911132335,1763710699911518410,1763710699911533389,14979,14.979,386075,386.075
2,337,1763710700011135757,1763710700011568157,1763710700011585045,16888,16.888,432400,432.4
2,338,1763710700111125279,1763710700111556182,1763710700111570627,14445,14.445,430903,430.903
2,339,1763710700211160478,1763710700211676123,1763710700211693127,17004,17.004,515645,515.645
2,340,1763710700311172318,1763710700311611221,1763710700311630753,19532,19.532,438903,438.903
2,341,1763710700411141260,1763710700411723539,1763710700411742398,18859,18.859,582279,582.279
2,342,1763710700511134449,1763710700511520950,1763710700511539192,18242,18.242,386501,386.501
2,343,1763710700611135435,1763710700611655141,1763710700611695270,40129,40.129,519706,519.706
2,344,1763710700711128338,1763710700711537741,1763710700711557758,20017,20.017,409403,409.403
2,345,1763710700811129325,1763710700811531805,1763710700811551381,19576,19.576,402480,402.48
2,346,1763710700911131114,1763710700911530745,1763710700911547208,16463,16.463,399631,399.631
2,347,1763710701011128797,1763710701011549335,1763710701011564949,15614,15.614,420538,420.538
2,348,1763710701111145824,1763710701111547166,1763710701111562822,15656,15.656,401342,401.342
2,349,1763710701211136394,1763710701211641849,1763710701211658023,16174,16.174,505455,505.455
2,350,1763710701311136130,1763710701311585808,1763710701311601291,15483,15.483,449678,449.678
2,351,1763710701411133716,1763710701411475448,1763710701411491816,16368,16.368,341732,341.732
2,352,1763710701511133520,1763710701511503705,1763710701511520734,17029,17.029,370185,370.185
2,353,1763710701611145436,1763710701611493136,1763710701611509785,16649,16.649,347700,347.7
2,354,1763710701711139702,1763710701711526346,1763710701711543994,17648,17.648,386644,386.644
2,355,1763710701811159975,1763710701811527734,1763710701811544534,16800,16.8,367759,367.759
2,356,1763710701911162679,1763710701911602438,1763710701911622610,20172,20.172,439759,439.759
2,357,1763710702011156291,1763710702011512221,1763710702011527169,14948,14.948,355930,355.93
2,358,1763710702111126956,1763710702111988484,1763710702112006999,18515,18.515,861528,861.528
2,359,1763710702211161326,1763710702212022510,1763710702212038840,16330,16.33,861184,861.184
2,360,1763710702311128971,1763710702311430042,1763710702311445018,14976,14.976,301071,301.071
2,361,1763710702411128960,1763710702411437814,1763710702411451492,13678,13.678,308854,308.854
2,362,1763710702511128100,1763710702511425827,1763710702511443494,17667,17.667,297727,297.727
2,363,1763710702611120956,1763710702611402382,1763710702611416367,13985,13.985,281426,281.426
2,364,1763710702711123495,1763710702711400316,1763710702711412833,12517,12.517,276821,276.821
2,365,1763710702811229163,1763710702811594191,1763710702811620081,25890,25.89,365028,365.028
2,366,1763710702911133078,1763710702911432207,1763710702911447051,14844,14.844,299129,299.129
2,367,1763710703011127376,1763710703011418006,1763710703011432789,14783,14.783,290630,290.63
2,368,1763710703111121777,1763710703111404514,1763710703111418008,13494,13.494,282737,282.737
2,369,1763710703211130695,1763710703211730955,1763710703211743903,12948,12.948,600260,600.26
2,370,1763710703311133719,1763710703311618622,1763710703311633457,14835,14.835,484903,484.903
2,371,1763710703411143155,1763710703411515210,1763710703411531073,15863,15.863,372055,372.055
2,372,1763710703511134538,1763710703511490880,1763710703511508537,17657,17.657,356342,356.342
2,373,1763710703611127345,1763710703611481417,1763710703611497404,15987,15.987,354072,354.072
2,374,1763710703711129764,1763710703711504553,1763710703711523263,18710,18.71,374789,374.789
2,375,1763710703811135802,1763710703811617981,1763710703811641443,23462,23.462,482179,482.179
2,376,1763710703911128230,1763710703911495123,1763710703911511570,16447,16.447,366893,366.893
2,377,1763710704011122954,1763710704011477661,1763710704011493147,15486,15.486,354707,354.707
2,378,1763710704111127474,1763710704111488350,1763710704111504242,15892,15.892,360876,360.876
2,379,1763710704211127844,1763710704211515316,1763710704211531614,16298,16.298,387472,387.472
2,380,1763710704311131662,1763710704311518810,1763710704311535137,16327,16.327,387148,387.148
2,381,1763710704411137538,1763710704411467075,1763710704411486333,19258,19.258,329537,329.537
2,382,1763710704511132903,1763710704511477093,1763710704511493135,16042,16.042,344190,344.19
2,383,1763710704611170541,1763710704611538379,1763710704611554636,16257,16.257,367838,367.838
2,384,1763710704711124905,1763710704711497285,1763710704711511573,14288,14.288,372380,372.38
2,385,1763710704811123124,1763710704811494056,1763710704811507954,13898,13.898,370932,370.932
2,386,1763710704911123245,1763710704911488693,1763710704911501983,13290,13.29,365448,365.448
2,387,1763710705011129340,1763710705011590050,1763710705011607287,17237,17.237,460710,460.71
2,388,1763710705111121628,1763710705111476871,1763710705111493133,16262,16.262,355243,355.243
2,389,1763710705211126212,1763710705211552100,1763710705211567621,15521,15.521,425888,425.888
2,390,1763710705311120779,1763710705311463024,1763710705311476703,13679,13.679,342245,342.245
2,391,1763710705411127316,1763710705411487433,1763710705411501945,14512,14.512,360117,360.117
2,392,1763710705511126696,1763710705511513280,1763710705511528432,15152,15.152,386584,386.584
2,393,1763710705611127637,1763710705611483252,1763710705611497730,14478,14.478,355615,355.615
2,394,1763710705711141902,1763710705711517772,1763710705711533370,15598,15.598,375870,375.87
2,395,1763710705811161219,1763710705811626815,1763710705811642640,15825,15.825,465596,465.596
2,396,1763710705911146438,1763710705911584606,1763710705911603308,18702,18.702,438168,438.168
2,397,1763710706011134458,1763710706011546603,1763710706011569553,22950,22.95,412145,412.145
2,398,1763710706111130299,1763710706111450604,1763710706111465466,14862,14.862,320305,320.305
2,399,1763710706211142023,1763710706211555552,1763710706211575063,19511,19.511,413529,413.529
2,400,1763710706311131985,1763710706311459504,1763710706311473222,13718,13.718,327519,327.519
2,401,1763710706411130360,1763710706411529972,1763710706411544084,14112,14.112,399612,399.612
2,402,1763710706511131598,1763710706511436396,1763710706511451320,14924,14.924,304798,304.798
2,403,1763710706611141634,1763710706611559510,1763710706611574029,14519,14.519,417876,417.876
2,404,1763710706711140973,1763710706711455199,1763710706711471539,16340,16.34,314226,314.226
2,405,1763710706811137011,1763710706811583078,1763710706811601383,18305,18.305,446067,446.067
2,406,1763710706911138676,1763710706911432360,1763710706911446689,14329,14.329,293684,293.684
2,407,1763710707011131382,1763710707011457207,1763710707011472834,15627,15.627,325825,325.825
2,408,1763710707111131953,1763710707111427245,1763710707111442718,15473,15.473,295292,295.292
2,409,1763710707211140384,1763710707211496373,1763710707211512679,16306,16.306,355989,355.989
2,410,1763710707311129596,1763710707311414327,1763710707311427971,13644,13.644,284731,284.731
2,411,1763710707411122612,1763710707411409662,1763710707411423744,14082,14.082,287050,287.05
2,412,1763710707511131398,1763710707511419689,1763710707511433032,13343,13.343,288291,288.291
2,413,1763710707611133790,1763710707611807566,1763710707611820691,13125,13.125,673776,673.776
2,414,1763710707711153354,1763710707711902149,1763710707711918768,16619,16.619,748795,748.795
2,415,1763710707811149159,1763710707811660708,1763710707811683095,22387,22.387,511549,511.549
2,416,1763710707911156435,1763710707911703329,1763710707911717167,13838,13.838,546894,546.894
2,417,1763710708011125116,1763710708011473349,1763710708011487495,14146,14.146,348233,348.233
2,418,1763710708111126502,1763710708111494459,1763710708111509351,14892,14.892,367957,367.957
2,419,1763710708211121689,1763710708211461810,1763710708211475502,13692,13.692,340121,340.121
2,420,1763710708311120885,1763710708311511111,1763710708311527836,16725,16.725,390226,390.226
2,421,1763710708411125568,1763710708411466721,1763710708411480921,14200,14.2,341153,341.153
2,422,1763710708511122595,1763710708511467211,1763710708511481273,14062,14.062,344616,344.616
2,423,1763710708611120748,1763710708611460193,1763710708611473478,13285,13.285,339445,339.445
2,424,1763710708711124208,1763710708711502445,1763710708711517408,14963,14.963,378237,378.237
2,425,1763710708811122889,1763710708811460549,1763710708811475289,14740,14.74,337660,337.66
2,426,1763710708911127068,1763710708911478544,1763710708911494006,15462,15.462,351476,351.476
2,427,1763710709011119755,1763710709011455308,1763710709011469061,13753,13.753,335553,335.553
2,428,1763710709111129929,1763710709111471509,1763710709111485298,13789,13.789,341580,341.58
2,429,1763710709211136964,1763710709211568631,1763710709211584917,16286,16.286,431667,431.667
2,430,1763710709311122635,1763710709311487065,1763710709311501986,14921,14.921,364430,364.43
2,431,1763710709411122486,1763710709411496129,1763710709411513487,17358,17.358,373643,373.643
2,432,1763710709511123623,1763710709511510118,1763710709511525928,15810,15.81,386495,386.495
2,433,1763710709611124318,1763710709611506568,1763710709611522542,15974,15.974,382250,382.25
2,434,1763710709711120120,1763710709711487966,1763710709711504804,16838,16.838,367846,367.846
2,435,1763710709811122417,1763710709811491347,1763710709811507282,15935,15.935,368930,368.93
2,436,1763710709911144898,1763710709911679776,1763710709911699908,20132,20.132,534878,534.878
2,437,1763710710011130959,1763710710011504962,1763710710011526588,21626,21.626,374003,374.003
2,438,1763710710111131940,1763710710111523492,1763710710111538851,15359,15.359,391552,391.552
2,439,1763710710211130503,1763710710211470593,1763710710211484833,14240,14.24,340090,340.09
2,440,1763710710311128461,1763710710311445664,1763710710311461563,15899,15.899,317203,317.203
2,441,1763710710411134245,1763710710411497613,1763710710411514666,17053,17.053,363368,363.368
2,442,1763710710511131013,1763710710511466638,1763710710511480269,13631,13.631,335625,335.625
2,443,1763710710611126682,1763710710611454092,1763710710611468376,14284,14.284,327410,327.41
2,444,1763710710711130663,1763710710711444140,1763710710711459123,14983,14.983,313477,313.477
2,445,1763710710811129015,1763710710811504822,1763710710811519665,14843,14.843,375807,375.807
2,446,1763710710911130149,1763710710911441152,1763710710911453754,12602,12.602,311003,311.003
2,447,1763710711011168422,1763710711011820720,1763710711011848649,27929,27.929,652298,652.298
2,448,1763710711111143013,1763710711111491921,1763710711111507809,15888,15.888,348908,348.908
2,449,1763710711211133028,1763710711211449593,1763710711211464949,15356,15.356,316565,316.565
2,450,1763710711311142470,1763710711311506747,1763710711311522109,15362,15.362,364277,364.277
2,451,1763710711411128319,1763710711411413434,1763710711411426459,13025,13.025,285115,285.115
2,452,1763710711511129122,1763710711511414138,1763710711511427372,13234,13.234,285016,285.016
2,453,1763710711611137072,1763710711611442623,1763710711611456805,14182,14.182,305551,305.551
2,454,1763710711711138450,1763710711711453271,1763710711711467846,14575,14.575,314821,314.821
2,455,1763710711811135693,1763710711811437104,1763710711811452770,15666,15.666,301411,301.411
2,456,1763710711911133167,1763710711911429383,1763710711911443916,14533,14.533,296216,296.216
2,457,1763710712011147132,1763710712011434349,1763710712011448517,14168,14.168,287217,287.217
2,458,1763710712111146792,1763710712111519547,1763710712111533913,14366,14.366,372755,372.755
2,459,1763710712211139880,1763710712211604205,1763710712211625038,20833,20.833,464325,464.325
2,460,1763710712311130298,1763710712311500349,1763710712311516864,16515,16.515,370051,370.051
2,461,1763710712411138946,1763710712411498326,1763710712411514740,16414,16.414,359380,359.38
2,462,1763710712511133415,1763710712511456261,1763710712511474578,18317,18.317,322846,322.846
2,463,1763710712611157160,1763710712611521261,1763710712611548439,27178,27.178,364101,364.101
2,464,1763710712711145097,1763710712711517123,1763710712711538941,21818,21.818,372026,372.026
2,465,1763710712811141598,1763710712811478238,1763710712811502482,24244,24.244,336640,336.64
2,466,1763710712911153573,1763710712911497010,1763710712911513893,16883,16.883,343437,343.437
2,467,1763710713011147037,1763710713011586557,1763710713011602907,16350,16.35,439520,439.52
2,468,1763710713111154039,1763710713111485949,1763710713111500175,14226,14.226,331910,331.91
2,469,1763710713211128745,1763710713211449659,1763710713211464060,14401,14.401,320914,320.914
2,470,1763710713311214415,1763710713312169492,1763710713312190893,21401,21.401,955077,955.077
2,471,1763710713411123368,1763710713411448668,1763710713411464151,15483,15.483,325300,325.3
2,472,1763710713511123418,1763710713511471762,1763710713511486030,14268,14.268,348344,348.344
2,473,1763710713611119865,1763710713611496071,1763710713611511197,15126,15.126,376206,376.206
2,474,1763710713711120854,1763710713711471065,1763710713711484472,13407,13.407,350211,350.211
2,475,1763710713811124359,1763710713811550860,1763710713811570058,19198,19.198,426501,426.501
2,476,1763710713911125458,1763710713911470605,1763710713911483379,12774,12.774,345147,345.147
2,477,1763710714011123026,1763710714011507175,1763710714011522915,15740,15.74,384149,384.149
2,478,1763710714111123327,1763710714111505964,1763710714111521474,15510,15.51,382637,382.637
2,479,1763710714211125005,1763710714211464294,1763710714211478963,14669,14.669,339289,339.289
2,480,1763710714311121723,1763710714311489050,1763710714311505006,15956,15.956,367327,367.327
2,481,1763710714411127859,1763710714411514898,1763710714411530164,15266,15.266,387039,387.039
2,482,1763710714511133457,1763710714511515429,1763710714511530588,15159,15.159,381972,381.972
2,483,1763710714611124341,1763710714611523435,1763710714611541054,17619,17.619,399094,399.094
2,484,1763710714711124391,1763710714711473334,1763710714711490189,16855,16.855,348943,348.943
2,485,1763710714811127392,1763710714811519809,1763710714811537975,18166,18.166,392417,392.417
2,486,1763710714911123901,1763710714911531154,1763710714911547422,16268,16.268,407253,407.253
2,487,1763710715011123717,1763710715011517020,1763710715011535361,18341,18.341,393303,393.303
2,488,1763710715111127193,1763710715111510289,1763710715111526657,16368,16.368,383096,383.096
2,489,1763710715211126779,1763710715211500532,1763710715211518347,17815,17.815,373753,373.753
2,490,1763710715311122755,1763710715311499538,1763710715311518438,18900,18.9,376783,376.783
2,491,1763710715411121197,1763710715411471394,1763710715411486762,15368,15.368,350197,350.197
2,492,1763710715511122391,1763710715511482432,1763710715511495914,13482,13.482,360041,360.041
2,493,1763710715611121430,1763710715611468918,1763710715611487695,18777,18.777,347488,347.488
2,494,1763710715711127432,1763710715711469772,1763710715711486724,16952,16.952,342340,342.34
2,495,1763710715811138374,1763710715811491475,1763710715811508410,16935,16.935,353101,353.101
2,496,1763710715911123326,1763710715911523711,1763710715911538892,15181,15.181,400385,400.385
2,497,1763710716011123361,1763710716011482294,1763710716011496280,13986,13.986,358933,358.933
2,498,1763710716111119482,1763710716111476231,1763710716111491247,15016,15.016,356749,356.749
2,499,1763710716211127362,1763710716211527794,1763710716211543503,15709,15.709,400432,400.432
2,500,1763710716311124559,1763710716311499458,1763710716311514545,15087,15.087,374899,374.899
2,501,1763710716411130307,1763710716411608961,1763710716411628458,19497,19.497,478654,478.654
2,502,1763710716511129311,1763710716511604201,1763710716511623246,19045,19.045,474890,474.89
2,503,1763710716611151408,1763710716611534880,1763710716611552926,18046,18.046,383472,383.472
2,504,1763710716711134563,1763710716711536646,1763710716711553918,17272,17.272,402083,402.083
2,505,1763710716811154317,1763710716811645869,1763710716811660168,14299,14.299,491552,491.552
2,506,1763710716911137878,1763710716911587744,1763710716911602899,15155,15.155,449866,449.866
2,507,1763710717011128430,1763710717011715762,1763710717011731908,16146,16.146,587332,587.332
2,508,1763710717111126182,1763710717111457265,1763710717111472504,15239,15.239,331083,331.083
2,509,1763710717211131181,1763710717211663196,1763710717211685469,22273,22.273,532015,532.015
2,510,1763710717311130710,1763710717311557879,1763710717311578188,20309,20.309,427169,427.169
2,511,1763710717411128756,1763710717411617743,1763710717411639867,22124,22.124,488987,488.987
2,512,1763710717511129598,1763710717511631604,1763710717511660134,28530,28.53,502006,502.006
2,513,1763710717611126207,1763710717611525615,1763710717611550483,24868,24.868,399408,399.408
2,514,1763710717711127905,1763710717711774245,1763710717711798122,23877,23.877,646340,646.34
2,515,1763710717811127087,1763710717811552872,1763710717811570456,17584,17.584,425785,425.785
2,516,1763710717911127411,1763710717911561317,1763710717911579899,18582,18.582,433906,433.906
2,517,1763710718011130281,1763710718011551615,1763710718011576791,25176,25.176,421334,421.334
2,518,1763710718111123036,1763710718111471940,1763710718111486403,14463,14.463,348904,348.904
2,519,1763710718211129468,1763710718211463396,1763710718211480240,16844,16.844,333928,333.928
2,520,1763710718311132066,1763710718311527745,1763710718311556357,28612,28.612,395679,395.679
2,521,1763710718411154094,1763710718411536899,1763710718411556077,19178,19.178,382805,382.805
2,522,1763710718511143208,1763710718511497384,1763710718511520563,23179,23.179,354176,354.176
2,523,1763710718611155226,1763710718611515971,1763710718611538044,22073,22.073,360745,360.745
2,524,1763710718711125511,1763710718711477682,1763710718711495444,17762,17.762,352171,352.171
2,525,1763710718811124376,1763710718811412133,1763710718811426460,14327,14.327,287757,287.757
2,526,1763710718911131533,1763710718911464217,1763710718911478817,14600,14.6,332684,332.684
2,527,1763710719011131802,1763710719011551923,1763710719011573694,21771,21.771,420121,420.121
2,528,1763710719111140020,1763710719111810996,1763710719111827001,16005,16.005,670976,670.976
2,529,1763710719211131104,1763710719211597880,1763710719211612228,14348,14.348,466776,466.776
2,530,1763710719311125047,1763710719311573329,1763710719311589864,16535,16.535,448282,448.282
2,531,1763710719411120401,1763710719411457923,1763710719411472426,14503,14.503,337522,337.522
2,532,1763710719511122377,1763710719511621734,1763710719511637168,15434,15.434,499357,499.357
2,533,1763710719611129323,1763710719611598182,1763710719611615175,16993,16.993,468859,468.859
2,534,1763710719711125850,1763710719711605146,1763710719711620004,14858,14.858,479296,479.296
2,535,1763710719811122064,1763710719811546822,1763710719811563538,16716,16.716,424758,424.758
2,536,1763710719911120830,1763710719911464437,1763710719911477847,13410,13.41,343607,343.607
2,537,1763710720011123888,1763710720011502914,1763710720011517741,14827,14.827,379026,379.026
2,538,1763710720111203411,1763710720111656805,1763710720111681074,24269,24.269,453394,453.394
2,539,1763710720211135692,1763710720211630785,1763710720211651690,20905,20.905,495093,495.093
2,540,1763710720311136830,1763710720311489086,1763710720311505136,16050,16.05,352256,352.256
2,541,1763710720411130401,1763710720411492046,1763710720411507400,15354,15.354,361645,361.645
2,542,1763710720511122577,1763710720511479969,1763710720511494129,14160,14.16,357392,357.392
2,543,1763710720611125668,1763710720611453856,1763710720611475032,21176,21.176,328188,328.188
2,544,1763710720711130988,1763710720711537217,1763710720711557152,19935,19.935,406229,406.229
2,545,1763710720811125101,1763710720811560912,1763710720811581700,20788,20.788,435811,435.811
2,546,1763710720911131956,1763710720911464948,1763710720911480086,15138,15.138,332992,332.992
2,547,1763710721011123389,1763710721011466296,1763710721011488823,22527,22.527,342907,342.907
2,548,1763710721111130917,1763710721111491632,1763710721111510725,19093,19.093,360715,360.715
2,549,1763710721211124042,1763710721211449930,1763710721211469175,19245,19.245,325888,325.888
2,550,1763710721311122042,1763710721311465497,1763710721311482625,17128,17.128,343455,343.455
2,551,1763710721411132554,1763710721411639140,1763710721411657547,18407,18.407,506586,506.586
2,552,1763710721511123949,1763710721511427848,1763710721511442434,14586,14.586,303899,303.899
2,553,1763710721611129070,1763710721611493531,1763710721611508931,15400,15.4,364461,364.461
2,554,1763710721711138412,1763710721711536721,1763710721711552793,16072,16.072,398309,398.309
2,555,1763710721811130589,1763710721811467210,1763710721811484435,17225,17.225,336621,336.621
2,556,1763710721911127073,1763710721911420756,1763710721911434587,13831,13.831,293683,293.683
2,557,1763710722011129894,1763710722011452591,1763710722011471414,18823,18.823,322697,322.697
2,558,1763710722111124907,1763710722111493242,1763710722111508536,15294,15.294,368335,368.335
2,559,1763710722211139066,1763710722211458762,1763710722211475324,16562,16.562,319696,319.696
2,560,1763710722311129851,1763710722311421692,1763710722311437540,15848,15.848,291841,291.841
2,561,1763710722411127806,1763710722411414058,1763710722411427916,13858,13.858,286252,286.252
2,562,1763710722511126476,1763710722511416260,1763710722511431388,15128,15.128,289784,289.784
2,563,1763710722611131061,1763710722611437969,1763710722611453687,15718,15.718,306908,306.908
2,564,1763710722711146316,1763710722711506576,1763710722711522384,15808,15.808,360260,360.26
2,565,1763710722811130672,1763710722811591024,1763710722811609020,17996,17.996,460352,460.352
2,566,1763710722911129085,1763710722911622279,1763710722911641633,19354,19.354,493194,493.194
2,567,1763710723011132954,1763710723011630392,1763710723011652348,21956,21.956,497438,497.438
2,568,1763710723111126446,1763710723111488570,1763710723111511336,22766,22.766,362124,362.124
2,569,1763710723211130200,1763710723211579601,1763710723211600728,21127,21.127,449401,449.401
2,570,1763710723311139594,1763710723311615083,1763710723311637007,21924,21.924,475489,475.489
2,571,1763710723411128134,1763710723411553491,1763710723411575405,21914,21.914,425357,425.357
2,572,1763710723511130284,1763710723511647420,1763710723511676775,29355,29.355,517136,517.136
2,573,1763710723611142171,1763710723611594338,1763710723611614919,20581,20.581,452167,452.167
2,574,1763710723711151373,1763710723711621445,1763710723711646222,24777,24.777,470072,470.072
2,575,1763710723811133772,1763710723811522126,1763710723811542244,20118,20.118,388354,388.354
2,576,1763710723911160775,1763710723911622854,1763710723911642783,19929,19.929,462079,462.079
2,577,1763710724011134021,1763710724011468963,1763710724011486030,17067,17.067,334942,334.942
2,578,1763710724111152321,1763710724111472218,1763710724111487197,14979,14.979,319897,319.897
2,579,1763710724211183935,1763710724211536290,1763710724211549816,13526,13.526,352355,352.355
2,580,1763710724311160022,1763710724311581339,1763710724311602230,20891,20.891,421317,421.317
2,581,1763710724411155889,1763710724411548073,1763710724411566060,17987,17.987,392184,392.184
2,582,1763710724511151388,1763710724511562718,1763710724511588364,25646,25.646,411330,411.33
2,583,1763710724611186356,1763710724611564209,1763710724611582146,17937,17.937,377853,377.853
2,584,1763710724711139456,1763710724711766752,1763710724711781887,15135,15.135,627296,627.296
2,585,1763710724811151026,1763710724811527954,1763710724811542861,14907,14.907,376928,376.928
2,586,1763710724911197437,1763710724911524572,1763710724911539219,14647,14.647,327135,327.135
2,587,1763710725011134852,1763710725011550807,1763710725011562893,12086,12.086,415955,415.955
2,588,1763710725111161529,1763710725111688627,1763710725111702240,13613,13.613,527098,527.098
2,589,1763710725211123006,1763710725211521860,1763710725211536408,14548,14.548,398854,398.854
2,590,1763710725311133473,1763710725311651598,1763710725311674103,22505,22.505,518125,518.125
2,591,1763710725411121632,1763710725411463137,1763710725411477533,14396,14.396,341505,341.505
2,592,1763710725511134103,1763710725511584163,1763710725511601762,17599,17.599,450060,450.06
2,593,1763710725611140591,1763710725611582590,1763710725611598416,15826,15.826,441999,441.999
2,594,1763710725711132750,1763710725711521664,1763710725711535740,14076,14.076,388914,388.914
2,595,1763710725811124303,1763710725811533597,1763710725811552378,18781,18.781,409294,409.294
2,596,1763710725911140017,1763710725911531838,1763710725911551546,19708,19.708,391821,391.821
2,597,1763710726011162941,1763710726011584069,1763710726011604132,20063,20.063,421128,421.128
2,598,1763710726111130980,1763710726111538989,1763710726111558714,19725,19.725,408009,408.009
2,599,1763710726211127943,1763710726211531722,1763710726211554310,22588,22.588,403779,403.779
2,600,1763710726311150408,1763710726311606983,1763710726311626985,20002,20.002,456575,456.575
2,601,1763710726411116186,1763710726411451380,1763710726411479225,27845,27.845,335194,335.194
2,602,1763710726511137269,1763710726511587231,1763710726511606934,19703,19.703,449962,449.962
2,603,1763710726611121009,1763710726611444834,1763710726611459419,14585,14.585,323825,323.825
2,604,1763710726711128456,1763710726711623898,1763710726711640710,16812,16.812,495442,495.442
2,605,1763710726811138037,1763710726811613191,1763710726811630876,17685,17.685,475154,475.154
2,606,1763710726911135633,1763710726911514050,1763710726911529602,15552,15.552,378417,378.417
2,607,1763710727011150100,1763710727011690980,1763710727011713764,22784,22.784,540880,540.88
2,608,1763710727111156812,1763710727111618854,1763710727111635819,16965,16.965,462042,462.042
2,609,1763710727211184128,1763710727211786126,1763710727211811018,24892,24.892,601998,601.998
2,610,1763710727311143044,1763710727311721143,1763710727311748222,27079,27.079,578099,578.099
2,611,1763710727411126359,1763710727411583339,1763710727411599353,16014,16.014,456980,456.98
2,612,1763710727511149192,1763710727511576643,1763710727511592552,15909,15.909,427451,427.451
2,613,1763710727611129345,1763710727611651648,1763710727611674392,22744,22.744,522303,522.303
2,614,1763710727711130458,1763710727711643184,1763710727711660840,17656,17.656,512726,512.726
2,615,1763710727811141193,1763710727811722946,1763710727811743121,20175,20.175,581753,581.753
2,616,1763710727911149107,1763710727911606502,1763710727911623186,16684,16.684,457395,457.395
2,617,1763710728011161042,1763710728011937317,1763710728011971487,34170,34.17,776275,776.275
2,618,1763710728111121411,1763710728111471578,1763710728111486613,15035,15.035,350167,350.167
2,619,1763710728211147517,1763710728211645324,1763710728211698843,53519,53.519,497807,497.807
2,620,1763710728311138867,1763710728311595154,1763710728311612955,17801,17.801,456287,456.287
2,621,1763710728411163221,1763710728411627066,1763710728411648135,21069,21.069,463845,463.845
2,622,1763710728511201446,1763710728511696142,1763710728511715357,19215,19.215,494696,494.696
2,623,1763710728611159908,1763710728611773129,1763710728611791281,18152,18.152,613221,613.221
2,624,1763710728711133576,1763710728711584945,1763710728711607535,22590,22.59,451369,451.369
2,625,1763710728811132400,1763710728811710415,1763710728811737644,27229,27.229,578015,578.015
2,626,1763710728911175816,1763710728911733772,1763710728911765698,31926,31.926,557956,557.956
2,627,1763710729011135305,1763710729011623230,1763710729011656515,33285,33.285,487925,487.925
2,628,1763710729111156155,1763710729111584461,1763710729111604359,19898,19.898,428306,428.306
2,629,1763710729211135698,1763710729211589290,1763710729211609558,20268,20.268,453592,453.592
2,630,1763710729311141494,1763710729311709996,1763710729311732991,22995,22.995,568502,568.502
2,631,1763710729411173631,1763710729411828143,1763710729411851165,23022,23.022,654512,654.512
2,632,1763710729511117862,1763710729511546800,1763710729511577125,30325,30.325,428938,428.938
2,633,1763710729611161154,1763710729611748603,1763710729611771823,23220,23.22,587449,587.449
2,634,1763710729711156761,1763710729711632585,1763710729711655432,22847,22.847,475824,475.824
2,635,1763710729811132575,1763710729811592188,1763710729811613133,20945,20.945,459613,459.613
2,636,1763710729911141095,1763710729911573433,1763710729911594781,21348,21.348,432338,432.338
2,637,1763710730011153847,1763710730011812643,1763710730011848940,36297,36.297,658796,658.796
2,638,1763710730111135812,1763710730111461607,1763710730111477105,15498,15.498,325795,325.795
2,639,1763710730211146189,1763710730211528922,1763710730211547658,18736,18.736,382733,382.733
2,640,1763710730311139903,1763710730311516571,1763710730311539403,22832,22.832,376668,376.668
2,641,1763710730411126343,1763710730411452368,1763710730411466550,14182,14.182,326025,326.025
2,642,1763710730511164508,1763710730511546043,1763710730511563519,17476,17.476,381535,381.535
2,643,1763710730611143702,1763710730611494144,1763710730611510973,16829,16.829,350442,350.442
2,644,1763710730711149988,1763710730711532574,1763710730711556591,24017,24.017,382586,382.586
2,645,1763710730811142788,1763710730811562351,1763710730811580398,18047,18.047,419563,419.563
2,646,1763710730911161492,1763710730911602112,1763710730911620019,17907,17.907,440620,440.62
2,647,1763710731011167555,1763710731011639140,1763710731011656304,17164,17.164,471585,471.585
2,648,1763710731111139764,1763710731111487202,1763710731111501916,14714,14.714,347438,347.438
2,649,1763710731211136689,1763710731211476132,1763710731211491863,15731,15.731,339443,339.443
2,650,1763710731311124539,1763710731311439642,1763710731311455753,16111,16.111,315103,315.103
2,651,1763710731411156845,1763710731411523243,1763710731411540662,17419,17.419,366398,366.398
2,652,1763710731511132761,1763710731511432253,1763710731511450843,18590,18.59,299492,299.492
2,653,1763710731611136990,1763710731611453143,1763710731611469706,16563,16.563,316153,316.153
2,654,1763710731711138088,1763710731711493803,1763710731711509914,16111,16.111,355715,355.715
2,655,1763710731811131053,1763710731811453622,1763710731811475949,22327,22.327,322569,322.569
2,656,1763710731911140904,1763710731911502598,1763710731911519962,17364,17.364,361694,361.694
2,657,1763710732011218502,1763710732011744308,1763710732011774619,30311,30.311,525806,525.806
2,658,1763710732111133152,1763710732111794248,1763710732111812098,17850,17.85,661096,661.096
2,659,1763710732211144667,1763710732211587313,1763710732211607320,20007,20.007,442646,442.646
2,660,1763710732311126412,1763710732311675912,1763710732311693672,17760,17.76,549500,549.5
2,661,1763710732411145253,1763710732411601490,1763710732411621366,19876,19.876,456237,456.237
2,662,1763710732511121526,1763710732511529464,1763710732511556138,26674,26.674,407938,407.938
2,663,1763710732611147782,1763710732611595474,1763710732611614717,19243,19.243,447692,447.692
2,664,1763710732711147470,1763710732711734969,1763710732711761000,26031,26.031,587499,587.499
2,665,1763710732811122714,1763710732811507056,1763710732811522572,15516,15.516,384342,384.342
2,666,1763710732911168387,1763710732911625945,1763710732911642936,16991,16.991,457558,457.558
2,667,1763710733011167887,1763710733011625246,1763710733011644737,19491,19.491,457359,457.359
2,668,1763710733111155769,1763710733111647776,1763710733111672625,24849,24.849,492007,492.007
2,669,1763710733211151194,1763710733211643795,1763710733211661166,17371,17.371,492601,492.601
2,670,1763710733311167063,1763710733311779953,1763710733311808427,28474,28.474,612890,612.89
2,671,1763710733411127453,1763710733411576015,1763710733411593350,17335,17.335,448562,448.562
2,672,1763710733511133755,1763710733511641970,1763710733511664023,22053,22.053,508215,508.215
2,673,1763710733611137744,1763710733611718688,1763710733611734261,15573,15.573,580944,580.944
2,674,1763710733711158004,1763710733711689907,1763710733711708016,18109,18.109,531903,531.903
2,675,1763710733811141547,1763710733811729758,1763710733811750112,20354,20.354,588211,588.211
2,676,1763710733911216459,1763710733911844322,1763710733911868888,24566,24.566,627863,627.863
2,677,1763710734011311780,1763710734012317892,1763710734012351853,33961,33.961,1006112,1006.11
2,678,1763710734111127834,1763710734111610842,1763710734111627263,16421,16.421,483008,483.008
2,679,1763710734211129398,1763710734211559560,1763710734211579452,19892,19.892,430162,430.162
2,680,1763710734311157987,1763710734311701191,1763710734311724483,23292,23.292,543204,543.204
2,681,1763710734411142281,1763710734411581965,1763710734411602811,20846,20.846,439684,439.684
2,682,1763710734511153289,1763710734511780666,1763710734511807854,27188,27.188,627377,627.377
2,683,1763710734611131144,1763710734611512283,1763710734611534934,22651,22.651,381139,381.139
2,684,1763710734711151330,1763710734711717715,1763710734711741784,24069,24.069,566385,566.385
2,685,1763710734811135644,1763710734811510889,1763710734811533988,23099,23.099,375245,375.245
2,686,1763710734911157917,1763710734911677879,1763710734911698103,20224,20.224,519962,519.962
2,687,1763710735011150769,1763710735011548683,1763710735011568852,20169,20.169,397914,397.914
2,688,1763710735111167683,1763710735111696977,1763710735111720151,23174,23.174,529294,529.294
2,689,1763710735211166385,1763710735211578511,1763710735211599004,20493,20.493,412126,412.126
2,690,1763710735311177372,1763710735312026640,1763710735312054276,27636,27.636,849268,849.268
2,691,1763710735411158434,1763710735411517536,1763710735411537665,20129,20.129,359102,359.102
2,692,1763710735511147409,1763710735511643286,1763710735511671384,28098,28.098,495877,495.877
2,693,1763710735611136690,1763710735611526448,1763710735611544643,18195,18.195,389758,389.758
2,694,1763710735711171140,1763710735711652249,1763710735711696033,43784,43.784,481109,481.109
2,695,1763710735811154872,1763710735811527303,1763710735811545930,18627,18.627,372431,372.431
2,696,1763710735911139980,1763710735911492738,1763710735911510879,18141,18.141,352758,352.758
2,697,1763710736011153409,1763710736011763610,1763710736011787388,23778,23.778,610201,610.201
2,698,1763710736111181119,1763710736111500384,1763710736111519654,19270,19.27,319265,319.265
2,699,1763710736211209636,1763710736211578442,1763710736211596536,18094,18.094,368806,368.806
2,700,1763710736311184417,1763710736311495462,1763710736311512394,16932,16.932,311045,311.045
2,701,1763710736411211906,1763710736411683956,1763710736411703947,19991,19.991,472050,472.05
2,702,1763710736511197229,1763710736512168182,1763710736512187063,18881,18.881,970953,970.953
2,703,1763710736611152749,1763710736611739789,1763710736611759925,20136,20.136,587040,587.04
2,704,1763710736711138900,1763710736711614252,1763710736711632602,18350,18.35,475352,475.352
2,705,1763710736811193057,1763710736811749322,1763710736811776747,27425,27.425,556265,556.265
2,706,1763710736911122965,1763710736911639042,1763710736911657784,18742,18.742,516077,516.077
2,707,1763710737011159502,1763710737011707294,1763710737011728999,21705,21.705,547792,547.792
2,708,1763710737111147403,1763710737111646330,1763710737111663828,17498,17.498,498927,498.927
2,709,1763710737211219769,1763710737211779195,1763710737211801266,22071,22.071,559426,559.426
2,710,1763710737311151974,1763710737311624165,1763710737311640726,16561,16.561,472191,472.191
2,711,1763710737411124686,1763710737411560517,1763710737411577573,17056,17.056,435831,435.831
2,712,1763710737511131001,1763710737511616085,1763710737511632074,15989,15.989,485084,485.084
2,713,1763710737611220339,1763710737611714935,1763710737611732555,17620,17.62,494596,494.596
2,714,1763710737711171327,1763710737711661900,1763710737711681758,19858,19.858,490573,490.573
2,715,1763710737811151794,1763710737811767940,1763710737811784241,16301,16.301,616146,616.146
2,716,1763710737911161306,1763710737911801424,1763710737911824543,23119,23.119,640118,640.118
2,717,1763710738011175818,1763710738011997887,1763710738012043287,45400,45.4,822069,822.069
2,718,1763710738111151204,1763710738111749953,1763710738111776318,26365,26.365,598749,598.749
2,719,1763710738211155730,1763710738211739573,1763710738211763475,23902,23.902,583843,583.843
2,720,1763710738311159865,1763710738311789235,1763710738311814503,25268,25.268,629370,629.37
2,721,1763710738411155558,1763710738411964524,1763710738412005123,40599,40.599,808966,808.966
2,722,1763710738511200975,1763710738512095647,1763710738512146772,51125,51.125,894672,894.672
2,723,1763710738611216765,1763710738611857985,1763710738611884954,26969,26.969,641220,641.22
2,724,1763710738711162583,1763710738711872770,1763710738711903148,30378,30.378,710187,710.187
2,725,1763710738811152778,1763710738811757833,1763710738811783295,25462,25.462,605055,605.055
2,726,1763710738911171539,1763710738911869271,1763710738911894692,25421,25.421,697732,697.732
2,727,1763710739011175747,1763710739011798333,1763710739011824973,26640,26.64,622586,622.586
2,728,1763710739111152676,1763710739111768709,1763710739111793336,24627,24.627,616033,616.033
2,729,1763710739211164128,1763710739211714980,1763710739211744280,29300,29.3,550852,550.852
2,730,1763710739311161267,1763710739311717711,1763710739311749159,31448,31.448,556444,556.444
2,731,1763710739411151806,1763710739411563439,1763710739411587094,23655,23.655,411633,411.633
2,732,1763710739511155247,1763710739511590815,1763710739511613208,22393,22.393,435568,435.568
2,733,1763710739611162651,1763710739611590206,1763710739611610611,20405,20.405,427555,427.555
2,734,1763710739711170023,1763710739711535790,1763710739711558977,23187,23.187,365767,365.767
2,735,1763710739811158580,1763710739811962694,1763710739811988272,25578,25.578,804114,804.114
2,736,1763710739911179835,1763710739912098460,1763710739912118626,20166,20.166,918625,918.625
2,737,1763710740011178746,1763710740011711252,1763710740011732510,21258,21.258,532506,532.506
2,738,1763710740111155448,1763710740111581726,1763710740111606144,24418,24.418,426278,426.278
2,739,1763710740211159474,1763710740211789211,1763710740211816396,27185,27.185,629737,629.737
2,740,1763710740311165612,1763710740311655122,1763710740311692316,37194,37.194,489510,489.51
2,741,1763710740411208091,1763710740411680656,1763710740411706980,26324,26.324,472565,472.565
2,742,1763710740511225767,1763710740511716647,1763710740511742274,25627,25.627,490880,490.88
2,743,1763710740611221506,1763710740612244844,1763710740612266562,21718,21.718,1023338,1023.34
2,744,1763710740711174986,1763710740711947642,1763710740711974984,27342,27.342,772656,772.656
2,745,1763710740811168760,1763710740811872413,1763710740811902637,30224,30.224,703653,703.653
2,746,1763710740911173023,1763710740911858941,1763710740911882774,23833,23.833,685918,685.918
2,747,1763710741011166663,1763710741011994927,1763710741012029410,34483,34.483,828264,828.264
2,748,1763710741111186617,1763710741111905344,1763710741111935073,29729,29.729,718727,718.727
2,749,1763710741211144822,1763710741211859077,1763710741211889939,30862,30.862,714255,714.255
2,750,1763710741311188499,1763710741311892212,1763710741311915507,23295,23.295,703713,703.713
2,751,1763710741411141064,1763710741411807596,1763710741411830984,23388,23.388,666532,666.532
2,752,1763710741511148880,1763710741511718940,1763710741511749623,30683,30.683,570060,570.06
2,753,1763710741611133615,1763710741611670621,1763710741611696630,26009,26.009,537006,537.006
2,754,1763710741711148192,1763710741711746313,1763710741711775394,29081,29.081,598121,598.121
2,755,1763710741811144711,1763710741811684674,1763710741811708570,23896,23.896,539963,539.963
2,756,1763710741911151499,1763710741911832155,1763710741911854122,21967,21.967,680656,680.656
2,757,1763710742011185964,1763710742011750313,1763710742011773688,23375,23.375,564349,564.349
2,758,1763710742111161419,1763710742111842938,1763710742111870669,27731,27.731,681519,681.519
2,759,1763710742211139228,1763710742211701255,1763710742211725938,24683,24.683,562027,562.027
2,760,1763710742311136458,1763710742311680126,1763710742311702466,22340,22.34,543668,543.668
2,761,1763710742411138792,1763710742411663829,1763710742411688868,25039,25.039,525037,525.037
2,762,1763710742511157519,1763710742511945989,1763710742511975454,29465,29.465,788470,788.47
2,763,1763710742611153723,1763710742611900720,1763710742611924182,23462,23.462,746997,746.997
2,764,1763710742711144862,1763710742711753421,1763710742711779804,26383,26.383,608559,608.559
2,765,1763710742811154846,1763710742811738915,1763710742811760301,21386,21.386,584069,584.069
2,766,1763710742911164569,1763710742911840783,1763710742911862008,21225,21.225,676214,676.214
2,767,1763710743011211069,1763710743011781859,1763710743011804778,22919,22.919,570790,570.79
2,768,1763710743111144928,1763710743111892784,1763710743111911201,18417,18.417,747856,747.856
2,769,1763710743211151289,1763710743211753155,1763710743211782651,29496,29.496,601866,601.866
2,770,1763710743311153244,1763710743311926787,1763710743311953747,26960,26.96,773543,773.543
2,771,1763710743411147267,1763710743411714029,1763710743411738790,24761,24.761,566762,566.762
2,772,1763710743511143574,1763710743511697487,1763710743511717488,20001,20.001,553913,553.913
2,773,1763710743611159291,1763710743611759348,1763710743611781000,21652,21.652,600057,600.057
2,774,1763710743711144553,1763710743711707029,1763710743711726258,19229,19.229,562476,562.476
2,775,1763710743811161433,1763710743811764609,1763710743811789812,25203,25.203,603176,603.176
2,776,1763710743911146508,1763710743911817936,1763710743911840479,22543,22.543,671428,671.428
2,777,1763710744011155812,1763710744011732225,1763710744011756781,24556,24.556,576413,576.413
2,778,1763710744111152348,1763710744111728486,1763710744111761827,33341,33.341,576138,576.138
2,779,1763710744211147632,1763710744211715874,1763710744211742402,26528,26.528,568242,568.242
2,780,1763710744311149926,1763710744311755251,1763710744311788254,33003,33.003,605325,605.325
2,781,1763710744411167160,1763710744411693007,1763710744411718486,25479,25.479,525847,525.847
2,782,1763710744511140045,1763710744511513195,1763710744511531651,18456,18.456,373150,373.15
2,783,1763710744611147881,1763710744611489948,1763710744611513589,23641,23.641,342067,342.067
2,784,1763710744711121697,1763710744711784684,1763710744711804757,20073,20.073,662987,662.987
2,785,1763710744811150826,1763710744811879910,1763710744811896314,16404,16.404,729084,729.084
2,786,1763710744911151776,1763710744911799861,1763710744911815841,15980,15.98,648085,648.085
2,787,1763710745011139731,1763710745011694779,1763710745011717292,22513,22.513,555048,555.048
2,788,1763710745111166697,1763710745111785194,1763710745111810808,25614,25.614,618497,618.497
2,789,1763710745211146675,1763710745211726772,1763710745211748745,21973,21.973,580097,580.097
2,790,1763710745311151016,1763710745311956742,1763710745311981446,24704,24.704,805726,805.726
2,791,1763710745411165058,1763710745411789257,1763710745411808677,19420,19.42,624199,624.199
2,792,1763710745511158303,1763710745511673763,1763710745511694114,20351,20.351,515460,515.46
2,793,1763710745611150574,1763710745611623985,1763710745611643031,19046,19.046,473411,473.411
2,794,1763710745711161790,1763710745711658074,1763710745711690037