4,9,1763710669675053066,1763710669675368938,1763710669675386465,17527,17.527,315872,315.872
4,10,1763710669775065942,1763710669775488881,1763710669775506178,17297,17.297,422939,422.939
4,11,1763710669875138660,1763710669876371799,1763710669876399188,27389,27.389,1233139,1233.14
4,12,1763710669975090798,1763710669975506945,1763710669975530327,23382,23.382,416147,416.147
4,13,1763710670075068623,1763710670075407446,1763710670075425830,18384,18.384,338823,338.823
4,14,1763710670175073433,1763710670175510178,1763710670175532433,22255,22.255,436745,436.745
4,15,1763710670275063563,1763710670275386496,1763710670275403445,16949,16.949,322933,322.933
4,16,1763710670375061716,1763710670375457790,1763710670375481794,24004,24.004,396074,396.074
4,17,1763710670475060299,1763710670475394874,1763710670475411272,16398,16.398,334575,334.575
4,18,1763710670575095502,1763710670575414062,1763710670575432219,18157,18.157,318560,318.56
4,19,1763710670675086624,1763710670675528118,1763710670675547452,19334,19.334,441494,441.494
4,20,1763710670775091933,1763710670775487634,1763710670775506263,18629,18.629,395701,395.701
4,21,1763710670875131383,1763710670876209785,1763710670876240326,30541,30.541,1078402,1078.4
4,22,1763710670975071150,1763710670975545482,1763710670975569181,23699,23.699,474332,474.332
4,23,1763710671075083653,1763710671075433221,1763710671075452220,18999,18.999,349568,349.568
4,24,1763710671175064954,1763710671175444431,1763710671175461641,17210,17.21,379477,379.477
4,25,1763710671275057733,1763710671275447586,1763710671275467066,19480,19.48,389853,389.853
4,26,1763710671375116295,1763710671375588349,1763710671375612775,24426,24.426,472054,472.054
4,27,1763710671475068504,1763710671475405862,1763710671475425576,19714,19.714,337358,337.358
4,28,1763710671575073806,1763710671575409769,1763710671575428580,18811,18.811,335963,335.963
4,29,1763710671675064582,1763710671675367850,1763710671675386174,18324,18.324,303268,303.268
4,30,1763710671775057697,1763710671775352210,1763710671775369143,16933,16.933,294513,294.513
4,31,1763710671875060139,1763710671875359821,1763710671875378209,18388,18.388,299682,299.682
4,32,1763710671975064171,1763710671975409084,1763710671975428703,19619,19.619,344913,344.913
4,33,1763710672075062702,1763710672075378249,1763710672075395286,17037,17.037,315547,315.547
4,34,1763710672175059814,1763710672175393515,1763710672175409284,15769,15.769,333701,333.701
4,35,1763710672275069045,1763710672275394099,1763710672275409043,14944,14.944,325054,325.054
4,36,1763710672375063731,1763710672375390337,1763710672375404749,14412,14.412,326606,326.606
4,37,1763710672475095661,1763710672475489894,1763710672475504552,14658,14.658,394233,394.233
4,38,1763710672575058270,1763710672575377637,1763710672575393420,15783,15.783,319367,319.367
4,39,1763710672675060679,1763710672675364025,1763710672675383961,19936,19.936,303346,303.346
4,40,1763710672775059397,1763710672775370536,1763710672775389706,19170,19.17,311139,311.139
4,41,1763710672875057405,1763710672875347915,1763710672875362551,14636,14.636,290510,290.51
4,42,1763710672975061490,1763710672975353830,1763710672975369840,16010,16.01,292340,292.34
4,43,1763710673075067555,1763710673075365302,1763710673075384441,19139,19.139,297747,297.747
4,44,1763710673175057812,1763710673175370529,1763710673175386830,16301,16.301,312717,312.717
4,45,1763710673275061667,1763710673275368092,1763710673275385759,17667,17.667,306425,306.425
4,46,1763710673375068013,1763710673375367873,1763710673375383186,15313,15.313,299860,299.86
4,47,1763710673475074764,1763710673475421101,1763710673475438003,16902,16.902,346337,346.337
4,48,1763710673575088778,1763710673575737413,1763710673575751966,14553,14.553,648635,648.635
4,49,1763710673675098232,1763710673675868494,1763710673675885439,16945,16.945,770262,770.262
4,50,1763710673775056010,1763710673775413957,1763710673775430426,16469,16.469,357947,357.947
4,51,1763710673875068449,1763710673875477266,1763710673875495905,18639,18.639,408817,408.817
4,52,1763710673975068004,1763710673975398220,1763710673975417775,19555,19.555,330216,330.216
4,53,1763710674075088827,1763710674075440333,1763710674075458754,18421,18.421,351506,351.506
4,54,1763710674175098236,1763710674175425157,1763710674175443411,18254,18.254,326921,326.921
4,55,1763710674275062860,1763710674275377454,1763710674275395610,18156,18.156,314594,314.594
4,56,1763710674375077091,1763710674375488160,1763710674375506327,18167,18.167,411069,411.069
4,57,1763710674475126069,1763710674475486742,1763710674475505810,19068,19.068,360673,360.673
4,58,1763710674575055472,1763710674575359260,1763710674575377317,18057,18.057,303788,303.788
4,59,1763710674675083187,1763710674675378885,1763710674675395617,16732,16.732,295698,295.698
4,60,1763710674775062663,1763710674775357546,1763710674775372795,15249,15.249,294883,294.883
4,61,1763710674875063997,1763710674875377836,1763710674875393179,15343,15.343,313839,313.839
4,62,1763710674975118850,1763710674975592751,1763710674975608490,15739,15.739,473901,473.901
4,63,1763710675075059655,1763710675075370417,1763710675075387046,16629,16.629,310762,310.762
4,64,1763710675175059212,1763710675175360735,1763710675175379135,18400,18.4,301523,301.523
4,65,1763710675275060341,1763710675275357939,1763710675275374484,16545,16.545,297598,297.598
4,66,1763710675375119341,1763710675375467372,1763710675375485966,18594,18.594,348031,348.031
4,67,1763710675475059006,1763710675475367576,1763710675475384322,16746,16.746,308570,308.57
4,68,1763710675575054555,1763710675575452452,1763710675575466985,14533,14.533,397897,397.897
4,69,1763710675675054646,1763710675675368553,1763710675675385542,16989,16.989,313907,313.907
4,70,1763710675775057680,1763710675775388658,1763710675775406029,17371,17.371,330978,330.978
4,71,1763710675875071564,1763710675875432351,1763710675875449613,17262,17.262,360787,360.787
4,72,1763710675975110761,1763710675975444265,1763710675975460129,15864,15.864,333504,333.504
4,73,1763710676075083841,1763710676075397590,1763710676075413443,15853,15.853,313749,313.749
4,74,1763710676175058585,1763710676175372029,1763710676175399448,27419,27.419,313444,313.444
4,75,1763710676275056305,1763710676275360451,1763710676275381647,21196,21.196,304146,304.146
4,76,1763710676375064770,1763710676375369367,1763710676375388686,19319,19.319,304597,304.597
4,77,1763710676475064014,1763710676475392509,1763710676475411867,19358,19.358,328495,328.495
4,78,1763710676575057929,1763710676575364186,1763710676575381554,17368,17.368,306257,306.257
4,79,1763710676675055736,1763710676675377986,1763710676675393980,15994,15.994,322250,322.25
4,80,1763710676775066735,1763710676775381881,1763710676775399259,17378,17.378,315146,315.146
4,81,1763710676875058463,1763710676875374904,1763710676875393389,18485,18.485,316441,316.441
4,82,1763710676975058299,1763710676975367491,1763710676975385650,18159,18.159,309192,309.192
4,83,1763710677075058241,1763710677075392742,1763710677075412131,19389,19.389,334501,334.501
4,84,1763710677175073924,1763710677175394037,1763710677175412017,17980,17.98,320113,320.113
4,85,1763710677275073215,1763710677275679889,1763710677275714299,34410,34.41,606674,606.674
4,86,1763710677375062117,1763710677375391164,1763710677375409928,18764,18.764,329047,329.047
4,87,1763710677475021598,1763710677475325310,1763710677475343341,18031,18.031,303712,303.712
4,88,1763710677575056779,1763710677575365938,1763710677575384158,18220,18.22,309159,309.159
4,89,1763710677675055368,1763710677675365561,1763710677675384749,19188,19.188,310193,310.193
4,90,1763710677775056582,1763710677775358186,1763710677775378511,20325,20.325,301604,301.604
4,91,1763710677875063910,1763710677875422290,1763710677875442144,19854,19.854,358380,358.38
4,92,1763710677975055329,1763710677975439446,1763710677975456433,16987,16.987,384117,384.117
4,93,1763710678075062558,1763710678075393672,1763710678075412162,18490,18.49,331114,331.114
4,94,1763710678175095786,1763710678175444610,1763710678175462182,17572,17.572,348824,348.824
4,95,1763710678275114200,1763710678275436808,1763710678275454531,17723,17.723,322608,322.608
4,96,1763710678375078902,1763710678375439252,1763710678375457155,17903,17.903,360350,360.35
4,97,1763710678475057087,1763710678475364723,1763710678475387994,23271,23.271,307636,307.636
4,98,1763710678575057534,1763710678575364778,1763710678575385055,20277,20.277,307244,307.244
4,99,1763710678675060153,1763710678675372927,1763710678675395245,22318,22.318,312774,312.774
4,100,1763710678775057693,1763710678775399768,1763710678775422197,22429,22.429,342075,342.075
4,101,1763710678875059875,1763710678875389739,1763710678875411988,22249,22.249,329864,329.864
4,102,1763710678975056614,1763710678975360314,1763710678975381925,21611,21.611,303700,303.7
4,103,1763710679075071678,1763710679075391889,1763710679075416565,24676,24.676,320211,320.211
4,104,1763710679175060508,1763710679175403619,1763710679175424020,20401,20.401,343111,343.111
4,105,1763710679275059270,1763710679275389343,1763710679275408993,19650,19.65,330073,330.073
4,106,1763710679375066528,1763710679375402335,1763710679375424307,21972,21.972,335807,335.807
4,107,1763710679475067682,1763710679475487485,1763710679475507264,19779,19.779,419803,419.803
4,108,1763710679575061855,1763710679575375559,1763710679575396824,21265,21.265,313704,313.704
4,109,1763710679675061439,1763710679675398480,1763710679675415573,17093,17.093,337041,337.041
4,110,1763710679775057449,1763710679775386719,1763710679775404099,17380,17.38,329270,329.27
4,111,1763710679875088579,1763710679875470503,1763710679875487805,17302,17.302,381924,381.924
4,112,1763710679975088106,1763710679975437906,1763710679975457058,19152,19.152,349800,349.8
4,113,1763710680075055276,1763710680075357983,1763710680075381425,23442,23.442,302707,302.707
4,114,1763710680175134507,1763710680175486369,1763710680175503992,17623,17.623,351862,351.862
4,115,1763710680275056459,1763710680275349375,1763710680275364724,15349,15.349,292916,292.916
4,116,1763710680375058167,1763710680375356674,1763710680375372153,15479,15.479,298507,298.507
4,117,1763710680475054874,1763710680475381480,1763710680475399053,17573,17.573,326606,326.606
4,118,1763710680575082774,1763710680575377002,1763710680575393593,16591,16.591,294228,294.228
4,119,1763710680675057859,1763710680675434030,1763710680675451527,17497,17.497,376171,376.171
4,120,1763710680775093201,1763710680775624500,1763710680775641051,16551,16.551,531299,531.299
4,121,1763710680875086766,1763710680875565779,1763710680875584003,18224,18.224,479013,479.013
4,122,1763710680975057924,1763710680975369248,1763710680975386021,16773,16.773,311324,311.324
4,123,1763710681075057009,1763710681075367969,1763710681075384947,16978,16.978,310960,310.96
4,124,1763710681175056632,1763710681175360840,1763710681175376546,15706,15.706,304208,304.208
4,125,1763710681275055794,1763710681275368789,1763710681275385220,16431,16.431,312995,312.995
4,126,1763710681375056877,1763710681375414617,1763710681375438410,23793,23.793,357740,357.74
4,127,1763710681475054135,1763710681475369502,1763710681475385059,15557,15.557,315367,315.367
4,128,1763710681575056675,1763710681575396543,1763710681575415162,18619,18.619,339868,339.868
4,129,1763710681675057086,1763710681675379459,1763710681675398823,19364,19.364,322373,322.373
4,130,1763710681775059240,1763710681775404858,1763710681775423564,18706,18.706,345618,345.618
4,131,1763710681875058697,1763710681875377066,1763710681875395979,18913,18.913,318369,318.369
4,132,1763710681975058265,1763710681975391296,1763710681975408976,17680,17.68,333031,333.031
4,133,1763710682075061181,1763710682075374525,1763710682075391540,17015,17.015,313344,313.344
4,134,1763710682175058545,1763710682175358481,1763710682175374711,16230,16.23,299936,299.936
4,135,1763710682275058119,1763710682275353561,1763710682275370777,17216,17.216,295442,295.442
4,136,1763710682375052484,1763710682375340119,1763710682375356291,16172,16.172,287635,287.635
4,137,1763710682475057377,1763710682475353194,1763710682475370178,16984,16.984,295817,295.817
4,138,1763710682575053837,1763710682575353431,1763710682575368519,15088,15.088,299594,299.594
4,139,1763710682675137497,1763710682675483417,1763710682675498573,15156,15.156,345920,345.92
4,140,1763710682775056834,1763710682775354044,1763710682775368799,14755,14.755,297210,297.21
4,141,1763710682875117401,1763710682875447012,1763710682875463574,16562,16.562,329611,329.611
4,142,1763710682975054020,1763710682975366016,1763710682975384954,18938,18.938,311996,311.996
4,143,1763710683075054692,1763710683075346160,1763710683075366270,20110,20.11,291468,291.468
4,144,1763710683175057098,1763710683175355604,1763710683175373477,17873,17.873,298506,298.506
4,145,1763710683275049592,1763710683275342388,1763710683275361698,19310,19.31,292796,292.796
4,146,1763710683375052763,1763710683375348831,1763710683375367140,18309,18.309,296068,296.068
4,147,1763710683475056590,1763710683475366136,1763710683475384284,18148,18.148,309546,309.546
4,148,1763710683575053475,1763710683575374524,1763710683575393583,19059,19.059,321049,321.049
4,149,1763710683675062167,1763710683675400127,1763710683675418651,18524,18.524,337960,337.96
4,150,1763710683775054568,1763710683775373455,1763710683775390030,16575,16.575,318887,318.887
4,151,1763710683875061887,1763710683875388314,1763710683875405626,17312,17.312,326427,326.427
4,152,1763710683975059518,1763710683975386574,1763710683975403833,17259,17.259,327056,327.056
4,153,1763710684075057646,1763710684075364923,1763710684075381424,16501,16.501,307277,307.277
4,154,1763710684175057890,1763710684175371686,1763710684175390425,18739,18.739,313796,313.796
4,155,1763710684275059049,1763710684275363128,1763710684275388634,25506,25.506,304079,304.079
4,156,1763710684375054220,1763710684375434701,1763710684375452442,17741,17.741,380481,380.481
4,157,1763710684475061022,1763710684475448811,1763710684475467207,18396,18.396,387789,387.789
4,158,1763710684575061616,1763710684575376632,1763710684575394584,17952,17.952,315016,315.016
4,159,1763710684675057762,1763710684675375097,1763710684675394650,19553,19.553,317335,317.335
4,160,1763710684775052498,1763710684775358244,1763710684775374159,15915,15.915,305746,305.746
4,161,1763710684875059505,1763710684875376452,1763710684875396095,19643,19.643,316947,316.947
4,162,1763710684975057950,1763710684975386560,1763710684975406749,20189,20.189,328610,328.61
4,163,1763710685075057300,1763710685075379874,1763710685075397492,17618,17.618,322574,322.574
4,164,1763710685175060982,1763710685175384397,1763710685175403325,18928,18.928,323415,323.415
4,165,1763710685275090926,1763710685275476016,1763710685275494993,18977,18.977,385090,385.09
4,166,1763710685375092798,1763710685375519053,1763710685375540295,21242,21.242,426255,426.255
4,167,1763710685475136454,1763710685475517568,1763710685475536303,18735,18.735,381114,381.114
4,168,1763710685575061647,1763710685575370770,1763710685575386052,15282,15.282,309123,309.123
4,169,1763710685675056682,1763710685675384392,1763710685675399673,15281,15.281,327710,327.71
4,170,1763710685775061835,1763710685775394569,1763710685775411169,16600,16.6,332734,332.734
4,171,1763710685875066275,1763710685875393803,1763710685875409767,15964,15.964,327528,327.528
4,172,1763710685975053902,1763710685975343175,1763710685975355511,12336,12.336,289273,289.273
4,173,1763710686075065544,1763710686075337178,1763710686075351723,14545,14.545,271634,271.634
4,174,1763710686175076300,1763710686175406763,1763710686175417762,10999,10.999,330463,330.463
4,175,1763710686275078690,1763710686275424849,1763710686275439786,14937,14.937,346159,346.159
4,176,1763710686375061247,1763710686375361290,1763710686375379395,18105,18.105,300043,300.043
4,177,1763710686475053270,1763710686475380416,1763710686475397173,16757,16.757,327146,327.146
4,178,1763710686575053857,1763710686575350592,1763710686575366712,16120,16.12,296735,296.735
4,179,1763710686675078235,1763710686675386763,1763710686675403910,17147,17.147,308528,308.528
4,180,1763710686775052422,1763710686775349641,1763710686775365850,16209,16.209,297219,297.219
4,181,1763710686875053625,1763710686875360327,1763710686875377080,16753,16.753,306702,306.702
4,182,1763710686975057471,1763710686975364086,1763710686975380365,16279,16.279,306615,306.615
4,183,1763710687075057619,1763710687075381487,1763710687075398043,16556,16.556,323868,323.868
4,184,1763710687175056523,1763710687175375417,1763710687175391114,15697,15.697,318894,318.894
4,185,1763710687275075810,1763710687275392303,1763710687275405105,12802,12.802,316493,316.493
4,186,1763710687375058253,1763710687375372858,1763710687375389239,16381,16.381,314605,314.605
4,187,1763710687475095728,1763710687475445978,1763710687475463070,17092,17.092,350250,350.25
4,188,1763710687575058522,1763710687575389543,1763710687575409548,20005,20.005,331021,331.021
4,189,1763710687675055045,1763710687675359875,1763710687675380910,21035,21.035,304830,304.83
4,190,1763710687775054065,1763710687775360686,1763710687775380883,20197,20.197,306621,306.621
4,191,1763710687875055441,1763710687875362944,1763710687875383547,20603,20.603,307503,307.503
4,192,1763710687975053460,1763710687975358530,1763710687975379773,21243,21.243,305070,305.07
4,193,1763710688075056702,1763710688075363660,1763710688075381680,18020,18.02,306958,306.958
4,194,1763710688175063232,1763710688175399600,1763710688175421129,21529,21.529,336368,336.368
4,195,1763710688275054415,1763710688275376712,1763710688275396798,20086,20.086,322297,322.297
4,196,1763710688375055987,1763710688375391182,1763710688375410625,19443,19.443,335195,335.195
4,197,1763710688475052853,1763710688475378748,1763710688475399049,20301,20.301,325895,325.895
4,198,1763710688575056679,1763710688575414785,1763710688575438996,24211,24.211,358106,358.106
4,199,1763710688675056930,1763710688675385224,1763710688675405284,20060,20.06,328294,328.294
4,200,1763710688775090362,1763710688775409727,1763710688775431029,21302,21.302,319365,319.365
4,201,1763710688875078355,1763710688875401111,1763710688875419636,18525,18.525,322756,322.756
4,202,1763710688975051281,1763710688975347398,1763710688975365329,17931,17.931,296117,296.117
4,203,1763710689075057571,1763710689075352011,1763710689075369727,17716,17.716,294440,294.44
4,204,1763710689175056257,1763710689175361186,1763710689175379014,17828,17.828,304929,304.929
4,205,1763710689275057868,1763710689275376433,1763710689275395610,19177,19.177,318565,318.565
4,206,1763710689375059355,1763710689375378485,1763710689375396388,17903,17.903,319130,319.13
4,207,1763710689475058162,1763710689475389465,1763710689475407662,18197,18.197,331303,331.303
4,208,1763710689575057624,1763710689575385667,1763710689575407450,21783,21.783,328043,328.043
4,209,1763710689675128089,1763710689675449108,1763710689675467170,18062,18.062,321019,321.019
4,210,1763710689775081368,1763710689775442997,1763710689775460899,17902,17.902,361629,361.629
4,211,1763710689875083996,1763710689875465527,1763710689875484325,18798,18.798,381531,381.531
4,212,1763710689975059514,1763710689975377770,1763710689975402426,24656,24.656,318256,318.256
4,213,1763710690075062763,1763710690075378119,1763710690075401973,23854,23.854,315356,315.356
4,214,1763710690175061545,1763710690175459203,1763710690175480391,21188,21.188,397658,397.658
4,215,1763710690275060783,1763710690275432816,1763710690275456829,24013,24.013,372033,372.033
4,216,1763710690375062477,1763710690375389778,1763710690375409898,20120,20.12,327301,327.301
4,217,1763710690475058877,1763710690475370262,1763710690475394100,23838,23.838,311385,311.385
4,218,1763710690575059792,1763710690575407214,1763710690575430528,23314,23.314,347422,347.422
4,219,1763710690675054738,1763710690675378031,1763710690675398714,20683,20.683,323293,323.293
4,220,1763710690775056836,1763710690775396412,1763710690775419246,22834,22.834,339576,339.576
4,221,1763710690875071099,1763710690875403135,1763710690875423146,20011,20.011,332036,332.036
4,222,1763710690975146172,1763710690975548271,1763710690975567306,19035,19.035,402099,402.099
4,223,1763710691075088797,1763710691075528887,1763710691075543834,14947,14.947,440090,440.09
4,224,1763710691175082053,1763710691175456341,1763710691175479107,22766,22.766,374288,374.288
4,225,1763710691275056840,1763710691275401431,1763710691275420534,19103,19.103,344591,344.591
4,226,1763710691375078460,1763710691375433261,1763710691375454335,21074,21.074,354801,354.801
4,227,1763710691475074629,1763710691475406147,1763710691475422226,16079,16.079,331518,331.518
4,228,1763710691575085679,1763710691575382592,1763710691575398675,16083,16.083,296913,296.913
4,229,1763710691675060319,1763710691675356656,1763710691675376723,20067,20.067,296337,296.337
4,230,1763710691775058089,1763710691775353279,1763710691775367406,14127,14.127,295190,295.19
4,231,1763710691875058219,1763710691875462265,1763710691875477167,14902,14.902,404046,404.046
4,232,1763710691975122253,1763710691975617641,1763710691975632583,14942,14.942,495388,495.388
4,233,1763710692075067635,1763710692075422002,1763710692075438236,16234,16.234,354367,354.367
4,234,1763710692175056748,1763710692175359488,1763710692175375962,16474,16.474,302740,302.74
4,235,1763710692275054462,1763710692275354732,1763710692275370311,15579,15.579,300270,300.27
4,236,1763710692375070245,1763710692375459430,1763710692375500793,41363,41.363,389185,389.185
4,237,1763710692475051609,1763710692475345628,1763710692475361979,16351,16.351,294019,294.019
4,238,1763710692575055508,1763710692575353664,1763710692575373037,19373,19.373,298156,298.156
4,239,1763710692675071798,1763710692675380113,1763710692675398339,18226,18.226,308315,308.315
4,240,1763710692775055813,1763710692775348593,1763710692775362049,13456,13.456,292780,292.78
4,241,1763710692875056293,1763710692875351003,1763710692875366067,15064,15.064,294710,294.71
4,242,1763710692975064704,1763710692975390994,1763710692975408795,17801,17.801,326290,326.29
4,243,1763710693075055076,1763710693075353500,1763710693075367765,14265,14.265,298424,298.424
4,244,1763710693175057767,1763710693175452639,1763710693175468465,15826,15.826,394872,394.872
4,245,1763710693275056067,1763710693275379313,1763710693275395227,15914,15.914,323246,323.246
4,246,1763710693375058825,1763710693375655638,1763710693375678076,22438,22.438,596813,596.813
4,247,1763710693475126045,1763710693475603486,1763710693475619742,16256,16.256,477441,477.441
4,248,1763710693575084768,1763710693575745206,1763710693575761459,16253,16.253,660438,660.438
4,249,1763710693675053117,1763710693675449936,1763710693675470045,20109,20.109,396819,396.819
4,250,1763710693775012758,1763710693775326517,1763710693775347910,21393,21.393,313759,313.759
4,251,1763710693875055582,1763710693875365919,1763710693875387446,21527,21.527,310337,310.337
4,252,1763710693975054867,1763710693975357347,1763710693975378002,20655,20.655,302480,302.48
4,253,1763710694075061389,1763710694075373741,1763710694075393593,19852,19.852,312352,312.352
4,254,1763710694175059242,1763710694175390641,1763710694175411487,20846,20.846,331399,331.399
4,255,1763710694275059864,1763710694275379809,1763710694275399914,20105,20.105,319945,319.945
4,256,1763710694375057080,1763710694375367167,1763710694375386038,18871,18.871,310087,310.087
4,257,1763710694475052493,1763710694475359923,1763710694475379364,19441,19.441,307430,307.43
4,258,1763710694575066363,1763710694575386115,1763710694575406705,20590,20.59,319752,319.752
4,259,1763710694675078218,1763710694675425485,1763710694675443468,17983,17.983,347267,347.267
4,260,1763710694775059225,1763710694775357638,1763710694775374809,17171,17.171,298413,298.413
4,261,1763710694875057079,1763710694875369387,1763710694875387816,18429,18.429,312308,312.308
4,262,1763710694975058552,1763710694975367455,1763710694975385816,18361,18.361,308903,308.903
4,263,1763710695075056153,1763710695075380609,1763710695075403065,22456,22.456,324456,324.456
4,264,1763710695175054187,1763710695175350285,1763710695175368572,18287,18.287,296098,296.098
4,265,1763710695275057438,1763710695275379232,1763710695275397499,18267,18.267,321794,321.794
4,266,1763710695375064719,1763710695375381554,1763710695375398659,17105,17.105,316835,316.835
4,267,1763710695475084109,1763710695475419784,1763710695475437104,17320,17.32,335675,335.675
4,268,1763710695575098207,1763710695575441551,1763710695575460238,18687,18.687,343344,343.344
4,269,1763710695675125489,1763710695675471748,1763710695675489642,17894,17.894,346259,346.259
4,270,1763710695775055154,1763710695775363337,1763710695775384441,21104,21.104,308183,308.183
4,271,1763710695875058767,1763710695875374594,1763710695875398976,24382,24.382,315827,315.827
4,272,1763710695975074013,1763710695975374591,1763710695975392332,17741,17.741,300578,300.578
4,273,1763710696075060670,1763710696075360481,1763710696075379274,18793,18.793,299811,299.811
4,274,1763710696175056642,1763710696175410184,1763710696175433099,22915,22.915,353542,353.542
4,275,1763710696275064698,1763710696275379926,1763710696275395576,15650,15.65,315228,315.228
4,276,1763710696375061619,1763710696375434283,1763710696375450146,15863,15.863,372664,372.664
4,277,1763710696475084379,1763710696475406123,1763710696475422869,16746,16.746,321744,321.744
4,278,1763710696575078479,1763710696575456250,1763710696575473291,17041,17.041,377771,377.771
4,279,1763710696675078187,1763710696675393130,1763710696675409069,15939,15.939,314943,314.943
4,280,1763710696775112301,1763710696775526054,1763710696775548903,22849,22.849,413753,413.753
4,281,1763710696875078061,1763710696875393458,1763710696875413746,20288,20.288,315397,315.397
4,282,1763710696975069621,1763710696975453973,1763710696975474522,20549,20.549,384352,384.352
4,283,1763710697075059945,1763710697075354114,1763710697075370224,16110,16.11,294169,294.169
4,284,1763710697175057032,1763710697175376899,1763710697175400057,23158,23.158,319867,319.867
4,285,1763710697275058171,1763710697275352909,1763710697275367471,14562,14.562,294738,294.738
4,286,1763710697375061375,1763710697375358284,1763710697375375105,16821,16.821,296909,296.909
4,287,1763710697475079201,1763710697475387380,1763710697475402889,15509,15.509,308179,308.179
4,288,1763710697575062073,1763710697575366251,1763710697575381518,15267,15.267,304178,304.178
4,289,1763710697675059193,1763710697675356438,1763710697675372625,16187,16.187,297245,297.245
4,290,1763710697775067278,1763710697775376853,1763710697775393413,16560,16.56,309575,309.575
4,291,1763710697875062117,1763710697875593029,1763710697875612414,19385,19.385,530912,530.912
4,292,1763710697975086763,1763710697975716301,1763710697975733595,17294,17.294,629538,629.538
4,293,1763710698075061706,1763710698075417338,1763710698075433594,16256,16.256,355632,355.632
4,294,1763710698175054053,1763710698175352498,1763710698175368290,15792,15.792,298445,298.445
4,295,1763710698275063735,1763710698275393260,1763710698275411039,17779,17.779,329525,329.525
4,296,1763710698375055196,1763710698375378108,1763710698375395064,16956,16.956,322912,322.912
4,297,1763710698475073714,1763710698475402139,1763710698475420979,18840,18.84,328425,328.425
4,298,1763710698575061262,1763710698575377603,1763710698575394117,16514,16.514,316341,316.341
4,299,1763710698675070752,1763710698675437928,1763710698675456382,18454,18.454,367176,367.176
4,300,1763710698775062331,1763710698775382545,1763710698775398588,16043,16.043,320214,320.214
4,301,1763710698875067654,1763710698875388928,1763710698875404871,15943,15.943,321274,321.274
4,302,1763710698975053473,1763710698975368843,1763710698975388585,19742,19.742,315370,315.37
4,303,1763710699075057863,1763710699075378452,1763710699075394978,16526,16.526,320589,320.589
4,304,1763710699175068329,1763710699175424309,1763710699175441196,16887,16.887,355980,355.98
4,305,1763710699275054691,1763710699275363936,1763710699275384926,20990,20.99,309245,309.245
4,306,1763710699375056406,1763710699375386752,1763710699375408462,21710,21.71,330346,330.346
4,307,1763710699475056707,1763710699475365956,1763710699475386872,20916,20.916,309249,309.249
4,308,1763710699575058392,1763710699575381187,1763710699575404963,23776,23.776,322795,322.795
4,309,1763710699675052114,1763710699675369837,1763710699675389522,19685,19.685,317723,317.723
4,310,1763710699775056190,1763710699775379996,1763710699775401660,21664,21.664,323806,323.806
4,311,1763710699875055794,1763710699875389680,1763710699875412212,22532,22.532,333886,333.886
4,312,1763710699975058979,1763710699975375788,1763710699975394128,18340,18.34,316809,316.809
4,313,1763710700075067997,1763710700075384558,1763710700075404894,20336,20.336,316561,316.561
4,314,1763710700175108377,1763710700175440894,1763710700175463240,22346,22.346,332517,332.517
4,315,1763710700275135189,1763710700275478058,1763710700275500095,22037,22.037,342869,342.869
4,316,1763710700375073419,1763710700375476533,1763710700375496297,19764,19.764,403114,403.114
4,317,1763710700475060496,1763710700475355137,1763710700475372906,17769,17.769,294641,294.641
4,318,1763710700575054466,1763710700575353672,1763710700575373994,20322,20.322,299206,299.206
4,319,1763710700675063118,1763710700675368490,1763710700675385738,17248,17.248,305372,305.372
4,320,1763710700775054945,1763710700775368243,1763710700775384925,16682,16.682,313298,313.298
4,321,1763710700875056292,1763710700875367652,1763710700875384831,17179,17.179,311360,311.36
4,322,1763710700975052168,1763710700975365814,1763710700975382124,16310,16.31,313646,313.646
4,323,1763710701075058255,1763710701075376548,1763710701075393064,16516,16.516,318293,318.293
4,324,1763710701175057831,1763710701175497958,1763710701175514459,16501,16.501,440127,440.127
4,325,1763710701275102263,1763710701275474389,1763710701275490556,16167,16.167,372126,372.126
4,326,1763710701375056623,1763710701375349509,1763710701375364732,15223,15.223,292886,292.886
4,327,1763710701475059272,1763710701475374176,1763710701475388835,14659,14.659,314904,314.904
4,328,1763710701575059956,1763710701575360208,1763710701575376028,15820,15.82,300252,300.252
4,329,1763710701675058147,1763710701675391041,1763710701675406503,15462,15.462,332894,332.894
4,330,1763710701775056867,1763710701775366513,1763710701775382576,16063,16.063,309646,309.646
4,331,1763710701875060518,1763710701875349828,1763710701875365708,15880,15.88,289310,289.31
4,332,1763710701975060717,1763710701975372204,1763710701975388404,16200,16.2,311487,311.487
4,333,1763710702075067544,1763710702075358841,1763710702075373733,14892,14.892,291297,291.297
4,334,1763710702175098108,1763710702176238017,1763710702176263632,25615,25.615,1139909,1139.91
4,335,1763710702275066809,1763710702275410173,1763710702275426117,15944,15.944,343364,343.364
4,336,1763710702375062975,1763710702375406438,1763710702375424979,18541,18.541,343463,343.463
4,337,1763710702475080695,1763710702475418338,1763710702475439446,21108,21.108,337643,337.643
4,338,1763710702575078382,1763710702575438243,1763710702575455954,17711,17.711,359861,359.861
4,339,1763710702675097070,1763710702675436964,1763710702675455643,18679,18.679,339894,339.894
4,340,1763710702775074738,1763710702775420277,1763710702775437599,17322,17.322,345539,345.539
4,341,1763710702875064364,1763710702875377468,1763710702875393164,15696,15.696,313104,313.104
4,342,1763710702975058926,1763710702975367135,1763710702975385891,18756,18.756,308209,308.209
4,343,1763710703075061873,1763710703075355117,1763710703075370938,15821,15.821,293244,293.244
4,344,1763710703175064275,1763710703175568934,1763710703175586299,17365,17.365,504659,504.659
4,345,1763710703275086442,1763710703275675406,1763710703275690065,14659,14.659,588964,588.964
4,346,1763710703375086720,1763710703375610330,1763710703375626499,16169,16.169,523610,523.61
4,347,1763710703475085687,1763710703475529489,1763710703475549052,19563,19.563,443802,443.802
4,348,1763710703575064639,1763710703575388223,1763710703575406239,18016,18.016,323584,323.584
4,349,1763710703675063074,1763710703675361660,1763710703675382978,21318,21.318,298586,298.586
4,350,1763710703775061341,1763710703775362260,1763710703775382716,20456,20.456,300919,300.919
4,351,1763710703875058872,1763710703875354545,1763710703875371545,17000,17,295673,295.673
4,352,1763710703975058464,1763710703975358596,1763710703975374515,15919,15.919,300132,300.132
4,353,1763710704075063391,1763710704075395310,1763710704075412392,17082,17.082,331919,331.919
4,354,1763710704175073378,1763710704175405677,1763710704175422481,16804,16.804,332299,332.299
4,355,1763710704275059789,1763710704275386084,1763710704275402685,16601,16.601,326295,326.295
4,356,1763710704375101035,1763710704375426594,1763710704375446983,20389,20.389,325559,325.559
4,357,1763710704475101298,1763710704475418466,1763710704475434655,16189,16.189,317168,317.168
4,358,1763710704575087551,1763710704575414104,1763710704575431919,17815,17.815,326553,326.553
4,359,1763710704675056266,1763710704675383427,1763710704675409897,26470,26.47,327161,327.161
4,360,1763710704775055639,1763710704775363317,1763710704775383704,20387,20.387,307678,307.678
4,361,1763710704875058043,1763710704875368696,1763710704875390839,22143,22.143,310653,310.653
4,362,1763710704975055306,1763710704975360528,1763710704975380881,20353,20.353,305222,305.222
4,363,1763710705075061464,1763710705075376032,1763710705075398856,22824,22.824,314568,314.568
4,364,1763710705175058228,1763710705175366493,1763710705175385620,19127,19.127,308265,308.265
4,365,1763710705275058967,1763710705275370174,1763710705275391170,20996,20.996,311207,311.207
4,366,1763710705375058160,1763710705375364136,1763710705375383400,19264,19.264,305976,305.976
4,367,1763710705475054435,1763710705475374408,1763710705475394774,20366,20.366,319973,319.973
4,368,1763710705575059448,1763710705575374889,1763710705575394849,19960,19.96,315441,315.441
4,369,1763710705675062676,1763710705675394843,1763710705675413490,18647,18.647,332167,332.167
4,370,1763710705775096663,1763710705775421038,1763710705775439038,18000,18,324375,324.375
4,371,1763710705875068791,1763710705875435701,1763710705875462922,27221,27.221,366910,366.91
4,372,1763710705975060252,1763710705975358247,1763710705975375994,17747,17.747,297995,297.995
4,373,1763710706075068756,1763710706075380499,1763710706075399915,19416,19.416,311743,311.743
4,374,1763710706175061332,1763710706175366810,1763710706175385250,18440,18.44,305478,305.478
4,375,1763710706275061245,1763710706275391222,1763710706275408616,17394,17.394,329977,329.977
4,376,1763710706375059688,1763710706375379299,1763710706375396369,17070,17.07,319611,319.611
4,377,1763710706475059599,1763710706475399759,1763710706475420071,20312,20.312,340160,340.16
4,378,1763710706575086754,1763710706575412103,1763710706575429691,17588,17.588,325349,325.349
4,379,1763710706675074514,1763710706675413128,1763710706675428933,15805,15.805,338614,338.614
4,380,1763710706775020727,1763710706775370115,1763710706775386449,16334,16.334,349388,349.388
4,381,1763710706875063283,1763710706875395169,1763710706875418795,23626,23.626,331886,331.886
4,382,1763710706975061177,1763710706975380824,1763710706975397940,17116,17.116,319647,319.647
4,383,1763710707075060530,1763710707075359722,1763710707075377669,17947,17.947,299192,299.192
4,384,1763710707175056429,1763710707175354814,1763710707175370609,15795,15.795,298385,298.385
4,385,1763710707275059710,1763710707275365167,1763710707275380880,15713,15.713,305457,305.457
4,386,1763710707375059949,1763710707375396858,1763710707375418790,21932,21.932,336909,336.909
4,387,1763710707475059728,1763710707475462955,1763710707475483332,20377,20.377,403227,403.227
4,388,1763710707575060535,1763710707575407774,1763710707575429697,21923,21.923,347239,347.239
4,389,1763710707675122177,1763710707675466058,1763710707675488173,22115,22.115,343881,343.881
4,390,1763710707775089699,1763710707775466890,1763710707775494332,27442,27.442,377191,377.191
4,391,1763710707875068384,1763710707875501610,1763710707875524978,23368,23.368,433226,433.226
4,392,1763710707975058480,1763710707975381291,1763710707975400116,18825,18.825,322811,322.811
4,393,1763710708075064618,1763710708075399352,1763710708075417939,18587,18.587,334734,334.734
4,394,1763710708175077785,1763710708175446163,1763710708175465010,18847,18.847,368378,368.378
4,395,1763710708275067813,1763710708275389807,1763710708275407409,17602,17.602,321994,321.994
4,396,1763710708375055162,1763710708375361116,1763710708375377652,16536,16.536,305954,305.954
4,397,1763710708475082516,1763710708475398108,1763710708475412611,14503,14.503,315592,315.592
4,398,1763710708575067778,1763710708575385971,1763710708575404749,18778,18.778,318193,318.193
4,399,1763710708675055489,1763710708675343707,1763710708675359245,15538,15.538,288218,288.218
4,400,1763710708775053165,1763710708775345045,1763710708775361486,16441,16.441,291880,291.88
4,401,1763710708875056753,1763710708875385437,1763710708875401772,16335,16.335,328684,328.684
4,402,1763710708975058817,1763710708975362064,1763710708975378923,16859,16.859,303247,303.247
4,403,1763710709075059495,1763710709075595413,1763710709075612089,16676,16.676,535918,535.918
4,404,1763710709175076940,1763710709175766440,1763710709175782019,15579,15.579,689500,689.5
4,405,1763710709275071044,1763710709275370854,1763710709275389577,18723,18.723,299810,299.81
4,406,1763710709375058787,1763710709375354386,1763710709375370334,15948,15.948,295599,295.599
4,407,1763710709475056594,1763710709475456276,1763710709475473541,17265,17.265,399682,399.682
4,408,1763710709575062629,1763710709575365193,1763710709575383278,18085,18.085,302564,302.564
4,409,1763710709675054758,1763710709675406247,1763710709675423025,16778,16.778,351489,351.489
4,410,1763710709775057426,1763710709775370285,1763710709775385751,15466,15.466,312859,312.859
4,411,1763710709875054703,1763710709875375229,1763710709875391286,16057,16.057,320526,320.526
4,412,1763710709975056986,1763710709975412277,1763710709975428892,16615,16.615,355291,355.291
4,413,1763710710075160412,1763710710075489753,1763710710075506939,17186,17.186,329341,329.341
4,414,1763710710175053581,1763710710175431139,1763710710175449781,18642,18.642,377558,377.558
4,415,1763710710275055596,1763710710275352478,1763710710275372419,19941,19.941,296882,296.882
4,416,1763710710375071928,1763710710375583541,1763710710375612626,29085,29.085,511613,511.613
4,417,1763710710475057852,1763710710475378624,1763710710475397041,18417,18.417,320772,320.772
4,418,1763710710575060235,1763710710575376346,1763710710575395891,19545,19.545,316111,316.111
4,419,1763710710675052614,1763710710675366264,1763710710675389206,22942,22.942,313650,313.65
4,420,1763710710775055829,1763710710775366781,1763710710775385073,18292,18.292,310952,310.952
4,421,1763710710875055436,1763710710875364757,1763710710875382865,18108,18.108,309321,309.321
4,422,1763710710975055598,1763710710975373660,1763710710975392805,19145,19.145,318062,318.062
4,423,1763710711075113528,1763710711075484721,1763710711075505848,21127,21.127,371193,371.193
4,424,1763710711175132836,1763710711175500979,1763710711175520891,19912,19.912,368143,368.143
4,425,1763710711275077679,1763710711275437697,1763710711275455818,18121,18.121,360018,360.018
4,426,1763710711375055592,1763710711375351595,1763710711375367311,15716,15.716,296003,296.003
4,427,1763710711475059075,1763710711475361521,1763710711475380345,18824,18.824,302446,302.446
4,428,1763710711575059805,1763710711575359139,1763710711575376304,17165,17.165,299334,299.334
4,429,1763710711675173610,1763710711675747960,1763710711675783238,35278,35.278,574350,574.35
4,430,1763710711775060905,1763710711775452323,1763710711775469847,17524,17.524,391418,391.418
4,431,1763710711875060037,1763710711875359840,1763710711875376098,16258,16.258,299803,299.803
4,432,1763710711975058177,1763710711975351507,1763710711975367014,15507,15.507,293330,293.33
4,433,1763710712075064564,1763710712075794159,1763710712075810620,16461,16.461,729595,729.595
4,434,1763710712175126559,1763710712175564475,1763710712175580178,15703,15.703,437916,437.916
4,435,1763710712275066643,1763710712275479593,1763710712275496675,17082,17.082,412950,412.95
4,436,1763710712375059309,1763710712375361496,1763710712375378602,17106,17.106,302187,302.187
4,437,1763710712475056651,1763710712475350865,1763710712475367055,16190,16.19,294214,294.214
4,438,1763710712575060137,1763710712575379695,1763710712575400696,21001,21.001,319558,319.558
4,439,1763710712675058681,1763710712675360793,1763710712675379902,19109,19.109,302112,302.112
4,440,1763710712775058589,1763710712775362382,1763710712775378484,16102,16.102,303793,303.793
4,441,1763710712875059046,1763710712875369679,1763710712875389238,19559,19.559,310633,310.633
4,442,1763710712975060253,1763710712975383975,1763710712975406426,22451,22.451,323722,323.722
4,443,1763710713075066148,1763710713075415477,1763710713075437431,21954,21.954,349329,349.329
4,444,1763710713175063652,1763710713175412488,1763710713175430407,17919,17.919,348836,348.836
4,445,1763710713275096830,1763710713275480542,1763710713275499608,19066,19.066,383712,383.712
4,446,1763710713375057237,1763710713375389446,1763710713375407300,17854,17.854,332209,332.209
4,447,1763710713475063641,1763710713475384486,1763710713475402373,17887,17.887,320845,320.845
4,448,1763710713575064975,1763710713575401976,1763710713575422444,20468,20.468,337001,337.001
4,449,1763710713675061461,1763710713675428983,1763710713675458278,29295,29.295,367522,367.522
4,450,1763710713775072692,1763710713775409175,1763710713775425838,16663,16.663,336483,336.483
4,451,1763710713875137967,1763710713875526683,1763710713875542443,15760,15.76,388716,388.716
4,452,1763710713975065155,1763710713975369219,1763710713975383985,14766,14.766,304064,304.064
4,453,1763710714075064137,1763710714075599115,1763710714075616715,17600,17.6,534978,534.978
4,454,1763710714175056749,1763710714175436371,1763710714175450891,14520,14.52,379622,379.622
4,455,1763710714275054526,1763710714275527206,1763710714275541952,14746,14.746,472680,472.68
4,456,1763710714375065332,1763710714375379101,1763710714375393846,14745,14.745,313769,313.769
4,457,1763710714475080234,1763710714475406491,1763710714475421148,14657,14.657,326257,326.257
4,458,1763710714575075362,1763710714575491228,1763710714575506250,15022,15.022,415866,415.866
4,459,1763710714675051903,1763710714675351903,1763710714675368255,16352,16.352,300000,300
4,460,1763710714775054375,1763710714775362348,1763710714775377994,15646,15.646,307973,307.973
4,461,1763710714875053847,1763710714875355297,1763710714875371681,16384,16.384,301450,301.45
4,462,1763710714975055648,1763710714975351124,1763710714975367366,16242,16.242,295476,295.476
4,463,1763710715075057645,1763710715075390618,1763710715075410122,19504,19.504,332973,332.973
4,464,1763710715175053665,1763710715175357632,1763710715175376074,18442,18.442,303967,303.967
4,465,1763710715275055015,1763710715275351421,1763710715275367626,16205,16.205,296406,296.406
4,466,1763710715375055710,1763710715375368113,1763710715375383053,14940,14.94,312403,312.403
4,467,1763710715475050484,1763710715475362806,1763710715475379591,16785,16.785,312322,312.322
4,468,1763710715575057259,1763710715575420947,1763710715575440723,19776,19.776,363688,363.688
4,469,1763710715675055586,1763710715675443734,1763710715675460643,16909,16.909,388148,388.148
4,470,1763710715775122508,1763710715775433618,1763710715775449912,16294,16.294,311110,311.11
4,471,1763710715875054505,1763710715875363100,1763710715875391093,27993,27.993,308595,308.595
4,472,1763710715975054478,1763710715975351916,1763710715975373644,21728,21.728,297438,297.438
4,473,1763710716075057378,1763710716075369818,1763710716075395521,25703,25.703,312440,312.44
4,474,1763710716175057576,1763710716175367830,1763710716175387503,19673,19.673,310254,310.254
4,475,1763710716275057035,1763710716275375100,1763710716275394962,19862,19.862,318065,318.065
4,476,1763710716375055815,1763710716375361423,1763710716375383071,21648,21.648,305608,305.608
4,477,1763710716475052325,1763710716475350752,1763710716475371786,21034,21.034,298427,298.427
4,478,1763710716575056728,1763710716575412124,1763710716575433985,21861,21.861,355396,355.396
4,479,1763710716675069399,1763710716675414911,1763710716675435359,20448,20.448,345512,345.512
4,480,1763710716775086493,1763710716775394588,1763710716775407778,13190,13.19,308095,308.095
4,481,1763710716875097362,1763710716875454135,1763710716875470175,16040,16.04,356773,356.773
4,482,1763710716975090815,1763710716975466476,1763710716975483702,17226,17.226,375661,375.661
4,483,1763710717075057427,1763710717075360990,1763710717075380411,19421,19.421,303563,303.563
4,484,1763710717175056990,1763710717175355011,1763710717175371576,16565,16.565,298021,298.021
4,485,1763710717275057350,1763710717275358321,1763710717275374041,15720,15.72,300971,300.971
4,486,1763710717375055180,1763710717375366689,1763710717375382471,15782,15.782,311509,311.509
4,487,1763710717475059738,1763710717475369650,1763710717475386299,16649,16.649,309912,309.912
4,488,1763710717575054796,1763710717575407740,1763710717575424373,16633,16.633,352944,352.944
4,489,1763710717675057467,1763710717675361832,1763710717675378985,17153,17.153,304365,304.365
4,490,1763710717775052300,1763710717775357306,1763710717775371902,14596,14.596,305006,305.006
4,491,1763710717875060632,1763710717875385551,1763710717875403400,17849,17.849,324919,324.919
4,492,1763710717975058616,1763710717975398689,1763710717975418472,19783,19.783,340073,340.073
4,493,1763710718075080765,1763710718075479740,1763710718075497979,18239,18.239,398975,398.975
4,494,1763710718175058158,1763710718175360978,1763710718175379846,18868,18.868,302820,302.82
4,495,1763710718275060077,1763710718275377541,1763710718275402210,24669,24.669,317464,317.464
4,496,1763710718375056623,1763710718375364481,1763710718375383760,19279,19.279,307858,307.858
4,497,1763710718475058174,1763710718475358300,1763710718475381806,23506,23.506,300126,300.126
4,498,1763710718575061405,1763710718575403830,1763710718575426274,22444,22.444,342425,342.425
4,499,1763710718675057190,1763710718675376758,1763710718675397616,20858,20.858,319568,319.568
4,500,1763710718775055701,1763710718775387348,1763710718775406395,19047,19.047,331647,331.647
4,501,1763710718875055820,1763710718875376583,1763710718875397227,20644,20.644,320763,320.763
4,502,1763710718975058733,1763710718975411361,1763710718975432227,20866,20.866,352628,352.628
4,503,1763710719075113715,1763710719075614638,1763710719075642232,27594,27.594,500923,500.923
4,504,1763710719175080183,1763710719175476191,1763710719175496355,20164,20.164,396008,396.008
4,505,1763710719275057070,1763710719275391730,1763710719275411894,20164,20.164,334660,334.66
4,506,1763710719375059841,1763710719375399308,1763710719375415876,16568,16.568,339467,339.467
4,507,1763710719475063735,1763710719475385712,1763710719475403100,17388,17.388,321977,321.977
4,508,1763710719575078595,1763710719575422489,1763710719575441070,18581,18.581,343894,343.894
4,509,1763710719675061911,1763710719675371665,1763710719675388350,16685,16.685,309754,309.754
4,510,1763710719775063628,1763710719775386331,1763710719775401749,15418,15.418,322703,322.703
4,511,1763710719875088206,1763710719875479506,1763710719875499443,19937,19.937,391300,391.3
4,512,1763710719975058938,1763710719975378750,1763710719975393297,14547,14.547,319812,319.812
4,513,1763710720075064853,1763710720075456045,1763710720075475430,19385,19.385,391192,391.192
4,514,1763710720175076769,1763710720175639050,1763710720175654872,15822,15.822,562281,562.281
4,515,1763710720275081358,1763710720275596119,1763710720275611227,15108,15.108,514761,514.761
4,516,1763710720375106637,1763710720375618228,1763710720375634787,16559,16.559,511591,511.591
4,517,1763710720475082653,1763710720475459770,1763710720475475189,15419,15.419,377117,377.117
4,518,1763710720575055626,1763710720575361117,1763710720575377736,16619,16.619,305491,305.491
4,519,1763710720675055628,1763710720675349973,1763710720675366210,16237,16.237,294345,294.345
4,520,1763710720775059650,1763710720775355245,1763710720775371271,16026,16.026,295595,295.595
4,521,1763710720875053878,1763710720875362806,1763710720875377488,14682,14.682,308928,308.928
4,522,1763710720975056536,1763710720975354124,1763710720975369260,15136,15.136,297588,297.588
4,523,1763710721075058291,1763710721075379258,1763710721075395836,16578,16.578,320967,320.967
4,524,1763710721175056841,1763710721175383436,1763710721175398740,15304,15.304,326595,326.595
4,525,1763710721275056543,1763710721275362396,1763710721275377225,14829,14.829,305853,305.853
4,526,1763710721375067709,1763710721375379885,1763710721375395742,15857,15.857,312176,312.176
4,527,1763710721475055581,1763710721475349247,1763710721475365123,15876,15.876,293666,293.666
4,528,1763710721575061846,1763710721575685195,1763710721575700670,15475,15.475,623349,623.349
4,529,1763710721675093805,1763710721675660579,1763710721675680127,19548,19.548,566774,566.774
4,530,1763710721775059784,1763710721775382062,1763710721775404640,22578,22.578,322278,322.278
4,531,1763710721875056731,1763710721875367180,1763710721875387838,20658,20.658,310449,310.449
4,532,1763710721975059672,1763710721975390151,1763710721975414036,23885,23.885,330479,330.479
4,533,1763710722075059143,1763710722075359271,1763710722075375113,15842,15.842,300128,300.128
4,534,1763710722175061189,1763710722175381674,1763710722175398661,16987,16.987,320485,320.485
4,535,1763710722275058136,1763710722275381785,1763710722275399484,17699,17.699,323649,323.649
4,536,1763710722375060700,1763710722375412522,1763710722375429639,17117,17.117,351822,351.822
4,537,1763710722475057007,1763710722475370840,1763710722475392295,21455,21.455,313833,313.833
4,538,1763710722575062456,1763710722575428886,1763710722575450127,21241,21.241,366430,366.43
4,539,1763710722675058850,1763710722675374812,1763710722675391515,16703,16.703,315962,315.962
4,540,1763710722775060811,1763710722775473611,1763710722775492423,18812,18.812,412800,412.8
4,541,1763710722875054547,1763710722875349763,1763710722875367129,17366,17.366,295216,295.216
4,542,1763710722975057360,1763710722975355585,1763710722975373216,17631,17.631,298225,298.225
4,543,1763710723075055342,1763710723075356053,1763710723075377157,21104,21.104,300711,300.711
4,544,1763710723175062918,1763710723175376059,1763710723175393508,17449,17.449,313141,313.141
4,545,1763710723275056434,1763710723275377162,1763710723275398315,21153,21.153,320728,320.728
4,546,1763710723375052728,1763710723375361514,1763710723375381178,19664,19.664,308786,308.786
4,547,1763710723475057820,1763710723475375422,1763710723475392300,16878,16.878,317602,317.602
4,548,1763710723575057161,1763710723575390649,1763710723575408000,17351,17.351,333488,333.488
4,549,1763710723675063297,1763710723675397200,1763710723675429625,32425,32.425,333903,333.903
4,550,1763710723775075177,1763710723775467323,1763710723775485099,17776,17.776,392146,392.146
4,551,1763710723875060898,1763710723875398601,1763710723875421697,23096,23.096,337703,337.703
4,552,1763710723975055725,1763710723975380196,1763710723975398207,18011,18.011,324471,324.471
4,553,1763710724075059555,1763710724075365024,1763710724075386469,21445,21.445,305469,305.469
4,554,1763710724175055389,1763710724175352895,1763710724175369406,16511,16.511,297506,297.506
4,555,1763710724275058536,1763710724275368808,1763710724275390463,21655,21.655,310272,310.272
4,556,1763710724375060014,1763710724375382786,1763710724375404271,21485,21.485,322772,322.772
4,557,1763710724475061619,1763710724475399960,1763710724475422891,22931,22.931,338341,338.341
4,558,1763710724575058594,1763710724575386772,1763710724575408550,21778,21.778,328178,328.178
4,559,1763710724675054338,1763710724675385154,1763710724675408056,22902,22.902,330816,330.816
4,560,1763710724775060866,1763710724775410966,1763710724775430885,19919,19.919,350100,350.1
4,561,1763710724875059693,1763710724875396880,1763710724875418476,21596,21.596,337187,337.187
4,562,1763710724975135002,1763710724975481956,1763710724975504235,22279,22.279,346954,346.954
4,563,1763710725075091251,1763710725075470475,1763710725075493080,22605,22.605,379224,379.224
4,564,1763710725175077796,1763710725175501204,1763710725175523308,22104,22.104,423408,423.408
4,565,1763710725275063331,1763710725275405200,1763710725275425486,20286,20.286,341869,341.869
4,566,1763710725375067336,1763710725375411170,1763710725375430098,18928,18.928,343834,343.834
4,567,1763710725475081866,1763710725475442081,1763710725475461289,19208,19.208,360215,360.215
4,568,1763710725575062092,1763710725575378467,1763710725575395265,16798,16.798,316375,316.375
4,569,1763710725675051582,1763710725675350293,1763710725675364998,14705,14.705,298711,298.711
4,570,1763710725775128930,1763710725775678624,1763710725775694835,16211,16.211,549694,549.694
4,571,1763710725875065991,1763710725875500556,1763710725875515919,15363,15.363,434565,434.565
4,572,1763710725975119988,1763710725975642980,1763710725975660202,17222,17.222,522992,522.992
4,573,1763710726075055037,1763710726075348119,1763710726075364989,16870,16.87,293082,293.082
4,574,1763710726175058168,1763710726175374941,1763710726175394156,19215,19.215,316773,316.773
4,575,1763710726275054409,1763710726275426883,1763710726275446949,20066,20.066,372474,372.474
4,576,1763710726375083979,1763710726375440604,1763710726375466502,25898,25.898,356625,356.625
4,577,1763710726475055337,1763710726475351794,1763710726475371266,19472,19.472,296457,296.457
4,578,1763710726575051338,1763710726575361012,1763710726575375466,14454,14.454,309674,309.674
4,579,1763710726675055785,1763710726675361210,1763710726675376728,15518,15.518,305425,305.425
4,580,1763710726775055704,1763710726775397386,1763710726775415663,18277,18.277,341682,341.682
4,581,1763710726875053659,1763710726875360617,1763710726875377268,16651,16.651,306958,306.958
4,582,1763710726975071855,1763710726975391856,1763710726975407312,15456,15.456,320001,320.001
4,583,1763710727075095059,1763710727075419772,1763710727075436163,16391,16.391,324713,324.713
4,584,1763710727175056041,1763710727175394132,1763710727175410962,16830,16.83,338091,338.091
4,585,1763710727275052463,1763710727275369519,1763710727275395463,25944,25.944,317056,317.056
4,586,1763710727375054701,1763710727375352525,1763710727375368605,16080,16.08,297824,297.824
4,587,1763710727475051326,1763710727475354104,1763710727475370642,16538,16.538,302778,302.778
4,588,1763710727575050556,1763710727575355025,1763710727575371466,16441,16.441,304469,304.469
4,589,1763710727675053640,1763710727675360955,1763710727675377069,16114,16.114,307315,307.315
4,590,1763710727775062473,1763710727775379068,1763710727775400749,21681,21.681,316595,316.595
4,591,1763710727875056477,1763710727875387227,1763710727875406118,18891,18.891,330750,330.75
4,592,1763710727975056827,1763710727975392291,1763710727975412119,19828,19.828,335464,335.464
4,593,1763710728075059473,1763710728075405525,1763710728075425217,19692,19.692,346052,346.052
4,594,1763710728175071842,1763710728175404805,1763710728175423663,18858,18.858,332963,332.963
4,595,1763710728275121712,1763710728275438914,1763710728275456227,17313,17.313,317202,317.202
4,596,1763710728375113177,1763710728375433878,1763710728375451327,17449,17.449,320701,320.701
4,597,1763710728475125614,1763710728475446605,1763710728475464705,18100,18.1,320991,320.991
4,598,1763710728575074476,1763710728575428829,1763710728575448773,19944,19.944,354353,354.353
4,599,1763710728675058026,1763710728675365579,1763710728675384894,19315,19.315,307553,307.553
4,600,1763710728775055504,1763710728775356578,1763710728775372976,16398,16.398,301074,301.074
4,601,1763710728875055177,1763710728875371257,1763710728875388281,17024,17.024,316080,316.08
4,602,1763710728975055499,1763710728975388595,1763710728975406465,17870,17.87,333096,333.096
4,603,1763710729075056915,1763710729075381167,1763710729075397582,16415,16.415,324252,324.252
4,604,1763710729175053240,1763710729175369320,1763710729175385674,16354,16.354,316080,316.08
4,605,1763710729275055324,1763710729275380218,1763710729275396856,16638,16.638,324894,324.894
4,606,1763710729375055291,1763710729375372967,1763710729375388807,15840,15.84,317676,317.676
4,607,1763710729475066242,1763710729475396354,1763710729475412156,15802,15.802,330112,330.112
4,608,1763710729575119506,1763710729575463250,1763710729575479333,16083,16.083,343744,343.744
4,609,1763710729675058721,1763710729675364301,1763710729675383302,19001,19.001,305580,305.58
4,610,1763710729775014166,1763710729775317970,1763710729775335336,17366,17.366,303804,303.804
4,611,1763710729875068184,1763710729875380733,1763710729875399948,19215,19.215,312549,312.549
4,612,1763710729975067651,1763710729975362336,1763710729975378951,16615,16.615,294685,294.685
4,613,1763710730075061797,1763710730075356333,1763710730075373592,17259,17.259,294536,294.536
4,614,1763710730175145324,1763710730175488209,1763710730175504481,16272,16.272,342885,342.885
4,615,1763710730275060866,1763710730275393594,1763710730275408810,15216,15.216,332728,332.728
4,616,1763710730375058987,1763710730375375317,1763710730375391674,16357,16.357,316330,316.33
4,617,1763710730475057721,1763710730475379229,1763710730475395702,16473,16.473,321508,321.508
4,618,1763710730575060779,1763710730575371171,1763710730575389396,18225,18.225,310392,310.392
4,619,1763710730675057871,1763710730675384189,1763710730675400843,16654,16.654,326318,326.318
4,620,1763710730775056722,1763710730775357580,1763710730775374136,16556,16.556,300858,300.858
4,621,1763710730875135174,1763710730875794891,1763710730875811154,16263,16.263,659717,659.717
4,622,1763710730975109163,1763710730975577969,1763710730975599521,21552,21.552,468806,468.806
4,623,1763710731075055439,1763710731075476491,1763710731075492243,15752,15.752,421052,421.052
4,624,1763710731175070981,1763710731175456815,1763710731175478738,21923,21.923,385834,385.834
4,625,1763710731275077824,1763710731275443264,1763710731275461730,18466,18.466,365440,365.44
4,626,1763710731375067091,1763710731375398515,1763710731375415995,17480,17.48,331424,331.424
4,627,1763710731475070143,1763710731475400815,1763710731475417924,17109,17.109,330672,330.672
4,628,1763710731575068178,1763710731575392118,1763710731575411535,19417,19.417,323940,323.94
4,629,1763710731675083009,1763710731675452895,1763710731675471282,18387,18.387,369886,369.886
4,630,1763710731775069717,1763710731775435094,1763710731775453413,18319,18.319,365377,365.377
4,631,1763710731875056050,1763710731875350537,1763710731875365168,14631,14.631,294487,294.487
4,632,1763710731975059711,1763710731975473712,1763710731975491780,18068,18.068,414001,414.001
4,633,1763710732075054982,1763710732075352449,1763710732075369288,16839,16.839,297467,297.467
4,634,1763710732175055728,1763710732175360031,1763710732175381522,21491,21.491,304303,304.303
4,635,1763710732275056688,1763710732275381783,1763710732275396753,14970,14.97,325095,325.095
4,636,1763710732375056307,1763710732375350576,1763710732375366465,15889,15.889,294269,294.269
4,637,1763710732475055917,1763710732475358554,1763710732475376769,18215,18.215,302637,302.637
4,638,1763710732575052903,1763710732575351052,1763710732575367253,16201,16.201,298149,298.149
4,639,1763710732675053166,1763710732675365059,1763710732675381656,16597,16.597,311893,311.893
4,640,1763710732775055976,1763710732775360417,1763710732775377300,16883,16.883,304441,304.441
4,641,1763710732875055550,1763710732875364719,1763710732875380988,16269,16.269,309169,309.169
4,642,1763710732975064922,1763710732975387657,1763710732975405220,17563,17.563,322735,322.735
4,643,1763710733075083368,1763710733075408940,1763710733075426181,17241,17.241,325572,325.572
4,644,1763710733175052876,1763710733175360253,1763710733175379702,19449,19.449,307377,307.377
4,645,1763710733275056658,1763710733275359011,1763710733275377432,18421,18.421,302353,302.353
4,646,1763710733375051788,1763710733375352776,1763710733375371190,18414,18.414,300988,300.988
4,647,1763710733475052259,1763710733475363272,1763710733475386239,22967,22.967,311013,311.013
4,648,1763710733575057584,1763710733575370439,1763710733575390684,20245,20.245,312855,312.855
4,649,1763710733675052664,1763710733675373512,1763710733675392628,19116,19.116,320848,320.848
4,650,1763710733775134311,1763710733775749710,1763710733775774567,24857,24.857,615399,615.399
4,651,1763710733875055397,1763710733875379852,1763710733875399452,19600,19.6,324455,324.455
4,652,1763710733975073168,1763710733975405518,1763710733975435572,30054,30.054,332350,332.35
4,653,1763710734075067511,1763710734075399980,1763710734075417021,17041,17.041,332469,332.469
4,654,1763710734175055196,1763710734175354888,1763710734175372670,17782,17.782,299692,299.692
4,655,1763710734275056930,1763710734275364991,1763710734275382552,17561,17.561,308061,308.061
4,656,1763710734375055497,1763710734375375220,1763710734375395690,20470,20.47,319723,319.723
4,657,1763710734475054796,1763710734475365942,1763710734475384521,18579,18.579,311146,311.146
4,658,1763710734575056976,1763710734575362519,1763710734575381853,19334,19.334,305543,305.543
4,659,1763710734675057077,1763710734675366757,1763710734675384145,17388,17.388,309680,309.68
4,660,1763710734775052478,1763710734775369776,1763710734775389936,20160,20.16,317298,317.298
4,661,1763710734875057815,1763710734875368536,1763710734875386032,17496,17.496,310721,310.721
4,662,1763710734975051991,1763710734975364180,1763710734975380786,16606,16.606,312189,312.189
4,663,1763710735075060282,1763710735075385223,1763710735075403973,18750,18.75,324941,324.941
4,664,1763710735175080604,1763710735175395564,1763710735175413661,18097,18.097,314960,314.96
4,665,1763710735275108347,1763710735275503374,1763710735275521354,17980,17.98,395027,395.027
4,666,1763710735375059278,1763710735375406240,1763710735375429104,22864,22.864,346962,346.962
4,667,1763710735475062129,1763710735475408507,1763710735475438550,30043,30.043,346378,346.378
4,668,1763710735575055834,1763710735575373720,1763710735575390199,16479,16.479,317886,317.886
4,669,1763710735675064829,1763710735675406306,1763710735675429312,23006,23.006,341477,341.477
4,670,1763710735775166802,1763710735775789074,1763710735775831512,42438,42.438,622272,622.272
4,671,1763710735875059131,1763710735875396672,1763710735875416234,19562,19.562,337541,337.541
4,672,1763710735975058799,1763710735975390101,1763710735975411480,21379,21.379,331302,331.302
4,673,1763710736075061264,1763710736075458017,1763710736075478419,20402,20.402,396753,396.753
4,674,1763710736175058765,1763710736175397923,1763710736175418950,21027,21.027,339158,339.158
4,675,1763710736275060521,1763710736275390362,1763710736275410382,20020,20.02,329841,329.841
4,676,1763710736375064669,1763710736375477383,1763710736375498504,21121,21.121,412714,412.714
4,677,1763710736475116325,1763710736475781278,1763710736475813004,31726,31.726,664953,664.953
4,678,1763710736575061070,1763710736575452409,1763710736575482000,29591,29.591,391339,391.339
4,679,1763710736675063555,1763710736675388503,1763710736675407037,18534,18.534,324948,324.948
4,680,1763710736775060115,1763710736775456702,1763710736775475296,18594,18.594,396587,396.587
4,681,1763710736875064922,1763710736875396417,1763710736875415548,19131,19.131,331495,331.495
4,682,1763710736975059949,1763710736975370929,1763710736975388719,17790,17.79,310980,310.98
4,683,1763710737075078004,1763710737075431947,1763710737075455384,23437,23.437,353943,353.943
4,684,1763710737175072812,1763710737175423764,1763710737175444625,20861,20.861,350952,350.952
4,685,1763710737275084518,1763710737275561921,1763710737275584381,22460,22.46,477403,477.403
4,686,1763710737375053366,1763710737375354261,1763710737375370641,16380,16.38,300895,300.895
4,687,1763710737475051287,1763710737475357787,1763710737475376065,18278,18.278,306500,306.5
4,688,1763710737575061817,1763710737575403478,1763710737575420900,17422,17.422,341661,341.661
4,689,1763710737675095337,1763710737675549537,1763710737675563775,14238,14.238,454200,454.2
4,690,1763710737775101599,1763710737775741036,1763710737775757055,16019,16.019,639437,639.437
4,691,1763710737875059498,1763710737875361976,1763710737875379576,17600,17.6,302478,302.478
4,692,1763710737975062336,1763710737975373985,1763710737975391290,17305,17.305,311649,311.649
4,693,1763710738075063451,1763710738075450826,1763710738075468022,17196,17.196,387375,387.375
4,694,1763710738175063042,1763710738175426658,1763710738175443890,17232,17.232,363616,363.616
4,695,1763710738275084608,1763710738275504669,1763710738275521868,17199,17.199,420061,420.061
4,696,1763710738375062684,1763710738375391192,1763710738375415999,24807,24.807,328508,328.508
4,697,1763710738475062058,1763710738475391759,1763710738475415675,23916,23.916,329701,329.701
4,698,1763710738575063153,1763710738575408402,1763710738575432616,24214,24.214,345249,345.249
4,699,1763710738675060408,1763710738675411981,1763710738675432823,20842,20.842,351573,351.573
4,700,1763710738775067231,1763710738775412751,1763710738775434417,21666,21.666,345520,345.52
4,701,1763710738875063173,1763710738875403973,1763710738875422120,18147,18.147,340800,340.8
4,702,1763710738975080317,1763710738975422278,1763710738975440322,18044,18.044,341961,341.961
4,703,1763710739075059041,1763710739075363955,1763710739075382634,18679,18.679,304914,304.914
4,704,1763710739175073067,1763710739175390455,1763710739175410684,20229,20.229,317388,317.388
4,705,1763710739275062722,1763710739275376287,1763710739275393726,17439,17.439,313565,313.565
4,706,1763710739375060723,1763710739375366816,1763710739375383102,16286,16.286,306093,306.093
4,707,1763710739475057232,1763710739475376007,1763710739475392989,16982,16.982,318775,318.775
4,708,1763710739575053537,1763710739575348571,1763710739575365102,16531,16.531,295034,295.034
4,709,1763710739675059298,1763710739675354068,1763710739675369734,15666,15.666,294770,294.77
4,710,1763710739775068262,1763710739775368875,1763710739775384531,15656,15.656,300613,300.613
4,711,1763710739875090891,1763710739875510834,1763710739875528664,17830,17.83,419943,419.943
4,712,1763710739975060271,1763710739975478828,1763710739975499376,20548,20.548,418557,418.557
4,713,1763710740075062118,1763710740075387904,1763710740075412098,24194,24.194,325786,325.786
4,714,1763710740175064766,1763710740175408110,1763710740175431969,23859,23.859,343344,343.344
4,715,1763710740275065520,1763710740275458047,1763710740275482006,23959,23.959,392527,392.527
4,716,1763710740375063738,1763710740375416073,1763710740375438034,21961,21.961,352335,352.335
4,717,1763710740475066957,1763710740475522949,1763710740475551294,28345,28.345,455992,455.992
4,718,1763710740575170285,1763710740576117974,1763710740576155723,37749,37.749,947689,947.689
4,719,1763710740675074598,1763710740675518217,1763710740675538178,19961,19.961,443619,443.619
4,720,1763710740775076119,1763710740775474312,1763710740775492767,18455,18.455,398193,398.193
4,721,1763710740875064098,1763710740875407724,1763710740875424452,16728,16.728,343626,343.626
4,722,1763710740975068268,1763710740975609461,1763710740975622511,13050,13.05,541193,541.193
4,723,1763710741075063386,1763710741075454446,1763710741075467591,13145,13.145,391060,391.06
4,724,1763710741175044410,1763710741175711711,1763710741175726415,14704,14.704,667301,667.301
4,725,1763710741275084843,1763710741275408265,1763710741275424917,16652,16.652,323422,323.422
4,726,1763710741375061271,1763710741375416978,1763710741375441031,24053,24.053,355707,355.707
4,727,1763710741475061882,1763710741475374208,1763710741475392615,18407,18.407,312326,312.326
4,728,1763710741575061948,1763710741575366586,1763710741575388118,21532,21.532,304638,304.638
4,729,1763710741675061941,1763710741675373445,1763710741675392656,19211,19.211,311504,311.504
4,730,1763710741775057209,1763710741775356350,1763710741775372895,16545,16.545,299141,299.141
4,731,1763710741875055352,1763710741875366852,1763710741875383909,17057,17.057,311500,311.5
4,732,1763710741975057799,1763710741975415093,1763710741975436434,21341,21.341,357294,357.294
4,733,1763710742075056761,1763710742075383017,1763710742075399842,16825,16.825,326256,326.256
4,734,1763710742175075468,1763710742175400454,1763710742175415675,15221,15.221,324986,324.986
4,735,1763710742275055813,1763710742275367536,1763710742275387634,20098,20.098,311723,311.723
4,736,1763710742375062952,1763710742375373676,1763710742375394741,21065,21.065,310724,310.724
4,737,1763710742475063360,1763710742475376901,1763710742475398796,21895,21.895,313541,313.541
4,738,1763710742575069198,1763710742575387595,1763710742575409800,22205,22.205,318397,318.397
4,739,1763710742675058678,1763710742675369235,1763710742675392666,23431,23.431,310557,310.557
4,740,1763710742775059016,1763710742775367120,1763710742775387278,20158,20.158,308104,308.104
4,741,1763710742875058660,1763710742875377032,1763710742875397300,20268,20.268,318372,318.372
4,742,1763710742975074370,1763710742975400523,1763710742975420726,20203,20.203,326153,326.153
4,743,1763710743075083891,1763710743075520362,1763710743075541696,21334,21.334,436471,436.471
4,744,1763710743175064035,1763710743175373134,1763710743175393458,20324,20.324,309099,309.099
4,745,1763710743275061716,1763710743275363409,1763710743275380756,17347,17.347,301693,301.693
4,746,1763710743375063308,1763710743375383569,1763710743375403044,19475,19.475,320261,320.261
4,747,1763710743475061628,1763710743475363595,1763710743475380967,17372,17.372,301967,301.967
4,748,1763710743575059498,1763710743575387105,1763710743575407129,20024,20.024,327607,327.607
4,749,1763710743675058595,1763710743675378883,1763710743675396996,18113,18.113,320288,320.288
4,750,1763710743775057600,1763710743775381531,1763710743775404792,23261,23.261,323931,323.931
4,751,1763710743875058496,1763710743875382501,1763710743875400462,17961,17.961,324005,324.005
4,752,1763710743975061472,1763710743975388081,1763710743975406369,18288,18.288,326609,326.609
4,753,1763710744075061161,1763710744075416570,1763710744075431404,14834,14.834,355409,355.409
4,754,1763710744175065151,1763710744175380557,1763710744175398675,18118,18.118,315406,315.406
4,755,1763710744275065035,1763710744275364913,1763710744275381048,16135,16.135,299878,299.878
4,756,1763710744375064648,1763710744375379180,1763710744375397234,18054,18.054,314532,314.532
4,757,1763710744475065943,1763710744475402515,1763710744475424051,21536,21.536,336572,336.572
4,758,1763710744575061277,1763710744575480646,1763710744575502734,22088,22.088,419369,419.369
4,759,1763710744675065760,1763710744675411824,1763710744675434208,22384,22.384,346064,346.064
4,760,1763710744775062569,1763710744775535009,1763710744775561983,26974,26.974,472440,472.44
4,761,1763710744875061020,1763710744875427553,1763710744875448244,20691,20.691,366533,366.533
4,762,1763710744975069554,1763710744975429296,1763710744975450178,20882,20.882,359742,359.742
4,763,1763710745075068981,1763710745075393728,1763710745075414340,20612,20.612,324747,324.747
4,764,1763710745175069243,1763710745175416018,1763710745175435696,19678,19.678,346775,346.775
4,765,1763710745275061384,1763710745275370552,1763710745275387479,16927,16.927,309168,309.168
4,766,1763710745375063618,1763710745375374399,1763710745375393343,18944,18.944,310781,310.781
4,767,1763710745475056742,1763710745475351522,1763710745475367321,15799,15.799,294780,294.78
4,768,1763710745575057210,1763710745575350550,1763710745575366395,15845,15.845,293340,293.34
4,769,1763710745675057577,1763710745675705569,1763710745675720022,14453,14.453,647992,647.992
4,770,1763710745775072241,1763710745775906668,1763710745775922752,16084,16.084,834427,834.427
4,771,1763710745875055767,1763710745875353698,1763710745875370921,17223,17.223,297931,297.931
4,772,1763710745975059682,1763710745975371394,1763710745975389168,17774,17.774,311712,311.712
4,773,1763710746075059972,1763710746075352863,1763710746075369312,16449,16.449,292891,292.891
4,774,1763710746175060635,1763710746175365000,1763710746175381369,16369,16.369,304365,304.365
4,775,1763710746275061101,1763710746275360144,1763710746275376187,16043,16.043,299043,299.043
4,776,1763710746375130993,1763710746375835935,1763710746375852478,16543,16.543,704942,704.942
4,777,1763710746475101221,1763710746475611587,1763710746475626993,15406,15.406,510366,510.366
4,778,1763710746575060564,1763710746575386717,1763710746575411132,24415,24.415,326153,326.153
4,779,1763710746675061277,1763710746675380094,1763710746675403955,23861,23.861,318817,318.817
4,780,1763710746775061293,1763710746775374054,1763710746775396348,22294,22.294,312761,312.761
4,781,1763710746875064120,1763710746875387605,1763710746875414331,26726,26.726,323485,323.485
4,782,1763710746975065495,1763710746975408025,1763710746975429411,21386,21.386,342530,342.53
4,783,1763710747075059819,1763710747075382722,1763710747075408221,25499,25.499,322903,322.903
4,784,1763710747175061738,1763710747175405328,1763710747175425432,20104,20.104,343590,343.59
4,785,1763710747275085703,1763710747275426949,1763710747275446339,19390,19.39,341246,341.246
4,786,1763710747375113149,1763710747375472795,1763710747375497571,24776,24.776,359646,359.646
4,787,1763710747475055726,1763710747475365017,1763710747475383440,18423,18.423,309291,309.291
4,788,1763710747575053288,1763710747575348976,1763710747575366309,17333,17.333,295688,295.688
4,789,1763710747675056890,1763710747675359095,1763710747675377840,18745,18.745,302205,302.205
4,790,1763710747775057275,1763710747775355846,1763710747775374193,18347,18.347,298571,298.571
4,791,1763710747875055821,1763710747875355811,1763710747875374216,18405,18.405,299990,299.99
4,792,1763710747975059244,1763710747975377740,1763710747975396224,18484,18.484,318496,318.496
4,793,1763710748075063279,1763710748075376271,1763710748075394486,18215,18.215,312992,312.992
4,794,1763710748175064486,1763710748175397533,1763710748175415885,18352,18.352,333047,333.047
4,795,1763710748275065285,1763710748275397644,1763710748275416805,19161,19.161,332359,332.359
4,796,1763710748375078147,1763710748375448605,1763710748375464625