5,16,1763710671002242147,1763710671003192643,1763710671003224774,32131,32.131,950496,950.496
5,17,1763710671102189127,1763710671103004473,1763710671103026248,21775,21.775,815346,815.346
5,18,1763710671202181479,1763710671202972793,1763710671202993612,20819,20.819,791314,791.314
5,19,1763710671302203594,1763710671303306425,1763710671303330972,24547,24.547,1102831,1102.83
5,20,1763710671402160838,1763710671402946203,1763710671402967239,21036,21.036,785365,785.365
5,21,1763710671502155100,1763710671502780576,1763710671502809651,29075,29.075,625476,625.476
5,22,1763710671602153447,1763710671602729929,1763710671602754755,24826,24.826,576482,576.482
5,23,1763710671702148351,1763710671702671164,1763710671702696363,25199,25.199,522813,522.813
5,24,1763710671802159667,1763710671802738513,1763710671802763973,25460,25.46,578846,578.846
5,25,1763710671902208076,1763710671902892853,1763710671902916784,23931,23.931,684777,684.777
5,26,1763710672002290793,1763710672003525361,1763710672003552107,26746,26.746,1234568,1234.57
5,27,1763710672102167676,1763710672102774556,1763710672102792540,17984,17.984,606880,606.88
5,28,1763710672202206001,1763710672202991488,1763710672203008249,16761,16.761,785487,785.487
5,29,1763710672302169530,1763710672303359900,1763710672303378756,18856,18.856,1190370,1190.37
5,30,1763710672402170654,1763710672403305143,1763710672403324219,19076,19.076,1134489,1134.49
5,31,1763710672502155415,1763710672503033881,1763710672503056455,22574,22.574,878466,878.466
5,32,1763710672602153668,1763710672603037264,1763710672603060540,23276,23.276,883596,883.596
5,33,1763710672702153515,1763710672703216502,1763710672703241695,25193,25.193,1062987,1062.99
5,34,1763710672802166970,1763710672803152750,1763710672803187086,34336,34.336,985780,985.78
5,35,1763710672902160590,1763710672903080245,1763710672903107650,27405,27.405,919655,919.655
5,36,1763710673002160112,1763710673003137310,1763710673003163433,26123,26.123,977198,977.198
5,37,1763710673102152200,1763710673103438429,1763710673103470101,31672,31.672,1286229,1286.23
5,38,1763710673202165607,1763710673203154823,1763710673203180977,26154,26.154,989216,989.216
5,39,1763710673302222224,1763710673303136460,1763710673303163888,27428,27.428,914236,914.236
5,40,1763710673402194798,1763710673403226288,1763710673403253514,27226,27.226,1031490,1031.49
5,41,1763710673502160517,1763710673503232247,1763710673503263198,30951,30.951,1071730,1071.73
5,42,1763710673602161705,1763710673603234539,1763710673603265070,30531,30.531,1072834,1072.83
5,43,1763710673702152400,1763710673703196696,1763710673703223429,26733,26.733,1044296,1044.3
5,44,1763710673802160464,1763710673803104276,1763710673803130246,25970,25.97,943812,943.812
5,45,1763710673902159136,1763710673903101559,1763710673903126277,24718,24.718,942423,942.423
5,46,1763710674002162604,1763710674003155793,1763710674003182645,26852,26.852,993189,993.189
5,47,1763710674102158898,1763710674103099440,1763710674103123409,23969,23.969,940542,940.542
5,48,1763710674202160730,1763710674203084518,1763710674203107720,23202,23.202,923788,923.788
5,49,1763710674302157060,1763710674303084038,1763710674303108550,24512,24.512,926978,926.978
5,50,1763710674402182051,1763710674403086223,1763710674403108909,22686,22.686,904172,904.172
5,51,1763710674502155127,1763710674503104382,1763710674503132734,28352,28.352,949255,949.255
5,52,1763710674602159459,1763710674603124772,1763710674603148803,24031,24.031,965313,965.313
5,53,1763710674702212201,1763710674703212274,1763710674703235010,22736,22.736,1000073,1000.07
5,54,1763710674802181466,1763710674803272921,1763710674803298131,25210,25.21,1091455,1091.45
5,55,1763710674902161482,1763710674903213325,1763710674903241356,28031,28.031,1051843,1051.84
5,56,1763710675002159411,1763710675003116223,1763710675003141080,24857,24.857,956812,956.812
5,57,1763710675102158863,1763710675103132162,1763710675103161902,29740,29.74,973299,973.299
5,58,1763710675202176568,1763710675203099333,1763710675203133048,33715,33.715,922765,922.765
5,59,1763710675302215622,1763710675303133804,1763710675303161795,27991,27.991,918182,918.182
5,60,1763710675402172843,1763710675403179164,1763710675403209876,30712,30.712,1006321,1006.32
5,61,1763710675502161094,1763710675503085539,1763710675503119844,34305,34.305,924445,924.445
5,62,1763710675602161895,1763710675602913470,1763710675602940227,26757,26.757,751575,751.575
5,63,1763710675702190321,1763710675703126507,1763710675703154027,27520,27.52,936186,936.186
5,64,1763710675802229481,1763710675802950175,1763710675802981205,31030,31.03,720694,720.694
5,65,1763710675902154226,1763710675902969268,1763710675902999108,29840,29.84,815042,815.042
5,66,1763710676002153937,1763710676002827512,1763710676002855143,27631,27.631,673575,673.575
5,67,1763710676102164113,1763710676102725925,1763710676102751670,25745,25.745,561812,561.812
5,68,1763710676202151173,1763710676202639064,1763710676202662017,22953,22.953,487891,487.891
5,69,1763710676302191054,1763710676302816173,1763710676302842032,25859,25.859,625119,625.119
5,70,1763710676402165537,1763710676402687787,1763710676402710561,22774,22.774,522250,522.25
5,71,1763710676502160306,1763710676502907443,1763710676502938947,31504,31.504,747137,747.137
5,72,1763710676602160352,1763710676602679743,1763710676602699909,20166,20.166,519391,519.391
5,73,1763710676702163781,1763710676702761486,1763710676702790203,28717,28.717,597705,597.705
5,74,1763710676802167844,1763710676802946848,1763710676802969940,23092,23.092,779004,779.004
5,75,1763710676902170390,1763710676903117006,1763710676903136814,19808,19.808,946616,946.616
5,76,1763710677002234610,1763710677003380039,1763710677003399093,19054,19.054,1145429,1145.43
5,77,1763710677102200066,1763710677103241259,1763710677103259515,18256,18.256,1041193,1041.19
5,78,1763710677202162090,1763710677203371598,1763710677203392686,21088,21.088,1209508,1209.51
5,79,1763710677302163902,1763710677303226280,1763710677303250634,24354,24.354,1062378,1062.38
5,80,1763710677402165582,1763710677403139324,1763710677403165087,25763,25.763,973742,973.742
5,81,1763710677502156654,1763710677503091358,1763710677503113082,21724,21.724,934704,934.704
5,82,1763710677602222553,1763710677603314684,1763710677603340920,26236,26.236,1092131,1092.13
5,83,1763710677702180916,1763710677703112566,1763710677703133275,20709,20.709,931650,931.65
5,84,1763710677802185458,1763710677803380459,1763710677803405712,25253,25.253,1195001,1195
5,85,1763710677902159669,1763710677903071534,1763710677903089982,18448,18.448,911865,911.865
5,86,1763710678002168447,1763710678003216278,1763710678003249712,33434,33.434,1047831,1047.83
5,87,1763710678102158698,1763710678103226402,1763710678103249530,23128,23.128,1067704,1067.7
5,88,1763710678202161655,1763710678203217645,1763710678203237666,20021,20.021,1055990,1055.99
5,89,1763710678302161910,1763710678303218343,1763710678303238430,20087,20.087,1056433,1056.43
5,90,1763710678402160192,1763710678403086509,1763710678403116779,30270,30.27,926317,926.317
5,91,1763710678502155415,1763710678503080046,1763710678503111643,31597,31.597,924631,924.631
5,92,1763710678602160463,1763710678603107687,1763710678603137683,29996,29.996,947224,947.224
5,93,1763710678702160248,1763710678703122889,1763710678703150202,27313,27.313,962641,962.641
5,94,1763710678802183403,1763710678803123809,1763710678803156955,33146,33.146,940406,940.406
5,95,1763710678902182415,1763710678903144756,1763710678903172173,27417,27.417,962341,962.341
5,96,1763710679002209189,1763710679003217016,1763710679003246035,29019,29.019,1007827,1007.83
5,97,1763710679102164954,1763710679103235122,1763710679103264740,29618,29.618,1070168,1070.17
5,98,1763710679202217443,1763710679203271226,1763710679203298950,27724,27.724,1053783,1053.78
5,99,1763710679302179227,1763710679303148353,1763710679303174718,26365,26.365,969126,969.126
5,100,1763710679402158715,1763710679403161793,1763710679403189217,27424,27.424,1003078,1003.08
5,101,1763710679502154293,1763710679503038425,1763710679503062721,24296,24.296,884132,884.132
5,102,1763710679602154686,1763710679603095949,1763710679603124110,28161,28.161,941263,941.263
5,103,1763710679702196749,1763710679703125844,1763710679703148245,22401,22.401,929095,929.095
5,104,1763710679802159543,1763710679802985600,1763710679803010139,24539,24.539,826057,826.057
5,105,1763710679902208939,1763710679903022519,1763710679903048175,25656,25.656,813580,813.58
5,106,1763710680002189075,1763710680003176281,1763710680003202318,26037,26.037,987206,987.206
5,107,1763710680102155807,1763710680103029976,1763710680103054336,24360,24.36,874169,874.169
5,108,1763710680202220746,1763710680202943350,1763710680202964043,20693,20.693,722604,722.604
5,109,1763710680302226315,1763710680303115754,1763710680303136913,21159,21.159,889439,889.439
5,110,1763710680402186293,1763710680402978926,1763710680403000290,21364,21.364,792633,792.633
5,111,1763710680502226012,1763710680503069171,1763710680503090015,20844,20.844,843159,843.159
5,112,1763710680602215030,1763710680602979230,1763710680602999090,19860,19.86,764200,764.2
5,113,1763710680702150326,1763710680702810439,1763710680702832512,22073,22.073,660113,660.113
5,114,1763710680802167509,1763710680802754052,1763710680802782177,28125,28.125,586543,586.543
5,115,1763710680902154056,1763710680902700075,1763710680902729208,29133,29.133,546019,546.019
5,116,1763710681002150599,1763710681002654676,1763710681002682516,27840,27.84,504077,504.077
5,117,1763710681102160185,1763710681102737115,1763710681102759079,21964,21.964,576930,576.93
5,118,1763710681202156084,1763710681202519284,1763710681202543490,24206,24.206,363200,363.2
5,119,1763710681302165759,1763710681302662001,1763710681302684903,22902,22.902,496242,496.242
5,120,1763710681402156845,1763710681402746052,1763710681402766061,20009,20.009,589207,589.207
5,121,1763710681502187798,1763710681502983108,1763710681503001014,17906,17.906,795310,795.31
5,122,1763710681602197328,1763710681603040017,1763710681603059088,19071,19.071,842689,842.689
5,123,1763710681702198391,1763710681702950003,1763710681702967430,17427,17.427,751612,751.612
5,124,1763710681802224206,1763710681802944026,1763710681802963247,19221,19.221,719820,719.82
5,125,1763710681902151672,1763710681902825233,1763710681902857289,32056,32.056,673561,673.561
5,126,1763710682002151567,1763710682002776198,1763710682002800776,24578,24.578,624631,624.631
5,127,1763710682102149791,1763710682102654598,1763710682102680573,25975,25.975,504807,504.807
5,128,1763710682202180322,1763710682202788203,1763710682202811915,23712,23.712,607881,607.881
5,129,1763710682302205053,1763710682302796211,1763710682302814388,18177,18.177,591158,591.158
5,130,1763710682402177829,1763710682403080186,1763710682403102227,22041,22.041,902357,902.357
5,131,1763710682502182742,1763710682503089753,1763710682503115508,25755,25.755,907011,907.011
5,132,1763710682602199138,1763710682603088113,1763710682603105664,17551,17.551,888975,888.975
5,133,1763710682702168227,1763710682703055265,1763710682703077113,21848,21.848,887038,887.038
5,134,1763710682802177731,1763710682803202431,1763710682803222974,20543,20.543,1024700,1024.7
5,135,1763710682902166128,1763710682903238862,1763710682903258459,19597,19.597,1072734,1072.73
5,136,1763710683002177414,1763710683003065321,1763710683003090952,25631,25.631,887907,887.907
5,137,1763710683102157003,1763710683103105090,1763710683103129643,24553,24.553,948087,948.087
5,138,1763710683202158829,1763710683203080218,1763710683203102716,22498,22.498,921389,921.389
5,139,1763710683302153555,1763710683303059013,1763710683303086224,27211,27.211,905458,905.458
5,140,1763710683402154149,1763710683403062558,1763710683403084399,21841,21.841,908409,908.409
5,141,1763710683502150893,1763710683503160567,1763710683503182084,21517,21.517,1009674,1009.67
5,142,1763710683602159537,1763710683603081299,1763710683603102401,21102,21.102,921762,921.762
5,143,1763710683702165486,1763710683703179144,1763710683703196884,17740,17.74,1013658,1013.66
5,144,1763710683802204321,1763710683803174050,1763710683803195670,21620,21.62,969729,969.729
5,145,1763710683902183703,1763710683903326944,1763710683903347508,20564,20.564,1143241,1143.24
5,146,1763710684002178441,1763710684003462436,1763710684003481900,19464,19.464,1283995,1283.99
5,147,1763710684102158878,1763710684103120423,1763710684103150100,29677,29.677,961545,961.545
5,148,1763710684202158414,1763710684203162755,1763710684203191798,29043,29.043,1004341,1004.34
5,149,1763710684302158125,1763710684303090171,1763710684303117422,27251,27.251,932046,932.046
5,150,1763710684402158188,1763710684403118322,1763710684403147944,29622,29.622,960134,960.134
5,151,1763710684502190319,1763710684503100489,1763710684503128290,27801,27.801,910170,910.17
5,152,1763710684602161121,1763710684603128948,1763710684603157785,28837,28.837,967827,967.827
5,153,1763710684702158223,1763710684703126725,1763710684703154670,27945,27.945,968502,968.502
5,154,1763710684802160375,1763710684803132025,1763710684803158878,26853,26.853,971650,971.65
5,155,1763710684902161041,1763710684903108269,1763710684903136284,28015,28.015,947228,947.228
5,156,1763710685002175342,1763710685003147993,1763710685003174156,26163,26.163,972651,972.651
5,157,1763710685102176353,1763710685103212069,1763710685103239380,27311,27.311,1035716,1035.72
5,158,1763710685202181141,1763710685203273877,1763710685203301769,27892,27.892,1092736,1092.74
5,159,1763710685302153134,1763710685303229567,1763710685303257968,28401,28.401,1076433,1076.43
5,160,1763710685402158749,1763710685403201901,1763710685403233142,31241,31.241,1043152,1043.15
5,161,1763710685502156710,1763710685503188239,1763710685503227014,38775,38.775,1031529,1031.53
5,162,1763710685602155359,1763710685603157617,1763710685603181546,23929,23.929,1002258,1002.26
5,163,1763710685702156737,1763710685703162093,1763710685703188578,26485,26.485,1005356,1005.36
5,164,1763710685802175892,1763710685803214732,1763710685803242899,28167,28.167,1038840,1038.84
5,165,1763710685902155181,1763710685903140333,1763710685903164641,24308,24.308,985152,985.152
5,166,1763710686002176376,1763710686003179829,1763710686003202063,22234,22.234,1003453,1003.45
5,167,1763710686102161567,1763710686103314282,1763710686103338146,23864,23.864,1152715,1152.71
5,168,1763710686202159162,1763710686203249283,1763710686203275640,26357,26.357,1090121,1090.12
5,169,1763710686302161347,1763710686303141398,1763710686303169422,28024,28.024,980051,980.051
5,170,1763710686402158465,1763710686403160439,1763710686403188955,28516,28.516,1001974,1001.97
5,171,1763710686502186072,1763710686503161947,1763710686503192015,30068,30.068,975875,975.875
5,172,1763710686602157789,1763710686603127323,1763710686603158183,30860,30.86,969534,969.534
5,173,1763710686702179389,1763710686703194709,1763710686703223978,29269,29.269,1015320,1015.32
5,174,1763710686802166144,1763710686803146963,1763710686803174859,27896,27.896,980819,980.819
5,175,1763710686902166984,1763710686903119201,1763710686903148376,29175,29.175,952217,952.217
5,176,1763710687002187972,1763710687003148632,1763710687003177249,28617,28.617,960660,960.66
5,177,1763710687102170815,1763710687103173221,1763710687103195049,21828,21.828,1002406,1002.41
5,178,1763710687202191596,1763710687203179121,1763710687203200599,21478,21.478,987525,987.525
5,179,1763710687302155284,1763710687302825905,1763710687302858595,32690,32.69,670621,670.621
5,180,1763710687402149050,1763710687402890800,1763710687402915347,24547,24.547,741750,741.75
5,181,1763710687502166604,1763710687503206784,1763710687503241067,34283,34.283,1040180,1040.18
5,182,1763710687602160208,1763710687602902701,1763710687602928693,25992,25.992,742493,742.493
5,183,1763710687702164431,1763710687702775282,1763710687702800451,25169,25.169,610851,610.851
5,184,1763710687802162714,1763710687802765149,1763710687802789749,24600,24.6,602435,602.435
5,185,1763710687902162779,1763710687902802564,1763710687902832789,30225,30.225,639785,639.785
5,186,1763710688002259162,1763710688002800956,1763710688002824203,23247,23.247,541794,541.794
5,187,1763710688102155233,1763710688102713933,1763710688102734587,20654,20.654,558700,558.7
5,188,1763710688202157390,1763710688202551673,1763710688202570712,19039,19.039,394283,394.283
5,189,1763710688302173506,1763710688303089891,1763710688303106913,17022,17.022,916385,916.385
5,190,1763710688402158513,1763710688403104770,1763710688403125728,20958,20.958,946257,946.257
5,191,1763710688502213040,1763710688503122291,1763710688503139712,17421,17.421,909251,909.251
5,192,1763710688602183453,1763710688603201383,1763710688603220854,19471,19.471,1017930,1017.93
5,193,1763710688702153393,1763710688703210591,1763710688703229166,18575,18.575,1057198,1057.2
5,194,1763710688802160068,1763710688803283109,1763710688803301637,18528,18.528,1123041,1123.04
5,195,1763710688902171498,1763710688903125241,1763710688903153271,28030,28.03,953743,953.743
5,196,1763710689002148896,1763710689003089730,1763710689003110540,20810,20.81,940834,940.834
5,197,1763710689102152793,1763710689102987070,1763710689103007010,19940,19.94,834277,834.277
5,198,1763710689202178765,1763710689203121549,1763710689203141366,19817,19.817,942784,942.784
5,199,1763710689302152492,1763710689302965527,1763710689302984595,19068,19.068,813035,813.035
5,200,1763710689402172651,1763710689403014899,1763710689403036855,21956,21.956,842248,842.248
5,201,1763710689502180257,1763710689503015005,1763710689503036764,21759,21.759,834748,834.748
5,202,1763710689602149237,1763710689602970804,1763710689602990884,20080,20.08,821567,821.567
5,203,1763710689702144359,1763710689702721933,1763710689702756362,34429,34.429,577574,577.574
5,204,1763710689802145161,1763710689802820835,1763710689802845984,25149,25.149,675674,675.674
5,205,1763710689902149231,1763710689902804116,1763710689902828338,24222,24.222,654885,654.885
5,206,1763710690002154216,1763710690003087790,1763710690003116682,28892,28.892,933574,933.574
5,207,1763710690102167830,1763710690103038699,1763710690103068127,29428,29.428,870869,870.869
5,208,1763710690202156531,1763710690203021433,1763710690203048263,26830,26.83,864902,864.902
5,209,1763710690302151594,1763710690303013692,1763710690303044673,30981,30.981,862098,862.098
5,210,1763710690402169763,1763710690403090472,1763710690403118886,28414,28.414,920709,920.709
5,211,1763710690502154324,1763710690503012649,1763710690503042982,30333,30.333,858325,858.325
5,212,1763710690602158008,1763710690603033195,1763710690603060714,27519,27.519,875187,875.187
5,213,1763710690702201857,1763710690703066732,1763710690703093867,27135,27.135,864875,864.875
5,214,1763710690802169514,1763710690802969485,1763710690802994892,25407,25.407,799971,799.971
5,215,1763710690902145049,1763710690902918104,1763710690902944197,26093,26.093,773055,773.055
5,216,1763710691002150252,1763710691002717890,1763710691002749506,31616,31.616,567638,567.638
5,217,1763710691102152383,1763710691102769686,1763710691102794539,24853,24.853,617303,617.303
5,218,1763710691202150472,1763710691202807668,1763710691202829567,21899,21.899,657196,657.196
5,219,1763710691302153589,1763710691302827567,1763710691302849744,22177,22.177,673978,673.978
5,220,1763710691402162631,1763710691402852429,1763710691402879697,27268,27.268,689798,689.798
5,221,1763710691502156956,1763710691502658461,1763710691502682794,24333,24.333,501505,501.505
5,222,1763710691602158457,1763710691602739066,1763710691602758681,19615,19.615,580609,580.609
5,223,1763710691702204977,1763710691703104553,1763710691703123550,18997,18.997,899576,899.576
5,224,1763710691802200003,1763710691803125377,1763710691803146163,20786,20.786,925374,925.374
5,225,1763710691902162335,1763710691903317573,1763710691903336899,19326,19.326,1155238,1155.24
5,226,1763710692002151368,1763710692003353754,1763710692003372565,18811,18.811,1202386,1202.39
5,227,1763710692102151308,1763710692103207454,1763710692103236942,29488,29.488,1056146,1056.15
5,228,1763710692202163057,1763710692203138624,1763710692203166228,27604,27.604,975567,975.567
5,229,1763710692302152372,1763710692303015311,1763710692303044974,29663,29.663,862939,862.939
5,230,1763710692402151393,1763710692403068458,1763710692403089320,20862,20.862,917065,917.065
5,231,1763710692502152906,1763710692503115034,1763710692503138429,23395,23.395,962128,962.128
5,232,1763710692602145592,1763710692603000080,1763710692603021927,21847,21.847,854488,854.488
5,233,1763710692702158432,1763710692703003669,1763710692703025954,22285,22.285,845237,845.237
5,234,1763710692802155893,1763710692802993748,1763710692803027529,33781,33.781,837855,837.855
5,235,1763710692902237218,1763710692903013198,1763710692903046405,33207,33.207,775980,775.98
5,236,1763710693002170502,1763710693003076663,1763710693003105522,28859,28.859,906161,906.161
5,237,1763710693102162050,1763710693102939944,1763710693102966953,27009,27.009,777894,777.894
5,238,1763710693202174440,1763710693203008108,1763710693203037129,29021,29.021,833668,833.668
5,239,1763710693302182236,1763710693303146465,1763710693303175923,29458,29.458,964229,964.229
5,240,1763710693402172303,1763710693402884563,1763710693402911650,27087,27.087,712260,712.26
5,241,1763710693502157350,1763710693502909293,1763710693502937274,27981,27.981,751943,751.943
5,242,1763710693602148624,1763710693602713143,1763710693602732697,19554,19.554,564519,564.519
5,243,1763710693702200932,1763710693702543820,1763710693702572062,28242,28.242,342888,342.888
5,244,1763710693802207558,1763710693802566748,1763710693802587121,20373,20.373,359190,359.19
5,245,1763710693902186439,1763710693902750747,1763710693902774894,24147,24.147,564308,564.308
5,246,1763710694002207370,1763710694003042674,1763710694003064564,21890,21.89,835304,835.304
5,247,1763710694102162548,1763710694103094637,1763710694103112639,18002,18.002,932089,932.089
5,248,1763710694202173758,1763710694203265805,1763710694203284823,19018,19.018,1092047,1092.05
5,249,1763710694302177910,1763710694303273784,1763710694303292815,19031,19.031,1095874,1095.87
5,250,1763710694402173336,1763710694403177355,1763710694403195959,18604,18.604,1004019,1004.02
5,251,1763710694502207906,1763710694503209579,1763710694503229847,20268,20.268,1001673,1001.67
5,252,1763710694602156466,1763710694603348157,1763710694603364921,16764,16.764,1191691,1191.69
5,253,1763710694702151910,1763710694703076404,1763710694703099464,23060,23.06,924494,924.494
5,254,1763710694802156016,1763710694803114695,1763710694803137977,23282,23.282,958679,958.679
5,255,1763710694902152791,1763710694903102697,1763710694903123991,21294,21.294,949906,949.906
5,256,1763710695002165720,1763710695003216327,1763710695003236670,20343,20.343,1050607,1050.61
5,257,1763710695102157947,1763710695103158438,1763710695103181958,23520,23.52,1000491,1000.49
5,258,1763710695202151257,1763710695203146944,1763710695203166037,19093,19.093,995687,995.687
5,259,1763710695302196402,1763710695303194553,1763710695303216437,21884,21.884,998151,998.151
5,260,1763710695402157746,1763710695403270285,1763710695403290894,20609,20.609,1112539,1112.54
5,261,1763710695502152724,1763710695503254291,1763710695503273902,19611,19.611,1101567,1101.57
5,262,1763710695602183184,1763710695603409307,1763710695603428881,19574,19.574,1226123,1226.12
5,263,1763710695702155484,1763710695703165044,1763710695703186768,21724,21.724,1009560,1009.56
5,264,1763710695802166615,1763710695803275671,1763710695803305425,29754,29.754,1109056,1109.06
5,265,1763710695902181245,1763710695903228348,1763710695903256623,28275,28.275,1047103,1047.1
5,266,1763710696002199063,1763710696003288179,1763710696003322915,34736,34.736,1089116,1089.12
5,267,1763710696102159271,1763710696103173225,1763710696103200487,27262,27.262,1013954,1013.95
5,268,1763710696202159633,1763710696203133465,1763710696203160379,26914,26.914,973832,973.832
5,269,1763710696302202332,1763710696303394157,1763710696303428432,34275,34.275,1191825,1191.83
5,270,1763710696402158260,1763710696403376265,1763710696403412707,36442,36.442,1218005,1218.01
5,271,1763710696502153928,1763710696503315513,1763710696503353396,37883,37.883,1161585,1161.59
5,272,1763710696602153246,1763710696603280069,1763710696603308171,28102,28.102,1126823,1126.82
5,273,1763710696702152155,1763710696703209998,1763710696703238740,28742,28.742,1057843,1057.84
5,274,1763710696802152202,1763710696803205855,1763710696803240406,34551,34.551,1053653,1053.65
5,275,1763710696902153282,1763710696903223622,1763710696903244199,20577,20.577,1070340,1070.34
5,276,1763710697002155198,1763710697003155731,1763710697003179851,24120,24.12,1000533,1000.53
5,277,1763710697102159154,1763710697103150506,1763710697103172088,21582,21.582,991352,991.352
5,278,1763710697202152671,1763710697203231128,1763710697203256842,25714,25.714,1078457,1078.46
5,279,1763710697302153700,1763710697303130033,1763710697303150030,19997,19.997,976333,976.333
5,280,1763710697402154621,1763710697403185650,1763710697403210266,24616,24.616,1031029,1031.03
5,281,1763710697502167089,1763710697503154013,1763710697503173797,19784,19.784,986924,986.924
5,282,1763710697602229581,1763710697603236218,1763710697603255947,19729,19.729,1006637,1006.64
5,283,1763710697702194343,1763710697703205148,1763710697703225941,20793,20.793,1010805,1010.8
5,284,1763710697802174238,1763710697803274835,1763710697803297188,22353,22.353,1100597,1100.6
5,285,1763710697902148720,1763710697903389031,1763710697903410540,21509,21.509,1240311,1240.31
5,286,1763710698002154847,1763710698003273050,1763710698003295608,22558,22.558,1118203,1118.2
5,287,1763710698102157001,1763710698103105893,1763710698103132962,27069,27.069,948892,948.892
5,288,1763710698202155761,1763710698203181757,1763710698203209122,27365,27.365,1025996,1026
5,289,1763710698302162620,1763710698303120471,1763710698303148432,27961,27.961,957851,957.851
5,290,1763710698402184787,1763710698403229475,1763710698403264391,34916,34.916,1044688,1044.69
5,291,1763710698502154361,1763710698503139217,1763710698503166907,27690,27.69,984856,984.856
5,292,1763710698602244222,1763710698603339968,1763710698603392087,52119,52.119,1095746,1095.75
5,293,1763710698702150397,1763710698703113733,1763710698703140262,26529,26.529,963336,963.336
5,294,1763710698802249216,1763710698803223975,1763710698803254449,30474,30.474,974759,974.759
5,295,1763710698902165367,1763710698903129870,1763710698903157870,28000,28,964503,964.503
5,296,1763710699002251098,1763710699003322235,1763710699003352802,30567,30.567,1071137,1071.14
5,297,1763710699102155739,1763710699102829573,1763710699102856481,26908,26.908,673834,673.834
5,298,1763710699202168371,1763710699202913882,1763710699202943191,29309,29.309,745511,745.511
5,299,1763710699302150375,1763710699302793529,1763710699302817382,23853,23.853,643154,643.154
5,300,1763710699402227529,1763710699402857568,1763710699402884991,27423,27.423,630039,630.039
5,301,1763710699502182579,1763710699502910052,1763710699502933977,23925,23.925,727473,727.473
5,302,1763710699602175647,1763710699602851962,1763710699602878096,26134,26.134,676315,676.315
5,303,1763710699702175864,1763710699702534468,1763710699702563199,28731,28.731,358604,358.604
5,304,1763710699802239528,1763710699803101247,1763710699803126436,25189,25.189,861719,861.719
5,305,1763710699902184411,1763710699902575913,1763710699902601074,25161,25.161,391502,391.502
5,306,1763710700002180128,1763710700002825588,1763710700002851703,26115,26.115,645460,645.46
5,307,1763710700102154987,1763710700102975966,1763710700102996024,20058,20.058,820979,820.979
5,308,1763710700202150020,1763710700202840330,1763710700202864634,24304,24.304,690310,690.31
5,309,1763710700302149431,1763710700302762269,1763710700302787537,25268,25.268,612838,612.838
5,310,1763710700402148521,1763710700402844803,1763710700402867437,22634,22.634,696282,696.282
5,311,1763710700502149664,1763710700502728935,1763710700502749314,20379,20.379,579271,579.271
5,312,1763710700602152683,1763710700602724695,1763710700602744896,20201,20.201,572012,572.012
5,313,1763710700702149200,1763710700702713913,1763710700702734890,20977,20.977,564713,564.713
5,314,1763710700802155124,1763710700802690512,1763710700802712941,22429,22.429,535388,535.388
5,315,1763710700902158489,1763710700902624165,1763710700902643018,18853,18.853,465676,465.676
5,316,1763710701002158412,1763710701002692766,1763710701002713342,20576,20.576,534354,534.354
5,317,1763710701102200927,1763710701103194530,1763710701103213748,19218,19.218,993603,993.603
5,318,1763710701202164591,1763710701203312709,1763710701203335005,22296,22.296,1148118,1148.12
5,319,1763710701302157234,1763710701303198479,1763710701303220758,22279,22.279,1041245,1041.24
5,320,1763710701402166339,1763710701403312407,1763710701403342144,29737,29.737,1146068,1146.07
5,321,1763710701502173068,1763710701503297930,1763710701503327775,29845,29.845,1124862,1124.86
5,322,1763710701602154403,1763710701603180068,1763710701603206768,26700,26.7,1025665,1025.66
5,323,1763710701702155499,1763710701703189056,1763710701703216303,27247,27.247,1033557,1033.56
5,324,1763710701802149892,1763710701803221070,1763710701803249786,28716,28.716,1071178,1071.18
5,325,1763710701902151874,1763710701903149776,1763710701903176873,27097,27.097,997902,997.902
5,326,1763710702002162428,1763710702003226755,1763710702003253341,26586,26.586,1064327,1064.33
5,327,1763710702102161576,1763710702103380697,1763710702103409273,28576,28.576,1219121,1219.12
5,328,1763710702202162243,1763710702203370732,1763710702203396522,25790,25.79,1208489,1208.49
5,329,1763710702302159422,1763710702303158595,1763710702303185443,26848,26.848,999173,999.173
5,330,1763710702402156776,1763710702403210336,1763710702403234706,24370,24.37,1053560,1053.56
5,331,1763710702502153786,1763710702503147776,1763710702503171685,23909,23.909,993990,993.99
5,332,1763710702602160402,1763710702603197567,1763710702603219947,22380,22.38,1037165,1037.16
5,333,1763710702702152469,1763710702703134899,1763710702703155212,20313,20.313,982430,982.43
5,334,1763710702802260788,1763710702803771658,1763710702803810758,39100,39.1,1510870,1510.87
5,335,1763710702902169738,1763710702903212165,1763710702903232463,20298,20.298,1042427,1042.43
5,336,1763710703002175527,1763710703003256198,1763710703003277042,20844,20.844,1080671,1080.67
5,337,1763710703102182667,1763710703103333272,1763710703103354536,21264,21.264,1150605,1150.61
5,338,1763710703202153660,1763710703203334411,1763710703203355379,20968,20.968,1180751,1180.75
5,339,1763710703302150877,1763710703303240762,1763710703303262655,21893,21.893,1089885,1089.88
5,340,1763710703402159620,1763710703403344946,1763710703403366403,21457,21.457,1185326,1185.33
5,341,1763710703502161171,1763710703503150214,1763710703503179088,28874,28.874,989043,989.043
5,342,1763710703602165097,1763710703603193872,1763710703603221906,28034,28.034,1028775,1028.78
5,343,1763710703702165797,1763710703703099148,1763710703703124319,25171,25.171,933351,933.351
5,344,1763710703802157417,1763710703803247548,1763710703803277984,30436,30.436,1090131,1090.13
5,345,1763710703902157628,1763710703903074381,1763710703903102339,27958,27.958,916753,916.753
5,346,1763710704002166499,1763710704003132507,1763710704003168253,35746,35.746,966008,966.008
5,347,1763710704102161316,1763710704103030139,1763710704103050441,20302,20.302,868823,868.823
5,348,1763710704202190428,1763710704203208321,1763710704203239235,30914,30.914,1017893,1017.89
5,349,1763710704302149475,1763710704302920585,1763710704302949494,28909,28.909,771110,771.11
5,350,1763710704402146376,1763710704402951874,1763710704402983006,31132,31.132,805498,805.498
5,351,1763710704502164677,1763710704502948652,1763710704502975897,27245,27.245,783975,783.975
5,352,1763710704602148583,1763710704602954797,1763710704603000928,46131,46.131,806214,806.214
5,353,1763710704702165654,1763710704702568721,1763710704702594168,25447,25.447,403067,403.067
5,354,1763710704802174855,1763710704802922120,1763710704802948163,26043,26.043,747265,747.265
5,355,1763710704902163911,1763710704902877538,1763710704902899931,22393,22.393,713627,713.627
5,356,1763710705002150309,1763710705002653712,1763710705002676589,22877,22.877,503403,503.403
5,357,1763710705102221383,1763710705102725651,1763710705102745136,19485,19.485,504268,504.268
5,358,1763710705202162472,1763710705202813117,1763710705202835151,22034,22.034,650645,650.645
5,359,1763710705302196743,1763710705303208290,1763710705303230044,21754,21.754,1011547,1011.55
5,360,1763710705402182809,1763710705403116988,1763710705403137917,20929,20.929,934179,934.179
5,361,1763710705502164847,1763710705503196152,1763710705503214598,18446,18.446,1031305,1031.31
5,362,1763710705602164025,1763710705603312832,1763710705603335321,22489,22.489,1148807,1148.81
5,363,1763710705702161203,1763710705703339168,1763710705703360187,21019,21.019,1177965,1177.96
5,364,1763710705802151596,1763710705803280227,1763710705803302522,22295,22.295,1128631,1128.63
5,365,1763710705902155562,1763710705903260992,1763710705903289447,28455,28.455,1105430,1105.43
5,366,1763710706002162733,1763710706003361388,1763710706003386509,25121,25.121,1198655,1198.65
5,367,1763710706102162683,1763710706103212547,1763710706103234835,22288,22.288,1049864,1049.86
5,368,1763710706202176822,1763710706203277706,1763710706203300938,23232,23.232,1100884,1100.88
5,369,1763710706302153133,1763710706303315797,1763710706303341819,26022,26.022,1162664,1162.66
5,370,1763710706402149766,1763710706403199668,1763710706403220049,20381,20.381,1049902,1049.9
5,371,1763710706502208283,1763710706503267677,1763710706503294196,26519,26.519,1059394,1059.39
5,372,1763710706602179868,1763710706603349207,1763710706603369348,20141,20.141,1169339,1169.34
5,373,1763710706702150714,1763710706703312283,1763710706703331754,19471,19.471,1161569,1161.57
5,374,1763710706802152761,1763710706803254697,1763710706803276675,21978,21.978,1101936,1101.94
5,375,1763710706902152193,1763710706903185772,1763710706903212231,26459,26.459,1033579,1033.58
5,376,1763710707002150313,1763710707003264482,1763710707003292218,27736,27.736,1114169,1114.17
5,377,1763710707102151905,1763710707103237863,1763710707103270351,32488,32.488,1085958,1085.96
5,378,1763710707202150203,1763710707203195564,1763710707203228656,33092,33.092,1045361,1045.36
5,379,1763710707302147772,1763710707303157958,1763710707303184788,26830,26.83,1010186,1010.19
5,380,1763710707402148400,1763710707403258957,1763710707403287075,28118,28.118,1110557,1110.56
5,381,1763710707502212776,1763710707503278073,1763710707503299355,21282,21.282,1065297,1065.3
5,382,1763710707602152464,1763710707603274972,1763710707603295640,20668,20.668,1122508,1122.51
5,383,1763710707702164586,1763710707703255829,1763710707703277216,21387,21.387,1091243,1091.24
5,384,1763710707802222793,1763710707803316612,1763710707803339455,22843,22.843,1093819,1093.82
5,385,1763710707902168866,1763710707903153067,1763710707903180418,27351,27.351,984201,984.201
5,386,1763710708002149952,1763710708003097361,1763710708003119397,22036,22.036,947409,947.409
5,387,1763710708102149305,1763710708103092938,1763710708103115166,22228,22.228,943633,943.633
5,388,1763710708202146583,1763710708203145924,1763710708203166605,20681,20.681,999341,999.341
5,389,1763710708302163164,1763710708303145712,1763710708303167264,21552,21.552,982548,982.548
5,390,1763710708402159307,1763710708403082327,1763710708403102767,20440,20.44,923020,923.02
5,391,1763710708502229851,1763710708503106997,1763710708503127366,20369,20.369,877146,877.146
5,392,1763710708602194135,1763710708603134526,1763710708603154504,19978,19.978,940391,940.391
5,393,1763710708702180875,1763710708703060315,1763710708703079663,19348,19.348,879440,879.44
5,394,1763710708802200704,1763710708803096915,1763710708803117407,20492,20.492,896211,896.211
5,395,1763710708902197979,1763710708903050638,1763710708903077158,26520,26.52,852659,852.659
5,396,1763710709002184895,1763710709003121905,1763710709003142991,21086,21.086,937010,937.01
5,397,1763710709102156606,1763710709102979852,1763710709103002043,22191,22.191,823246,823.246
5,398,1763710709202146453,1763710709202922168,1763710709202945609,23441,23.441,775715,775.715
5,399,1763710709302145987,1763710709302830013,1763710709302850415,20402,20.402,684026,684.026
5,400,1763710709402158336,1763710709402805997,1763710709402828473,22476,22.476,647661,647.661
5,401,1763710709502156674,1763710709502521708,1763710709502545658,23950,23.95,365034,365.034
5,402,1763710709602176569,1763710709602528845,1763710709602551608,22763,22.763,352276,352.276
5,403,1763710709702147714,1763710709702611558,1763710709702631632,20074,20.074,463844,463.844
5,404,1763710709802180890,1763710709802854818,1763710709802877657,22839,22.839,673928,673.928
5,405,1763710709902173777,1763710709903161801,1763710709903181114,19313,19.313,988024,988.024
5,406,1763710710002157802,1763710710003201072,1763710710003220800,19728,19.728,1043270,1043.27
5,407,1763710710102151304,1763710710102852757,1763710710102874924,22167,22.167,701453,701.453
5,408,1763710710202159110,1763710710202896572,1763710710202921961,25389,25.389,737462,737.462
5,409,1763710710302183357,1763710710302994335,1763710710303019717,25382,25.382,810978,810.978
5,410,1763710710402237697,1763710710402952499,1763710710402983650,31151,31.151,714802,714.802
5,411,1763710710502163452,1763710710502766294,1763710710502791391,25097,25.097,602842,602.842
5,412,1763710710602155248,1763710710602705898,1763710710602729188,23290,23.29,550650,550.65
5,413,1763710710702163979,1763710710702932825,1763710710702954847,22022,22.022,768846,768.846
5,414,1763710710802179832,1763710710803035529,1763710710803057694,22165,22.165,855697,855.697
5,415,1763710710902202360,1763710710903183707,1763710710903211916,28209,28.209,981347,981.347
5,416,1763710711002169769,1763710711003596732,1763710711003631735,35003,35.003,1426963,1426.96
5,417,1763710711102161828,1763710711103385667,1763710711103408260,22593,22.593,1223839,1223.84
5,418,1763710711202156618,1763710711203329115,1763710711203348788,19673,19.673,1172497,1172.5
5,419,1763710711302150804,1763710711303178067,1763710711303206480,28413,28.413,1027263,1027.26
5,420,1763710711402147565,1763710711403165161,1763710711403186256,21095,21.095,1017596,1017.6
5,421,1763710711502149251,1763710711503127739,1763710711503149435,21696,21.696,978488,978.488
5,422,1763710711602152193,1763710711603188273,1763710711603209455,21182,21.182,1036080,1036.08
5,423,1763710711702156649,1763710711702678582,1763710711702700732,22150,22.15,521933,521.933
5,424,1763710711802216071,1763710711803384542,1763710711803408619,24077,24.077,1168471,1168.47
5,425,1763710711902165973,1763710711903219901,1763710711903241026,21125,21.125,1053928,1053.93
5,426,1763710712002186439,1763710712003250662,1763710712003274798,24136,24.136,1064223,1064.22
5,427,1763710712102170350,1763710712103483242,1763710712103504159,20917,20.917,1312892,1312.89
5,428,1763710712202168771,1763710712203370861,1763710712203392093,21232,21.232,1202090,1202.09
5,429,1763710712302154230,1763710712303209249,1763710712303238190,28941,28.941,1055019,1055.02
5,430,1763710712402148288,1763710712403219720,1763710712403247825,28105,28.105,1071432,1071.43
5,431,1763710712502146915,1763710712503185438,1763710712503213335,27897,27.897,1038523,1038.52
5,432,1763710712602150256,1763710712602673467,1763710712602707520,34053,34.053,523211,523.211
5,433,1763710712702175646,1763710712703350867,1763710712703379307,28440,28.44,1175221,1175.22
5,434,1763710712802148372,1763710712803195668,1763710712803220492,24824,24.824,1047296,1047.3
5,435,1763710712902146266,1763710712903176987,1763710712903198031,21044,21.044,1030721,1030.72
5,436,1763710713002151044,1763710713003209753,1763710713003229697,19944,19.944,1058709,1058.71
5,437,1763710713102178260,1763710713103311525,1763710713103332852,21327,21.327,1133265,1133.27
5,438,1763710713202151817,1763710713203339670,1763710713203367033,27363,27.363,1187853,1187.85
5,439,1763710713302150401,1763710713303402511,1763710713303435979,33468,33.468,1252110,1252.11
5,440,1763710713402174345,1763710713403273513,1763710713403298755,25242,25.242,1099168,1099.17
5,441,1763710713502154083,1763710713503238833,1763710713503261026,22193,22.193,1084750,1084.75
5,442,1763710713602146658,1763710713603226751,1763710713603249638,22887,22.887,1080093,1080.09
5,443,1763710713702156497,1763710713703237417,1763710713703261652,24235,24.235,1080920,1080.92
5,444,1763710713802152238,1763710713803251950,1763710713803274934,22984,22.984,1099712,1099.71
5,445,1763710713902150721,1763710713903256677,1763710713903278373,21696,21.696,1105956,1105.96
5,446,1763710714002153414,1763710714003234853,1763710714003257940,23087,23.087,1081439,1081.44
5,447,1763710714102200961,1763710714103290193,1763710714103314279,24086,24.086,1089232,1089.23
5,448,1763710714202189280,1763710714203292346,1763710714203314053,21707,21.707,1103066,1103.07
5,449,1763710714302175275,1763710714303277124,1763710714303299963,22839,22.839,1101849,1101.85
5,450,1763710714402150253,1763710714403397680,1763710714403419288,21608,21.608,1247427,1247.43
5,451,1763710714502150274,1763710714503437667,1763710714503458766,21099,21.099,1287393,1287.39
5,452,1763710714602152982,1763710714603224479,1763710714603252521,28042,28.042,1071497,1071.5
5,453,1763710714702148680,1763710714703225514,1763710714703254592,29078,29.078,1076834,1076.83
5,454,1763710714802154075,1763710714803206576,1763710714803233905,27329,27.329,1052501,1052.5
5,455,1763710714902147399,1763710714902683604,1763710714902712314,28710,28.71,536205,536.205
5,456,1763710715002151085,1763710715002618542,1763710715002648485,29943,29.943,467457,467.457
5,457,1763710715102147702,1763710715103070758,1763710715103097199,26441,26.441,923056,923.056
5,458,1763710715202159384,1763710715203218468,1763710715203247122,28654,28.654,1059084,1059.08
5,459,1763710715302163637,1763710715303169435,1763710715303197082,27647,27.647,1005798,1005.8
5,460,1763710715402181151,1763710715403186983,1763710715403220781,33798,33.798,1005832,1005.83
5,461,1763710715502190958,1763710715503238017,1763710715503271672,33655,33.655,1047059,1047.06
5,462,1763710715602186373,1763710715603250317,1763710715603276716,26399,26.399,1063944,1063.94
5,463,1763710715702166053,1763710715703149823,1763710715703178635,28812,28.812,983770,983.77
5,464,1763710715802145744,1763710715802498472,1763710715802523597,25125,25.125,352728,352.728
5,465,1763710715902185658,1763710715903004423,1763710715903033727,29304,29.304,818765,818.765
5,466,1763710716002188687,1763710716003154872,1763710716003188256,33384,33.384,966185,966.185
5,467,1763710716102153020,1763710716102456005,1763710716102476957,20952,20.952,302985,302.985
5,468,1763710716202166244,1763710716202699017,1763710716202722384,23367,23.367,532773,532.773
5,469,1763710716302170412,1763710716302725614,1763710716302749863,24249,24.249,555202,555.202
5,470,1763710716402147048,1763710716402512406,1763710716402534557,22151,22.151,365358,365.358
5,471,1763710716502152049,1763710716502908322,1763710716502929785,21463,21.463,756273,756.273
5,472,1763710716602171412,1763710716603135294,1763710716603157587,22293,22.293,963882,963.882
5,473,1763710716702151183,1763710716703340603,1763710716703359957,19354,19.354,1189420,1189.42
5,474,1763710716802148717,1763710716803364815,1763710716803384068,19253,19.253,1216098,1216.1
5,475,1763710716902145150,1763710716903393204,1763710716903413110,19906,19.906,1248054,1248.05
5,476,1763710717002147266,1763710717003230102,1763710717003254578,24476,24.476,1082836,1082.84
5,477,1763710717102146884,1763710717102636996,1763710717102657373,20377,20.377,490112,490.112
5,478,1763710717202146252,1763710717203224037,1763710717203246451,22414,22.414,1077785,1077.79
5,479,1763710717302148737,1763710717303238731,1763710717303260822,22091,22.091,1089994,1089.99
5,480,1763710717402148126,1763710717402631248,1763710717402652329,21081,21.081,483122,483.122
5,481,1763710717502144539,1763710717503190870,1763710717503211326,20456,20.456,1046331,1046.33
5,482,1763710717602147725,1763710717602637300,1763710717602656643,19343,19.343,489575,489.575
5,483,1763710717702183365,1763710717703216854,1763710717703236000,19146,19.146,1033489,1033.49
5,484,1763710717802207774,1763710717803318706,1763710717803338648,19942,19.942,1110932,1110.93
5,485,1763710717902170080,1763710717903233154,1763710717903252894,19740,19.74,1063074,1063.07
5,486,1763710718002148657,1763710718002755567,1763710718002775287,19720,19.72,606910,606.91
5,487,1763710718102149905,1763710718103207819,1763710718103227747,19928,19.928,1057914,1057.91
5,488,1763710718202150234,1763710718203132675,1763710718203155170,22495,22.495,982441,982.441
5,489,1763710718302146012,1763710718302600283,1763710718302622266,21983,21.983,454271,454.271
5,490,1763710718402146987,1763710718402599731,1763710718402620932,21201,21.201,452744,452.744
5,491,1763710718502148583,1763710718503163192,1763710718503189638,26446,26.446,1014609,1014.61
5,492,1763710718602156895,1763710718603223341,1763710718603250668,27327,27.327,1066446,1066.45
5,493,1763710718702152596,1763710718703124721,1763710718703152396,27675,27.675,972125,972.125
5,494,1763710718802168566,1763710718803151999,1763710718803178044,26045,26.045,983433,983.433
5,495,1763710718902171856,1763710718903222644,1763710718903249133,26489,26.489,1050788,1050.79
5,496,1763710719002146446,1763710719003027688,1763710719003053615,25927,25.927,881242,881.242
5,497,1763710719102150963,1763710719102888754,1763710719102917235,28481,28.481,737791,737.791
5,498,1763710719202148668,1763710719202442585,1763710719202469577,26992,26.992,293917,293.917
5,499,1763710719302145706,1763710719302831871,1763710719302853782,21911,21.911,686165,686.165
5,500,1763710719402187103,1763710719402913411,1763710719402935430,22019,22.019,726308,726.308
5,501,1763710719502183238,1763710719502864681,1763710719502887480,22799,22.799,681443,681.443
5,502,1763710719602152459,1763710719602776124,1763710719602796827,20703,20.703,623665,623.665
5,503,1763710719702149456,1763710719702627045,1763710719702647977,20932,20.932,477589,477.589
5,504,1763710719802162880,1763710719802771308,1763710719802790430,19122,19.122,608428,608.428
5,505,1763710719902163395,1763710719902916392,1763710719902935867,19475,19.475,752997,752.997
5,506,1763710720002216732,1763710720003121367,1763710720003148039,26672,26.672,904635,904.635
5,507,1763710720102218630,1763710720103366874,1763710720103386498,19624,19.624,1148244,1148.24
5,508,1763710720202153720,1763710720203433660,1763710720203452183,18523,18.523,1279940,1279.94
5,509,1763710720302151540,1763710720303364198,1763710720303384164,19966,19.966,1212658,1212.66
5,510,1763710720402150143,1763710720402633007,1763710720402660778,27771,27.771,482864,482.864
5,511,1763710720502149860,1763710720503163157,1763710720503205971,42814,42.814,1013297,1013.3
5,512,1763710720602152156,1763710720603157323,1763710720603190983,33660,33.66,1005167,1005.17
5,513,1763710720702153930,1763710720703149857,1763710720703175821,25964,25.964,995927,995.927
5,514,1763710720802149361,1763710720802660316,1763710720802693966,33650,33.65,510955,510.955
5,515,1763710720902144634,1763710720903159944,1763710720903186657,26713,26.713,1015310,1015.31
5,516,1763710721002149494,1763710721002606651,1763710721002635505,28854,28.854,457157,457.157
5,517,1763710721102213019,1763710721103110120,1763710721103135303,25183,25.183,897101,897.101
5,518,1763710721202151138,1763710721202605132,1763710721202634158,29026,29.026,453994,453.994
5,519,1763710721302172803,1763710721302613914,1763710721302641350,27436,27.436,441111,441.111
5,520,1763710721402178114,1763710721403155402,1763710721403185863,30461,30.461,977288,977.288
5,521,1763710721502173854,1763710721503149240,1763710721503185340,36100,36.1,975386,975.386
5,522,1763710721602148977,1763710721602485901,1763710721602512402,26501,26.501,336924,336.924
5,523,1763710721702176773,1763710721702532220,1763710721702552351,20131,20.131,355447,355.447
5,524,1763710721802201337,1763710721802583536,1763710721802603698,20162,20.162,382199,382.199
5,525,1763710721902182719,1763710721902516381,1763710721902542513,26132,26.132,333662,333.662
5,526,1763710722002179075,1763710722002935637,1763710722002956346,20709,20.709,756562,756.562
5,527,1763710722102162145,1763710722102737395,1763710722102755606,18211,18.211,575250,575.25
5,528,1763710722202158626,1763710722203183210,1763710722203200821,17611,17.611,1024584,1024.58
5,529,1763710722302175701,1763710722303328925,1763710722303348161,19236,19.236,1153224,1153.22
5,530,1763710722402161843,1763710722403319574,1763710722403346721,27147,27.147,1157731,1157.73
5,531,1763710722502191323,1763710722503439240,1763710722503473879,34639,34.639,1247917,1247.92
5,532,1763710722602221310,1763710722603465752,1763710722603491536,25784,25.784,1244442,1244.44
5,533,1763710722702147765,1763710722703384982,1763710722703400852,15870,15.87,1237217,1237.22
5,534,1763710722802145732,1763710722802627430,1763710722802649293,21863,21.863,481698,481.698
5,535,1763710722902146000,1763710722902647817,1763710722902677377,29560,29.56,501817,501.817
5,536,1763710723002143243,1763710723002659146,1763710723002683411,24265,24.265,515903,515.903
5,537,1763710723102165532,1763710723102870293,1763710723102892820,22527,22.527,704761,704.761
5,538,1763710723202148658,1763710723202636210,1763710723202657733,21523,21.523,487552,487.552
5,539,1763710723302168405,1763710723303204434,1763710723303225258,20824,20.824,1036029,1036.03
5,540,1763710723402156170,1763710723402679664,1763710723402700323,20659,20.659,523494,523.494
5,541,1763710723502167820,1763710723503294888,1763710723503315043,20155,20.155,1127068,1127.07
5,542,1763710723602205443,1763710723603289477,1763710723603313791,24314,24.314,1084034,1084.03
5,543,1763710723702167690,1763710723702704040,1763710723702724221,20181,20.181,536350,536.35
5,544,1763710723802160697,1763710723803330230,1763710723803360160,29930,29.93,1169533,1169.53
5,545,1763710723902148639,1763710723902649874,1763710723902677174,27300,27.3,501235,501.235
5,546,1763710724002161634,1763710724003339204,1763710724003369767,30563,30.563,1177570,1177.57
5,547,1763710724102156300,1763710724102906245,1763710724102934321,28076,28.076,749945,749.945
5,548,1763710724202151526,1763710724202735359,1763710724202761869,26510,26.51,583833,583.833
5,549,1763710724302149968,1763710724302698440,1763710724302725900,27460,27.46,548472,548.472
5,550,1763710724402148426,1763710724402689955,1763710724402717183,27228,27.228,541529,541.529
5,551,1763710724502153663,1763710724502668093,1763710724502692852,24759,24.759,514430,514.43
5,552,1763710724602173898,1763710724603257099,1763710724603283985,26886,26.886,1083201,1083.2
5,553,1763710724702177645,1763710724703272540,1763710724703298361,25821,25.821,1094895,1094.89
5,554,1763710724802188211,1763710724803312171,1763710724803339117,26946,26.946,1123960,1123.96
5,555,1763710724902176838,1763710724902823797,1763710724902850773,26976,26.976,646959,646.959
5,556,1763710725002148562,1763710725002699736,1763710725002728812,29076,29.076,551174,551.174
5,557,1763710725102149835,1763710725102656363,1763710725102688854,32491,32.491,506528,506.528
5,558,1763710725202149939,1763710725202692485,1763710725202717657,25172,25.172,542546,542.546
5,559,1763710725302129038,1763710725302680638,1763710725302703326,22688,22.688,551600,551.6
5,560,1763710725402143843,1763710725402667027,1763710725402689958,22931,22.931,523184,523.184
5,561,1763710725502148268,1763710725502718862,1763710725502742564,23702,23.702,570594,570.594
5,562,1763710725602152262,1763710725602703431,1763710725602722030,18599,18.599,551169,551.169
5,563,1763710725702151517,1763710725702711408,1763710725702732151,20743,20.743,559891,559.891
5,564,1763710725802151086,1763710725802806098,1763710725802828872,22774,22.774,655012,655.012
5,565,1763710725902146496,1763710725902692450,1763710725902733460,41010,41.01,545954,545.954
5,566,1763710726002187232,1763710726002730825,1763710726002762349,31524,31.524,543593,543.593
5,567,1763710726102153428,1763710726102672794,1763710726102703544,30750,30.75,519366,519.366
5,568,1763710726202230112,1763710726203447581,1763710726203476306,28725,28.725,1217469,1217.47
5,569,1763710726302149312,1763710726302658031,1763710726302690053,32022,32.022,508719,508.719
5,570,1763710726402169985,1763710726402816057,1763710726402845671,29614,29.614,646072,646.072
5,571,1763710726502158697,1763710726502657156,1763710726502690981,33825,33.825,498459,498.459
5,572,1763710726602156280,1763710726602696743,1763710726602725934,29191,29.191,540463,540.463
5,573,1763710726702176479,1763710726703294741,1763710726703328231,33490,33.49,1118262,1118.26
5,574,1763710726802146971,1763710726802731592,1763710726802773831,42239,42.239,584621,584.621
5,575,1763710726902149242,1763710726902526736,1763710726902549947,23211,23.211,377494,377.494
5,576,1763710727002150624,1763710727002542665,1763710727002568433,25768,25.768,392041,392.041
5,577,1763710727102148410,1763710727102480156,1763710727102505823,25667,25.667,331746,331.746
5,578,1763710727202149756,1763710727202482142,1763710727202506690,24548,24.548,332386,332.386
5,579,1763710727302192588,1763710727303258971,1763710727303292156,33185,33.185,1066383,1066.38
5,580,1763710727402155859,1763710727402482757,1763710727402515402,32645,32.645,326898,326.898
5,581,1763710727502174617,1763710727503067881,1763710727503091588,23707,23.707,893264,893.264
5,582,1763710727602159874,1763710727602472633,1763710727602497373,24740,24.74,312759,312.759
5,583,1763710727702163152,1763710727702579167,1763710727702603521,24354,24.354,416015,416.015
5,584,1763710727802192531,1763710727802529523,1763710727802553231,23708,23.708,336992,336.992
5,585,1763710727902156229,1763710727902777151,1763710727902801932,24781,24.781,620922,620.922
5,586,1763710728002309914,1763710728003692614,1763710728003714792,22178,22.178,1382700,1382.7
5,587,1763710728102150638,1763710728102641489,1763710728102660440,18951,18.951,490851,490.851
5,588,1763710728202151103,1763710728202501715,1763710728202525061,23346,23.346,350612,350.612
5,589,1763710728302148376,1763710728302510655,1763710728302535270,24615,24.615,362279,362.279
5,590,1763710728402150732,1763710728402532011,1763710728402554010,21999,21.999,381279,381.279
5,591,1763710728502175862,1763710728503126814,1763710728503147626,20812,20.812,950952,950.952
5,592,1763710728602142918,1763710728602452220,1763710728602472344,20124,20.124,309302,309.302
5,593,1763710728702149179,1763710728702469703,1763710728702489366,19663,19.663,320524,320.524
5,594,1763710728802146587,1763710728802440012,1763710728802460521,20509,20.509,293425,293.425
5,595,1763710728902209349,1763710728902709094,1763710728902730424,21330,21.33,499745,499.745
5,596,1763710729002155110,1763710729002657128,1763710729002682003,24875,24.875,502018,502.018
5,597,1763710729102177062,1763710729103479168,1763710729103504806,25638,25.638,1302106,1302.11
5,598,1763710729202185015,1763710729203050360,1763710729203069158,18798,18.798,865345,865.345
5,599,1763710729302182321,1763710729303065434,1763710729303083262,17828,17.828,883113,883.113
5,600,1763710729402217594,1763710729403245870,1763710729403264286,18416,18.416,1028276,1028.28
5,601,1763710729502168452,1763710729502743878,1763710729502768262,24384,24.384,575426,575.426
5,602,1763710729602147561,1763710729602692212,1763710729602717276,25064,25.064,544651,544.651
5,603,1763710729702148163,1763710729702692543,1763710729702727352,34809,34.809,544380,544.38
5,604,1763710729802147091,1763710729802681310,1763710729802714783,33473,33.473,534219,534.219
5,605,1763710729902146333,1763710729902716987,1763710729902751436,34449,34.449,570654,570.654
5,606,1763710730002179498,1763710730002826488,1763710730002863020,36532,36.532,646990,646.99
5,607,1763710730102147508,1763710730102732160,1763710730102759746,27586,27.586,584652,584.652
5,608,1763710730202148460,1763710730202769676,1763710730202798192,28516,28.516,621216,621.216
5,609,1763710730302152983,1763710730302718188,1763710730302744548,26360,26.36,565205,565.205
5,610,1763710730402198573,1763710730403318645,1763710730403344254,25609,25.609,1120072,1120.07
5,611,1763710730502178745,1763710730502722047,1763710730502751810,29763,29.763,543302,543.302
5,612,1763710730602169014,1763710730602823505,1763710730602848687,25182,25.182,654491,654.491
5,613,1763710730702168594,1763710730702722251,1763710730702767342,45091,45.091,553657,553.657
5,614,1763710730802176663,1763710730802703135,1763710730802729985,26850,26.85,526472,526.472
5,615,1763710730902150999,1763710730902749592,1763710730902775571,25979,25.979,598593,598.593
5,616,1763710731002160907,1763710731002704845,1763710731002731649,26804,26.804,543938,543.938
5,617,1763710731102228893,1763710731103283656,1763710731103316182,32526,32.526,1054763,1054.76
5,618,1763710731202147683,1763710731202688835,1763710731202712316,23481,23.481,541152,541.152
5,619,1763710731302150831,1763710731302739822,1763710731302761922,22100,22.1,588991,588.991
5,620,1763710731402145785,1763710731402692548,1763710731402714124,21576,21.576,546763,546.763
5,621,1763710731502148928,1763710731502705107,1763710731502727965,22858,22.858,556179,556.179
5,622,1763710731602148088,1763710731602684477,1763710731602706476,21999,21.999,536389,536.389
5,623,1763710731702150603,1763710731702721159,1763710731702741099,19940,19.94,570556,570.556
5,624,1763710731802155443,1763710731802668132,1763710731802692643,24511,24.511,512689,512.689
5,625,1763710731902190736,1763710731902759848,1763710731902781674,21826,21.826,569112,569.112
5,626,1763710732002415722,1763710732003766335,1763710732003784154,17819,17.819,1350613,1350.61
5,627,1763710732102155515,1763710732102634893,1763710732102660901,26008,26.008,479378,479.378
5,628,1763710732202152879,1763710732202660128,1763710732202690564,30436,30.436,507249,507.249
5,629,1763710732302149729,1763710732302674410,1763710732302703854,29444,29.444,524681,524.681
5,630,1763710732402152885,1763710732402612982,1763710732402639669,26687,26.687,460097,460.097
5,631,1763710732502167274,1763710732502676226,1763710732502704385,28159,28.159,508952,508.952
5,632,1763710732602152939,1763710732602630205,1763710732602658562,28357,28.357,477266,477.266
5,633,1763710732702176662,1763710732702710351,1763710732702739713,29362,29.362,533689,533.689
5,634,1763710732802182033,1763710732802644880,1763710732802672615,27735,27.735,462847,462.847
5,635,1763710732902153926,1763710732902751767,1763710732902772400,20633,20.633,597841,597.841
5,636,1763710733002149979,1763710733002462144,1763710733002484907,22763,22.763,312165,312.165
5,637,1763710733102151055,1763710733102491550,1763710733102515937,24387,24.387,340495,340.495
5,638,1763710733202158930,1763710733202513456,1763710733202535277,21821,21.821,354526,354.526
5,639,1763710733302183228,1763710733302563271,1763710733302587029,23758,23.758,380043,380.043
5,640,1763710733402214434,1763710733402734664,1763710733402752966,18302,18.302,520230,520.23
5,641,1763710733502181085,1763710733502827096,1763710733502862350,35254,35.254,646011,646.011
5,642,1763710733602153467,1763710733602718352,1763710733602738158,19806,19.806,564885,564.885
5,643,1763710733702156575,1763710733702833540,1763710733702862610,29070,29.07,676965,676.965
5,644,1763710733802201570,1763710733803334017,1763710733803352236,18219,18.219,1132447,1132.45
5,645,1763710733902149145,1763710733902777487,1763710733902799197,21710,21.71,628342,628.342
5,646,1763710734002149748,1763710734002708203,1763710734002736256,28053,28.053,558455,558.455
5,647,1763710734102150931,1763710734102729101,1763710734102749012,19911,19.911,578170,578.17
5,648,1763710734202150664,1763710734202727818,1763710734202756233,28415,28.415,577154,577.154
5,649,1763710734302149572,1763710734302683499,1763710734302703797,20298,20.298,533927,533.927
5,650,1763710734402171995,1763710734402795224,1763710734402817015,21791,21.791,623229,623.229
5,651,1763710734502147868,1763710734502693033,1763710734502718109,25076,25.076,545165,545.165
5,652,1763710734602155841,1763710734602840930,1763710734602867511,26581,26.581,685089,685.089
5,653,1763710734702147426,1763710734702710961,1763710734702728639,17678,17.678,563535,563.535
5,654,1763710734802173000,1763710734802712739,1763710734802738004,25265,25.265,539739,539.739
5,655,1763710734902195091,1763710734902708535,1763710734902729131,20596,20.596,513444,513.444
5,656,1763710735002180065,1763710735002727224,1763710735002748215,20991,20.991,547159,547.159
5,657,1763710735102153295,1763710735102854235,1763710735102877059,22824,22.824,700940,700.94
5,658,1763710735202151094,1763710735202711263,1763710735202740936,29673,29.673,560169,560.169
5,659,1763710735302158335,1763710735302740106,1763710735302778208,38102,38.102,581771,581.771
5,660,1763710735402157316,1763710735402761414,1763710735402791997,30583,30.583,604098,604.098
5,661,1763710735502153577,1763710735502725947,1763710735502755097,29150,29.15,572370,572.37
5,662,1763710735602152876,1763710735602719471,1763710735602745055,25584,25.584,566595,566.595
5,663,1763710735702150618,1763710735702716205,1763710735702742145,25940,25.94,565587,565.587
5,664,1763710735802161929,1763710735802813366,1763710735802839534,26168,26.168,651437,651.437
5,665,1763710735902150939,1763710735902709732,1763710735902737591,27859,27.859,558793,558.793
5,666,1763710736002165828,1763710736002715327,1763710736002741113,25786,25.786,549499,549.499
5,667,1763710736102175228,1763710736102712820,1763710736102741237,28417,28.417,537592,537.592
5,668,1763710736202178408,1763710736202734575,1763710736202761850,27275,27.275,556167,556.167
5,669,1763710736302174644,1763710736302708709,1763710736302734001,25292,25.292,534065,534.065
5,670,1763710736402151816,1763710736402718856,1763710736402758609,39753,39.753,567040,567.04
5,671,1763710736502162059,1763710736502781609,1763710736502816745,35136,35.136,619550,619.55
5,672,1763710736602154145,1763710736602682686,1763710736602707258,24572,24.572,528541,528.541
5,673,1763710736702153585,1763710736702660906,1763710736702690087,29181,29.181,507321,507.321
5,674,1763710736802148812,1763710736802632517,1763710736802654618,22101,22.101,483705,483.705
5,675,1763710736902149896,1763710736902647753,1763710736902679644,31891,31.891,497857,497.857
5,676,1763710737002147680,1763710737002629886,1763710737002650678,20792,20.792,482206,482.206
5,677,1763710737102149406,1763710737102641515,1763710737102661832,20317,20.317,492109,492.109
5,678,1763710737202152756,1763710737202736578,1763710737202759240,22662,22.662,583822,583.822
5,679,1763710737302162813,1763710737302664362,1763710737302691636,27274,27.274,501549,501.549
5,680,1763710737402166544,1763710737402662796,1763710737402690945,28149,28.149,496252,496.252
5,681,1763710737502193973,1763710737502696978,1763710737502719288,22310,22.31,503005,503.005
5,682,1763710737602172268,1763710737602668112,1763710737602689739,21627,21.627,495844,495.844
5,683,1763710737702145309,1763710737702481022,1763710737702505313,24291,24.291,335713,335.713
5,684,1763710737802151566,1763710737802472845,1763710737802502061,29216,29.216,321279,321.279
5,685,1763710737902192534,1763710737902578529,1763710737902606069,27540,27.54,385995,385.995
5,686,1763710738002174421,1763710738002841765,1763710738002869975,28210,28.21,667344,667.344
5,687,1763710738102266389,1763710738103037333,1763710738103058047,20714,20.714,770944,770.944
5,688,1763710738202156948,1763710738202598387,1763710738202626906,28519,28.519,441439,441.439
5,689,1763710738302191480,1763710738302815133,1763710738302851960,36827,36.827,623653,623.653
5,690,1763710738402162633,1763710738402546263,1763710738402575219,28956,28.956,383630,383.63
5,691,1763710738502188919,1763710738502995840,1763710738503023182,27342,27.342,806921,806.921
5,692,1763710738602177120,1763710738602851696,1763710738602877820,26124,26.124,674576,674.576
5,693,1763710738702127268,1763710738702613531,1763710738702636607,23076,23.076,486263,486.263
5,694,1763710738802226976,1763710738803268350,1763710738803292378,24028,24.028,1041374,1041.37
5,695,1763710738902160378,1763710738902844812,1763710738902864646,19834,19.834,684434,684.434
5,696,1763710739002157655,1763710739002780835,1763710739002805827,24992,24.992,623180,623.18
5,697,1763710739102228962,1763710739102775681,1763710739102799886,24205,24.205,546719,546.719
5,698,1763710739202166964,1763710739202937296,1763710739202960375,23079,23.079,770332,770.332
5,699,1763710739302165467,1763710739302889813,1763710739302914221,24408,24.408,724346,724.346
5,700,1763710739402158002,1763710739402758573,1763710739402786052,27479,27.479,600571,600.571
5,701,1763710739502154056,1763710739502735454,1763710739502755292,19838,19.838,581398,581.398
5,702,1763710739602147546,1763710739602708841,1763710739602727715,18874,18.874,561295,561.295
5,703,1763710739702150869,1763710739702733133,1763710739702752256,19123,19.123,582264,582.264
5,704,1763710739802170856,1763710739802826763,1763710739802847058,20295,20.295,655907,655.907
5,705,1763710739902156298,1763710739902870709,1763710739902891416,20707,20.707,714411,714.411
5,706,1763710740002163240,1763710740002795927,1763710740002831727,35800,35.8,632687,632.687
5,707,1763710740102160417,1763710740102938410,1763710740102969410,31000,31,777993,777.993
5,708,1763710740202160309,1763710740202765144,1763710740202795277,30133,30.133,604835,604.835
5,709,1763710740302165184,1763710740302783380,1763710740302818306,34926,34.926,618196,618.196
5,710,1763710740402170552,1763710740402777060,1763710740402807028,29968,29.968,606508,606.508
5,711,1763710740502157570,1763710740502868781,1763710740502901539,32758,32.758,711211,711.211
5,712,1763710740602321995,1763710740605434643,1763710740605495100,60457,60.457,3112648,3112.65
5,713,1763710740702159646,1763710740702818296,1763710740702844904,26608,26.608,658650,658.65
5,714,1763710740802156210,1763710740802769790,1763710740802795697,25907,25.907,613580,613.58
5,715,1763710740902153535,1763710740902761177,1763710740902784630,23453,23.453,607642,607.642
5,716,1763710741002216869,1763710741002807836,1763710741002834864,27028,27.028,590967,590.967
5,717,1763710741102209831,1763710741103645059,1763710741103681348,36289,36.289,1435228,1435.23
5,718,1763710741202164764,1763710741202884290,1763710741202912414,28124,28.124,719526,719.526
5,719,1763710741302184713,1763710741302792468,1763710741302823282,30814,30.814,607755,607.755
5,720,1763710741402159701,1763710741402744270,1763710741402775576,31306,31.306,584569,584.569
5,721,1763710741502146963,1763710741502843785,1763710741502874857,31072,31.072,696822,696.822
5,722,1763710741602150937,1763710741602756139,1763710741602786658,30519,30.519,605202,605.202
5,723,1763710741702148416,1763710741702755775,1763710741702785167,29392,29.392,607359,607.359
5,724,1763710741802151944,1763710741802727946,1763710741802758436,30490,30.49,576002,576.002
5,725,1763710741902154100,1763710741902799890,1763710741902830323,30433,30.433,645790,645.79
5,726,1763710742002206415,1763710742003299471,1763710742003330033,30562,30.562,1093056,1093.06
5,727,1763710742102213291,1763710742102572982,1763710742102602112,29130,29.13,359691,359.691
5,728,1763710742202177586,1763710742202631283,1763710742202661089,29806,29.806,453697,453.697
5,729,1763710742302171311,1763710742302586412,1763710742302622966,36554,36.554,415101,415.101
5,730,1763710742402197328,1763710742402813474,1763710742402841080,27606,27.606,616146,616.146
5,731,1763710742502166059,1763710742502752068,1763710742502775704,23636,23.636,586009,586.009
5,732,1763710742602172800,1763710742602744189,1763710742602770655,26466,26.466,571389,571.389
5,733,1763710742702217191,1763710742703176050,1763710742703195600,19550,19.55,958859,958.859
5,734,1763710742802167287,1763710742802861722,1763710742802882004,20282,20.282,694435,694.435
5,735,1763710742902150198,1763710742902763844,1763710742902794487,30643,30.643,613646,613.646
5,736,1763710743002153277,1763710743002778218,1763710743002812092,33874,33.874,624941,624.941
5,737,1763710743102227996,1763710743102814543,1763710743102846166,31623,31.623,586547,586.547
5,738,1763710743202163230,1763710743202875915,1763710743202901817,25902,25.902,712685,712.685
5,739,1763710743302153430,1763710743302826128,1763710743302847943,21815,21.815,672698,672.698
5,740,1763710743402152908,1763710743402747243,1763710743402769896,22653,22.653,594335,594.335
5,741,1763710743502150219,1763710743502711928,1763710743502731848,19920,19.92,561709,561.709
5,742,1763710743602149931,1763710743602864877,1763710743602888155,23278,23.278,714946,714.946
5,743,1763710743702146836,1763710743702719693,1763710743702740521,20828,20.828,572857,572.857
5,744,1763710743802150695,1763710743802702594,1763710743802722692,20098,20.098,551899,551.899
5,745,1763710743902178895,1763710743902767974,1763710743902789337,21363,21.363,589079,589.079
5,746,1763710744002170656,1763710744002880851,1763710744002901868,21017,21.017,710195,710.195
5,747,1763710744102155708,1763710744102829223,1763710744102857269,28046,28.046,673515,673.515
5,748,1763710744202150279,1763710744202788212,1763710744202817679,29467,29.467,637933,637.933
5,749,1763710744302153398,1763710744302796228,1763710744302827840,31612,31.612,642830,642.83
5,750,1763710744402161629,1763710744402727652,1763710744402756113,28461,28.461,566023,566.023
5,751,1763710744502235845,1763710744503245310,1763710744503272875,27565,27.565,1009465,1009.47
5,752,1763710744602197882,1763710744602735656,1763710744602756790,21134,21.134,537774,537.774
5,753,1763710744702159558,1763710744702522467,1763710744702551519,29052,29.052,362909,362.909
5,754,1763710744802213169,1763710744802537394,1763710744802561138,23744,23.744,324225,324.225
5,755,1763710744902160495,1763710744902493166,1763710744902516020,22854,22.854,332671,332.671
5,756,1763710745002168170,1763710745002509909,1763710745002532664,22755,22.755,341739,341.739
5,757,1763710745102182887,1763710745102718300,1763710745102738468,20168,20.168,535413,535.413
5,758,1763710745202178200,1763710745202969791,1763710745202992926,23135,23.135,791591,791.591
5,759,1763710745302191188,1763710745303010236,1763710745303028452,18216,18.216,819048,819.048
5,760,1763710745402177456,1763710745403191087,1763710745403210883,19796,19.796,1013631,1013.63
5,761,1763710745502168906,1763710745503028828,1763710745503047948,19120,19.12,859922,859.922
5,762,1763710745602186224,1763710745603122780,1763710745603142356,19576,19.576,936556,936.556
5,763,1763710745702151355,1763710745702780574,1763710745702798762,18188,18.188,629219,629.219
5,764,1763710745802151189,1763710745802663438,1763710745802692498,29060,29.06,512249,512.249
5,765,1763710745902154811,1763710745902741268,1763710745902772082,30814,30.814,586457,586.457
5,766,1763710746002156334,1763710746002745090,1763710746002774868,29778,29.778,588756,588.756
5,767,1763710746102153075,1763710746102702246,1763710746102729990,27744,27.744,549171,549.171
5,768,1763710746202208263,1763710746202784811,1763710746202816886,32075,32.075,576548,576.548
5,769,1763710746302182315,1763710746302774883,1763710746302804184,29301,29.301,592568,592.568
5,770,1763710746402157270,1763710746402567151,1763710746402594783,27632,27.632,409881,409.881
5,771,1763710746502186288,1763710746502555400,1763710746502580691,25291,25.291,369112,369.112
5,772,1763710746602188984,1763710746602573475,1763710746602604235,30760,30.76,384491,384.491
5,773,1763710746702164943,1763710746702559745,1763710746702582538,22793,22.793,394802,394.802
5,774,1763710746802167679,1763710746802854579,1763710746802873897,19318,19.318,686900,686.9
5,775,1763710746902160882,1763710746902883993,1763710746902901874,17881,17.881,723111,723.111
5,776,1763710747002157265,1763710747003299252,1763710747003318581,19329,19.329,1141987,1141.99
5,777,1763710747102201992,1763710747102826047,1763710747102843205,17158,17.158,624055,624.055
5,778,1763710747202163326,1763710747202968748,1763710747202986148,17400,17.4,805422,805.422
5,779,1763710747302152697,1763710747302775998,1763710747302805559,29561,29.561,623301,623.301
5,780,1763710747402146556,1763710747402811624,1763710747402836787,25163,25.163,665068,665.068
5,781,1763710747502147264,1763710747502711512,1763710747502734168,22656,22.656,564248,564.248
5,782,1763710747602144793,1763710747602707350,1763710747602728416,21066,21.066,562557,562.557
5,783,1763710747702146613,1763710747702707331,1763710747702728480,21149,21.149,560718,560.718
5,784,1763710747802143274,1763710747802681838,1763710747802702958,21120,21.12,538564,538.564
5,785,1763710747902148513,1763710747902723748,1763710747902746703,22955,22.955,575235,575.235
5,786,1763710748002163553,1763710748002767480,1763710748002787934,20454,20.454,603927,603.927
5,787,1763710748102221003,1763710748102810007,1763710748102828949,18942,18.942,589004,589.004
5,788,1763710748202173292,1763710748202755785,1763710748202779442,23657,23.657,582493,582.493
5,789,1763710748302165640,1763710748302873822,1763710748302895568,21746,21.746,708182,708.182
5,790,1763710748402153514,1763710748402760394,1763710748402790704,30310,30.31,606880,606.88
5,791,1763710748502153100,1763710748502772899,1763710748502805284,32385,32.385,619799,619.799
5,792,1763710748602155603,1763710748602774257,1763710748602804543,30286,30.286,618654,618.654
5,793,1763710748702153508,1763710748702761169,1763710748702795807,34638,34.638,607661,607.661
5,794,1763710748802155687,1763710748802765357,1763710748802795759,30402,30.402,609670,609.67
5,795,1763710748902163710,1763710748902808761,1763710748902839840,31079,31.079,645051,645.051
5,796,1763710749002154919,1763710749002782394,1763710749002811876,29482,29.482,627475,627.475
5,797,1763710749102181107,1763710749102806797,1763710749102841188,34391,34.391,625690,625.69
5,798,1763710749202176867,1763710749202883964,1763710749202919778,35814,35.814,707097,707.097
5,799,1763710749302157316,1763710749302789599,1763710749302818662,29063,29.063,632283,632.283
5,800,1763710749402157992,1763710749402760109,1763710749402788523,28414,28.414,602117,602.117