7,9,1763710672277050429,1763710672372444297,1763710672372458514,14217,14.217,95393868,95393.9
7,10,1763710672377050965,1763710672377339766,1763710672377350589,10823,10.823,288801,288.801
7,11,1763710672477053829,1763710672477430497,1763710672477443969,13472,13.472,376668,376.668
7,12,1763710672577052150,1763710672577346956,1763710672577360342,13386,13.386,294806,294.806
7,13,1763710672677052937,1763710672677353153,1763710672677366456,13303,13.303,300216,300.216
7,14,1763710672777067892,1763710672777383994,1763710672777397425,13431,13.431,316102,316.102
7,15,1763710672877053412,1763710672877396546,1763710672877410404,13858,13.858,343134,343.134
7,16,1763710672977090664,1763710672977428602,1763710672977443068,14466,14.466,337938,337.938
7,17,1763710673077068519,1763710673077426852,1763710673077443746,16894,16.894,358333,358.333
7,18,1763710673177047557,1763710673177342155,1763710673177355242,13087,13.087,294598,294.598
7,19,1763710673277048504,1763710673277412069,1763710673277425256,13187,13.187,363565,363.565
7,20,1763710673377054424,1763710673377344338,1763710673377358132,13794,13.794,289914,289.914
7,21,1763710673477055903,1763710673477336634,1763710673477349675,13041,13.041,280731,280.731
7,22,1763710673577048475,1763710673577347164,1763710673577360251,13087,13.087,298689,298.689
7,23,1763710673677051501,1763710673677339447,1763710673677352422,12975,12.975,287946,287.946
7,24,1763710673777052411,1763710673777337235,1763710673777350995,13760,13.76,284824,284.824
7,25,1763710673877053837,1763710673877377455,1763710673877390974,13519,13.519,323618,323.618
7,26,1763710673977060341,1763710673977373229,1763710673977391263,18034,18.034,312888,312.888
7,27,1763710674077058178,1763710674077711627,1763710674077725092,13465,13.465,653449,653.449
7,28,1763710674177077987,1763710674177533236,1763710674177547221,13985,13.985,455249,455.249
7,29,1763710674277088904,1763710674277629056,1763710674277642525,13469,13.469,540152,540.152
7,30,1763710674377127474,1763710674377649707,1763710674377663443,13736,13.736,522233,522.233
7,31,1763710674477094374,1763710674477567958,1763710674477582842,14884,14.884,473584,473.584
7,32,1763710674577048222,1763710674577366628,1763710674577381084,14456,14.456,318406,318.406
7,33,1763710674677054494,1763710674677362797,1763710674677377217,14420,14.42,308303,308.303
7,34,1763710674777059784,1763710674777387234,1763710674777402452,15218,15.218,327450,327.45
7,35,1763710674877064429,1763710674877415283,1763710674877432726,17443,17.443,350854,350.854
7,36,1763710674977066718,1763710674977383513,1763710674977399888,16375,16.375,316795,316.795
7,37,1763710675077053598,1763710675077343947,1763710675077357276,13329,13.329,290349,290.349
7,38,1763710675177057057,1763710675177388001,1763710675177400775,12774,12.774,330944,330.944
7,39,1763710675277063179,1763710675277658195,1763710675277675674,17479,17.479,595016,595.016
7,40,1763710675377079878,1763710675377749283,1763710675377764626,15343,15.343,669405,669.405
7,41,1763710675477078633,1763710675477592468,1763710675477606456,13988,13.988,513835,513.835
7,42,1763710675577069751,1763710675577413048,1763710675577426177,13129,13.129,343297,343.297
7,43,1763710675677051266,1763710675677341009,1763710675677354566,13557,13.557,289743,289.743
7,44,1763710675777053849,1763710675777352563,1763710675777365906,13343,13.343,298714,298.714
7,45,1763710675877052572,1763710675877341482,1763710675877356358,14876,14.876,288910,288.91
7,46,1763710675977054153,1763710675977341989,1763710675977356707,14718,14.718,287836,287.836
7,47,1763710676077062096,1763710676077348007,1763710676077361781,13774,13.774,285911,285.911
7,48,1763710676177057371,1763710676177353528,1763710676177367308,13780,13.78,296157,296.157
7,49,1763710676277055080,1763710676277356468,1763710676277370470,14002,14.002,301388,301.388
7,50,1763710676377053960,1763710676377349090,1763710676377362143,13053,13.053,295130,295.13
7,51,1763710676477062087,1763710676477489565,1763710676477504583,15018,15.018,427478,427.478
7,52,1763710676577053502,1763710676577488391,1763710676577505546,17155,17.155,434889,434.889
7,53,1763710676677086194,1763710676677409448,1763710676677423095,13647,13.647,323254,323.254
7,54,1763710676777058997,1763710676777357915,1763710676777372729,14814,14.814,298918,298.918
7,55,1763710676877055372,1763710676877350406,1763710676877365020,14614,14.614,295034,295.034
7,56,1763710676977052458,1763710676977425478,1763710676977438628,13150,13.15,373020,373.02
7,57,1763710677077055648,1763710677077344121,1763710677077357923,13802,13.802,288473,288.473
7,58,1763710677177053908,1763710677177342750,1763710677177356856,14106,14.106,288842,288.842
7,59,1763710677277110704,1763710677277532395,1763710677277557551,25156,25.156,421691,421.691
7,60,1763710677377055348,1763710677377378348,1763710677377394327,15979,15.979,323000,323
7,61,1763710677477053080,1763710677477444834,1763710677477459530,14696,14.696,391754,391.754
7,62,1763710677577041078,1763710677577440113,1763710677577456712,16599,16.599,399035,399.035
7,63,1763710677677070510,1763710677677382921,1763710677677397685,14764,14.764,312411,312.411
7,64,1763710677777081507,1763710677777389226,1763710677777403345,14119,14.119,307719,307.719
7,65,1763710677877053032,1763710677877346994,1763710677877361452,14458,14.458,293962,293.962
7,66,1763710677977051740,1763710677977379512,1763710677977393332,13820,13.82,327772,327.772
7,67,1763710678077055253,1763710678077347513,1763710678077365560,18047,18.047,292260,292.26
7,68,1763710678177080765,1763710678177378448,1763710678177395390,16942,16.942,297683,297.683
7,69,1763710678277048073,1763710678277325804,1763710678277338944,13140,13.14,277731,277.731
7,70,1763710678377059431,1763710678377352098,1763710678377367177,15079,15.079,292667,292.667
7,71,1763710678477053197,1763710678477372406,1763710678477387740,15334,15.334,319209,319.209
7,72,1763710678577070712,1763710678577367189,1763710678577382449,15260,15.26,296477,296.477
7,73,1763710678677054255,1763710678677391796,1763710678677405612,13816,13.816,337541,337.541
7,74,1763710678777100292,1763710678777417761,1763710678777431477,13716,13.716,317469,317.469
7,75,1763710678877081773,1763710678877396421,1763710678877411854,15433,15.433,314648,314.648
7,76,1763710678977070036,1763710678977393986,1763710678977408538,14552,14.552,323950,323.95
7,77,1763710679077081306,1763710679077425337,1763710679077439245,13908,13.908,344031,344.031
7,78,1763710679177055512,1763710679177356703,1763710679177370065,13362,13.362,301191,301.191
7,79,1763710679277053413,1763710679277356910,1763710679277370227,13317,13.317,303497,303.497
7,80,1763710679377052219,1763710679377337590,1763710679377354297,16707,16.707,285371,285.371
7,81,1763710679477058781,1763710679477360235,1763710679477375539,15304,15.304,301454,301.454
7,82,1763710679577057825,1763710679577353773,1763710679577369898,16125,16.125,295948,295.948
7,83,1763710679677057659,1763710679677357101,1763710679677371825,14724,14.724,299442,299.442
7,84,1763710679777053670,1763710679777369524,1763710679777385233,15709,15.709,315854,315.854
7,85,1763710679877055391,1763710679877385811,1763710679877400994,15183,15.183,330420,330.42
7,86,1763710679977125620,1763710679977469110,1763710679977484324,15214,15.214,343490,343.49
7,87,1763710680077058098,1763710680077408591,1763710680077426936,18345,18.345,350493,350.493
7,88,1763710680177056171,1763710680177349992,1763710680177364961,14969,14.969,293821,293.821
7,89,1763710680277060781,1763710680277385981,1763710680277401469,15488,15.488,325200,325.2
7,90,1763710680377057779,1763710680377367385,1763710680377382692,15307,15.307,309606,309.606
7,91,1763710680477056098,1763710680477376480,1763710680477391709,15229,15.229,320382,320.382
7,92,1763710680577055347,1763710680577362788,1763710680577378911,16123,16.123,307441,307.441
7,93,1763710680677076926,1763710680677393546,1763710680677407571,14025,14.025,316620,316.62
7,94,1763710680777056530,1763710680777355391,1763710680777370129,14738,14.738,298861,298.861
7,95,1763710680877065288,1763710680877392027,1763710680877405814,13787,13.787,326739,326.739
7,96,1763710680977069274,1763710680977425729,1763710680977443384,17655,17.655,356455,356.455
7,97,1763710681077055106,1763710681077349913,1763710681077365945,16032,16.032,294807,294.807
7,98,1763710681177071700,1763710681177521863,1763710681177536836,14973,14.973,450163,450.163
7,99,1763710681277066976,1763710681277604932,1763710681277619469,14537,14.537,537956,537.956
7,100,1763710681377161762,1763710681377682650,1763710681377698828,16178,16.178,520888,520.888
7,101,1763710681477052772,1763710681477363654,1763710681477377045,13391,13.391,310882,310.882
7,102,1763710681577058807,1763710681577425133,1763710681577444746,19613,19.613,366326,366.326
7,103,1763710681677049078,1763710681677331312,1763710681677344539,13227,13.227,282234,282.234
7,104,1763710681777052525,1763710681777336047,1763710681777349305,13258,13.258,283522,283.522
7,105,1763710681877051861,1763710681877333819,1763710681877346592,12773,12.773,281958,281.958
7,106,1763710681977052155,1763710681977355728,1763710681977369013,13285,13.285,303573,303.573
7,107,1763710682077051318,1763710682077356975,1763710682077371076,14101,14.101,305657,305.657
7,108,1763710682177053016,1763710682177393633,1763710682177407501,13868,13.868,340617,340.617
7,109,1763710682277048325,1763710682277339678,1763710682277353706,14028,14.028,291353,291.353
7,110,1763710682377050939,1763710682377347490,1763710682377359933,12443,12.443,296551,296.551
7,111,1763710682477049448,1763710682477344630,1763710682477357696,13066,13.066,295182,295.182
7,112,1763710682577048523,1763710682577335100,1763710682577347937,12837,12.837,286577,286.577
7,113,1763710682677046585,1763710682677332855,1763710682677345916,13061,13.061,286270,286.27
7,114,1763710682777050117,1763710682777340989,1763710682777353684,12695,12.695,290872,290.872
7,115,1763710682877051032,1763710682877340454,1763710682877353597,13143,13.143,289422,289.422
7,116,1763710682977047514,1763710682977414419,1763710682977428116,13697,13.697,366905,366.905
7,117,1763710683077109403,1763710683077494243,1763710683077509688,15445,15.445,384840,384.84
7,118,1763710683177051074,1763710683177339817,1763710683177356333,16516,16.516,288743,288.743
7,119,1763710683277058591,1763710683277348044,1763710683277360922,12878,12.878,289453,289.453
7,120,1763710683377049751,1763710683377335633,1763710683377348344,12711,12.711,285882,285.882
7,121,1763710683477087556,1763710683477449887,1763710683477463800,13913,13.913,362331,362.331
7,122,1763710683577067420,1763710683577784795,1763710683577798026,13231,13.231,717375,717.375
7,123,1763710683677050206,1763710683677347114,1763710683677360731,13617,13.617,296908,296.908
7,124,1763710683777050947,1763710683777334862,1763710683777349266,14404,14.404,283915,283.915
7,125,1763710683877052519,1763710683877340041,1763710683877353649,13608,13.608,287522,287.522
7,126,1763710683977049441,1763710683977340461,1763710683977354609,14148,14.148,291020,291.02
7,127,1763710684077050457,1763710684077349399,1763710684077362313,12914,12.914,298942,298.942
7,128,1763710684177049906,1763710684177350815,1763710684177365681,14866,14.866,300909,300.909
7,129,1763710684277045591,1763710684277328085,1763710684277341622,13537,13.537,282494,282.494
7,130,1763710684377058624,1763710684377428509,1763710684377446545,18036,18.036,369885,369.885
7,131,1763710684477047180,1763710684477349115,1763710684477365904,16789,16.789,301935,301.935
7,132,1763710684577051337,1763710684577356395,1763710684577370352,13957,13.957,305058,305.058
7,133,1763710684677076649,1763710684677393909,1763710684677410772,16863,16.863,317260,317.26
7,134,1763710684777092509,1763710684777428759,1763710684777442743,13984,13.984,336250,336.25
7,135,1763710684877048974,1763710684877353544,1763710684877367320,13776,13.776,304570,304.57
7,136,1763710684977048749,1763710684977420968,1763710684977434808,13840,13.84,372219,372.219
7,137,1763710685077047420,1763710685077417400,1763710685077431820,14420,14.42,369980,369.98
7,138,1763710685177051172,1763710685177424118,1763710685177439485,15367,15.367,372946,372.946
7,139,1763710685277045562,1763710685277324873,1763710685277338121,13248,13.248,279311,279.311
7,140,1763710685377052566,1763710685377345837,1763710685377359507,13670,13.67,293271,293.271
7,141,1763710685477052284,1763710685477334690,1763710685477352102,17412,17.412,282406,282.406
7,142,1763710685577046827,1763710685577337534,1763710685577351558,14024,14.024,290707,290.707
7,143,1763710685677048536,1763710685677342103,1763710685677357992,15889,15.889,293567,293.567
7,144,1763710685777049207,1763710685777368965,1763710685777382973,14008,14.008,319758,319.758
7,145,1763710685877079738,1763710685877420268,1763710685877435416,15148,15.148,340530,340.53
7,146,1763710685977049966,1763710685977344493,1763710685977361745,17252,17.252,294527,294.527
7,147,1763710686077063053,1763710686077409832,1763710686077424852,15020,15.02,346779,346.779
7,148,1763710686177065306,1763710686177393546,1763710686177406606,13060,13.06,328240,328.24
7,149,1763710686277052709,1763710686277357305,1763710686277371044,13739,13.739,304596,304.596
7,150,1763710686377072685,1763710686377419843,1763710686377432861,13018,13.018,347158,347.158
7,151,1763710686477053718,1763710686477472128,1763710686477485258,13130,13.13,418410,418.41
7,152,1763710686577086931,1763710686577878225,1763710686577892151,13926,13.926,791294,791.294
7,153,1763710686677068435,1763710686677503928,1763710686677518440,14512,14.512,435493,435.493
7,154,1763710686777052007,1763710686777683590,1763710686777696498,12908,12.908,631583,631.583
7,155,1763710686877081443,1763710686877400817,1763710686877413845,13028,13.028,319374,319.374
7,156,1763710686977066954,1763710686977403407,1763710686977416805,13398,13.398,336453,336.453
7,157,1763710687077051661,1763710687077332384,1763710687077344728,12344,12.344,280723,280.723
7,158,1763710687177048590,1763710687177344206,1763710687177357335,13129,13.129,295616,295.616
7,159,1763710687277052068,1763710687277364527,1763710687277378283,13756,13.756,312459,312.459
7,160,1763710687377079204,1763710687377575179,1763710687377589362,14183,14.183,495975,495.975
7,161,1763710687477054448,1763710687477365374,1763710687477379891,14517,14.517,310926,310.926
7,162,1763710687577051316,1763710687577347422,1763710687577359282,11860,11.86,296106,296.106
7,163,1763710687677046156,1763710687677338506,1763710687677352136,13630,13.63,292350,292.35
7,164,1763710687777049200,1763710687777357924,1763710687777372909,14985,14.985,308724,308.724
7,165,1763710687877049730,1763710687877366230,1763710687877380086,13856,13.856,316500,316.5
7,166,1763710687977049300,1763710687977348388,1763710687977361869,13481,13.481,299088,299.088
7,167,1763710688077053891,1763710688077362875,1763710688077377936,15061,15.061,308984,308.984
7,168,1763710688177059426,1763710688177415784,1763710688177430643,14859,14.859,356358,356.358
7,169,1763710688277049533,1763710688277345575,1763710688277358364,12789,12.789,296042,296.042
7,170,1763710688377047898,1763710688377332330,1763710688377346776,14446,14.446,284432,284.432
7,171,1763710688477045188,1763710688477328083,1763710688477341530,13447,13.447,282895,282.895
7,172,1763710688577045182,1763710688577330494,1763710688577345547,15053,15.053,285312,285.312
7,173,1763710688677045723,1763710688677341859,1763710688677356079,14220,14.22,296136,296.136
7,174,1763710688777048185,1763710688777340930,1763710688777357178,16248,16.248,292745,292.745
7,175,1763710688877046861,1763710688877340581,1763710688877354474,13893,13.893,293720,293.72
7,176,1763710688977004539,1763710688977295295,1763710688977310404,15109,15.109,290756,290.756
7,177,1763710689077053839,1763710689077356603,1763710689077371767,15164,15.164,302764,302.764
7,178,1763710689177051082,1763710689177364446,1763710689177380249,15803,15.803,313364,313.364
7,179,1763710689277053515,1763710689277340310,1763710689277354079,13769,13.769,286795,286.795
7,180,1763710689377049968,1763710689377423260,1763710689377436838,13578,13.578,373292,373.292
7,181,1763710689477050723,1763710689477336223,1763710689477350139,13916,13.916,285500,285.5
7,182,1763710689577049540,1763710689577341311,1763710689577354748,13437,13.437,291771,291.771
7,183,1763710689677126892,1763710689677462147,1763710689677479622,17475,17.475,335255,335.255
7,184,1763710689777050444,1763710689777341280,1763710689777355822,14542,14.542,290836,290.836
7,185,1763710689877047905,1763710689877346403,1763710689877360290,13887,13.887,298498,298.498
7,186,1763710689977050302,1763710689977428578,1763710689977443102,14524,14.524,378276,378.276
7,187,1763710690077053663,1763710690077378798,1763710690077392832,14034,14.034,325135,325.135
7,188,1763710690177068705,1763710690177384201,1763710690177398963,14762,14.762,315496,315.496
7,189,1763710690277108069,1763710690277424727,1763710690277439751,15024,15.024,316658,316.658
7,190,1763710690377080345,1763710690377583961,1763710690377599631,15670,15.67,503616,503.616
7,191,1763710690477072241,1763710690477398094,1763710690477414317,16223,16.223,325853,325.853
7,192,1763710690577051441,1763710690577341873,1763710690577360356,18483,18.483,290432,290.432
7,193,1763710690677047274,1763710690677328178,1763710690677342372,14194,14.194,280904,280.904
7,194,1763710690777049370,1763710690777330286,1763710690777344493,14207,14.207,280916,280.916
7,195,1763710690877046819,1763710690877342774,1763710690877356832,14058,14.058,295955,295.955
7,196,1763710690977048868,1763710690977340752,1763710690977355152,14400,14.4,291884,291.884
7,197,1763710691077047382,1763710691077412756,1763710691077426445,13689,13.689,365374,365.374
7,198,1763710691177052057,1763710691177371179,1763710691177386235,15056,15.056,319122,319.122
7,199,1763710691277049646,1763710691277342996,1763710691277357768,14772,14.772,293350,293.35
7,200,1763710691377055098,1763710691377369830,1763710691377383260,13430,13.43,314732,314.732
7,201,1763710691477083478,1763710691477420473,1763710691477436506,16033,16.033,336995,336.995
7,202,1763710691577072137,1763710691577592179,1763710691577616327,24148,24.148,520042,520.042
7,203,1763710691677055972,1763710691677371837,1763710691677389923,18086,18.086,315865,315.865
7,204,1763710691777051344,1763710691777362092,1763710691777378280,16188,16.188,310748,310.748
7,205,1763710691877075629,1763710691877432079,1763710691877446159,14080,14.08,356450,356.45
7,206,1763710691977063504,1763710691977389255,1763710691977405392,16137,16.137,325751,325.751
7,207,1763710692077049637,1763710692077348464,1763710692077361977,13513,13.513,298827,298.827
7,208,1763710692177081715,1763710692177403307,1763710692177424842,21535,21.535,321592,321.592
7,209,1763710692277051883,1763710692277345526,1763710692277358966,13440,13.44,293643,293.643
7,210,1763710692377060639,1763710692377399639,1763710692377419235,19596,19.596,339000,339
7,211,1763710692477052297,1763710692477342574,1763710692477358530,15956,15.956,290277,290.277
7,212,1763710692577053523,1763710692577569876,1763710692577590698,20822,20.822,516353,516.353
7,213,1763710692677071199,1763710692677591807,1763710692677607308,15501,15.501,520608,520.608
7,214,1763710692777046359,1763710692777336183,1763710692777350514,14331,14.331,289824,289.824
7,215,1763710692877050686,1763710692877334901,1763710692877363735,28834,28.834,284215,284.215
7,216,1763710692977048982,1763710692977347942,1763710692977361845,13903,13.903,298960,298.96
7,217,1763710693077048366,1763710693077334573,1763710693077348221,13648,13.648,286207,286.207
7,218,1763710693177051791,1763710693177334884,1763710693177347500,12616,12.616,283093,283.093
7,219,1763710693277049190,1763710693277332315,1763710693277345658,13343,13.343,283125,283.125
7,220,1763710693377047466,1763710693377583146,1763710693377596101,12955,12.955,535680,535.68
7,221,1763710693477050571,1763710693477340361,1763710693477353309,12948,12.948,289790,289.79
7,222,1763710693577055856,1763710693577358078,1763710693577373501,15423,15.423,302222,302.222
7,223,1763710693677049746,1763710693677380709,1763710693677394238,13529,13.529,330963,330.963
7,224,1763710693777045222,1763710693777357721,1763710693777371077,13356,13.356,312499,312.499
7,225,1763710693877113845,1763710693877691299,1763710693877705588,14289,14.289,577454,577.454
7,226,1763710693977123414,1763710693977531709,1763710693977544386,12677,12.677,408295,408.295
7,227,1763710694077047723,1763710694077474874,1763710694077488569,13695,13.695,427151,427.151
7,228,1763710694177058401,1763710694177378270,1763710694177394295,16025,16.025,319869,319.869
7,229,1763710694277067442,1763710694277439917,1763710694277457816,17899,17.899,372475,372.475
7,230,1763710694377050380,1763710694377336424,1763710694377353017,16593,16.593,286044,286.044
7,231,1763710694477047527,1763710694477433135,1763710694477450391,17256,17.256,385608,385.608
7,232,1763710694577051666,1763710694577341608,1763710694577356442,14834,14.834,289942,289.942
7,233,1763710694677053669,1763710694677341470,1763710694677355781,14311,14.311,287801,287.801
7,234,1763710694777050031,1763710694777346302,1763710694777360161,13859,13.859,296271,296.271
7,235,1763710694877054592,1763710694877433551,1763710694877450825,17274,17.274,378959,378.959
7,236,1763710694977054619,1763710694977375215,1763710694977390312,15097,15.097,320596,320.596
7,237,1763710695077112244,1763710695077425102,1763710695077440121,15019,15.019,312858,312.858
7,238,1763710695177113994,1763710695177431946,1763710695177446625,14679,14.679,317952,317.952
7,239,1763710695277052202,1763710695277421393,1763710695277436087,14694,14.694,369191,369.191
7,240,1763710695377051541,1763710695377417529,1763710695377430929,13400,13.4,365988,365.988
7,241,1763710695477052684,1763710695477429042,1763710695477444144,15102,15.102,376358,376.358
7,242,1763710695577052723,1763710695577427847,1763710695577444329,16482,16.482,375124,375.124
7,243,1763710695677045288,1763710695677336981,1763710695677350639,13658,13.658,291693,291.693
7,244,1763710695777053572,1763710695777348262,1763710695777363315,15053,15.053,294690,294.69
7,245,1763710695877050634,1763710695877354374,1763710695877369578,15204,15.204,303740,303.74
7,246,1763710695977056038,1763710695977394434,1763710695977410077,15643,15.643,338396,338.396
7,247,1763710696077074060,1763710696077422755,1763710696077437473,14718,14.718,348695,348.695
7,248,1763710696177051066,1763710696177360432,1763710696177375851,15419,15.419,309366,309.366
7,249,1763710696277050721,1763710696277347273,1763710696277361933,14660,14.66,296552,296.552
7,250,1763710696377051221,1763710696377409466,1763710696377425006,15540,15.54,358245,358.245
7,251,1763710696477062591,1763710696477364464,1763710696477378793,14329,14.329,301873,301.873
7,252,1763710696577092951,1763710696577481594,1763710696577502396,20802,20.802,388643,388.643
7,253,1763710696677050230,1763710696677348313,1763710696677362656,14343,14.343,298083,298.083
7,254,1763710696777046818,1763710696777408019,1763710696777423487,15468,15.468,361201,361.201
7,255,1763710696877050870,1763710696877334965,1763710696877348985,14020,14.02,284095,284.095
7,256,1763710696977054323,1763710696977342637,1763710696977357062,14425,14.425,288314,288.314
7,257,1763710697077049482,1763710697077340825,1763710697077354469,13644,13.644,291343,291.343
7,258,1763710697177048949,1763710697177372411,1763710697177387692,15281,15.281,323462,323.462
7,259,1763710697277052208,1763710697277378512,1763710697277395753,17241,17.241,326304,326.304
7,260,1763710697377046988,1763710697377416836,1763710697377433632,16796,16.796,369848,369.848
7,261,1763710697477047907,1763710697477330944,1763710697477344466,13522,13.522,283037,283.037
7,262,1763710697577051929,1763710697577368873,1763710697577384843,15970,15.97,316944,316.944
7,263,1763710697677065729,1763710697677433166,1763710697677449580,16414,16.414,367437,367.437
7,264,1763710697777051440,1763710697777436167,1763710697777450942,14775,14.775,384727,384.727
7,265,1763710697877051528,1763710697877419271,1763710697877433693,14422,14.422,367743,367.743
7,266,1763710697977078018,1763710697977411177,1763710697977431229,20052,20.052,333159,333.159
7,267,1763710698077054442,1763710698077353776,1763710698077367760,13984,13.984,299334,299.334
7,268,1763710698177061024,1763710698177376952,1763710698177392032,15080,15.08,315928,315.928
7,269,1763710698277054409,1763710698277362810,1763710698277377144,14334,14.334,308401,308.401
7,270,1763710698377054142,1763710698377648163,1763710698377660476,12313,12.313,594021,594.021
7,271,1763710698477082811,1763710698477648780,1763710698477660611,11831,11.831,565969,565.969
7,272,1763710698577072290,1763710698577603307,1763710698577618002,14695,14.695,531017,531.017
7,273,1763710698677122965,1763710698677617577,1763710698677632193,14616,14.616,494612,494.612
7,274,1763710698777049753,1763710698777383461,1763710698777397970,14509,14.509,333708,333.708
7,275,1763710698877054569,1763710698877373819,1763710698877388232,14413,14.413,319250,319.25
7,276,1763710698977045657,1763710698977333307,1763710698977346763,13456,13.456,287650,287.65
7,277,1763710699077046290,1763710699077336635,1763710699077354366,17731,17.731,290345,290.345
7,278,1763710699177047857,1763710699177352831,1763710699177368021,15190,15.19,304974,304.974
7,279,1763710699277046896,1763710699277345352,1763710699277362190,16838,16.838,298456,298.456
7,280,1763710699377047080,1763710699377358617,1763710699377375812,17195,17.195,311537,311.537
7,281,1763710699477065246,1763710699477405279,1763710699477424282,19003,19.003,340033,340.033
7,282,1763710699577053184,1763710699577389203,1763710699577403627,14424,14.424,336019,336.019
7,283,1763710699677076997,1763710699677402168,1763710699677419854,17686,17.686,325171,325.171
7,284,1763710699777070973,1763710699777390064,1763710699777404689,14625,14.625,319091,319.091
7,285,1763710699877100462,1763710699877414497,1763710699877431526,17029,17.029,314035,314.035
7,286,1763710699977051763,1763710699977348327,1763710699977369156,20829,20.829,296564,296.564
7,287,1763710700077051231,1763710700077346403,1763710700077361021,14618,14.618,295172,295.172
7,288,1763710700177052754,1763710700177347243,1763710700177360585,13342,13.342,294489,294.489
7,289,1763710700277050251,1763710700277341796,1763710700277355487,13691,13.691,291545,291.545
7,290,1763710700377049511,1763710700377337486,1763710700377351823,14337,14.337,287975,287.975
7,291,1763710700477051469,1763710700477376090,1763710700477393936,17846,17.846,324621,324.621
7,292,1763710700577051219,1763710700577356453,1763710700577373296,16843,16.843,305234,305.234
7,293,1763710700677047666,1763710700677349054,1763710700677363001,13947,13.947,301388,301.388
7,294,1763710700777080018,1763710700777468726,1763710700777483014,14288,14.288,388708,388.708
7,295,1763710700877068801,1763710700877386040,1763710700877400724,14684,14.684,317239,317.239
7,296,1763710700977053576,1763710700977429183,1763710700977442319,13136,13.136,375607,375.607
7,297,1763710701077047696,1763710701077341711,1763710701077355857,14146,14.146,294015,294.015
7,298,1763710701177048796,1763710701177333650,1763710701177346143,12493,12.493,284854,284.854
7,299,1763710701277047262,1763710701277327871,1763710701277340759,12888,12.888,280609,280.609
7,300,1763710701377047770,1763710701377419267,1763710701377432923,13656,13.656,371497,371.497
7,301,1763710701477052210,1763710701477350599,1763710701477363872,13273,13.273,298389,298.389
7,302,1763710701577079875,1763710701577498433,1763710701577519920,21487,21.487,418558,418.558
7,303,1763710701677049717,1763710701677369684,1763710701677382752,13068,13.068,319967,319.967
7,304,1763710701777104995,1763710701777457644,1763710701777473136,15492,15.492,352649,352.649
7,305,1763710701877084770,1763710701877440658,1763710701877455257,14599,14.599,355888,355.888
7,306,1763710701977050796,1763710701977338483,1763710701977351759,13276,13.276,287687,287.687
7,307,1763710702077051228,1763710702077334853,1763710702077346651,11798,11.798,283625,283.625
7,308,1763710702177081210,1763710702177428613,1763710702177449905,21292,21.292,347403,347.403
7,309,1763710702277055301,1763710702277364097,1763710702277381575,17478,17.478,308796,308.796
7,310,1763710702377055382,1763710702377356163,1763710702377373277,17114,17.114,300781,300.781
7,311,1763710702477052864,1763710702477364772,1763710702477378185,13413,13.413,311908,311.908
7,312,1763710702577063812,1763710702577375860,1763710702577390578,14718,14.718,312048,312.048
7,313,1763710702677088474,1763710702677542544,1763710702677555343,12799,12.799,454070,454.07
7,314,1763710702777076656,1763710702777517657,1763710702777532386,14729,14.729,441001,441.001
7,315,1763710702877058178,1763710702877376420,1763710702877391690,15270,15.27,318242,318.242
7,316,1763710702977053923,1763710702977396111,1763710702977411975,15864,15.864,342188,342.188
7,317,1763710703077053458,1763710703077378247,1763710703077394469,16222,16.222,324789,324.789
7,318,1763710703177057414,1763710703177375295,1763710703177389128,13833,13.833,317881,317.881
7,319,1763710703277064366,1763710703277468907,1763710703277486111,17204,17.204,404541,404.541
7,320,1763710703377058515,1763710703377387063,1763710703377401263,14200,14.2,328548,328.548
7,321,1763710703477155913,1763710703477544836,1763710703477565562,20726,20.726,388923,388.923
7,322,1763710703577059462,1763710703577378293,1763710703577392509,14216,14.216,318831,318.831
7,323,1763710703677049854,1763710703677343710,1763710703677357426,13716,13.716,293856,293.856
7,324,1763710703777049332,1763710703777342579,1763710703777356604,14025,14.025,293247,293.247
7,325,1763710703877054554,1763710703877367182,1763710703877381271,14089,14.089,312628,312.628
7,326,1763710703977085694,1763710703977721835,1763710703977741418,19583,19.583,636141,636.141
7,327,1763710704077050264,1763710704077349422,1763710704077363545,14123,14.123,299158,299.158
7,328,1763710704177051158,1763710704177334939,1763710704177348723,13784,13.784,283781,283.781
7,329,1763710704277053392,1763710704277347745,1763710704277364968,17223,17.223,294353,294.353
7,330,1763710704377053127,1763710704377417187,1763710704377430954,13767,13.767,364060,364.06
7,331,1763710704477047072,1763710704477352362,1763710704477367005,14643,14.643,305290,305.29
7,332,1763710704577050095,1763710704577416801,1763710704577430723,13922,13.922,366706,366.706
7,333,1763710704677052522,1763710704677350391,1763710704677365351,14960,14.96,297869,297.869
7,334,1763710704777048416,1763710704777348451,1763710704777361990,13539,13.539,300035,300.035
7,335,1763710704877049595,1763710704877361067,1763710704877374686,13619,13.619,311472,311.472
7,336,1763710704977060412,1763710704977410595,1763710704977425870,15275,15.275,350183,350.183
7,337,1763710705077062547,1763710705077375447,1763710705077389110,13663,13.663,312900,312.9
7,338,1763710705177050912,1763710705177340334,1763710705177354637,14303,14.303,289422,289.422
7,339,1763710705277048692,1763710705277353988,1763710705277369173,15185,15.185,305296,305.296
7,340,1763710705377050785,1763710705377348618,1763710705377362460,13842,13.842,297833,297.833
7,341,1763710705477051064,1763710705477349860,1763710705477368158,18298,18.298,298796,298.796
7,342,1763710705577048472,1763710705577342403,1763710705577356726,14323,14.323,293931,293.931
7,343,1763710705677049160,1763710705677409138,1763710705677423455,14317,14.317,359978,359.978
7,344,1763710705777051388,1763710705777350449,1763710705777363924,13475,13.475,299061,299.061
7,345,1763710705877064261,1763710705877447588,1763710705877472436,24848,24.848,383327,383.327
7,346,1763710705977049554,1763710705977342681,1763710705977356891,14210,14.21,293127,293.127
7,347,1763710706077102167,1763710706077419291,1763710706077437279,17988,17.988,317124,317.124
7,348,1763710706177063170,1763710706177385251,1763710706177398921,13670,13.67,322081,322.081
7,349,1763710706277051362,1763710706277379244,1763710706277392667,13423,13.423,327882,327.882
7,350,1763710706377052173,1763710706377341410,1763710706377353759,12349,12.349,289237,289.237
7,351,1763710706477057375,1763710706477347921,1763710706477362099,14178,14.178,290546,290.546
7,352,1763710706577052742,1763710706577448747,1763710706577485313,36566,36.566,396005,396.005
7,353,1763710706677049181,1763710706677334785,1763710706677348428,13643,13.643,285604,285.604
7,354,1763710706777048153,1763710706777335612,1763710706777348435,12823,12.823,287459,287.459
7,355,1763710706877053399,1763710706877353788,1763710706877369017,15229,15.229,300389,300.389
7,356,1763710706977046977,1763710706977347714,1763710706977362598,14884,14.884,300737,300.737
7,357,1763710707077052674,1763710707077353853,1763710707077369018,15165,15.165,301179,301.179
7,358,1763710707177056619,1763710707177373437,1763710707177386591,13154,13.154,316818,316.818
7,359,1763710707277072947,1763710707277388521,1763710707277406344,17823,17.823,315574,315.574
7,360,1763710707377046951,1763710707377421512,1763710707377436517,15005,15.005,374561,374.561
7,361,1763710707477048910,1763710707477362816,1763710707477378603,15787,15.787,313906,313.906
7,362,1763710707577058656,1763710707577339466,1763710707577353033,13567,13.567,280810,280.81
7,363,1763710707677045891,1763710707677412138,1763710707677426198,14060,14.06,366247,366.247
7,364,1763710707777051744,1763710707777343909,1763710707777358682,14773,14.773,292165,292.165
7,365,1763710707877049042,1763710707877357359,1763710707877373365,16006,16.006,308317,308.317
7,366,1763710707977051078,1763710707977413424,1763710707977431533,18109,18.109,362346,362.346
7,367,1763710708077058598,1763710708077380726,1763710708077397198,16472,16.472,322128,322.128
7,368,1763710708177059786,1763710708177382099,1763710708177397682,15583,15.583,322313,322.313
7,369,1763710708277057593,1763710708277432461,1763710708277448395,15934,15.934,374868,374.868
7,370,1763710708377058970,1763710708377374409,1763710708377391663,17254,17.254,315439,315.439
7,371,1763710708477071230,1763710708477402047,1763710708477416999,14952,14.952,330817,330.817
7,372,1763710708577055252,1763710708577347922,1763710708577361748,13826,13.826,292670,292.67
7,373,1763710708677070907,1763710708677387923,1763710708677403870,15947,15.947,317016,317.016
7,374,1763710708777053008,1763710708777362766,1763710708777377159,14393,14.393,309758,309.758
7,375,1763710708877058940,1763710708877372469,1763710708877394252,21783,21.783,313529,313.529
7,376,1763710708977058809,1763710708977360643,1763710708977376007,15364,15.364,301834,301.834
7,377,1763710709077054509,1763710709077365944,1763710709077380887,14943,14.943,311435,311.435
7,378,1763710709177066717,1763710709177395785,1763710709177410359,14574,14.574,329068,329.068
7,379,1763710709277070221,1763710709277425007,1763710709277443493,18486,18.486,354786,354.786
7,380,1763710709377053860,1763710709377474502,1763710709377488265,13763,13.763,420642,420.642
7,381,1763710709477120313,1763710709477643357,1763710709477657296,13939,13.939,523044,523.044
7,382,1763710709577115247,1763710709577591574,1763710709577605287,13713,13.713,476327,476.327
7,383,1763710709677141529,1763710709677721955,1763710709677736029,14074,14.074,580426,580.426
7,384,1763710709777047228,1763710709777335757,1763710709777350205,14448,14.448,288529,288.529
7,385,1763710709877051775,1763710709877357871,1763710709877375681,17810,17.81,306096,306.096
7,386,1763710709977050176,1763710709977337402,1763710709977351268,13866,13.866,287226,287.226
7,387,1763710710077050040,1763710710077347062,1763710710077363863,16801,16.801,297022,297.022
7,388,1763710710177048712,1763710710177340213,1763710710177353574,13361,13.361,291501,291.501
7,389,1763710710277046677,1763710710277341931,1763710710277355563,13632,13.632,295254,295.254
7,390,1763710710377153275,1763710710377585166,1763710710377607591,22425,22.425,431891,431.891
7,391,1763710710477063982,1763710710477394297,1763710710477408654,14357,14.357,330315,330.315
7,392,1763710710577077045,1763710710577393692,1763710710577410790,17098,17.098,316647,316.647
7,393,1763710710677047011,1763710710677338881,1763710710677355406,16525,16.525,291870,291.87
7,394,1763710710777048767,1763710710777325338,1763710710777338205,12867,12.867,276571,276.571
7,395,1763710710877049807,1763710710877344699,1763710710877358122,13423,13.423,294892,294.892
7,396,1763710710977050631,1763710710977336682,1763710710977351278,14596,14.596,286051,286.051
7,397,1763710711077057327,1763710711077369497,1763710711077383874,14377,14.377,312170,312.17
7,398,1763710711177055934,1763710711177357719,1763710711177372916,15197,15.197,301785,301.785
7,399,1763710711277050309,1763710711277342760,1763710711277359681,16921,16.921,292451,292.451
7,400,1763710711377053080,1763710711377348134,1763710711377363407,15273,15.273,295054,295.054
7,401,1763710711477050166,1763710711477346904,1763710711477359688,12784,12.784,296738,296.738
7,402,1763710711577084523,1763710711577512993,1763710711577532472,19479,19.479,428470,428.47
7,403,1763710711677092619,1763710711677542607,1763710711677564569,21962,21.962,449988,449.988
7,404,1763710711777061116,1763710711777362076,1763710711777376313,14237,14.237,300960,300.96
7,405,1763710711877048791,1763710711877331042,1763710711877344245,13203,13.203,282251,282.251
7,406,1763710711977053705,1763710711977359563,1763710711977373003,13440,13.44,305858,305.858
7,407,1763710712077050924,1763710712077355387,1763710712077367012,11625,11.625,304463,304.463
7,408,1763710712177050755,1763710712177364427,1763710712177380474,16047,16.047,313672,313.672
7,409,1763710712277054303,1763710712277430421,1763710712277445647,15226,15.226,376118,376.118
7,410,1763710712377052653,1763710712377343432,1763710712377356473,13041,13.041,290779,290.779
7,411,1763710712477052962,1763710712477506909,1763710712477520343,13434,13.434,453947,453.947
7,412,1763710712577103510,1763710712577561303,1763710712577575003,13700,13.7,457793,457.793
7,413,1763710712677104598,1763710712677504937,1763710712677519312,14375,14.375,400339,400.339
7,414,1763710712777120000,1763710712777488915,1763710712777501714,12799,12.799,368915,368.915
7,415,1763710712877137522,1763710712877638027,1763710712877652453,14426,14.426,500505,500.505
7,416,1763710712977050865,1763710712977363015,1763710712977376295,13280,13.28,312150,312.15
7,417,1763710713077048054,1763710713077342786,1763710713077357028,14242,14.242,294732,294.732
7,418,1763710713177049619,1763710713177433983,1763710713177448459,14476,14.476,384364,384.364
7,419,1763710713277051411,1763710713277342608,1763710713277356782,14174,14.174,291197,291.197
7,420,1763710713377052495,1763710713377349553,1763710713377365516,15963,15.963,297058,297.058
7,421,1763710713477058271,1763710713477388543,1763710713477406545,18002,18.002,330272,330.272
7,422,1763710713577047363,1763710713577428889,1763710713577469621,40732,40.732,381526,381.526
7,423,1763710713677050356,1763710713677357671,1763710713677371785,14114,14.114,307315,307.315
7,424,1763710713777061045,1763710713777354323,1763710713777369294,14971,14.971,293278,293.278
7,425,1763710713877063034,1763710713877384536,1763710713877402378,17842,17.842,321502,321.502
7,426,1763710713977050182,1763710713977390231,1763710713977407541,17310,17.31,340049,340.049
7,427,1763710714077050940,1763710714077348266,1763710714077362322,14056,14.056,297326,297.326
7,428,1763710714177054046,1763710714177361981,1763710714177377698,15717,15.717,307935,307.935
7,429,1763710714277049679,1763710714277366512,1763710714277381831,15319,15.319,316833,316.833
7,430,1763710714377052194,1763710714377341872,1763710714377354677,12805,12.805,289678,289.678
7,431,1763710714477048042,1763710714477338506,1763710714477353859,15353,15.353,290464,290.464
7,432,1763710714577054371,1763710714577344864,1763710714577361028,16164,16.164,290493,290.493
7,433,1763710714677045640,1763710714677478291,1763710714677490840,12549,12.549,432651,432.651
7,434,1763710714777050995,1763710714777424406,1763710714777440067,15661,15.661,373411,373.411
7,435,1763710714877133854,1763710714877501310,1763710714877517647,16337,16.337,367456,367.456
7,436,1763710714977054616,1763710714977458710,1763710714977474562,15852,15.852,404094,404.094
7,437,1763710715077050315,1763710715077772476,1763710715077785705,13229,13.229,722161,722.161
7,438,1763710715177076623,1763710715177394917,1763710715177407709,12792,12.792,318294,318.294
7,439,1763710715277064973,1763710715277390647,1763710715277404476,13829,13.829,325674,325.674
7,440,1763710715377052044,1763710715377342622,1763710715377357560,14938,14.938,290578,290.578
7,441,1763710715477055823,1763710715477369629,1763710715477383503,13874,13.874,313806,313.806
7,442,1763710715577052620,1763710715577417437,1763710715577430693,13256,13.256,364817,364.817
7,443,1763710715677048823,1763710715677358269,1763710715677372654,14385,14.385,309446,309.446
7,444,1763710715777046004,1763710715777333166,1763710715777347273,14107,14.107,287162,287.162
7,445,1763710715877019148,1763710715877327323,1763710715877341428,14105,14.105,308175,308.175
7,446,1763710715977044505,1763710715977348572,1763710715977362778,14206,14.206,304067,304.067
7,447,1763710716077051505,1763710716077351961,1763710716077366583,14622,14.622,300456,300.456
7,448,1763710716177050281,1763710716177362851,1763710716177377258,14407,14.407,312570,312.57
7,449,1763710716277063180,1763710716277376755,1763710716277392717,15962,15.962,313575,313.575
7,450,1763710716377088440,1763710716377415498,1763710716377428884,13386,13.386,327058,327.058
7,451,1763710716477112159,1763710716477437484,1763710716477472898,35414,35.414,325325,325.325
7,452,1763710716577056629,1763710716577413882,1763710716577434337,20455,20.455,357253,357.253
7,453,1763710716677042818,1763710716677323962,1763710716677337361,13399,13.399,281144,281.144
7,454,1763710716777050220,1763710716777341872,1763710716777354789,12917,12.917,291652,291.652
7,455,1763710716877045048,1763710716877331524,1763710716877343933,12409,12.409,286476,286.476
7,456,1763710716977049983,1763710716977336274,1763710716977349984,13710,13.71,286291,286.291
7,457,1763710717077050209,1763710717077351238,1763710717077365015,13777,13.777,301029,301.029
7,458,1763710717177049387,1763710717177424311,1763710717177438248,13937,13.937,374924,374.924
7,459,1763710717277052172,1763710717277428488,1763710717277443170,14682,14.682,376316,376.316
7,460,1763710717377050694,1763710717377355967,1763710717377370543,14576,14.576,305273,305.273
7,461,1763710717477077791,1763710717477397486,1763710717477412515,15029,15.029,319695,319.695
7,462,1763710717577047829,1763710717577338300,1763710717577352338,14038,14.038,290471,290.471
7,463,1763710717677048470,1763710717677351881,1763710717677365937,14056,14.056,303411,303.411
7,464,1763710717777048745,1763710717777416156,1763710717777430295,14139,14.139,367411,367.411
7,465,1763710717877051380,1763710717877337998,1763710717877351626,13628,13.628,286618,286.618
7,466,1763710717977099265,1763710717977433719,1763710717977451303,17584,17.584,334454,334.454
7,467,1763710718077048770,1763710718077358522,1763710718077373090,14568,14.568,309752,309.752
7,468,1763710718177076106,1763710718177368748,1763710718177382765,14017,14.017,292642,292.642
7,469,1763710718277051198,1763710718277420620,1763710718277433964,13344,13.344,369422,369.422
7,470,1763710718377049950,1763710718377344407,1763710718377359147,14740,14.74,294457,294.457
7,471,1763710718477056097,1763710718477442592,1763710718477459471,16879,16.879,386495,386.495
7,472,1763710718577098422,1763710718577436904,1763710718577452694,15790,15.79,338482,338.482
7,473,1763710718677064935,1763710718677425953,1763710718677441218,15265,15.265,361018,361.018
7,474,1763710718777050458,1763710718777347935,1763710718777362847,14912,14.912,297477,297.477
7,475,1763710718877050058,1763710718877415279,1763710718877429371,14092,14.092,365221,365.221
7,476,1763710718977053779,1763710718977347383,1763710718977362523,15140,15.14,293604,293.604
7,477,1763710719077054472,1763710719077358175,1763710719077373507,15332,15.332,303703,303.703
7,478,1763710719177044301,1763710719177339619,1763710719177353101,13482,13.482,295318,295.318
7,479,1763710719277052483,1763710719277350370,1763710719277365691,15321,15.321,297887,297.887
7,480,1763710719377056730,1763710719377355787,1763710719377371769,15982,15.982,299057,299.057
7,481,1763710719477056719,1763710719477392884,1763710719477409168,16284,16.284,336165,336.165
7,482,1763710719577066546,1763710719577383715,1763710719577398536,14821,14.821,317169,317.169
7,483,1763710719677077708,1763710719677398390,1763710719677413958,15568,15.568,320682,320.682
7,484,1763710719777100726,1763710719777450636,1763710719777468551,17915,17.915,349910,349.91
7,485,1763710719877070442,1763710719877387721,1763710719877406661,18940,18.94,317279,317.279
7,486,1763710719977066681,1763710719977433802,1763710719977447313,13511,13.511,367121,367.121
7,487,1763710720077064619,1763710720077415024,1763710720077430390,15366,15.366,350405,350.405
7,488,1763710720177062290,1763710720177416003,1763710720177431492,15489,15.489,353713,353.713
7,489,1763710720277060709,1763710720277384914,1763710720277399489,14575,14.575,324205,324.205
7,490,1763710720377075136,1763710720377424465,1763710720377440825,16360,16.36,349329,349.329
7,491,1763710720477106032,1763710720477516009,1763710720477535055,19046,19.046,409977,409.977
7,492,1763710720577113759,1763710720577440931,1763710720577460310,19379,19.379,327172,327.172
7,493,1763710720677050307,1763710720677339200,1763710720677351647,12447,12.447,288893,288.893
7,494,1763710720777051528,1763710720777346375,1763710720777360458,14083,14.083,294847,294.847
7,495,1763710720877058796,1763710720877391210,1763710720877408102,16892,16.892,332414,332.414
7,496,1763710720977055312,1763710720977433423,1763710720977445870,12447,12.447,378111,378.111
7,497,1763710721077064713,1763710721077582323,1763710721077596253,13930,13.93,517610,517.61
7,498,1763710721177048031,1763710721177447131,1763710721177463264,16133,16.133,399100,399.1
7,499,1763710721277049444,1763710721277339391,1763710721277352021,12630,12.63,289947,289.947
7,500,1763710721377050351,1763710721377446464,1763710721377459512,13048,13.048,396113,396.113
7,501,1763710721477054429,1763710721477343652,1763710721477356965,13313,13.313,289223,289.223
7,502,1763710721577062659,1763710721577407791,1763710721577424177,16386,16.386,345132,345.132
7,503,1763710721677048560,1763710721677354337,1763710721677369449,15112,15.112,305777,305.777
7,504,1763710721777049513,1763710721777342917,1763710721777356578,13661,13.661,293404,293.404
7,505,1763710721877052565,1763710721877361793,1763710721877372851,11058,11.058,309228,309.228
7,506,1763710721977084169,1763710721977577334,1763710721977590489,13155,13.155,493165,493.165
7,507,1763710722077086480,1763710722077506621,1763710722077520889,14268,14.268,420141,420.141
7,508,1763710722177050231,1763710722177431151,1763710722177445746,14595,14.595,380920,380.92
7,509,1763710722277051471,1763710722277340844,1763710722277353644,12800,12.8,289373,289.373
7,510,1763710722377051805,1763710722377340019,1763710722377354177,14158,14.158,288214,288.214
7,511,1763710722477049860,1763710722477345303,1763710722477360538,15235,15.235,295443,295.443
7,512,1763710722577050616,1763710722577351914,1763710722577367526,15612,15.612,301298,301.298
7,513,1763710722677043502,1763710722677332674,1763710722677346396,13722,13.722,289172,289.172
7,514,1763710722777046148,1763710722777336101,1763710722777349714,13613,13.613,289953,289.953
7,515,1763710722877044906,1763710722877411099,1763710722877425605,14506,14.506,366193,366.193
7,516,1763710722977057217,1763710722977392994,1763710722977409042,16048,16.048,335777,335.777
7,517,1763710723077050990,1763710723077386685,1763710723077405430,18745,18.745,335695,335.695
7,518,1763710723177050088,1763710723177351086,1763710723177366402,15316,15.316,300998,300.998
7,519,1763710723277063664,1763710723277376533,1763710723277391239,14706,14.706,312869,312.869
7,520,1763710723377051534,1763710723377359748,1763710723377372182,12434,12.434,308214,308.214
7,521,1763710723477048710,1763710723477344326,1763710723477358204,13878,13.878,295616,295.616
7,522,1763710723577051346,1763710723577341743,1763710723577356939,15196,15.196,290397,290.397
7,523,1763710723677046995,1763710723677329125,1763710723677343954,14829,14.829,282130,282.13
7,524,1763710723777050659,1763710723777344748,1763710723777358388,13640,13.64,294089,294.089
7,525,1763710723877051207,1763710723877350744,1763710723877365031,14287,14.287,299537,299.537
7,526,1763710723977049591,1763710723977351202,1763710723977368337,17135,17.135,301611,301.611
7,527,1763710724077051744,1763710724077404398,1763710724077420391,15993,15.993,352654,352.654
7,528,1763710724177077017,1763710724177393961,1763710724177407867,13906,13.906,316944,316.944
7,529,1763710724277074135,1763710724277393190,1763710724277407321,14131,14.131,319055,319.055
7,530,1763710724377066466,1763710724377385532,1763710724377400769,15237,15.237,319066,319.066
7,531,1763710724477047268,1763710724477345594,1763710724477360376,14782,14.782,298326,298.326
7,532,1763710724577047280,1763710724577353673,1763710724577369305,15632,15.632,306393,306.393
7,533,1763710724677048876,1763710724677347412,1763710724677361786,14374,14.374,298536,298.536
7,534,1763710724777050060,1763710724777344474,1763710724777359527,15053,15.053,294414,294.414
7,535,1763710724877048979,1763710724877338046,1763710724877353251,15205,15.205,289067,289.067
7,536,1763710724977044099,1763710724977341499,1763710724977358150,16651,16.651,297400,297.4
7,537,1763710725077049262,1763710725077360256,1763710725077376049,15793,15.793,310994,310.994
7,538,1763710725177048780,1763710725177345973,1763710725177361335,15362,15.362,297193,297.193
7,539,1763710725277046652,1763710725277341466,1763710725277356331,14865,14.865,294814,294.814
7,540,1763710725377050357,1763710725377372258,1763710725377386538,14280,14.28,321901,321.901
7,541,1763710725477084241,1763710725477456796,1763710725477472200,15404,15.404,372555,372.555
7,542,1763710725577052493,1763710725577368453,1763710725577383497,15044,15.044,315960,315.96
7,543,1763710725677069226,1763710725677395542,1763710725677410303,14761,14.761,326316,326.316
7,544,1763710725777045433,1763710725777332308,1763710725777345399,13091,13.091,286875,286.875
7,545,1763710725877059931,1763710725877419703,1763710725877437006,17303,17.303,359772,359.772
7,546,1763710725977048031,1763710725977334391,1763710725977347877,13486,13.486,286360,286.36
7,547,1763710726077058551,1763710726077376996,1763710726077391430,14434,14.434,318445,318.445
7,548,1763710726177049764,1763710726177340315,1763710726177354506,14191,14.191,290551,290.551
7,549,1763710726277050713,1763710726277364196,1763710726277383598,19402,19.402,313483,313.483
7,550,1763710726377055186,1763710726377341506,1763710726377355863,14357,14.357,286320,286.32
7,551,1763710726477075069,1763710726477598416,1763710726477617667,19251,19.251,523347,523.347
7,552,1763710726577085578,1763710726577688908,1763710726577706177,17269,17.269,603330,603.33
7,553,1763710726677049513,1763710726677348863,1763710726677361473,12610,12.61,299350,299.35
7,554,1763710726777060936,1763710726777403977,1763710726777419091,15114,15.114,343041,343.041
7,555,1763710726877048112,1763710726877341038,1763710726877354566,13528,13.528,292926,292.926
7,556,1763710726977055192,1763710726977368363,1763710726977384278,15915,15.915,313171,313.171
7,557,1763710727077049854,1763710727077363311,1763710727077377076,13765,13.765,313457,313.457
7,558,1763710727177063095,1763710727177411653,1763710727177426229,14576,14.576,348558,348.558
7,559,1763710727277048832,1763710727277356992,1763710727277371395,14403,14.403,308160,308.16
7,560,1763710727377045187,1763710727377340147,1763710727377356870,16723,16.723,294960,294.96
7,561,1763710727477045467,1763710727477332937,1763710727477348155,15218,15.218,287470,287.47
7,562,1763710727577120171,1763710727577494200,1763710727577514142,19942,19.942,374029,374.029
7,563,1763710727677046129,1763710727677342541,1763710727677357968,15427,15.427,296412,296.412
7,564,1763710727777066724,1763710727777386431,1763710727777400508,14077,14.077,319707,319.707
7,565,1763710727877043919,1763710727877373179,1763710727877394408,21229,21.229,329260,329.26
7,566,1763710727977047563,1763710727977351375,1763710727977365949,14574,14.574,303812,303.812
7,567,1763710728077045036,1763710728077329073,1763710728077343716,14643,14.643,284037,284.037
7,568,1763710728177046499,1763710728177337676,1763710728177354137,16461,16.461,291177,291.177
7,569,1763710728277051117,1763710728277354821,1763710728277369629,14808,14.808,303704,303.704
7,570,1763710728377049334,1763710728377339530,1763710728377353122,13592,13.592,290196,290.196
7,571,1763710728477042602,1763710728477324279,1763710728477339815,15536,15.536,281677,281.677
7,572,1763710728577045881,1763710728577349172,1763710728577362668,13496,13.496,303291,303.291
7,573,1763710728677044045,1763710728677362566,1763710728677378969,16403,16.403,318521,318.521
7,574,1763710728777050767,1763710728777339549,1763710728777354093,14544,14.544,288782,288.782
7,575,1763710728877049905,1763710728877363485,1763710728877384540,21055,21.055,313580,313.58
7,576,1763710728977060091,1763710728977369488,1763710728977391689,22201,22.201,309397,309.397
7,577,1763710729077049066,1763710729077344234,1763710729077361658,17424,17.424,295168,295.168
7,578,1763710729177047607,1763710729177346467,1763710729177359741,13274,13.274,298860,298.86
7,579,1763710729277050209,1763710729277381797,1763710729277394359,12562,12.562,331588,331.588
7,580,1763710729377044019,1763710729377343178,1763710729377356714,13536,13.536,299159,299.159
7,581,1763710729477049496,1763710729477332913,1763710729477345960,13047,13.047,283417,283.417
7,582,1763710729577046165,1763710729577337627,1763710729577351057,13430,13.43,291462,291.462
7,583,1763710729677047670,1763710729677334273,1763710729677347898,13625,13.625,286603,286.603
7,584,1763710729777045240,1763710729777335098,1763710729777348278,13180,13.18,289858,289.858
7,585,1763710729877050331,1763710729877364245,1763710729877378167,13922,13.922,313914,313.914
7,586,1763710729977081497,1763710729977404208,1763710729977449632,45424,45.424,322711,322.711
7,587,1763710730077073249,1763710730077415260,1763710730077429165,13905,13.905,342011,342.011
7,588,1763710730177125102,1763710730177447674,1763710730177462547,14873,14.873,322572,322.572
7,589,1763710730277050519,1763710730277339225,1763710730277353617,14392,14.392,288706,288.706
7,590,1763710730377048440,1763710730377342689,1763710730377356264,13575,13.575,294249,294.249
7,591,1763710730477046254,1763710730477350787,1763710730477363870,13083,13.083,304533,304.533
7,592,1763710730577044402,1763710730577336109,1763710730577350931,14822,14.822,291707,291.707
7,593,1763710730677049588,1763710730677355638,1763710730677367024,11386,11.386,306050,306.05
7,594,1763710730777047037,1763710730777330584,1763710730777344121,13537,13.537,283547,283.547
7,595,1763710730877048175,1763710730877352927,1763710730877366603,13676,13.676,304752,304.752
7,596,1763710730977047611,1763710730977337550,1763710730977354111,16561,16.561,289939,289.939
7,597,1763710731077052005,1763710731077413223,1763710731077433710,20487,20.487,361218,361.218
7,598,1763710731177054488,1763710731177537571,1763710731177556220,18649,18.649,483083,483.083
7,599,1763710731277061595,1763710731277340830,1763710731277352001,11171,11.171,279235,279.235
7,600,1763710731377125094,1763710731377547989,1763710731377568249,20260,20.26,422895,422.895
7,601,1763710731477124599,1763710731477578730,1763710731477593830,15100,15.1,454131,454.131
7,602,1763710731577126576,1763710731577685835,1763710731577700918,15083,15.083,559259,559.259
7,603,1763710731677050205,1763710731677341980,1763710731677361089,19109,19.109,291775,291.775
7,604,1763710731777058342,1763710731777354211,1763710731777369008,14797,14.797,295869,295.869
7,605,1763710731877059342,1763710731877391159,1763710731877406703,15544,15.544,331817,331.817
7,606,1763710731977067576,1763710731977406740,1763710731977424048,17308,17.308,339164,339.164
7,607,1763710732077055813,1763710732077357841,1763710732077370420,12579,12.579,302028,302.028
7,608,1763710732177053220,1763710732177347039,1763710732177361473,14434,14.434,293819,293.819
7,609,1763710732277052095,1763710732277354782,1763710732277371155,16373,16.373,302687,302.687
7,610,1763710732377052627,1763710732377342615,1763710732377355354,12739,12.739,289988,289.988
7,611,1763710732477062344,1763710732477566547,1763710732477582970,16423,16.423,504203,504.203
7,612,1763710732577110958,1763710732577651559,1763710732577673887,22328,22.328,540601,540.601
7,613,1763710732677052782,1763710732677367374,1763710732677386670,19296,19.296,314592,314.592
7,614,1763710732777052010,1763710732777351177,1763710732777365721,14544,14.544,299167,299.167
7,615,1763710732877052057,1763710732877351880,1763710732877365591,13711,13.711,299823,299.823
7,616,1763710732977049839,1763710732977353954,1763710732977368783,14829,14.829,304115,304.115
7,617,1763710733077063201,1763710733077373793,1763710733077388192,14399,14.399,310592,310.592
7,618,1763710733177053774,1763710733177356197,1763710733177370463,14266,14.266,302423,302.423
7,619,1763710733277061947,1763710733277363233,1763710733277377096,13863,13.863,301286,301.286
7,620,1763710733377059013,1763710733377383685,1763710733377399225,15540,15.54,324672,324.672
7,621,1763710733477069588,1763710733477427126,1763710733477441104,13978,13.978,357538,357.538
7,622,1763710733577079996,1763710733577433068,1763710733577452543,19475,19.475,353072,353.072
7,623,1763710733677047557,1763710733677349812,1763710733677363649,13837,13.837,302255,302.255
7,624,1763710733777053038,1763710733777345124,1763710733777363824,18700,18.7,292086,292.086
7,625,1763710733877061392,1763710733877413235,1763710733877430427,17192,17.192,351843,351.843
7,626,1763710733977049850,1763710733977345247,1763710733977364190,18943,18.943,295397,295.397
7,627,1763710734077053307,1763710734077352523,1763710734077371535,19012,19.012,299216,299.216
7,628,1763710734177056293,1763710734177351065,1763710734177367624,16559,16.559,294772,294.772
7,629,1763710734277054796,1763710734277440733,1763710734277456335,15602,15.602,385937,385.937
7,630,1763710734377059511,1763710734377376133,1763710734377389823,13690,13.69,316622,316.622
7,631,1763710734477073117,1763710734477419123,1763710734477436335,17212,17.212,346006,346.006
7,632,1763710734577083371,1763710734577424321,1763710734577442051,17730,17.73,340950,340.95
7,633,1763710734677044283,1763710734677351794,1763710734677369456,17662,17.662,307511,307.511
7,634,1763710734777050600,1763710734777341904,1763710734777355748,13844,13.844,291304,291.304
7,635,1763710734877054371,1763710734877345865,1763710734877359949,14084,14.084,291494,291.494
7,636,1763710734977052888,1763710734977380461,1763710734977394925,14464,14.464,327573,327.573
7,637,1763710735077052503,1763710735077354844,1763710735077368928,14084,14.084,302341,302.341
7,638,1763710735177050349,1763710735177350641,1763710735177363876,13235,13.235,300292,300.292
7,639,1763710735277049452,1763710735277351607,1763710735277365296,13689,13.689,302155,302.155
7,640,1763710735377056550,1763710735377471838,1763710735377491169,19331,19.331,415288,415.288
7,641,1763710735477055745,1763710735477373118,1763710735477388824,15706,15.706,317373,317.373
7,642,1763710735577054289,1763710735577375447,1763710735577390650,15203,15.203,321158,321.158
7,643,1763710735677070755,1763710735677396990,1763710735677411583,14593,14.593,326235,326.235
7,644,1763710735777119245,1763710735777547998,1763710735777566844,18846,18.846,428753,428.753
7,645,1763710735877053694,1763710735877363351,1763710735877380178,16827,16.827,309657,309.657
7,646,1763710735977050110,1763710735977360715,1763710735977377246,16531,16.531,310605,310.605
7,647,1763710736077049774,1763710736077348241,1763710736077364942,16701,16.701,298467,298.467
7,648,1763710736177052567,1763710736177347311,1763710736177364440,17129,17.129,294744,294.744
7,649,1763710736277049529,1763710736277338139,1763710736277352863,14724,14.724,288610,288.61
7,650,1763710736377052808,1763710736377339180,1763710736377353907,14727,14.727,286372,286.372
7,651,1763710736477046030,1763710736477338285,1763710736477354002,15717,15.717,292255,292.255
7,652,1763710736577076645,1763710736577450920,1763710736577470771,19851,19.851,374275,374.275
7,653,1763710736677050578,1763710736677366584,1763710736677382801,16217,16.217,316006,316.006
7,654,1763710736777052021,1763710736777350874,1763710736777368131,17257,17.257,298853,298.853
7,655,1763710736877051357,1763710736877355642,1763710736877370725,15083,15.083,304285,304.285
7,656,1763710736977056122,1763710736977374808,1763710736977393197,18389,18.389,318686,318.686
7,657,1763710737077082322,1763710737077454740,1763710737077469611,14871,14.871,372418,372.418
7,658,1763710737177102602,1763710737177529176,1763710737177547424,18248,18.248,426574,426.574
7,659,1763710737277134019,1763710737277470505,1763710737277487178,16673,16.673,336486,336.486
7,660,1763710737377063586,1763710737377406843,1763710737377426716,19873,19.873,343257,343.257
7,661,1763710737477062148,1763710737477372004,1763710737477385735,13731,13.731,309856,309.856
7,662,1763710737577049654,1763710737577356034,1763710737577372132,16098,16.098,306380,306.38
7,663,1763710737677062349,1763710737677424439,1763710737677445270,20831,20.831,362090,362.09
7,664,1763710737777055419,1763710737777387382,1763710737777405026,17644,17.644,331963,331.963
7,665,1763710737877063209,1763710737877452317,1763710737877473737,21420,21.42,389108,389.108
7,666,1763710737977129200,1763710737977753847,1763710737977770098,16251,16.251,624647,624.647
7,667,1763710738077053993,1763710738077354840,1763710738077371249,16409,16.409,300847,300.847
7,668,1763710738177053192,1763710738177467107,1763710738177486182,19075,19.075,413915,413.915
7,669,1763710738277084647,1763710738277518711,1763710738277543505,24794,24.794,434064,434.064
7,670,1763710738377062162,1763710738377393816,1763710738377410936,17120,17.12,331654,331.654
7,671,1763710738477058078,1763710738477375671,1763710738477391190,15519,15.519,317593,317.593
7,672,1763710738577056067,1763710738577410946,1763710738577426250,15304,15.304,354879,354.879
7,673,1763710738677095587,1763710738677459112,1763710738677475046,15934,15.934,363525,363.525
7,674,1763710738777052327,1763710738777347862,1763710738777362738,14876,14.876,295535,295.535
7,675,1763710738877053514,1763710738877359532,1763710738877374353,14821,14.821,306018,306.018
7,676,1763710738977054768,1763710738977350513,1763710738977364170,13657,13.657,295745,295.745
7,677,1763710739077062962,1763710739077455613,1763710739077471015,15402,15.402,392651,392.651
7,678,1763710739177055627,1763710739177380911,1763710739177397702,16791,16.791,325284,325.284
7,679,1763710739277062379,1763710739277396881,1763710739277415317,18436,18.436,334502,334.502
7,680,1763710739377055356,1763710739377375890,1763710739377394100,18210,18.21,320534,320.534
7,681,1763710739477069607,1763710739477471014,1763710739477492170,21156,21.156,401407,401.407
7,682,1763710739577063955,1763710739577377962,1763710739577393158,15196,15.196,314007,314.007
7,683,1763710739677050708,1763710739677344430,1763710739677359793,15363,15.363,293722,293.722
7,684,1763710739777050879,1763710739777347512,1763710739777364184,16672,16.672,296633,296.633
7,685,1763710739877058123,1763710739877356186,1763710739877370940,14754,14.754,298063,298.063
7,686,1763710739977062557,1763710739977378476,1763710739977393990,15514,15.514,315919,315.919
7,687,1763710740077052405,1763710740077349163,1763710740077362717,13554,13.554,296758,296.758
7,688,1763710740177120759,1763710740177553322,1763710740177567334,14012,14.012,432563,432.563
7,689,1763710740277053749,1763710740277358353,1763710740277373083,14730,14.73,304604,304.604
7,690,1763710740377052929,1763710740377356108,1763710740377371866,15758,15.758,303179,303.179
7,691,1763710740477054205,1763710740477375330,1763710740477392405,17075,17.075,321125,321.125
7,692,1763710740577210876,1763710740579479587,1763710740579499282,19695,19.695,2268711,2268.71
7,693,1763710740677067155,1763710740677455580,1763710740677477112,21532,21.532,388425,388.425
7,694,1763710740777079537,1763710740777503041,1763710740777525473,22432,22.432,423504,423.504
7,695,1763710740877056450,1763710740877372228,1763710740877391616,19388,19.388,315778,315.778
7,696,1763710740977060260,1763710740977408802,1763710740977427034,18232,18.232,348542,348.542
7,697,1763710741077062442,1763710741077437061,1763710741077453926,16865,16.865,374619,374.619
7,698,1763710741177068119,1763710741177424703,1763710741177439880,15177,15.177,356584,356.584
7,699,1763710741277067159,1763710741277496519,1763710741277525645,29126,29.126,429360,429.36
7,700,1763710741377058547,1763710741377412795,1763710741377429549,16754,16.754,354248,354.248
7,701,1763710741477058503,1763710741477454076,1763710741477467469,13393,13.393,395573,395.573
7,702,1763710741577068001,1763710741577774710,1763710741577793712,19002,19.002,706709,706.709
7,703,1763710741677113176,1763710741677454568,1763710741677469532,14964,14.964,341392,341.392
7,704,1763710741777081843,1763710741777558784,1763710741777576265,17481,17.481,476941,476.941
7,705,1763710741877102906,1763710741877478249,1763710741877490897,12648,12.648,375343,375.343
7,706,1763710741977065310,1763710741977448521,1763710741977467515,18994,18.994,383211,383.211
7,707,1763710742077057815,1763710742077384823,1763710742077399272,14449,14.449,327008,327.008
7,708,1763710742177070735,1763710742177407174,1763710742177423139,15965,15.965,336439,336.439
7,709,1763710742277217289,1763710742277796683,1763710742277827174,30491,30.491,579394,579.394
7,710,1763710742377058932,1763710742377430384,1763710742377447512,17128,17.128,371452,371.452
7,711,1763710742477096038,1763710742477530207,1763710742477551954,21747,21.747,434169,434.169
7,712,1763710742577090834,1763710742577447261,1763710742577463372,16111,16.111,356427,356.427
7,713,1763710742677056343,1763710742677344687,1763710742677379146,34459,34.459,288344,288.344
7,714,1763710742777060071,1763710742777390305,1763710742777407167,16862,16.862,330234,330.234
7,715,1763710742877054929,1763710742877345518,1763710742877360735,15217,15.217,290589,290.589
7,716,1763710742977075526,1763710742977416472,1763710742977434361,17889,17.889,340946,340.946
7,717,1763710743077054177,1763710743077433172,1763710743077453411,20239,20.239,378995,378.995
7,718,1763710743177057746,1763710743177420102,1763710743177439607,19505,19.505,362356,362.356
7,719,1763710743277092135,1763710743277503742,1763710743277522996,19254,19.254,411607,411.607
7,720,1763710743377121098,1763710743377482992,1763710743377498662,15670,15.67,361894,361.894
7,721,1763710743477110292,1763710743477480117,1763710743477496601,16484,16.484,369825,369.825
7,722,1763710743577093329,1763710743577515098,1763710743577531291,16193,16.193,421769,421.769
7,723,1763710743677070533,1763710743677387506,1763710743677401976,14470,14.47,316973,316.973
7,724,1763710743777072596,1763710743777425167,1763710743777443869,18702,18.702,352571,352.571
7,725,1763710743877060711,1763710743877390705,1763710743877405789,15084,15.084,329994,329.994
7,726,1763710743977059000,1763710743977420055,1763710743977436828,16773,16.773,361055,361.055
7,727,1763710744077056458,1763710744077368070,1763710744077383362,15292,15.292,311612,311.612
7,728,1763710744177060848,1763710744177469038,1763710744177486402,17364,17.364,408190,408.19
7,729,1763710744277064469,1763710744277433786,1763710744277449672,15886,15.886,369317,369.317
7,730,1763710744377105698,1763710744377462453,1763710744377477250,14797,14.797,356755,356.755
7,731,1763710744477087974,1763710744477472184,1763710744477486830,14646,14.646,384210,384.21
7,732,1763710744577053767,1763710744577341736,1763710744577355352,13616,13.616,287969,287.969
7,733,1763710744677051734,1763710744677338243,1763710744677354114,15871,15.871,286509,286.509
7,734,1763710744777074515,1763710744777429232,1763710744777447436,18204,18.204,354717,354.717
7,735,1763710744877058307,1763710744877379151,1763710744877397704,18553,18.553,320844,320.844
7,736,1763710744977062701,1763710744977418985,1763710744977438945,19960,19.96,356284,356.284
7,737,1763710745077095607,1763710745077442091,1763710745077460928,18837,18.837,346484,346.484
7,738,1763710745177127408,1763710745177469767,1763710745177485956,16189,16.189,342359,342.359
7,739,1763710745277067396,1763710745277453933,1763710745277477687,23754,23.754,386537,386.537
7,740,1763710745377055926,1763710745377445646,1763710745377465168,19522,19.522,389720,389.72
7,741,1763710745477100074,1763710745477557015,1763710745477581250,24235,24.235,456941,456.941
7,742,1763710745577055144,1763710745577419538,1763710745577439843,20305,20.305,364394,364.394
7,743,1763710745677078819,1763710745677641180,1763710745677661678,20498,20.498,562361,562.361
7,744,1763710745777053318,1763710745777433778,1763710745777449262,15484,15.484,380460,380.46
7,745,1763710745877060016,1763710745877449836,1763710745877466865,17029,17.029,389820,389.82
7,746,1763710745977061501,1763710745977464619,1763710745977481536,16917,16.917,403118,403.118
7,747,1763710746077061347,1763710746077557107,1763710746077583204,26097,26.097,495760,495.76
7,748,1763710746177063299,1763710746177389813,1763710746177405992,16179,16.179,326514,326.514
7,749,1763710746277052605,1763710746277343521,1763710746277359331,15810,15.81,290916,290.916
7,750,1763710746377056065,1763710746377350902,1763710746377364535,13633,13.633,294837,294.837
7,751,1763710746477061714,1763710746477370231,1763710746477383967,13736,13.736,308517,308.517
7,752,1763710746577083080,1763710746577448823,1763710746577469469,20646,20.646,365743,365.743
7,753,1763710746677059049,1763710746677398923,1763710746677415915,16992,16.992,339874,339.874
7,754,1763710746777061468,1763710746777634514,1763710746777651430,16916,16.916,573046,573.046
7,755,1763710746877106308,1763710746877559348,1763710746877576357,17009,17.009,453040,453.04
7,756,1763710746977073638,1763710746977427444,1763710746977445970,18526,18.526,353806,353.806
7,757,1763710747077062367,1763710747077365068,1763710747077383224,18156,18.156,302701,302.701
7,758,1763710747177051564,1763710747177430905,1763710747177446994,16089,16.089,379341,379.341
7,759,1763710747277053783,1763710747277367988,1763710747277381785,13797,13.797,314205,314.205
7,760,1763710747377060206,1763710747377394900,1763710747377414485,19585,19.585,334694,334.694
7,761,1763710747477054489,1763710747477381077,1763710747477399952,18875,18.875,326588,326.588
7,762,1763710747577050612,1763710747577361757,1763710747577377690,15933,15.933,311145,311.145
7,763,1763710747677059555,1763710747677431929,1763710747677453227,21298,21.298,372374,372.374
7,764,1763710747777053595,1763710747777391260,1763710747777407625,16365,16.365,337665,337.665
7,765,1763710747877076790,1763710747877394250,1763710747877408633,14383,14.383,317460,317.46
7,766,1763710747977052129,1763710747977404909,1763710747977424438,19529,19.529,352780,352.78
7,767,1763710748077066662,1763710748077435102,1763710748077452139,17037,17.037,368440,368.44
7,768,1763710748177082356,1763710748177394540,1763710748177411741,17201,17.201,312184,312.184
7,769,1763710748277083492,1763710748277448303,1763710748277466170,17867,17.867,364811,364.811
7,770,1763710748377072668,1763710748377536687,1763710748377557467,20780,20.78,464019,464.019
7,771,1763710748477066805,1763710748477495020,1763710748477516745,21725,21.725,428215,428.215
7,772,1763710748577058992,1763710748577415814,1763710748577432815,17001,17.001,356822,356.822
7,773,1763710748677101015,1763710748677430820,1763710748677448664,17844,17.844,329805,329.805
7,774,1763710748777118505,1763710748777641198,1763710748777660698,19500,19.5,522693,522.693
7,775,1763710748877087474,1763710748877472141,1763710748877488749,16608,16.608,384667,384.667
7,776,1763710748977060252,1763710748977387702,1763710748977404161,16459,16.459,327450,327.45
7,777,1763710749077051886,1763710749077343797,1763710749077357663,13866,13.866,291911,291.911
7,778,1763710749177050847,1763710749177353186,1763710749177364956,11770,11.77,302339,302.339
7,779,1763710749277077509,1763710749277392743,1763710749277409107,16364,16.364,315234,315.234
7,780,1763710749377058938,1763710749377379020,1763710749377396269,17249,17.249,320082,320.082
7,781,1763710749477056492,1763710749477394850,1763710749477409516,14666,14.666,338358,338.358
7,782,1763710749577072657,1763710749577422582,1763710749577440113,17531,17.531,349925,349.925
7,783,1763710749677074857,1763710749677583787,1763710749677613300,29513,29.513,508930,508.93
7,784,1763710749777067294,1763710749777446935,1763710749777466465,19530,19.53,379641,379.641
7,785,1763710749877077513,1763710749877571280,1763710749877592833,21553,21.553,493767,493.767
7,786,1763710749977085402,1763710749977551032,1763710749977575589,24557,24.557,465630,465.63
7,787,1763710750077068872,1763710750077485887,1763710750077505413,19526,19.526,417015,417.015
7,788,1763710750177073042,1763710750177484213,1763710750177510698,26485,26.485,411171,411.171
7,789,1763710750277087164,1763710750277450486,1763710750277467204,16718,16.718,363322,363.322
7,790,1763710750377070203,1763710750377773672,1763710750377796280,22608,22.608,703469,703.469
7,791,1763710750477104081,1763710750477932045,1763710750477951819,19774,19.774,827964,827.964
7,792,1763710750577134791,1763710750578113725,1763710750578139583,25858,25.858,978934,978.934
7,793,1763710750677066698,1763710750677484426,1763710750677501167,16741,16.741,417728,417.728
7,794,1763710750777052153,1763710750777343403,1763710750777357106,13703,13.703,291250,291.25
7,795,1763710750877096154,1763710750877701805,1763710750877728115,26310,26.31,605651,605.651
7,796,1763710750977070016,1763710750977446550,1763710750977467462