3,10,1763710668356308676,1763710668357242789,1763710668357268860,26071,26.071,934113,934.113
3,11,1763710668456301849,1763710668456813864,1763710668456834979,21115,21.115,512015,512.015
3,12,1763710668556291609,1763710668557190794,1763710668557209620,18826,18.826,899185,899.185
3,13,1763710668656313994,1763710668656807293,1763710668656835180,27887,27.887,493299,493.299
3,14,1763710668756289323,1763710668757805332,1763710668757828227,22895,22.895,1516009,1516.01
3,15,1763710668856286865,1763710668857600827,1763710668857625062,24235,24.235,1313962,1313.96
3,16,1763710668956311284,1763710668957155275,1763710668957178151,22876,22.876,843991,843.991
3,17,1763710669056312674,1763710669056767182,1763710669056785590,18408,18.408,454508,454.508
3,18,1763710669156295684,1763710669156655556,1763710669156692650,37094,37.094,359872,359.872
3,19,1763710669256290727,1763710669256599483,1763710669256617374,17891,17.891,308756,308.756
3,20,1763710669356329898,1763710669357110836,1763710669357135651,24815,24.815,780938,780.938
3,21,1763710669456290181,1763710669456680502,1763710669456702885,22383,22.383,390321,390.321
3,22,1763710669556284340,1763710669556634418,1763710669556655846,21428,21.428,350078,350.078
3,23,1763710669656287287,1763710669656744535,1763710669656770411,25876,25.876,457248,457.248
3,24,1763710669756273317,1763710669756607586,1763710669756633678,26092,26.092,334269,334.269
3,25,1763710669856353223,1763710669857950972,1763710669857981291,30319,30.319,1597749,1597.75
3,26,1763710669956325005,1763710669956835604,1763710669956861331,25727,25.727,510599,510.599
3,27,1763710670056292258,1763710670056680262,1763710670056705458,25196,25.196,388004,388.004
3,28,1763710670156297080,1763710670156671256,1763710670156692046,20790,20.79,374176,374.176
3,29,1763710670256284064,1763710670256627458,1763710670256646813,19355,19.355,343394,343.394
3,30,1763710670356281902,1763710670356708474,1763710670356729647,21173,21.173,426572,426.572
3,31,1763710670456295062,1763710670456640959,1763710670456659621,18662,18.662,345897,345.897
3,32,1763710670556281828,1763710670556612615,1763710670556634135,21520,21.52,330787,330.787
3,33,1763710670656271762,1763710670656693698,1763710670656715296,21598,21.598,421936,421.936
3,34,1763710670756276020,1763710670756706885,1763710670756728185,21300,21.3,430865,430.865
3,35,1763710670856357774,1763710670857472532,1763710670857500149,27617,27.617,1114758,1114.76
3,36,1763710670956308314,1763710670956979239,1763710670957014542,35303,35.303,670925,670.925
3,37,1763710671056294883,1763710671056687190,1763710671056716194,29004,29.004,392307,392.307
3,38,1763710671156287157,1763710671156647943,1763710671156678792,30849,30.849,360786,360.786
3,39,1763710671256286384,1763710671256636476,1763710671256662512,26036,26.036,350092,350.092
3,40,1763710671356254641,1763710671356785689,1763710671356815747,30058,30.058,531048,531.048
3,41,1763710671456293373,1763710671456758239,1763710671456785221,26982,26.982,464866,464.866
3,42,1763710671556291995,1763710671556631781,1763710671556653831,22050,22.05,339786,339.786
3,43,1763710671656288983,1763710671656734137,1763710671656760178,26041,26.041,445154,445.154
3,44,1763710671756287680,1763710671756719162,1763710671756747184,28022,28.022,431482,431.482
3,45,1763710671856305954,1763710671856696956,1763710671856720201,23245,23.245,391002,391.002
3,46,1763710671956283551,1763710671956645416,1763710671956677144,31728,31.728,361865,361.865
3,47,1763710672056307330,1763710672056651032,1763710672056677760,26728,26.728,343702,343.702
3,48,1763710672156282757,1763710672156613880,1763710672156636100,22220,22.22,331123,331.123
3,49,1763710672256286021,1763710672256648439,1763710672256673910,25471,25.471,362418,362.418
3,50,1763710672356281926,1763710672356608135,1763710672356630368,22233,22.233,326209,326.209
3,51,1763710672456280925,1763710672456607192,1763710672456627239,20047,20.047,326267,326.267
3,52,1763710672556298103,1763710672556635394,1763710672556656583,21189,21.189,337291,337.291
3,53,1763710672656286263,1763710672656617934,1763710672656641258,23324,23.324,331671,331.671
3,54,1763710672756299498,1763710672756633765,1763710672756653929,20164,20.164,334267,334.267
3,55,1763710672856324996,1763710672856735865,1763710672856754368,18503,18.503,410869,410.869
3,56,1763710672956284044,1763710672956605485,1763710672956637203,31718,31.718,321441,321.441
3,57,1763710673056281747,1763710673056723555,1763710673056751981,28426,28.426,441808,441.808
3,58,1763710673156293057,1763710673156636822,1763710673156663107,26285,26.285,343765,343.765
3,59,1763710673256281308,1763710673256615339,1763710673256642748,27409,27.409,334031,334.031
3,60,1763710673356281350,1763710673356632822,1763710673356658217,25395,25.395,351472,351.472
3,61,1763710673456283156,1763710673456618130,1763710673456641541,23411,23.411,334974,334.974
3,62,1763710673556280898,1763710673556641175,1763710673556668922,27747,27.747,360277,360.277
3,63,1763710673656278324,1763710673656613411,1763710673656638050,24639,24.639,335087,335.087
3,64,1763710673756284424,1763710673756719011,1763710673756752233,33222,33.222,434587,434.587
3,65,1763710673856286325,1763710673856721450,1763710673856738387,16937,16.937,435125,435.125
3,66,1763710673956287982,1763710673956674138,1763710673956691740,17602,17.602,386156,386.156
3,67,1763710674056286158,1763710674056648012,1763710674056673088,25076,25.076,361854,361.854
3,68,1763710674156286099,1763710674156622101,1763710674156642226,20125,20.125,336002,336.002
3,69,1763710674256282250,1763710674256590486,1763710674256609900,19414,19.414,308236,308.236
3,70,1763710674356287084,1763710674356626605,1763710674356646229,19624,19.624,339521,339.521
3,71,1763710674456282135,1763710674456610059,1763710674456629947,19888,19.888,327924,327.924
3,72,1763710674556279017,1763710674556631850,1763710674556651531,19681,19.681,352833,352.833
3,73,1763710674656319363,1763710674656707010,1763710674656735560,28550,28.55,387647,387.647
3,74,1763710674756286540,1763710674756632700,1763710674756650388,17688,17.688,346160,346.16
3,75,1763710674856277494,1763710674856576075,1763710674856597928,21853,21.853,298581,298.581
3,76,1763710674956279575,1763710674956580430,1763710674956597585,17155,17.155,300855,300.855
3,77,1763710675056292551,1763710675056717039,1763710675056735327,18288,18.288,424488,424.488
3,78,1763710675156283055,1763710675156618812,1763710675156635991,17179,17.179,335757,335.757
3,79,1763710675256307921,1763710675256625971,1763710675256647111,21140,21.14,318050,318.05
3,80,1763710675356288019,1763710675356670868,1763710675356692420,21552,21.552,382849,382.849
3,81,1763710675456289578,1763710675456628495,1763710675456648948,20453,20.453,338917,338.917
3,82,1763710675556283253,1763710675556617875,1763710675556640784,22909,22.909,334622,334.622
3,83,1763710675656288166,1763710675656628865,1763710675656646558,17693,17.693,340699,340.699
3,84,1763710675756280510,1763710675756614265,1763710675756632737,18472,18.472,333755,333.755
3,85,1763710675856286107,1763710675856645067,1763710675856662408,17341,17.341,358960,358.96
3,86,1763710675956280343,1763710675956593610,1763710675956610787,17177,17.177,313267,313.267
3,87,1763710676056284502,1763710676056626793,1763710676056645034,18241,18.241,342291,342.291
3,88,1763710676156291142,1763710676156617718,1763710676156636002,18284,18.284,326576,326.576
3,89,1763710676256289640,1763710676256627770,1763710676256646224,18454,18.454,338130,338.13
3,90,1763710676356284274,1763710676356613217,1763710676356632107,18890,18.89,328943,328.943
3,91,1763710676456290809,1763710676456693442,1763710676456710909,17467,17.467,402633,402.633
3,92,1763710676556314020,1763710676556694132,1763710676556711372,17240,17.24,380112,380.112
3,93,1763710676656287265,1763710676656625040,1763710676656646958,21918,21.918,337775,337.775
3,94,1763710676756285442,1763710676756600496,1763710676756618858,18362,18.362,315054,315.054
3,95,1763710676856287996,1763710676856590460,1763710676856608553,18093,18.093,302464,302.464
3,96,1763710676956289435,1763710676956580456,1763710676956598337,17881,17.881,291021,291.021
3,97,1763710677056284054,1763710677056585501,1763710677056602303,16802,16.802,301447,301.447
3,98,1763710677156284326,1763710677156586017,1763710677156602502,16485,16.485,301691,301.691
3,99,1763710677256380906,1763710677256971740,1763710677257002145,30405,30.405,590834,590.834
3,100,1763710677356298520,1763710677357006567,1763710677357025615,19048,19.048,708047,708.047
3,101,1763710677456288544,1763710677456980750,1763710677456998626,17876,17.876,692206,692.206
3,102,1763710677556284336,1763710677556686264,1763710677556708851,22587,22.587,401928,401.928
3,103,1763710677656283021,1763710677656584242,1763710677656604831,20589,20.589,301221,301.221
3,104,1763710677756284292,1763710677756683278,1763710677756729397,46119,46.119,398986,398.986
3,105,1763710677856283635,1763710677856644401,1763710677856668076,23675,23.675,360766,360.766
3,106,1763710677956281722,1763710677956679350,1763710677956701169,21819,21.819,397628,397.628
3,107,1763710678056282684,1763710678056706081,1763710678056727173,21092,21.092,423397,423.397
3,108,1763710678156282130,1763710678156614388,1763710678156635851,21463,21.463,332258,332.258
3,109,1763710678256278748,1763710678256609983,1763710678256630400,20417,20.417,331235,331.235
3,110,1763710678356284067,1763710678356618231,1763710678356638077,19846,19.846,334164,334.164
3,111,1763710678456286027,1763710678456640545,1763710678456660595,20050,20.05,354518,354.518
3,112,1763710678556316030,1763710678556779442,1763710678556800977,21535,21.535,463412,463.412
3,113,1763710678656301071,1763710678656694167,1763710678656714153,19986,19.986,393096,393.096
3,114,1763710678756280401,1763710678756604431,1763710678756633050,28619,28.619,324030,324.03
3,115,1763710678856282180,1763710678856609842,1763710678856635752,25910,25.91,327662,327.662
3,116,1763710678956283549,1763710678956605312,1763710678956630630,25318,25.318,321763,321.763
3,117,1763710679056283814,1763710679056614357,1763710679056648542,34185,34.185,330543,330.543
3,118,1763710679156287654,1763710679156713373,1763710679156733824,20451,20.451,425719,425.719
3,119,1763710679256280037,1763710679256645462,1763710679256663970,18508,18.508,365425,365.425
3,120,1763710679356279525,1763710679356622452,1763710679356638235,15783,15.783,342927,342.927
3,121,1763710679456284672,1763710679456655224,1763710679456676956,21732,21.732,370552,370.552
3,122,1763710679556285092,1763710679556725851,1763710679556746932,21081,21.081,440759,440.759
3,123,1763710679656288444,1763710679656726244,1763710679656745779,19535,19.535,437800,437.8
3,124,1763710679756300369,1763710679756823687,1763710679756848092,24405,24.405,523318,523.318
3,125,1763710679856281294,1763710679856671195,1763710679856695252,24057,24.057,389901,389.901
3,126,1763710679956281089,1763710679956605753,1763710679956626217,20464,20.464,324664,324.664
3,127,1763710680056283601,1763710680056592471,1763710680056610653,18182,18.182,308870,308.87
3,128,1763710680156297318,1763710680156654730,1763710680156677223,22493,22.493,357412,357.412
3,129,1763710680256286239,1763710680256613527,1763710680256632401,18874,18.874,327288,327.288
3,130,1763710680356307286,1763710680356798563,1763710680356819296,20733,20.733,491277,491.277
3,131,1763710680456314781,1763710680456685890,1763710680456703332,17442,17.442,371109,371.109
3,132,1763710680556297951,1763710680556767010,1763710680556783692,16682,16.682,469059,469.059
3,133,1763710680656299126,1763710680656639982,1763710680656656824,16842,16.842,340856,340.856
3,134,1763710680756292275,1763710680756585047,1763710680756601613,16566,16.566,292772,292.772
3,135,1763710680856306398,1763710680856648476,1763710680856675001,26525,26.525,342078,342.078
3,136,1763710680956303760,1763710680957036353,1763710680957049760,13407,13.407,732593,732.593
3,137,1763710681056285803,1763710681057173069,1763710681057196954,23885,23.885,887266,887.266
3,138,1763710681156283501,1763710681156601093,1763710681156616826,15733,15.733,317592,317.592
3,139,1763710681256285766,1763710681256599768,1763710681256621218,21450,21.45,314002,314.002
3,140,1763710681356280574,1763710681356596294,1763710681356615584,19290,19.29,315720,315.72
3,141,1763710681456279270,1763710681456625618,1763710681456646825,21207,21.207,346348,346.348
3,142,1763710681556282297,1763710681556609920,1763710681556631536,21616,21.616,327623,327.623
3,143,1763710681656281611,1763710681656606306,1763710681656624932,18626,18.626,324695,324.695
3,144,1763710681756279600,1763710681756602136,1763710681756618663,16527,16.527,322536,322.536
3,145,1763710681856282188,1763710681856613091,1763710681856633626,20535,20.535,330903,330.903
3,146,1763710681956296947,1763710681956630769,1763710681956649677,18908,18.908,333822,333.822
3,147,1763710682056286121,1763710682056626634,1763710682056644965,18331,18.331,340513,340.513
3,148,1763710682156283104,1763710682156628743,1763710682156646825,18082,18.082,345639,345.639
3,149,1763710682256281146,1763710682256676880,1763710682256702872,25992,25.992,395734,395.734
3,150,1763710682356285125,1763710682356641195,1763710682356669364,28169,28.169,356070,356.07
3,151,1763710682456281436,1763710682456643201,1763710682456672432,29231,29.231,361765,361.765
3,152,1763710682556281051,1763710682556632108,1763710682556656224,24116,24.116,351057,351.057
3,153,1763710682656285435,1763710682656619974,1763710682656643935,23961,23.961,334539,334.539
3,154,1763710682756280288,1763710682756610060,1763710682756636460,26400,26.4,329772,329.772
3,155,1763710682856281108,1763710682856617381,1763710682856641802,24421,24.421,336273,336.273
3,156,1763710682956283175,1763710682956603724,1763710682956625743,22019,22.019,320549,320.549
3,157,1763710683056286476,1763710683056627830,1763710683056658237,30407,30.407,341354,341.354
3,158,1763710683156285869,1763710683156626142,1763710683156650055,23913,23.913,340273,340.273
3,159,1763710683256287731,1763710683256652523,1763710683256681393,28870,28.87,364792,364.792
3,160,1763710683356284026,1763710683356606541,1763710683356629772,23231,23.231,322515,322.515
3,161,1763710683456284864,1763710683456612068,1763710683456638086,26018,26.018,327204,327.204
3,162,1763710683556283015,1763710683556593294,1763710683556614390,21096,21.096,310279,310.279
3,163,1763710683656280429,1763710683656613051,1763710683656637218,24167,24.167,332622,332.622
3,164,1763710683756277932,1763710683756605043,1763710683756624659,19616,19.616,327111,327.111
3,165,1763710683856283535,1763710683856621086,1763710683856641357,20271,20.271,337551,337.551
3,166,1763710683956281330,1763710683956597913,1763710683956629222,31309,31.309,316583,316.583
3,167,1763710684056284496,1763710684056636004,1763710684056656085,20081,20.081,351508,351.508
3,168,1763710684156290513,1763710684156647389,1763710684156672322,24933,24.933,356876,356.876
3,169,1763710684256284311,1763710684256627330,1763710684256643885,16555,16.555,343019,343.019
3,170,1763710684356287705,1763710684356630254,1763710684356648864,18610,18.61,342549,342.549
3,171,1763710684456290063,1763710684456623308,1763710684456642938,19630,19.63,333245,333.245
3,172,1763710684556287518,1763710684556627729,1763710684556648194,20465,20.465,340211,340.211
3,173,1763710684656282999,1763710684656596344,1763710684656614652,18308,18.308,313345,313.345
3,174,1763710684756282614,1763710684756584278,1763710684756603868,19590,19.59,301664,301.664
3,175,1763710684856278601,1763710684856626166,1763710684856653930,27764,27.764,347565,347.565
3,176,1763710684956283716,1763710684956651592,1763710684956683910,32318,32.318,367876,367.876
3,177,1763710685056282550,1763710685056658045,1763710685056687588,29543,29.543,375495,375.495
3,178,1763710685156285812,1763710685156628523,1763710685156653780,25257,25.257,342711,342.711
3,179,1763710685256317225,1763710685256663743,1763710685256691360,27617,27.617,346518,346.518
3,180,1763710685356285038,1763710685356628805,1763710685356654523,25718,25.718,343767,343.767
3,181,1763710685456282136,1763710685456631964,1763710685456659159,27195,27.195,349828,349.828
3,182,1763710685556291295,1763710685556684297,1763710685556706779,22482,22.482,393002,393.002
3,183,1763710685656287999,1763710685656652063,1763710685656678948,26885,26.885,364064,364.064
3,184,1763710685756313649,1763710685756729400,1763710685756752891,23491,23.491,415751,415.751
3,185,1763710685856280100,1763710685856607621,1763710685856628945,21324,21.324,327521,327.521
3,186,1763710685956284599,1763710685956606247,1763710685956625368,19121,19.121,321648,321.648
3,187,1763710686056280947,1763710686056610641,1763710686056630611,19970,19.97,329694,329.694
3,188,1763710686156317499,1763710686156685408,1763710686156712028,26620,26.62,367909,367.909
3,189,1763710686256280957,1763710686256572939,1763710686256589531,16592,16.592,291982,291.982
3,190,1763710686356290416,1763710686356689876,1763710686356709269,19393,19.393,399460,399.46
3,191,1763710686456294804,1763710686456601686,1763710686456619016,17330,17.33,306882,306.882
3,192,1763710686556284714,1763710686556672077,1763710686556690323,18246,18.246,387363,387.363
3,193,1763710686656292305,1763710686656680682,1763710686656698687,18005,18.005,388377,388.377
3,194,1763710686756343633,1763710686757048875,1763710686757064468,15593,15.593,705242,705.242
3,195,1763710686856282628,1763710686856601510,1763710686856618929,17419,17.419,318882,318.882
3,196,1763710686956284630,1763710686956574332,1763710686956591255,16923,16.923,289702,289.702
3,197,1763710687056289387,1763710687056593852,1763710687056610972,17120,17.12,304465,304.465
3,198,1763710687156286810,1763710687156607861,1763710687156625211,17350,17.35,321051,321.051
3,199,1763710687256287102,1763710687256645428,1763710687256663436,18008,18.008,358326,358.326
3,200,1763710687356286124,1763710687356606526,1763710687356633838,27312,27.312,320402,320.402
3,201,1763710687456284048,1763710687456576839,1763710687456595115,18276,18.276,292791,292.791
3,202,1763710687556310526,1763710687556605056,1763710687556622960,17904,17.904,294530,294.53
3,203,1763710687656286652,1763710687656572121,1763710687656589189,17068,17.068,285469,285.469
3,204,1763710687756358425,1763710687757217603,1763710687757235130,17527,17.527,859178,859.178
3,205,1763710687856293803,1763710687856596456,1763710687856612922,16466,16.466,302653,302.653
3,206,1763710687956361806,1763710687956783226,1763710687956799556,16330,16.33,421420,421.42
3,207,1763710688056289034,1763710688056638676,1763710688056657402,18726,18.726,349642,349.642
3,208,1763710688156287303,1763710688156619214,1763710688156646306,27092,27.092,331911,331.911
3,209,1763710688256287128,1763710688256629488,1763710688256662378,32890,32.89,342360,342.36
3,210,1763710688356284548,1763710688356629458,1763710688356658583,29125,29.125,344910,344.91
3,211,1763710688456284538,1763710688456610352,1763710688456634802,24450,24.45,325814,325.814
3,212,1763710688556285026,1763710688556629222,1763710688556656118,26896,26.896,344196,344.196
3,213,1763710688656284013,1763710688656683233,1763710688656707313,24080,24.08,399220,399.22
3,214,1763710688756284380,1763710688756686377,1763710688756711949,25572,25.572,401997,401.997
3,215,1763710688856286638,1763710688856618165,1763710688856648893,30728,30.728,331527,331.527
3,216,1763710688956288643,1763710688956623146,1763710688956641270,18124,18.124,334503,334.503
3,217,1763710689056285624,1763710689056651209,1763710689056674886,23677,23.677,365585,365.585
3,218,1763710689156283221,1763710689156688410,1763710689156711626,23216,23.216,405189,405.189
3,219,1763710689256285034,1763710689256602246,1763710689256621854,19608,19.608,317212,317.212
3,220,1763710689356285774,1763710689356609821,1763710689356628783,18962,18.962,324047,324.047
3,221,1763710689456283564,1763710689456615365,1763710689456634727,19362,19.362,331801,331.801
3,222,1763710689556284701,1763710689556654110,1763710689556678467,24357,24.357,369409,369.409
3,223,1763710689656284308,1763710689656622672,1763710689656642230,19558,19.558,338364,338.364
3,224,1763710689756284521,1763710689756635212,1763710689756657587,22375,22.375,350691,350.691
3,225,1763710689856287340,1763710689856769753,1763710689856790193,20440,20.44,482413,482.413
3,226,1763710689956281218,1763710689956611417,1763710689956630180,18763,18.763,330199,330.199
3,227,1763710690056332244,1763710690056693296,1763710690056716142,22846,22.846,361052,361.052
3,228,1763710690156283744,1763710690156626987,1763710690156647449,20462,20.462,343243,343.243
3,229,1763710690256279875,1763710690256624837,1763710690256651550,26713,26.713,344962,344.962
3,230,1763710690356278322,1763710690356602922,1763710690356631067,28145,28.145,324600,324.6
3,231,1763710690456284968,1763710690456624304,1763710690456649780,25476,25.476,339336,339.336
3,232,1763710690556286380,1763710690556612464,1763710690556638873,26409,26.409,326084,326.084
3,233,1763710690656286404,1763710690656632123,1763710690656674384,42261,42.261,345719,345.719
3,234,1763710690756286274,1763710690756629218,1763710690756655386,26168,26.168,342944,342.944
3,235,1763710690856308816,1763710690856659896,1763710690856685157,25261,25.261,351080,351.08
3,236,1763710690956281614,1763710690956630502,1763710690956655025,24523,24.523,348888,348.888
3,237,1763710691056313365,1763710691056652613,1763710691056677181,24568,24.568,339248,339.248
3,238,1763710691156287070,1763710691156654523,1763710691156685190,30667,30.667,367453,367.453
3,239,1763710691256291612,1763710691256610255,1763710691256634821,24566,24.566,318643,318.643
3,240,1763710691356306934,1763710691356655501,1763710691356684136,28635,28.635,348567,348.567
3,241,1763710691456283833,1763710691456586865,1763710691456604828,17963,17.963,303032,303.032
3,242,1763710691556313183,1763710691556649702,1763710691556675539,25837,25.837,336519,336.519
3,243,1763710691656275656,1763710691656593587,1763710691656614215,20628,20.628,317931,317.931
3,244,1763710691756287248,1763710691756628386,1763710691756648980,20594,20.594,341138,341.138
3,245,1763710691856287160,1763710691856589848,1763710691856607429,17581,17.581,302688,302.688
3,246,1763710691956282834,1763710691956577527,1763710691956594728,17201,17.201,294693,294.693
3,247,1763710692056287556,1763710692056588491,1763710692056605842,17351,17.351,300935,300.935
3,248,1763710692156286261,1763710692156916506,1763710692156933583,17077,17.077,630245,630.245
3,249,1763710692256293726,1763710692256789488,1763710692256813792,24304,24.304,495762,495.762
3,250,1763710692356293165,1763710692356640285,1763710692356657708,17423,17.423,347120,347.12
3,251,1763710692456301470,1763710692456746635,1763710692456763492,16857,16.857,445165,445.165
3,252,1763710692556340458,1763710692557002036,1763710692557023062,21026,21.026,661578,661.578
3,253,1763710692656284937,1763710692656629863,1763710692656657412,27549,27.549,344926,344.926
3,254,1763710692756290812,1763710692756630336,1763710692756647892,17556,17.556,339524,339.524
3,255,1763710692856286461,1763710692856702312,1763710692856720261,17949,17.949,415851,415.851
3,256,1763710692956281973,1763710692956604671,1763710692956622402,17731,17.731,322698,322.698
3,257,1763710693056284977,1763710693056725571,1763710693056746278,20707,20.707,440594,440.594
3,258,1763710693156285526,1763710693156606130,1763710693156623509,17379,17.379,320604,320.604
3,259,1763710693256315990,1763710693256790794,1763710693256813032,22238,22.238,474804,474.804
3,260,1763710693356285758,1763710693356632090,1763710693356650749,18659,18.659,346332,346.332
3,261,1763710693456301544,1763710693456760073,1763710693456779771,19698,19.698,458529,458.529
3,262,1763710693556281805,1763710693556620392,1763710693556638780,18388,18.388,338587,338.587
3,263,1763710693656290716,1763710693656637799,1763710693656673041,35242,35.242,347083,347.083
3,264,1763710693756285995,1763710693756660656,1763710693756693764,33108,33.108,374661,374.661
3,265,1763710693856328372,1763710693856753916,1763710693856771552,17636,17.636,425544,425.544
3,266,1763710693956285000,1763710693956612610,1763710693956638446,25836,25.836,327610,327.61
3,267,1763710694056288383,1763710694056619241,1763710694056646789,27548,27.548,330858,330.858
3,268,1763710694156289177,1763710694156641228,1763710694156672880,31652,31.652,352051,352.051
3,269,1763710694256288057,1763710694256654542,1763710694256678152,23610,23.61,366485,366.485
3,270,1763710694356285795,1763710694356618361,1763710694356637347,18986,18.986,332566,332.566
3,271,1763710694456283618,1763710694456647800,1763710694456669701,21901,21.901,364182,364.182
3,272,1763710694556285496,1763710694556633823,1763710694556655687,21864,21.864,348327,348.327
3,273,1763710694656285402,1763710694656627463,1763710694656649509,22046,22.046,342061,342.061
3,274,1763710694756286148,1763710694756731225,1763710694756754681,23456,23.456,445077,445.077
3,275,1763710694856289190,1763710694856623102,1763710694856645388,22286,22.286,333912,333.912
3,276,1763710694956288238,1763710694956736759,1763710694956775174,38415,38.415,448521,448.521
3,277,1763710695056286104,1763710695056648685,1763710695056674678,25993,25.993,362581,362.581
3,278,1763710695156363670,1763710695156763767,1763710695156790678,26911,26.911,400097,400.097
3,279,1763710695256285386,1763710695256660594,1763710695256683844,23250,23.25,375208,375.208
3,280,1763710695356286686,1763710695356646863,1763710695356669897,23034,23.034,360177,360.177
3,281,1763710695456345713,1763710695456706537,1763710695456724452,17915,17.915,360824,360.824
3,282,1763710695556283250,1763710695556607417,1763710695556624632,17215,17.215,324167,324.167
3,283,1763710695656285781,1763710695656633140,1763710695656652083,18943,18.943,347359,347.359
3,284,1763710695756284550,1763710695756608406,1763710695756627032,18626,18.626,323856,323.856
3,285,1763710695856293672,1763710695856635518,1763710695856654689,19171,19.171,341846,341.846
3,286,1763710695956286799,1763710695956634299,1763710695956652661,18362,18.362,347500,347.5
3,287,1763710696056289558,1763710696056658792,1763710696056683667,24875,24.875,369234,369.234
3,288,1763710696156288603,1763710696156607443,1763710696156629310,21867,21.867,318840,318.84
3,289,1763710696256285807,1763710696256590045,1763710696256608311,18266,18.266,304238,304.238
3,290,1763710696356287124,1763710696356616828,1763710696356635101,18273,18.273,329704,329.704
3,291,1763710696456285349,1763710696456588236,1763710696456605393,17157,17.157,302887,302.887
3,292,1763710696556282930,1763710696556584936,1763710696556603019,18083,18.083,302006,302.006
3,293,1763710696656282964,1763710696656575383,1763710696656590791,15408,15.408,292419,292.419
3,294,1763710696756283756,1763710696756577611,1763710696756595441,17830,17.83,293855,293.855
3,295,1763710696856283582,1763710696856596889,1763710696856614098,17209,17.209,313307,313.307
3,296,1763710696956286159,1763710696956576719,1763710696956594114,17395,17.395,290560,290.56
3,297,1763710697056290985,1763710697057034757,1763710697057051725,16968,16.968,743772,743.772
3,298,1763710697156295543,1763710697156823507,1763710697156841702,18195,18.195,527964,527.964
3,299,1763710697256290233,1763710697256654245,1763710697256676135,21890,21.89,364012,364.012
3,300,1763710697356288961,1763710697356655681,1763710697356680922,25241,25.241,366720,366.72
3,301,1763710697456328212,1763710697456754038,1763710697456780463,26425,26.425,425826,425.826
3,302,1763710697556317049,1763710697556699029,1763710697556720703,21674,21.674,381980,381.98
3,303,1763710697656299797,1763710697656692525,1763710697656714532,22007,22.007,392728,392.728
3,304,1763710697756286551,1763710697756698862,1763710697756724869,26007,26.007,412311,412.311
3,305,1763710697856307558,1763710697856663701,1763710697856691034,27333,27.333,356143,356.143
3,306,1763710697956289059,1763710697956697956,1763710697956719907,21951,21.951,408897,408.897
3,307,1763710698056282953,1763710698056601758,1763710698056618435,16677,16.677,318805,318.805
3,308,1763710698156358179,1763710698157069675,1763710698157087205,17530,17.53,711496,711.496
3,309,1763710698256292012,1763710698256705894,1763710698256723297,17403,17.403,413882,413.882
3,310,1763710698356319860,1763710698357138820,1763710698357163062,24242,24.242,818960,818.96
3,311,1763710698456283768,1763710698456677716,1763710698456698505,20789,20.789,393948,393.948
3,312,1763710698556281261,1763710698556585824,1763710698556607230,21406,21.406,304563,304.563
3,313,1763710698656280945,1763710698656757591,1763710698656788872,31281,31.281,476646,476.646
3,314,1763710698756281178,1763710698756576576,1763710698756596521,19945,19.945,295398,295.398
3,315,1763710698856281374,1763710698856597164,1763710698856614710,17546,17.546,315790,315.79
3,316,1763710698956278637,1763710698956688679,1763710698956710682,22003,22.003,410042,410.042
3,317,1763710699056285358,1763710699056613662,1763710699056634498,20836,20.836,328304,328.304
3,318,1763710699156283029,1763710699156736050,1763710699156757898,21848,21.848,453021,453.021
3,319,1763710699256284473,1763710699256636096,1763710699256652282,16186,16.186,351623,351.623
3,320,1763710699356284845,1763710699356613372,1763710699356630936,17564,17.564,328527,328.527
3,321,1763710699456284656,1763710699456719256,1763710699456754648,35392,35.392,434600,434.6
3,322,1763710699556348539,1763710699556793613,1763710699556815207,21594,21.594,445074,445.074
3,323,1763710699656282789,1763710699656699556,1763710699656723950,24394,24.394,416767,416.767
3,324,1763710699756282322,1763710699756598623,1763710699756617406,18783,18.783,316301,316.301
3,325,1763710699856281927,1763710699856580163,1763710699856599217,19054,19.054,298236,298.236
3,326,1763710699956288701,1763710699956612491,1763710699956637016,24525,24.525,323790,323.79
3,327,1763710700056280186,1763710700056624642,1763710700056648823,24181,24.181,344456,344.456
3,328,1763710700156284919,1763710700156613819,1763710700156640116,26297,26.297,328900,328.9
3,329,1763710700256282239,1763710700256698383,1763710700256723692,25309,25.309,416144,416.144
3,330,1763710700356280353,1763710700356597125,1763710700356619596,22471,22.471,316772,316.772
3,331,1763710700456293982,1763710700456720415,1763710700456741661,21246,21.246,426433,426.433
3,332,1763710700556285451,1763710700556694021,1763710700556715081,21060,21.06,408570,408.57
3,333,1763710700656284371,1763710700656695634,1763710700656716476,20842,20.842,411263,411.263
3,334,1763710700756281277,1763710700756597929,1763710700756623193,25264,25.264,316652,316.652
3,335,1763710700856280505,1763710700856588623,1763710700856612024,23401,23.401,308118,308.118
3,336,1763710700956281243,1763710700956586259,1763710700956608175,21916,21.916,305016,305.016
3,337,1763710701056280251,1763710701056613949,1763710701056632777,18828,18.828,333698,333.698
3,338,1763710701156282493,1763710701156653178,1763710701156680581,27403,27.403,370685,370.685
3,339,1763710701256277715,1763710701256609415,1763710701256634733,25318,25.318,331700,331.7
3,340,1763710701356290291,1763710701356656352,1763710701356681327,24975,24.975,366061,366.061
3,341,1763710701456284007,1763710701456601868,1763710701456621798,19930,19.93,317861,317.861
3,342,1763710701556287051,1763710701556640134,1763710701556659607,19473,19.473,353083,353.083
3,343,1763710701656283166,1763710701656729022,1763710701656767396,38374,38.374,445856,445.856
3,344,1763710701756282792,1763710701756615473,1763710701756643418,27945,27.945,332681,332.681
3,345,1763710701856282147,1763710701856606583,1763710701856635292,28709,28.709,324436,324.436
3,346,1763710701956280258,1763710701956625202,1763710701956655596,30394,30.394,344944,344.944
3,347,1763710702056287167,1763710702056688847,1763710702056716683,27836,27.836,401680,401.68
3,348,1763710702156377174,1763710702157086964,1763710702157118268,31304,31.304,709790,709.79
3,349,1763710702256291034,1763710702256695377,1763710702256723043,27666,27.666,404343,404.343
3,350,1763710702356294065,1763710702356698975,1763710702356723454,24479,24.479,404910,404.91
3,351,1763710702456298438,1763710702456711181,1763710702456735847,24666,24.666,412743,412.743
3,352,1763710702556280633,1763710702556638803,1763710702556663632,24829,24.829,358170,358.17
3,353,1763710702656285091,1763710702656646271,1763710702656670429,24158,24.158,361180,361.18
3,354,1763710702756282942,1763710702756608991,1763710702756629913,20922,20.922,326049,326.049
3,355,1763710702856305862,1763710702856686486,1763710702856707921,21435,21.435,380624,380.624
3,356,1763710702956300776,1763710702956686366,1763710702956706512,20146,20.146,385590,385.59
3,357,1763710703056307089,1763710703056673434,1763710703056694367,20933,20.933,366345,366.345
3,358,1763710703156286846,1763710703156619477,1763710703156638429,18952,18.952,332631,332.631
3,359,1763710703256286247,1763710703256678912,1763710703256697559,18647,18.647,392665,392.665
3,360,1763710703356279024,1763710703356588238,1763710703356607353,19115,19.115,309214,309.214
3,361,1763710703456301347,1763710703457033644,1763710703457065079,31435,31.435,732297,732.297
3,362,1763710703556291356,1763710703556782586,1763710703556801490,18904,18.904,491230,491.23
3,363,1763710703656350630,1763710703656830981,1763710703656848924,17943,17.943,480351,480.351
3,364,1763710703756292612,1763710703756625525,1763710703756643462,17937,17.937,332913,332.913
3,365,1763710703856292412,1763710703856649776,1763710703856670162,20386,20.386,357364,357.364
3,366,1763710703956279727,1763710703956575551,1763710703956594752,19201,19.201,295824,295.824
3,367,1763710704056287292,1763710704056620879,1763710704056638148,17269,17.269,333587,333.587
3,368,1763710704156292441,1763710704156693297,1763710704156711492,18195,18.195,400856,400.856
3,369,1763710704256281215,1763710704256699958,1763710704256719506,19548,19.548,418743,418.743
3,370,1763710704356283584,1763710704356668528,1763710704356686976,18448,18.448,384944,384.944
3,371,1763710704456284703,1763710704456620733,1763710704456642678,21945,21.945,336030,336.03
3,372,1763710704556281145,1763710704556614255,1763710704556633921,19666,19.666,333110,333.11
3,373,1763710704656319912,1763710704656635664,1763710704656653083,17419,17.419,315752,315.752
3,374,1763710704756300792,1763710704756650407,1763710704756696370,45963,45.963,349615,349.615
3,375,1763710704856286012,1763710704856613756,1763710704856632936,19180,19.18,327744,327.744
3,376,1763710704956290201,1763710704956636707,1763710704956653955,17248,17.248,346506,346.506
3,377,1763710705056281772,1763710705056683590,1763710705056703215,19625,19.625,401818,401.818
3,378,1763710705156285757,1763710705156619330,1763710705156636902,17572,17.572,333573,333.573
3,379,1763710705256280425,1763710705256658693,1763710705256689376,30683,30.683,378268,378.268
3,380,1763710705356282002,1763710705356686249,1763710705356709580,23331,23.331,404247,404.247
3,381,1763710705456281325,1763710705456620181,1763710705456643252,23071,23.071,338856,338.856
3,382,1763710705556279601,1763710705556611605,1763710705556634537,22932,22.932,332004,332.004
3,383,1763710705656285947,1763710705656617499,1763710705656638934,21435,21.435,331552,331.552
3,384,1763710705756282894,1763710705756600323,1763710705756620914,20591,20.591,317429,317.429
3,385,1763710705856282670,1763710705856623743,1763710705856644094,20351,20.351,341073,341.073
3,386,1763710705956285173,1763710705956620906,1763710705956641346,20440,20.44,335733,335.733
3,387,1763710706056359685,1763710706057010462,1763710706057047176,36714,36.714,650777,650.777
3,388,1763710706156281777,1763710706156581568,1763710706156600458,18890,18.89,299791,299.791
3,389,1763710706256282266,1763710706256587992,1763710706256605758,17766,17.766,305726,305.726
3,390,1763710706356281639,1763710706356568448,1763710706356583516,15068,15.068,286809,286.809
3,391,1763710706456281628,1763710706456581497,1763710706456603145,21648,21.648,299869,299.869
3,392,1763710706556281657,1763710706556571505,1763710706556589298,17793,17.793,289848,289.848
3,393,1763710706656281959,1763710706656585715,1763710706656605494,19779,19.779,303756,303.756
3,394,1763710706756301384,1763710706756684108,1763710706756702539,18431,18.431,382724,382.724
3,395,1763710706856294419,1763710706856799547,1763710706856819625,20078,20.078,505128,505.128
3,396,1763710706956296946,1763710706956604801,1763710706956623761,18960,18.96,307855,307.855
3,397,1763710707056292478,1763710707056618347,1763710707056636603,18256,18.256,325869,325.869
3,398,1763710707156301288,1763710707156634125,1763710707156650983,16858,16.858,332837,332.837
3,399,1763710707256283749,1763710707256607586,1763710707256626605,19019,19.019,323837,323.837
3,400,1763710707356284843,1763710707356799365,1763710707356828197,28832,28.832,514522,514.522
3,401,1763710707456280392,1763710707456640536,1763710707456668827,28291,28.291,360144,360.144
3,402,1763710707556279746,1763710707556637429,1763710707556661223,23794,23.794,357683,357.683
3,403,1763710707656280726,1763710707656612690,1763710707656631264,18574,18.574,331964,331.964
3,404,1763710707756279575,1763710707756669349,1763710707756699252,29903,29.903,389774,389.774
3,405,1763710707856281584,1763710707856706408,1763710707856732144,25736,25.736,424824,424.824
3,406,1763710707956284011,1763710707956768518,1763710707956795859,27341,27.341,484507,484.507
3,407,1763710708056336920,1763710708056790961,1763710708056820293,29332,29.332,454041,454.041
3,408,1763710708156285301,1763710708156711123,1763710708156736239,25116,25.116,425822,425.822
3,409,1763710708256282575,1763710708256638466,1763710708256656999,18533,18.533,355891,355.891
3,410,1763710708356279880,1763710708356589064,1763710708356606354,17290,17.29,309184,309.184
3,411,1763710708456283935,1763710708456586148,1763710708456604146,17998,17.998,302213,302.213
3,412,1763710708556317614,1763710708556702945,1763710708556720014,17069,17.069,385331,385.331
3,413,1763710708656285287,1763710708656583912,1763710708656599758,15846,15.846,298625,298.625
3,414,1763710708756286233,1763710708756591731,1763710708756608027,16296,16.296,305498,305.498
3,415,1763710708856308819,1763710708856691563,1763710708856707847,16284,16.284,382744,382.744
3,416,1763710708956306666,1763710708956706997,1763710708956730446,23449,23.449,400331,400.331
3,417,1763710709056338524,1763710709056731151,1763710709056751177,20026,20.026,392627,392.627
3,418,1763710709156283198,1763710709156573670,1763710709156586331,12661,12.661,290472,290.472
3,419,1763710709256328185,1763710709256791722,1763710709256805605,13883,13.883,463537,463.537
3,420,1763710709356334914,1763710709356707234,1763710709356722739,15505,15.505,372320,372.32
3,421,1763710709456281818,1763710709456582687,1763710709456602663,19976,19.976,300869,300.869
3,422,1763710709556281373,1763710709556580715,1763710709556600438,19723,19.723,299342,299.342
3,423,1763710709656280480,1763710709656595277,1763710709656613297,18020,18.02,314797,314.797
3,424,1763710709756278687,1763710709756594267,1763710709756611372,17105,17.105,315580,315.58
3,425,1763710709856279376,1763710709856615301,1763710709856633461,18160,18.16,335925,335.925
3,426,1763710709956277766,1763710709956590745,1763710709956608380,17635,17.635,312979,312.979
3,427,1763710710056631631,1763710710057604680,1763710710057635187,30507,30.507,973049,973.049
3,428,1763710710156287478,1763710710156690828,1763710710156708217,17389,17.389,403350,403.35
3,429,1763710710256287818,1763710710256629085,1763710710256649444,20359,20.359,341267,341.267
3,430,1763710710356386950,1763710710357042502,1763710710357070689,28187,28.187,655552,655.552
3,431,1763710710456310692,1763710710456724964,1763710710456743677,18713,18.713,414272,414.272
3,432,1763710710556297430,1763710710556620206,1763710710556645753,25547,25.547,322776,322.776
3,433,1763710710656282872,1763710710656602339,1763710710656626565,24226,24.226,319467,319.467
3,434,1763710710756280860,1763710710756605900,1763710710756634591,28691,28.691,325040,325.04
3,435,1763710710856294591,1763710710856615372,1763710710856638453,23081,23.081,320781,320.781
3,436,1763710710956280247,1763710710956603978,1763710710956627075,23097,23.097,323731,323.731
3,437,1763710711056290083,1763710711056649511,1763710711056679073,29562,29.562,359428,359.428
3,438,1763710711156289436,1763710711156626773,1763710711156650371,23598,23.598,337337,337.337
3,439,1763710711256283544,1763710711256625842,1763710711256648085,22243,22.243,342298,342.298
3,440,1763710711356304584,1763710711356654906,1763710711356687416,32510,32.51,350322,350.322
3,441,1763710711456287902,1763710711456626306,1763710711456650025,23719,23.719,338404,338.404
3,442,1763710711556286511,1763710711556621970,1763710711556644439,22469,22.469,335459,335.459
3,443,1763710711656305249,1763710711656950767,1763710711656986692,35925,35.925,645518,645.518
3,444,1763710711756292317,1763710711756633257,1763710711756654405,21148,21.148,340940,340.94
3,445,1763710711856287225,1763710711856669989,1763710711856691731,21742,21.742,382764,382.764
3,446,1763710711956287979,1763710711956624280,1763710711956647997,23717,23.717,336301,336.301
3,447,1763710712056285462,1763710712056649189,1763710712056676172,26983,26.983,363727,363.727
3,448,1763710712156285675,1763710712156614748,1763710712156635056,20308,20.308,329073,329.073
3,449,1763710712256284941,1763710712256619763,1763710712256641884,22121,22.121,334822,334.822
3,450,1763710712356286474,1763710712356647234,1763710712356674548,27314,27.314,360760,360.76
3,451,1763710712456319073,1763710712456725159,1763710712456745378,20219,20.219,406086,406.086
3,452,1763710712556284639,1763710712556609749,1763710712556638578,28829,28.829,325110,325.11
3,453,1763710712656285000,1763710712656611064,1763710712656636843,25779,25.779,326064,326.064
3,454,1763710712756281623,1763710712756604657,1763710712756632170,27513,27.513,323034,323.034
3,455,1763710712856284488,1763710712856624976,1763710712856649714,24738,24.738,340488,340.488
3,456,1763710712956281661,1763710712956605861,1763710712956636092,30231,30.231,324200,324.2
3,457,1763710713056281737,1763710713056641742,1763710713056672320,30578,30.578,360005,360.005
3,458,1763710713156282408,1763710713156651949,1763710713156683857,31908,31.908,369541,369.541
3,459,1763710713256282217,1763710713256702674,1763710713256727161,24487,24.487,420457,420.457
3,460,1763710713356304056,1763710713356635679,1763710713356658351,22672,22.672,331623,331.623
3,461,1763710713456287538,1763710713456646212,1763710713456678079,31867,31.867,358674,358.674
3,462,1763710713556285350,1763710713556679748,1763710713556704779,25031,25.031,394398,394.398
3,463,1763710713656282724,1763710713656707042,1763710713656731734,24692,24.692,424318,424.318
3,464,1763710713756289448,1763710713756679203,1763710713756702719,23516,23.516,389755,389.755
3,465,1763710713856283535,1763710713856662567,1763710713856688006,25439,25.439,379032,379.032
3,466,1763710713956284736,1763710713956610208,1763710713956632225,22017,22.017,325472,325.472
3,467,1763710714056280572,1763710714056598005,1763710714056617147,19142,19.142,317433,317.433
3,468,1763710714156299971,1763710714156645575,1763710714156672917,27342,27.342,345604,345.604
3,469,1763710714256296710,1763710714256692475,1763710714256712615,20140,20.14,395765,395.765
3,470,1763710714356307577,1763710714356677789,1763710714356700276,22487,22.487,370212,370.212
3,471,1763710714456283974,1763710714456583676,1763710714456600041,16365,16.365,299702,299.702
3,472,1763710714556281320,1763710714556570610,1763710714556587759,17149,17.149,289290,289.29
3,473,1763710714656293570,1763710714656748468,1763710714656769335,20867,20.867,454898,454.898
3,474,1763710714756290221,1763710714756633248,1763710714756650367,17119,17.119,343027,343.027
3,475,1763710714856289694,1763710714856578424,1763710714856595436,17012,17.012,288730,288.73
3,476,1763710714956286085,1763710714956642438,1763710714956658837,16399,16.399,356353,356.353
3,477,1763710715056286848,1763710715056733645,1763710715056750933,17288,17.288,446797,446.797
3,478,1763710715156280807,1763710715156578349,1763710715156595179,16830,16.83,297542,297.542
3,479,1763710715256280926,1763710715256601439,1763710715256621218,19779,19.779,320513,320.513
3,480,1763710715356281292,1763710715356574675,1763710715356591864,17189,17.189,293383,293.383
3,481,1763710715456280158,1763710715456579575,1763710715456595492,15917,15.917,299417,299.417
3,482,1763710715556280206,1763710715556575976,1763710715556592904,16928,16.928,295770,295.77
3,483,1763710715656279083,1763710715656575627,1763710715656595179,19552,19.552,296544,296.544
3,484,1763710715756294435,1763710715756629006,1763710715756652620,23614,23.614,334571,334.571
3,485,1763710715856300795,1763710715856594243,1763710715856611233,16990,16.99,293448,293.448
3,486,1763710715956289401,1763710715957029216,1763710715957045785,16569,16.569,739815,739.815
3,487,1763710716056293027,1763710716056612019,1763710716056629859,17840,17.84,318992,318.992
3,488,1763710716156287476,1763710716156645218,1763710716156669288,24070,24.07,357742,357.742
3,489,1763710716256290468,1763710716256617567,1763710716256648949,31382,31.382,327099,327.099
3,490,1763710716356290628,1763710716356587161,1763710716356609103,21942,21.942,296533,296.533
3,491,1763710716456282362,1763710716456595551,1763710716456625848,30297,30.297,313189,313.189
3,492,1763710716556283157,1763710716556624531,1763710716556655791,31260,31.26,341374,341.374
3,493,1763710716656281737,1763710716656605088,1763710716656628581,23493,23.493,323351,323.351
3,494,1763710716756281371,1763710716756606868,1763710716756631608,24740,24.74,325497,325.497
3,495,1763710716856281632,1763710716856608301,1763710716856642381,34080,34.08,326669,326.669
3,496,1763710716956277679,1763710716956611077,1763710716956634511,23434,23.434,333398,333.398
3,497,1763710717056286297,1763710717056656183,1763710717056684472,28289,28.289,369886,369.886
3,498,1763710717156281332,1763710717156617953,1763710717156641269,23316,23.316,336621,336.621
3,499,1763710717256285180,1763710717256617314,1763710717256643475,26161,26.161,332134,332.134
3,500,1763710717356281356,1763710717356643822,1763710717356683638,39816,39.816,362466,362.466
3,501,1763710717456281691,1763710717456582901,1763710717456603957,21056,21.056,301210,301.21
3,502,1763710717556282347,1763710717556606081,1763710717556626752,20671,20.671,323734,323.734
3,503,1763710717656280966,1763710717656606422,1763710717656627230,20808,20.808,325456,325.456
3,504,1763710717756282211,1763710717756612416,1763710717756633376,20960,20.96,330205,330.205
3,505,1763710717856278478,1763710717856611625,1763710717856632604,20979,20.979,333147,333.147
3,506,1763710717956282567,1763710717956617504,1763710717956637640,20136,20.136,334937,334.937
3,507,1763710718056284291,1763710718056619450,1763710718056639476,20026,20.026,335159,335.159
3,508,1763710718156282528,1763710718156624424,1763710718156643955,19531,19.531,341896,341.896
3,509,1763710718256291448,1763710718256659581,1763710718256685893,26312,26.312,368133,368.133
3,510,1763710718356292286,1763710718356630400,1763710718356649436,19036,19.036,338114,338.114
3,511,1763710718456282639,1763710718456632739,1763710718456656485,23746,23.746,350100,350.1
3,512,1763710718556285145,1763710718556612374,1763710718556639386,27012,27.012,327229,327.229
3,513,1763710718656281361,1763710718656611683,1763710718656640256,28573,28.573,330322,330.322
3,514,1763710718756282174,1763710718756656453,1763710718756686638,30185,30.185,374279,374.279
3,515,1763710718856279590,1763710718856640039,1763710718856682127,42088,42.088,360449,360.449
3,516,1763710718956281286,1763710718956602612,1763710718956630816,28204,28.204,321326,321.326
3,517,1763710719056296857,1763710719056741869,1763710719056766167,24298,24.298,445012,445.012
3,518,1763710719156285248,1763710719156602590,1763710719156623593,21003,21.003,317342,317.342
3,519,1763710719256288180,1763710719256766382,1763710719256786136,19754,19.754,478202,478.202
3,520,1763710719356286062,1763710719356614796,1763710719356637715,22919,22.919,328734,328.734
3,521,1763710719456300701,1763710719456745240,1763710719456770731,25491,25.491,444539,444.539
3,522,1763710719556280900,1763710719556676020,1763710719556694505,18485,18.485,395120,395.12
3,523,1763710719656287111,1763710719656601169,1763710719656620458,19289,19.289,314058,314.058
3,524,1763710719756285360,1763710719756667705,1763710719756689516,21811,21.811,382345,382.345
3,525,1763710719856294137,1763710719856639958,1763710719856659407,19449,19.449,345821,345.821
3,526,1763710719956279148,1763710719956570002,1763710719956585657,15655,15.655,290854,290.854
3,527,1763710720056310828,1763710720056688983,1763710720056708167,19184,19.184,378155,378.155
3,528,1763710720156310859,1763710720156605918,1763710720156620144,14226,14.226,295059,295.059
3,529,1763710720256279853,1763710720256568588,1763710720256585535,16947,16.947,288735,288.735
3,530,1763710720356281967,1763710720356622528,1763710720356639892,17364,17.364,340561,340.561
3,531,1763710720456301412,1763710720456594002,1763710720456609859,15857,15.857,292590,292.59
3,532,1763710720556257653,1763710720556996938,1763710720557014403,17465,17.465,739285,739.285
3,533,1763710720656287444,1763710720656623989,1763710720656641390,17401,17.401,336545,336.545
3,534,1763710720756287916,1763710720756723936,1763710720756741040,17104,17.104,436020,436.02
3,535,1763710720856299961,1763710720856664231,1763710720856687308,23077,23.077,364270,364.27
3,536,1763710720956312781,1763710720956893891,1763710720956912901,19010,19.01,581110,581.11
3,537,1763710721056283700,1763710721056600243,1763710721056619095,18852,18.852,316543,316.543
3,538,1763710721156285276,1763710721156645571,1763710721156669461,23890,23.89,360295,360.295
3,539,1763710721256281371,1763710721256595566,1763710721256614564,18998,18.998,314195,314.195
3,540,1763710721356302492,1763710721356747324,1763710721356765794,18470,18.47,444832,444.832
3,541,1763710721456281278,1763710721456599821,1763710721456617896,18075,18.075,318543,318.543
3,542,1763710721556302310,1763710721556713688,1763710721556732535,18847,18.847,411378,411.378
3,543,1763710721656279330,1763710721656605010,1763710721656620911,15901,15.901,325680,325.68
3,544,1763710721756285594,1763710721756625295,1763710721756644237,18942,18.942,339701,339.701
3,545,1763710721856285777,1763710721856617206,1763710721856639569,22363,22.363,331429,331.429
3,546,1763710721956341611,1763710721956703173,1763710721956721054,17881,17.881,361562,361.562
3,547,1763710722056282474,1763710722056611686,1763710722056637909,26223,26.223,329212,329.212
3,548,1763710722156282626,1763710722156605246,1763710722156630529,25283,25.283,322620,322.62
3,549,1763710722256285182,1763710722256648025,1763710722256681272,33247,33.247,362843,362.843
3,550,1763710722356278953,1763710722356596302,1763710722356619428,23126,23.126,317349,317.349
3,551,1763710722456281344,1763710722456617152,1763710722456641502,24350,24.35,335808,335.808
3,552,1763710722556280708,1763710722556683204,1763710722556706770,23566,23.566,402496,402.496
3,553,1763710722656286720,1763710722656625313,1763710722656652606,27293,27.293,338593,338.593
3,554,1763710722756292955,1763710722756614878,1763710722756638547,23669,23.669,321923,321.923
3,555,1763710722856282669,1763710722856645590,1763710722856672458,26868,26.868,362921,362.921
3,556,1763710722956278836,1763710722956599757,1763710722956622366,22609,22.609,320921,320.921
3,557,1763710723056282405,1763710723056614355,1763710723056634797,20442,20.442,331950,331.95
3,558,1763710723156285199,1763710723156615387,1763710723156637972,22585,22.585,330188,330.188
3,559,1763710723256283074,1763710723256610246,1763710723256631584,21338,21.338,327172,327.172
3,560,1763710723356282039,1763710723356600068,1763710723356635774,35706,35.706,318029,318.029
3,561,1763710723456279870,1763710723456622712,1763710723456641950,19238,19.238,342842,342.842
3,562,1763710723556282644,1763710723556630910,1763710723556651323,20413,20.413,348266,348.266
3,563,1763710723656284029,1763710723656627282,1763710723656647256,19974,19.974,343253,343.253
3,564,1763710723756281706,1763710723756619856,1763710723756643460,23604,23.604,338150,338.15
3,565,1763710723856284297,1763710723856631163,1763710723856649986,18823,18.823,346866,346.866
3,566,1763710723956287946,1763710723956624853,1763710723956643923,19070,19.07,336907,336.907
3,567,1763710724056280334,1763710724056639122,1763710724056661780,22658,22.658,358788,358.788
3,568,1763710724156284250,1763710724156580147,1763710724156598119,17972,17.972,295897,295.897
3,569,1763710724256278544,1763710724256571901,1763710724256591347,19446,19.446,293357,293.357
3,570,1763710724356278065,1763710724356565767,1763710724356582757,16990,16.99,287702,287.702
3,571,1763710724456282263,1763710724456581224,1763710724456598396,17172,17.172,298961,298.961
3,572,1763710724556284522,1763710724556589960,1763710724556607939,17979,17.979,305438,305.438
3,573,1763710724656282095,1763710724656572779,1763710724656590972,18193,18.193,290684,290.684
3,574,1763710724756281481,1763710724756575364,1763710724756592448,17084,17.084,293883,293.883
3,575,1763710724856279366,1763710724856599307,1763710724856618699,19392,19.392,319941,319.941
3,576,1763710724956282273,1763710724956574766,1763710724956591428,16662,16.662,292493,292.493
3,577,1763710725056280814,1763710725056579690,1763710725056600625,20935,20.935,298876,298.876
3,578,1763710725156280111,1763710725156575033,1763710725156593171,18138,18.138,294922,294.922
3,579,1763710725256293366,1763710725257016040,1763710725257032657,16617,16.617,722674,722.674
3,580,1763710725356343966,1763710725356921916,1763710725356939206,17290,17.29,577950,577.95
3,581,1763710725456280084,1763710725456590902,1763710725456611662,20760,20.76,310818,310.818
3,582,1763710725556279237,1763710725556616649,1763710725556637526,20877,20.877,337412,337.412
3,583,1763710725656277847,1763710725656619254,1763710725656638331,19077,19.077,341407,341.407
3,584,1763710725756285231,1763710725756623554,1763710725756644832,21278,21.278,338323,338.323
3,585,1763710725856284625,1763710725856580455,1763710725856597548,17093,17.093,295830,295.83
3,586,1763710725956276672,1763710725956574080,1763710725956590196,16116,16.116,297408,297.408
3,587,1763710726056288943,1763710726056969624,1763710726056993927,24303,24.303,680681,680.681
3,588,1763710726156285152,1763710726156619002,1763710726156637167,18165,18.165,333850,333.85
3,589,1763710726256290370,1763710726256685838,1763710726256704724,18886,18.886,395468,395.468
3,590,1763710726356280600,1763710726356640217,1763710726356657801,17584,17.584,359617,359.617
3,591,1763710726456282865,1763710726456578501,1763710726456596622,18121,18.121,295636,295.636
3,592,1763710726556284294,1763710726556595123,1763710726556613318,18195,18.195,310829,310.829
3,593,1763710726656280981,1763710726656614441,1763710726656634341,19900,19.9,333460,333.46
3,594,1763710726756277622,1763710726756610975,1763710726756630701,19726,19.726,333353,333.353
3,595,1763710726856280872,1763710726856609317,1763710726856628287,18970,18.97,328445,328.445
3,596,1763710726956277959,1763710726956659109,1763710726956680410,21301,21.301,381150,381.15
3,597,1763710727056280712,1763710727056595074,1763710727056613007,17933,17.933,314362,314.362
3,598,1763710727156286301,1763710727156628505,1763710727156646076,17571,17.571,342204,342.204
3,599,1763710727256280975,1763710727256598552,1763710727256619107,20555,20.555,317577,317.577
3,600,1763710727356284040,1763710727356606361,1763710727356623837,17476,17.476,322321,322.321
3,601,1763710727456280767,1763710727456611670,1763710727456630159,18489,18.489,330903,330.903
3,602,1763710727556307455,1763710727556735985,1763710727556755110,19125,19.125,428530,428.53
3,603,1763710727656284794,1763710727656625505,1763710727656653371,27866,27.866,340711,340.711
3,604,1763710727756283545,1763710727756626191,1763710727756643826,17635,17.635,342646,342.646
3,605,1763710727856288703,1763710727856626637,1763710727856655364,28727,28.727,337934,337.934
3,606,1763710727956280905,1763710727956615032,1763710727956640209,25177,25.177,334127,334.127
3,607,1763710728056281155,1763710728056644150,1763710728056676810,32660,32.66,362995,362.995
3,608,1763710728156282396,1763710728156662781,1763710728156689885,27104,27.104,380385,380.385
3,609,1763710728256281978,1763710728256603223,1763710728256626777,23554,23.554,321245,321.245
3,610,1763710728356281996,1763710728356608087,1763710728356635297,27210,27.21,326091,326.091
3,611,1763710728456282805,1763710728456689175,1763710728456719390,30215,30.215,406370,406.37
3,612,1763710728556283898,1763710728556661029,1763710728556690969,29940,29.94,377131,377.131
3,613,1763710728656283851,1763710728656606071,1763710728656627584,21513,21.513,322220,322.22
3,614,1763710728756286459,1763710728756623725,1763710728756648227,24502,24.502,337266,337.266
3,615,1763710728856284646,1763710728856626545,1763710728856650402,23857,23.857,341899,341.899
3,616,1763710728956280035,1763710728956576518,1763710728956598247,21729,21.729,296483,296.483
3,617,1763710729056282641,1763710729056614510,1763710729056634577,20067,20.067,331869,331.869
3,618,1763710729156284298,1763710729156603742,1763710729156624074,20332,20.332,319444,319.444
3,619,1763710729256295287,1763710729256617358,1763710729256638411,21053,21.053,322071,322.071
3,620,1763710729356281220,1763710729356607754,1763710729356628265,20511,20.511,326534,326.534
3,621,1763710729456281161,1763710729456609700,1763710729456636537,26837,26.837,328539,328.539
3,622,1763710729556280134,1763710729556663290,1763710729556686590,23300,23.3,383156,383.156
3,623,1763710729656292367,1763710729656641960,1763710729656659719,17759,17.759,349593,349.593
3,624,1763710729756286112,1763710729756613152,1763710729756636265,23113,23.113,327040,327.04
3,625,1763710729856311189,1763710729856686695,1763710729856705889,19194,19.194,375506,375.506
3,626,1763710729956282184,1763710729956602551,1763710729956628762,26211,26.211,320367,320.367
3,627,1763710730056296041,1763710730056618765,1763710730056645709,26944,26.944,322724,322.724
3,628,1763710730156283432,1763710730156595068,1763710730156615771,20703,20.703,311636,311.636
3,629,1763710730256284425,1763710730256725146,1763710730256746649,21503,21.503,440721,440.721
3,630,1763710730356284663,1763710730356658001,1763710730356681986,23985,23.985,373338,373.338
3,631,1763710730456284040,1763710730456646518,1763710730456668625,22107,22.107,362478,362.478
3,632,1763710730556283816,1763710730556659626,1763710730556690744,31118,31.118,375810,375.81
3,633,1763710730656283116,1763710730656674754,1763710730656706302,31548,31.548,391638,391.638
3,634,1763710730756282972,1763710730756659723,1763710730756691007,31284,31.284,376751,376.751
3,635,1763710730856280885,1763710730856660121,1763710730856690647,30526,30.526,379236,379.236
3,636,1763710730956282374,1763710730956660675,1763710730956692990,32315,32.315,378301,378.301
3,637,1763710731056282807,1763710731056663421,1763710731056694577,31156,31.156,380614,380.614
3,638,1763710731156288929,1763710731156692068,1763710731156713512,21444,21.444,403139,403.139
3,639,1763710731256283965,1763710731256693932,1763710731256723238,29306,29.306,409967,409.967
3,640,1763710731356289275,1763710731356623346,1763710731356644367,21021,21.021,334071,334.071
3,641,1763710731456282503,1763710731456638152,1763710731456668543,30391,30.391,355649,355.649
3,642,1763710731556283998,1763710731556620603,1763710731556640925,20322,20.322,336605,336.605
3,643,1763710731656302137,1763710731656648226,1763710731656670736,22510,22.51,346089,346.089
3,644,1763710731756287578,1763710731756627108,1763710731756646484,19376,19.376,339530,339.53
3,645,1763710731856305506,1763710731856673781,1763710731856694878,21097,21.097,368275,368.275
3,646,1763710731956286818,1763710731956581097,1763710731956603311,22214,22.214,294279,294.279
3,647,1763710732056297011,1763710732056808644,1763710732056827094,18450,18.45,511633,511.633
3,648,1763710732156337849,1763710732156819419,1763710732156836878,17459,17.459,481570,481.57
3,649,1763710732256345322,1763710732256867190,1763710732256885108,17918,17.918,521868,521.868
3,650,1763710732356303579,1763710732356633052,1763710732356651545,18493,18.493,329473,329.473
3,651,1763710732456297862,1763710732456723453,1763710732456745029,21576,21.576,425591,425.591
3,652,1763710732556283692,1763710732556605013,1763710732556622551,17538,17.538,321321,321.321
3,653,1763710732656295564,1763710732656662138,1763710732656685503,23365,23.365,366574,366.574
3,654,1763710732756280206,1763710732756592907,1763710732756608648,15741,15.741,312701,312.701
3,655,1763710732856282831,1763710732856603205,1763710732856621150,17945,17.945,320374,320.374
3,656,1763710732956282914,1763710732956611695,1763710732956627417,15722,15.722,328781,328.781
3,657,1763710733056280888,1763710733056619335,1763710733056639121,19786,19.786,338447,338.447
3,658,1763710733156287156,1763710733156624056,1763710733156643007,18951,18.951,336900,336.9
3,659,1763710733256289143,1763710733256654376,1763710733256691436,37060,37.06,365233,365.233
3,660,1763710733356299170,1763710733356697869,1763710733356715783,17914,17.914,398699,398.699
3,661,1763710733456282680,1763710733456593226,1763710733456617586,24360,24.36,310546,310.546
3,662,1763710733556303695,1763710733556754198,1763710733556784513,30315,30.315,450503,450.503
3,663,1763710733656281088,1763710733656605656,1763710733656629963,24307,24.307,324568,324.568
3,664,1763710733756282283,1763710733756613756,1763710733756638045,24289,24.289,331473,331.473
3,665,1763710733856282003,1763710733856609668,1763710733856633074,23406,23.406,327665,327.665
3,666,1763710733956280289,1763710733956602736,1763710733956622436,19700,19.7,322447,322.447
3,667,1763710734056283550,1763710734056681463,1763710734056706478,25015,25.015,397913,397.913
3,668,1763710734156271195,1763710734156597102,1763710734156615423,18321,18.321,325907,325.907
3,669,1763710734256285354,1763710734256601042,1763710734256627636,26594,26.594,315688,315.688
3,670,1763710734356311691,1763710734356675273,1763710734356696288,21015,21.015,363582,363.582
3,671,1763710734456282707,1763710734456573806,1763710734456592002,18196,18.196,291099,291.099
3,672,1763710734556278911,1763710734556585964,1763710734556604671,18707,18.707,307053,307.053
3,673,1763710734656281350,1763710734656579198,1763710734656597372,18174,18.174,297848,297.848
3,674,1763710734756311105,1763710734756607649,1763710734756626739,19090,19.09,296544,296.544
3,675,1763710734856279980,1763710734856574994,1763710734856592265,17271,17.271,295014,295.014
3,676,1763710734956281011,1763710734956563219,1763710734956581624,18405,18.405,282208,282.208
3,677,1763710735056279888,1763710735056574568,1763710735056592372,17804,17.804,294680,294.68
3,678,1763710735156306234,1763710735156628921,1763710735156646567,17646,17.646,322687,322.687
3,679,1763710735256283611,1763710735256588507,1763710735256605926,17419,17.419,304896,304.896
3,680,1763710735356291585,1763710735356894088,1763710735356912090,18002,18.002,602503,602.503
3,681,1763710735456355316,1763710735457175494,1763710735457191771,16277,16.277,820178,820.178
3,682,1763710735556307449,1763710735557104303,1763710735557121525,17222,17.222,796854,796.854
3,683,1763710735656285250,1763710735656594459,1763710735656614758,20299,20.299,309209,309.209
3,684,1763710735756282141,1763710735756588106,1763710735756612471,24365,24.365,305965,305.965
3,685,1763710735856287343,1763710735856645160,1763710735856676134,30974,30.974,357817,357.817
3,686,1763710735956282068,1763710735956650641,1763710735956677841,27200,27.2,368573,368.573
3,687,1763710736056282612,1763710736056684792,1763710736056713815,29023,29.023,402180,402.18
3,688,1763710736156283117,1763710736156650723,1763710736156677781,27058,27.058,367606,367.606
3,689,1763710736256288925,1763710736256730581,1763710736256756419,25838,25.838,441656,441.656
3,690,1763710736356283157,1763710736356656670,1763710736356692841,36171,36.171,373513,373.513
3,691,1763710736456335296,1763710736456826250,1763710736456852032,25782,25.782,490954,490.954
3,692,1763710736556286539,1763710736556688443,1763710736556715626,27183,27.183,401904,401.904
3,693,1763710736656287564,1763710736656750828,1763710736656775698,24870,24.87,463264,463.264
3,694,1763710736756302963,1763710736756757284,1763710736756780265,22981,22.981,454321,454.321
3,695,1763710736856301761,1763710736856823972,1763710736856853381,29409,29.409,522211,522.211
3,696,1763710736956297550,1763710736956699512,1763710736956723891,24379,24.379,401962,401.962
3,697,1763710737056281377,1763710737056687142,1763710737056707139,19997,19.997,405765,405.765
3,698,1763710737156285722,1763710737156599201,1763710737156616361,17160,17.16,313479,313.479
3,699,1763710737256281808,1763710737256586283,1763710737256610531,24248,24.248,304475,304.475
3,700,1763710737356282068,1763710737356575169,1763710737356592184,17015,17.015,293101,293.101
3,701,1763710737456306738,1763710737456776067,1763710737456799675,23608,23.608,469329,469.329
3,702,1763710737556305159,1763710737556696076,1763710737556712238,16162,16.162,390917,390.917
3,703,1763710737656281481,1763710737656667578,1763710737656685806,18228,18.228,386097,386.097
3,704,1763710737756283515,1763710737756930218,1763710737756946066,15848,15.848,646703,646.703
3,705,1763710737856290204,1763710737856948089,1763710737856965122,17033,17.033,657885,657.885
3,706,1763710737956290771,1763710737956739879,1763710737956757390,17511,17.511,449108,449.108
3,707,1763710738056286869,1763710738056695737,1763710738056717748,22011,22.011,408868,408.868
3,708,1763710738156289555,1763710738156677580,1763710738156698468,20888,20.888,388025,388.025
3,709,1763710738256300514,1763710738256700504,1763710738256723637,23133,23.133,399990,399.99
3,710,1763710738356289591,1763710738356629360,1763710738356648841,19481,19.481,339769,339.769
3,711,1763710738456287349,1763710738456677973,1763710738456699907,21934,21.934,390624,390.624
3,712,1763710738556306227,1763710738556737665,1763710738556755059,17394,17.394,431438,431.438
3,713,1763710738656286596,1763710738656626181,1763710738656654517,28336,28.336,339585,339.585
3,714,1763710738756284478,1763710738756711903,1763710738756741948,30045,30.045,427425,427.425
3,715,1763710738856284840,1763710738856645056,1763710738856675377,30321,30.321,360216,360.216
3,716,1763710738956288024,1763710738956706075,1763710738956738163,32088,32.088,418051,418.051
3,717,1763710739056288754,1763710739056626146,1763710739056651054,24908,24.908,337392,337.392
3,718,1763710739156286664,1763710739156633491,1763710739156657599,24108,24.108,346827,346.827
3,719,1763710739256290147,1763710739256661266,1763710739256690577,29311,29.311,371119,371.119
3,720,1763710739356287942,1763710739356725311,1763710739356749423,24112,24.112,437369,437.369
3,721,1763710739456286633,1763710739456684432,1763710739456706310,21878,21.878,397799,397.799
3,722,1763710739556285479,1763710739556667861,1763710739556691677,23816,23.816,382382,382.382
3,723,1763710739656283389,1763710739656651353,1763710739656675902,24549,24.549,367964,367.964
3,724,1763710739756288974,1763710739756677261,1763710739756699023,21762,21.762,388287,388.287
3,725,1763710739856289709,1763710739856761193,1763710739856782764,21571,21.571,471484,471.484
3,726,1763710739956289019,1763710739956677803,1763710739956697851,20048,20.048,388784,388.784
3,727,1763710740056290436,1763710740056682350,1763710740056705491,23141,23.141,391914,391.914
3,728,1763710740156290881,1763710740156660834,1763710740156686950,26116,26.116,369953,369.953
3,729,1763710740256287800,1763710740256659730,1763710740256694543,34813,34.813,371930,371.93
3,730,1763710740356289122,1763710740356803021,1763710740356831984,28963,28.963,513899,513.899
3,731,1763710740456294655,1763710740456774622,1763710740456804052,29430,29.43,479967,479.967
3,732,1763710740556327584,1763710740557001915,1763710740557033506,31591,31.591,674331,674.331
3,733,1763710740656343883,1763710740656814596,1763710740656843005,28409,28.409,470713,470.713
3,734,1763710740756290127,1763710740756663845,1763710740756687334,23489,23.489,373718,373.718
3,735,1763710740856301557,1763710740856737354,1763710740856765987,28633,28.633,435797,435.797
3,736,1763710740956296290,1763710740956643790,1763710740956671341,27551,27.551,347500,347.5
3,737,1763710741056287643,1763710741056651050,1763710741056677946,26896,26.896,363407,363.407
3,738,1763710741156313466,1763710741156633551,1763710741156653168,19617,19.617,320085,320.085
3,739,1763710741256309132,1763710741256615565,1763710741256637804,22239,22.239,306433,306.433
3,740,1763710741356310672,1763710741356629268,1763710741356646029,16761,16.761,318596,318.596
3,741,1763710741456328566,1763710741456694514,1763710741456710485,15971,15.971,365948,365.948
3,742,1763710741556334060,1763710741556909112,1763710741556926875,17763,17.763,575052,575.052
3,743,1763710741656283167,1763710741656605286,1763710741656627161,21875,21.875,322119,322.119
3,744,1763710741756284504,1763710741756577499,1763710741756594213,16714,16.714,292995,292.995
3,745,1763710741856285110,1763710741856608876,1763710741856626543,17667,17.667,323766,323.766
3,746,1763710741956288028,1763710741956602649,1763710741956619214,16565,16.565,314621,314.621
3,747,1763710742056284840,1763710742056587339,1763710742056606729,19390,19.39,302499,302.499
3,748,1763710742156285147,1763710742156675475,1763710742156696520,21045,21.045,390328,390.328
3,749,1763710742256287780,1763710742256770220,1763710742256787939,17719,17.719,482440,482.44
3,750,1763710742356355658,1763710742357019696,1763710742357042309,22613,22.613,664038,664.038
3,751,1763710742456287561,1763710742456638124,1763710742456660934,22810,22.81,350563,350.563
3,752,1763710742556283877,1763710742556617627,1763710742556649748,32121,32.121,333750,333.75
3,753,1763710742656288125,1763710742656607721,1763710742656631588,23867,23.867,319596,319.596
3,754,1763710742756283249,1763710742756620629,1763710742756650909,30280,30.28,337380,337.38
3,755,1763710742856290501,1763710742856723467,1763710742856752533,29066,29.066,432966,432.966
3,756,1763710742956293927,1763710742956612023,1763710742956635539,23516,23.516,318096,318.096
3,757,1763710743056288418,1763710743056639545,1763710743056674633,35088,35.088,351127,351.127
3,758,1763710743156287249,1763710743156627933,1763710743156652228,24295,24.295,340684,340.684
3,759,1763710743256299896,1763710743256657682,1763710743256702480,44798,44.798,357786,357.786
3,760,1763710743356287962,1763710743356593866,1763710743356616560,22694,22.694,305904,305.904
3,761,1763710743456285515,1763710743456588221,1763710743456607049,18828,18.828,302706,302.706
3,762,1763710743556285684,1763710743556627761,1763710743556650321,22560,22.56,342077,342.077
3,763,1763710743656284221,1763710743656596989,1763710743656620844,23855,23.855,312768,312.768
3,764,1763710743756283151,1763710743756585973,1763710743756606773,20800,20.8,302822,302.822
3,765,1763710743856282555,1763710743856587772,1763710743856607041,19269,19.269,305217,305.217
3,766,1763710743956295113,1763710743956642627,1763710743956663662,21035,21.035,347514,347.514
3,767,1763710744056284170,1763710744056613854,1763710744056634055,20201,20.201,329684,329.684
3,768,1763710744156290418,1763710744156624065,1763710744156643780,19715,19.715,333647,333.647
3,769,1763710744256297274,1763710744256634968,1763710744256654511,19543,19.543,337694,337.694
3,770,1763710744356287066,1763710744356623910,1763710744356651230,27320,27.32,336844,336.844
3,771,1763710744456287264,1763710744456646369,1763710744456678655,32286,32.286,359105,359.105
3,772,1763710744556286693,1763710744556678388,1763710744556707134,28746,28.746,391695,391.695
3,773,1763710744656287298,1763710744656636710,1763710744656660430,23720,23.72,349412,349.412
3,774,1763710744756289697,1763710744756706585,1763710744756732846,26261,26.261,416888,416.888
3,775,1763710744856286320,1763710744856620440,1763710744856641767,21327,21.327,334120,334.12
3,776,1763710744956324606,1763710744956776704,1763710744956801285,24581,24.581,452098,452.098
3,777,1763710745056287557,1763710745056594412,1763710745056612082,17670,17.67,306855,306.855
3,778,1763710745156287871,1763710745156620178,1763710745156641281,21103,21.103,332307,332.307
3,779,1763710745256291189,1763710745256605271,1763710745256624259,18988,18.988,314082,314.082
3,780,1763710745356298994,1763710745356646944,1763710745356673215,26271,26.271,347950,347.95
3,781,1763710745456285731,1763710745456601411,1763710745456619320,17909,17.909,315680,315.68
3,782,1763710745556304888,1763710745556701349,1763710745556726323,24974,24.974,396461,396.461
3,783,1763710745656291760,1763710745656592572,1763710745656608936,16364,16.364,300812,300.812
3,784,1763710745756285001,1763710745756584493,1763710745756601830,17337,17.337,299492,299.492
3,785,1763710745856353175,1763710745857004307,1763710745857023165,18858,18.858,651132,651.132
3,786,1763710745956296423,1763710745956674350,1763710745956693427,19077,19.077,377927,377.927
3,787,1763710746056285205,1763710746056764289,1763710746056782710,18421,18.421,479084,479.084
3,788,1763710746156282856,1763710746156587255,1763710746156606659,19404,19.404,304399,304.399
3,789,1763710746256324820,1763710746256769653,1763710746256790753,21100,21.1,444833,444.833
3,790,1763710746356284837,1763710746356613664,1763710746356633885,20221,20.221,328827,328.827
3,791,1763710746456286808,1763710746456634524,1763710746456653713,19189,19.189,347716,347.716
3,792,1763710746556291791,1763710746556621093,1763710746556639858,18765,18.765,329302,329.302
3,793,1763710746656288336,1763710746656622763,1763710746656641052,18289,18.289,334427,334.427
3,794,1763710746756302904,1763710746756725647,1763710746756744895,19248,19.248,422743,422.743
3,795,1763710746856284222,1763710746856628593,1763710746856657697,29104,29.104,344371,344.371
3,796,1763710746956283431,1763710746956605517,1763710746956631459,25942,25.942,322086,322.086
3,797,1763710747056289372,1763710747056627821,1763710747056656112,28291,28.291,